Using pre-set license
Built from '2022.3/staging' branch; Version is '2022.3.26f1 (ec6cd8118806) revision 15494360'; Using compiler version '192829333'; Build Type 'Release'
OS: 'Windows 11  (10.0.22631) 64bit Core' Language: 'en' Physical Memory: 32469 MB
BatchMode: 1, IsHumanControllingUs: 0, StartBugReporterOnCrash: 0, Is64bit: 1, IsPro: 1

COMMAND LINE ARGUMENTS:
C:\Program Files\Unity\Hub\Editor\2022.3.26f1\Editor\Unity.exe
-adb2
-batchMode
-noUpm
-name
AssetImportWorker8
-projectPath
D:/pppp/the game/My project
-logFile
Logs/AssetImportWorker8.log
-srvPort
59929
Successfully changed project path to: D:/pppp/the game/My project
D:/pppp/the game/My project
[UnityMemory] Configuration Parameters - Can be set up in boot.config
    "memorysetup-bucket-allocator-granularity=16"
    "memorysetup-bucket-allocator-bucket-count=8"
    "memorysetup-bucket-allocator-block-size=33554432"
    "memorysetup-bucket-allocator-block-count=8"
    "memorysetup-main-allocator-block-size=16777216"
    "memorysetup-thread-allocator-block-size=16777216"
    "memorysetup-gfx-main-allocator-block-size=16777216"
    "memorysetup-gfx-thread-allocator-block-size=16777216"
    "memorysetup-cache-allocator-block-size=4194304"
    "memorysetup-typetree-allocator-block-size=2097152"
    "memorysetup-profiler-bucket-allocator-granularity=16"
    "memorysetup-profiler-bucket-allocator-bucket-count=8"
    "memorysetup-profiler-bucket-allocator-block-size=33554432"
    "memorysetup-profiler-bucket-allocator-block-count=8"
    "memorysetup-profiler-allocator-block-size=16777216"
    "memorysetup-profiler-editor-allocator-block-size=1048576"
    "memorysetup-temp-allocator-size-main=16777216"
    "memorysetup-job-temp-allocator-block-size=2097152"
    "memorysetup-job-temp-allocator-block-size-background=1048576"
    "memorysetup-job-temp-allocator-reduction-small-platforms=262144"
    "memorysetup-allocator-temp-initial-block-size-main=262144"
    "memorysetup-allocator-temp-initial-block-size-worker=262144"
    "memorysetup-temp-allocator-size-background-worker=32768"
    "memorysetup-temp-allocator-size-job-worker=262144"
    "memorysetup-temp-allocator-size-preload-manager=33554432"
    "memorysetup-temp-allocator-size-nav-mesh-worker=65536"
    "memorysetup-temp-allocator-size-audio-worker=65536"
    "memorysetup-temp-allocator-size-cloud-worker=32768"
    "memorysetup-temp-allocator-size-gi-baking-worker=262144"
    "memorysetup-temp-allocator-size-gfx=262144"
Player connection [33492] Host "[IP] 192.168.1.159 [Port] 0 [Flags] 2 [Guid] 1045529258 [EditorId] 1045529258 [Version] 1048832 [Id] WindowsEditor(7,MSI) [Debug] 1 [PackageName] WindowsEditor [ProjectName] Editor" joined multi-casting on [225.0.0.222:54997]...

Player connection [33492] Host "[IP] 192.168.1.159 [Port] 0 [Flags] 2 [Guid] 1045529258 [EditorId] 1045529258 [Version] 1048832 [Id] WindowsEditor(7,MSI) [Debug] 1 [PackageName] WindowsEditor [ProjectName] Editor" joined alternative multi-casting on [225.0.0.222:34997]...

[Physics::Module] Initialized MultithreadedJobDispatcher with 31 workers.
Refreshing native plugins compatible for Editor in 13.09 ms, found 3 plugins.
Preloading 0 native plugins for Editor in 0.00 ms.
Initialize engine version: 2022.3.26f1 (ec6cd8118806)
[Subsystems] Discovering subsystems at path C:/Program Files/Unity/Hub/Editor/2022.3.26f1/Editor/Data/Resources/UnitySubsystems
[Subsystems] Discovering subsystems at path D:/pppp/the game/My project/Assets
GfxDevice: creating device client; threaded=0; jobified=0
Direct3D:
    Version:  Direct3D 11.0 [level 11.1]
    Renderer: NVIDIA GeForce RTX 4080 Laptop GPU (ID=0x27a0)
    Vendor:   NVIDIA
    VRAM:     11997 MB
    Driver:   32.0.15.5585
Initialize mono
Mono path[0] = 'C:/Program Files/Unity/Hub/Editor/2022.3.26f1/Editor/Data/Managed'
Mono path[1] = 'C:/Program Files/Unity/Hub/Editor/2022.3.26f1/Editor/Data/MonoBleedingEdge/lib/mono/unityjit-win32'
Mono config path = 'C:/Program Files/Unity/Hub/Editor/2022.3.26f1/Editor/Data/MonoBleedingEdge/etc'
Using monoOptions --debugger-agent=transport=dt_socket,embedding=1,server=y,suspend=n,address=127.0.0.1:56776
Begin MonoManager ReloadAssembly
Registering precompiled unity dll's ...
Register platform support module: C:/Program Files/Unity/Hub/Editor/2022.3.26f1/Editor/Data/PlaybackEngines/WebGLSupport/UnityEditor.WebGL.Extensions.dll
Register platform support module: C:/Program Files/Unity/Hub/Editor/2022.3.26f1/Editor/Data/PlaybackEngines/AndroidPlayer/UnityEditor.Android.Extensions.dll
Register platform support module: C:/Program Files/Unity/Hub/Editor/2022.3.26f1/Editor/Data/PlaybackEngines/iOSSupport/UnityEditor.iOS.Extensions.dll
Register platform support module: C:/Program Files/Unity/Hub/Editor/2022.3.26f1/Editor/Data/PlaybackEngines/WindowsStandaloneSupport/UnityEditor.WindowsStandalone.Extensions.dll
Register platform support module: C:/Program Files/Unity/Hub/Editor/2022.3.26f1/Editor/Data/PlaybackEngines/MetroSupport/UnityEditor.UWP.Extensions.dll
Registered in 0.045600 seconds.
- Loaded All Assemblies, in  0.640 seconds
Native extension for UWP target not found
Native extension for WindowsStandalone target not found
[usbmuxd] Start listen thread
[usbmuxd] Listen thread started
Native extension for iOS target not found
Native extension for Android target not found
Android Extension - Scanning For ADB Devices 1424 ms
Native extension for WebGL target not found
Mono: successfully reloaded assembly
- Finished resetting the current domain, in  1.909 seconds
Domain Reload Profiling: 2542ms
	BeginReloadAssembly (132ms)
		ExecutionOrderSort (0ms)
		DisableScriptedObjects (0ms)
		BackupInstance (0ms)
		ReleaseScriptingObjects (0ms)
		CreateAndSetChildDomain (1ms)
	RebuildCommonClasses (48ms)
	RebuildNativeTypeToScriptingClass (12ms)
	initialDomainReloadingComplete (141ms)
	LoadAllAssembliesAndSetupDomain (299ms)
		LoadAssemblies (141ms)
		RebuildTransferFunctionScriptingTraits (0ms)
		AnalyzeDomain (284ms)
			TypeCache.Refresh (282ms)
				TypeCache.ScanAssembly (257ms)
			ScanForSourceGeneratedMonoScriptInfo (0ms)
			ResolveRequiredComponents (1ms)
	FinalizeReload (1910ms)
		ReleaseScriptCaches (0ms)
		RebuildScriptCaches (0ms)
		SetupLoadedEditorAssemblies (1843ms)
			LogAssemblyErrors (0ms)
			InitializePlatformSupportModulesInManaged (1605ms)
			SetLoadedEditorAssemblies (4ms)
			RefreshPlugins (0ms)
			BeforeProcessingInitializeOnLoad (2ms)
			ProcessInitializeOnLoadAttributes (125ms)
			ProcessInitializeOnLoadMethodAttributes (107ms)
			AfterProcessingInitializeOnLoad (0ms)
			EditorAssembliesLoaded (0ms)
		ExecutionOrderSort2 (0ms)
		AwakeInstancesAfterBackupRestoration (0ms)
========================================================================
Worker process is ready to serve import requests
Begin MonoManager ReloadAssembly
- Loaded All Assemblies, in  0.789 seconds
Refreshing native plugins compatible for Editor in 2.66 ms, found 3 plugins.
Native extension for UWP target not found
Native extension for WindowsStandalone target not found
Native extension for iOS target not found
Native extension for Android target not found
Native extension for WebGL target not found
Package Manager log level set to [2]
[Package Manager] Server::EnsureServerProcessIsRunning -- launch failed, reason: Unity was launched with the -noUpm command-line argument
[Package Manager] UpmClient::Send -- Unable to send message (not connected to UPM process).
[Package Manager] Cannot connect to Unity Package Manager local server
Mono: successfully reloaded assembly
- Finished resetting the current domain, in  0.590 seconds
Domain Reload Profiling: 1373ms
	BeginReloadAssembly (231ms)
		ExecutionOrderSort (0ms)
		DisableScriptedObjects (5ms)
		BackupInstance (0ms)
		ReleaseScriptingObjects (0ms)
		CreateAndSetChildDomain (20ms)
	RebuildCommonClasses (36ms)
	RebuildNativeTypeToScriptingClass (8ms)
	initialDomainReloadingComplete (56ms)
	LoadAllAssembliesAndSetupDomain (452ms)
		LoadAssemblies (441ms)
		RebuildTransferFunctionScriptingTraits (0ms)
		AnalyzeDomain (182ms)
			TypeCache.Refresh (157ms)
				TypeCache.ScanAssembly (140ms)
			ScanForSourceGeneratedMonoScriptInfo (18ms)
			ResolveRequiredComponents (5ms)
	FinalizeReload (590ms)
		ReleaseScriptCaches (0ms)
		RebuildScriptCaches (0ms)
		SetupLoadedEditorAssemblies (420ms)
			LogAssemblyErrors (0ms)
			InitializePlatformSupportModulesInManaged (48ms)
			SetLoadedEditorAssemblies (3ms)
			RefreshPlugins (0ms)
			BeforeProcessingInitializeOnLoad (62ms)
			ProcessInitializeOnLoadAttributes (276ms)
			ProcessInitializeOnLoadMethodAttributes (16ms)
			AfterProcessingInitializeOnLoad (15ms)
			EditorAssembliesLoaded (0ms)
		ExecutionOrderSort2 (0ms)
		AwakeInstancesAfterBackupRestoration (18ms)
Launched and connected shader compiler UnityShaderCompiler.exe after 0.13 seconds
Refreshing native plugins compatible for Editor in 3.16 ms, found 3 plugins.
Preloading 0 native plugins for Editor in 0.00 ms.
Unloading 3582 Unused Serialized files (Serialized files now loaded: 0)
Unloading 40 unused Assets / (58.5 KB). Loaded Objects now: 4052.
Memory consumption went from 147.9 MB to 147.8 MB.
Total: 2.757200 ms (FindLiveObjects: 0.172200 ms CreateObjectMapping: 0.050300 ms MarkObjects: 2.394100 ms  DeleteObjects: 0.139100 ms)

AssetImportParameters requested are different than current active one (requested -> active):
  custom:container-demuxer-ogg: 62fdf1f143b41e24485cea50d1cbac27 -> 
  custom:video-codec-MediaFoundation-h265: 746d11721c4dcdbdad8f713fa42b33f4 -> 
  custom:video-decoder-ogg-theora: a1e56fd34408186e4bbccfd4996cb3dc -> 
  custom:framework-win-MediaFoundation: 216162199b28c13a410421893ffa2e32 -> 
  custom:CustomObjectIndexerAttribute: 9a22284fe3817be447336de3de66b15e -> 
  custom:container-demuxer-webm: 4f35f7cbe854078d1ac9338744f61a02 -> 
  custom:container-muxer-webm: aa71ff27fc2769a1b78a27578f13a17b -> 
  custom:video-decoder-webm-vp8: 9c59270c3fd7afecdb556c50c9e8de78 -> 
  custom:SearchIndexIgnoredProperties: e643bd26f0fe6173181afceb89e7c659 -> 
  custom:AudioImporter_EditorPlatform: d09bf68614088b80899f8185d706f6e7 -> 
  custom:video-encoder-webm-vp8: eb34c28f22e8b96e1ab97ce403110664 -> 
  custom:audio-decoder-ogg-vorbis: bf7c407c2cedff20999df2af8eb42d56 -> 
  custom:audio-encoder-webm-vorbis: bf7c407c2cedff20999df2af8eb42d56 -> 
========================================================================
Received Import Request.
  Time since last request: 182884.247800 seconds.
  path: Assets/New Folder/SyntyStudios/PolygonAdventure/Models/Collision/SM_Env_Hedge_01_Snow_Convex.asset
  artifactKey: Guid(64bfcc0f70781974680b0f3c74838dd4) Importer(815301076,1909f56bfc062723c751e8b465ee728b)
Start importing Assets/New Folder/SyntyStudios/PolygonAdventure/Models/Collision/SM_Env_Hedge_01_Snow_Convex.asset using Guid(64bfcc0f70781974680b0f3c74838dd4) Importer(815301076,1909f56bfc062723c751e8b465ee728b)  -> (artifact id: 'e7bc5ccb96279b9c9182b3c3eb59d846') in 0.077570 seconds
Number of updated asset objects reloaded before import = 0
Number of asset objects unloaded after import = 2
========================================================================
Received Import Request.
  Time since last request: 0.000015 seconds.
  path: Assets/New Folder/SyntyStudios/PolygonAdventure/Models/Collision/SM_Env_GroundMounds_04_Convex.asset
  artifactKey: Guid(2afe826e41dab4e459e8437ba140745a) Importer(815301076,1909f56bfc062723c751e8b465ee728b)
Start importing Assets/New Folder/SyntyStudios/PolygonAdventure/Models/Collision/SM_Env_GroundMounds_04_Convex.asset using Guid(2afe826e41dab4e459e8437ba140745a) Importer(815301076,1909f56bfc062723c751e8b465ee728b)  -> (artifact id: 'ba5d9d11d7ae4f89bd043e762906b647') in 0.016702 seconds
Number of updated asset objects reloaded before import = 0
Number of asset objects unloaded after import = 2
========================================================================
Received Import Request.
  Time since last request: 0.000013 seconds.
  path: Assets/New Folder/SyntyStudios/PolygonAdventure/Models/Collision/SM_Env_Flower_03_Convex 1.asset
  artifactKey: Guid(87207442b0d1fef4baaa3410a5245a82) Importer(815301076,1909f56bfc062723c751e8b465ee728b)
Start importing Assets/New Folder/SyntyStudios/PolygonAdventure/Models/Collision/SM_Env_Flower_03_Convex 1.asset using Guid(87207442b0d1fef4baaa3410a5245a82) Importer(815301076,1909f56bfc062723c751e8b465ee728b)  -> (artifact id: '0e989810e8374f140ae6944e82aeaec9') in 0.008229 seconds
Number of updated asset objects reloaded before import = 0
Number of asset objects unloaded after import = 2
========================================================================
Received Import Request.
  Time since last request: 0.000075 seconds.
  path: Assets/New Folder/SyntyStudios/PolygonAdventure/Models/Collision/SM_Env_Flower_04_Convex 1.asset
  artifactKey: Guid(b0455fe90b68d0142967c4c8922c270b) Importer(815301076,1909f56bfc062723c751e8b465ee728b)
Start importing Assets/New Folder/SyntyStudios/PolygonAdventure/Models/Collision/SM_Env_Flower_04_Convex 1.asset using Guid(b0455fe90b68d0142967c4c8922c270b) Importer(815301076,1909f56bfc062723c751e8b465ee728b)  -> (artifact id: '17409723264b453a168c60b3bd0ebdab') in 0.013161 seconds
Number of updated asset objects reloaded before import = 0
Number of asset objects unloaded after import = 2
========================================================================
Received Import Request.
  Time since last request: 0.000012 seconds.
  path: Assets/New Folder/SyntyStudios/PolygonAdventure/Models/Collision/SM_Env_Bridge_01_Convex 3.asset
  artifactKey: Guid(66b9658870b46204fa2f51abf7c0f23a) Importer(815301076,1909f56bfc062723c751e8b465ee728b)
Start importing Assets/New Folder/SyntyStudios/PolygonAdventure/Models/Collision/SM_Env_Bridge_01_Convex 3.asset using Guid(66b9658870b46204fa2f51abf7c0f23a) Importer(815301076,1909f56bfc062723c751e8b465ee728b)  -> (artifact id: 'e0456fa0a4f17009b398004129ba9dc2') in 0.041034 seconds
Number of updated asset objects reloaded before import = 0
Number of asset objects unloaded after import = 4
========================================================================
Received Import Request.
  Time since last request: 0.000013 seconds.
  path: Assets/New Folder/SyntyStudios/PolygonAdventure/Models/Collision/SM_Env_CampFire_01_Convex 1.asset
  artifactKey: Guid(cf70a511074eddb44b18731e4154fefc) Importer(815301076,1909f56bfc062723c751e8b465ee728b)
Start importing Assets/New Folder/SyntyStudios/PolygonAdventure/Models/Collision/SM_Env_CampFire_01_Convex 1.asset using Guid(cf70a511074eddb44b18731e4154fefc) Importer(815301076,1909f56bfc062723c751e8b465ee728b)  -> (artifact id: 'df22f0c918d3f407ae5cf8a2e2e6d46c') in 0.017659 seconds
Number of updated asset objects reloaded before import = 0
Number of asset objects unloaded after import = 3
========================================================================
Received Import Request.
  Time since last request: 0.000012 seconds.
  path: Assets/New Folder/SyntyStudios/PolygonAdventure/Models/Collision/SM_Bld_Village_06_Convex 1.asset
  artifactKey: Guid(a92ef9b05025b864a94a4e7000ecdb8a) Importer(815301076,1909f56bfc062723c751e8b465ee728b)
Start importing Assets/New Folder/SyntyStudios/PolygonAdventure/Models/Collision/SM_Bld_Village_06_Convex 1.asset using Guid(a92ef9b05025b864a94a4e7000ecdb8a) Importer(815301076,1909f56bfc062723c751e8b465ee728b)  -> (artifact id: 'cfd501807042afaecfd19f9338239768') in 0.035114 seconds
Number of updated asset objects reloaded before import = 0
Number of asset objects unloaded after import = 3
========================================================================
Received Import Request.
  Time since last request: 0.000013 seconds.
  path: Assets/New Folder/SyntyStudios/PolygonAdventure/Models/Collision/SM_Env_GroundMounds_05_Convex 1.asset
  artifactKey: Guid(366361a0940fd81449fa74a26c9d5f67) Importer(815301076,1909f56bfc062723c751e8b465ee728b)
Start importing Assets/New Folder/SyntyStudios/PolygonAdventure/Models/Collision/SM_Env_GroundMounds_05_Convex 1.asset using Guid(366361a0940fd81449fa74a26c9d5f67) Importer(815301076,1909f56bfc062723c751e8b465ee728b)  -> (artifact id: '601dc38af9b87d374dd58db2fcf36a0a') in 0.027563 seconds
Number of updated asset objects reloaded before import = 0
Number of asset objects unloaded after import = 3
========================================================================
Received Import Request.
  Time since last request: 0.000027 seconds.
  path: Assets/New Folder/SyntyStudios/PolygonAdventure/Models/Collision/SM_Bld_Village_03_Convex.asset
  artifactKey: Guid(76fa7f7561fceb24d82ebbb76d0295a1) Importer(815301076,1909f56bfc062723c751e8b465ee728b)
Start importing Assets/New Folder/SyntyStudios/PolygonAdventure/Models/Collision/SM_Bld_Village_03_Convex.asset using Guid(76fa7f7561fceb24d82ebbb76d0295a1) Importer(815301076,1909f56bfc062723c751e8b465ee728b)  -> (artifact id: '11a5a91fdae5c6fdf42391ac78ea943d') in 0.005802 seconds
Number of updated asset objects reloaded before import = 0
Number of asset objects unloaded after import = 2
========================================================================
Received Import Request.
  Time since last request: 0.000015 seconds.
  path: Assets/New Folder/SyntyStudios/PolygonAdventure/Models/Collision/SM_Bld_Village_03_Convex 1.asset
  artifactKey: Guid(03898883458b52a498288743b35709f4) Importer(815301076,1909f56bfc062723c751e8b465ee728b)
Start importing Assets/New Folder/SyntyStudios/PolygonAdventure/Models/Collision/SM_Bld_Village_03_Convex 1.asset using Guid(03898883458b52a498288743b35709f4) Importer(815301076,1909f56bfc062723c751e8b465ee728b)  -> (artifact id: '19f48e6b7e5c5db098286ea4060b6d79') in 0.031064 seconds
Number of updated asset objects reloaded before import = 0
Number of asset objects unloaded after import = 3
========================================================================
Received Import Request.
  Time since last request: 0.000017 seconds.
  path: Assets/New Folder/SyntyStudios/PolygonAdventure/Models/Collision/SM_Bld_Village_07_Convex.asset
  artifactKey: Guid(c4f98dd60fed851419a178fe896ff76f) Importer(815301076,1909f56bfc062723c751e8b465ee728b)
Start importing Assets/New Folder/SyntyStudios/PolygonAdventure/Models/Collision/SM_Bld_Village_07_Convex.asset using Guid(c4f98dd60fed851419a178fe896ff76f) Importer(815301076,1909f56bfc062723c751e8b465ee728b)  -> (artifact id: 'ad0d524c6cef7b744ff40a2f24f26df9') in 0.006943 seconds
Number of updated asset objects reloaded before import = 0
Number of asset objects unloaded after import = 2
========================================================================
Received Import Request.
  Time since last request: 0.025076 seconds.
  path: Assets/New Folder/SyntyStudios/PolygonAdventure/Models/Collision/SM_Bld_Stall_02_Convex 1.asset
  artifactKey: Guid(9ebad848162875540a62d1f66dfb62ef) Importer(815301076,1909f56bfc062723c751e8b465ee728b)
Start importing Assets/New Folder/SyntyStudios/PolygonAdventure/Models/Collision/SM_Bld_Stall_02_Convex 1.asset using Guid(9ebad848162875540a62d1f66dfb62ef) Importer(815301076,1909f56bfc062723c751e8b465ee728b)  -> (artifact id: '0db06d09021cd09e3710c69b2c5337d5') in 0.017970 seconds
Number of updated asset objects reloaded before import = 0
Number of asset objects unloaded after import = 4
========================================================================
Received Import Request.
  Time since last request: 0.123913 seconds.
  path: Assets/New Folder/SyntyStudios/PolygonAdventure/Models/Collision/SM_Bld_Fence_02_Convex.asset
  artifactKey: Guid(a8647af9645a5a446acffe5b83450767) Importer(815301076,1909f56bfc062723c751e8b465ee728b)
Start importing Assets/New Folder/SyntyStudios/PolygonAdventure/Models/Collision/SM_Bld_Fence_02_Convex.asset using Guid(a8647af9645a5a446acffe5b83450767) Importer(815301076,1909f56bfc062723c751e8b465ee728b)  -> (artifact id: 'ebb273299f62480b7c5e3f8f17c19ec5') in 0.008012 seconds
Number of updated asset objects reloaded before import = 0
Number of asset objects unloaded after import = 2
========================================================================
Received Import Request.
  Time since last request: 0.000011 seconds.
  path: Assets/New Folder/SyntyStudios/PolygonAdventure/Models/Collision/SM_Bld_Hut_01_Convex.asset
  artifactKey: Guid(148f4d5abfa9957468c07f279e3355a1) Importer(815301076,1909f56bfc062723c751e8b465ee728b)
Start importing Assets/New Folder/SyntyStudios/PolygonAdventure/Models/Collision/SM_Bld_Hut_01_Convex.asset using Guid(148f4d5abfa9957468c07f279e3355a1) Importer(815301076,1909f56bfc062723c751e8b465ee728b)  -> (artifact id: '1ec0b96066fcbc3f4db8e0f40014908f') in 0.009152 seconds
Number of updated asset objects reloaded before import = 0
Number of asset objects unloaded after import = 2
========================================================================
Received Import Request.
  Time since last request: 1.380105 seconds.
  path: Assets/New Folder/SyntyStudios/PolygonAdventure/Models/SM_Bld_FencePost_01.fbx
  artifactKey: Guid(15ebf623a9480db4f97015a7715c17cf) Importer(815301076,1909f56bfc062723c751e8b465ee728b)
Start importing Assets/New Folder/SyntyStudios/PolygonAdventure/Models/SM_Bld_FencePost_01.fbx using Guid(15ebf623a9480db4f97015a7715c17cf) Importer(815301076,1909f56bfc062723c751e8b465ee728b)  -> (artifact id: 'a432400bcf16cccb079217ce405e26b7') in 0.032878 seconds
Number of updated asset objects reloaded before import = 0
Number of asset objects unloaded after import = 7
========================================================================
Received Import Request.
  Time since last request: 0.000016 seconds.
  path: Assets/New Folder/SyntyStudios/PolygonAdventure/Models/SM_Env_Bush_01.fbx
  artifactKey: Guid(e2d826462c94d6e40a1f35019c74ad10) Importer(815301076,1909f56bfc062723c751e8b465ee728b)
Start importing Assets/New Folder/SyntyStudios/PolygonAdventure/Models/SM_Env_Bush_01.fbx using Guid(e2d826462c94d6e40a1f35019c74ad10) Importer(815301076,1909f56bfc062723c751e8b465ee728b)  -> (artifact id: '9abf5edeff859b118f5445d5e647cdf6') in 0.010342 seconds
Number of updated asset objects reloaded before import = 0
Number of asset objects unloaded after import = 7
========================================================================
Received Import Request.
  Time since last request: 0.000023 seconds.
  path: Assets/New Folder/SyntyStudios/PolygonAdventure/Models/SM_Bld_Well_01.fbx
  artifactKey: Guid(8209338d88fe4fb449628751477500c8) Importer(815301076,1909f56bfc062723c751e8b465ee728b)
Start importing Assets/New Folder/SyntyStudios/PolygonAdventure/Models/SM_Bld_Well_01.fbx using Guid(8209338d88fe4fb449628751477500c8) Importer(815301076,1909f56bfc062723c751e8b465ee728b)  -> (artifact id: '47ee8a2f0d0a8026ae55a64bdbd48a2c') in 0.010202 seconds
Number of updated asset objects reloaded before import = 0
Number of asset objects unloaded after import = 7
========================================================================
Received Import Request.
  Time since last request: 0.000138 seconds.
  path: Assets/New Folder/SyntyStudios/PolygonAdventure/Models/SM_Env_FloorTile_02.fbx
  artifactKey: Guid(71f966df325f0e74b83f5b058f9151f8) Importer(815301076,1909f56bfc062723c751e8b465ee728b)
Start importing Assets/New Folder/SyntyStudios/PolygonAdventure/Models/SM_Env_FloorTile_02.fbx using Guid(71f966df325f0e74b83f5b058f9151f8) Importer(815301076,1909f56bfc062723c751e8b465ee728b)  -> (artifact id: '7297cc0bd48c72045a2b363a5be52311') in 0.010656 seconds
Number of updated asset objects reloaded before import = 0
Number of asset objects unloaded after import = 7
========================================================================
Received Import Request.
  Time since last request: 0.000011 seconds.
  path: Assets/New Folder/SyntyStudios/PolygonAdventure/Models/SM_Env_Flower_04.fbx
  artifactKey: Guid(90a0ce369dc38e24eb8badf4afcac326) Importer(815301076,1909f56bfc062723c751e8b465ee728b)
Start importing Assets/New Folder/SyntyStudios/PolygonAdventure/Models/SM_Env_Flower_04.fbx using Guid(90a0ce369dc38e24eb8badf4afcac326) Importer(815301076,1909f56bfc062723c751e8b465ee728b)  -> (artifact id: '0cb406bf66e30f9e3bf6fbdeffadae7e') in 0.010906 seconds
Number of updated asset objects reloaded before import = 0
Number of asset objects unloaded after import = 7
========================================================================
Received Import Request.
  Time since last request: 0.000038 seconds.
  path: Assets/New Folder/SyntyStudios/PolygonAdventure/Models/SM_Env_Flower_07.fbx
  artifactKey: Guid(9bae9f8720ec40445be911303b4cb908) Importer(815301076,1909f56bfc062723c751e8b465ee728b)
Start importing Assets/New Folder/SyntyStudios/PolygonAdventure/Models/SM_Env_Flower_07.fbx using Guid(9bae9f8720ec40445be911303b4cb908) Importer(815301076,1909f56bfc062723c751e8b465ee728b)  -> (artifact id: 'b2c4d1411befd52568bdc88288f34d81') in 0.009962 seconds
Number of updated asset objects reloaded before import = 0
Number of asset objects unloaded after import = 7
========================================================================
Received Import Request.
  Time since last request: 0.000021 seconds.
  path: Assets/New Folder/SyntyStudios/PolygonAdventure/Models/SM_Bld_Village_07.fbx
  artifactKey: Guid(a4cb7f4997366e447aa09e2d2384a609) Importer(815301076,1909f56bfc062723c751e8b465ee728b)
Start importing Assets/New Folder/SyntyStudios/PolygonAdventure/Models/SM_Bld_Village_07.fbx using Guid(a4cb7f4997366e447aa09e2d2384a609) Importer(815301076,1909f56bfc062723c751e8b465ee728b)  -> (artifact id: '879e8b1da5241a97e37b12ca13344e3c') in 0.010215 seconds
Number of updated asset objects reloaded before import = 0
Number of asset objects unloaded after import = 7
========================================================================
Received Import Request.
  Time since last request: 0.000012 seconds.
  path: Assets/New Folder/SyntyStudios/PolygonAdventure/Models/SM_Env_GroundMounds_11.fbx
  artifactKey: Guid(c19f5b59d166ff84d8613a52e09491a2) Importer(815301076,1909f56bfc062723c751e8b465ee728b)
Start importing Assets/New Folder/SyntyStudios/PolygonAdventure/Models/SM_Env_GroundMounds_11.fbx using Guid(c19f5b59d166ff84d8613a52e09491a2) Importer(815301076,1909f56bfc062723c751e8b465ee728b)  -> (artifact id: 'eb5ccc1c31e306e227d1a48943ef1782') in 0.010031 seconds
Number of updated asset objects reloaded before import = 0
Number of asset objects unloaded after import = 7
========================================================================
Received Import Request.
  Time since last request: 0.000014 seconds.
  path: Assets/New Folder/SyntyStudios/PolygonAdventure/Models/SM_Env_GroundMounds_10.fbx
  artifactKey: Guid(ac1a19631af075c408c971b006054e6c) Importer(815301076,1909f56bfc062723c751e8b465ee728b)
Start importing Assets/New Folder/SyntyStudios/PolygonAdventure/Models/SM_Env_GroundMounds_10.fbx using Guid(ac1a19631af075c408c971b006054e6c) Importer(815301076,1909f56bfc062723c751e8b465ee728b)  -> (artifact id: 'f75aa9f38938bcfdbb8d31e8c974863e') in 0.019076 seconds
Number of updated asset objects reloaded before import = 0
Number of asset objects unloaded after import = 7
========================================================================
Received Import Request.
  Time since last request: 0.000012 seconds.
  path: Assets/New Folder/SyntyStudios/PolygonAdventure/Models/SM_Env_GroundMounds_04.fbx
  artifactKey: Guid(bd55fd1ecd7ba644a93583e30a65bf9d) Importer(815301076,1909f56bfc062723c751e8b465ee728b)
Start importing Assets/New Folder/SyntyStudios/PolygonAdventure/Models/SM_Env_GroundMounds_04.fbx using Guid(bd55fd1ecd7ba644a93583e30a65bf9d) Importer(815301076,1909f56bfc062723c751e8b465ee728b)  -> (artifact id: 'c7f449a7c2223ddadeae15e81972acd8') in 0.011757 seconds
Number of updated asset objects reloaded before import = 0
Number of asset objects unloaded after import = 7
========================================================================
Received Import Request.
  Time since last request: 49.049680 seconds.
  path: Assets/New Folder/SyntyStudios/PolygonSamples/PolygonSciFiCity/Models/SM_Bld_Section_Wall_01.fbx
  artifactKey: Guid(61217fb49b2f2fe499fba9aba1fce64c) Importer(815301076,1909f56bfc062723c751e8b465ee728b)
Start importing Assets/New Folder/SyntyStudios/PolygonSamples/PolygonSciFiCity/Models/SM_Bld_Section_Wall_01.fbx using Guid(61217fb49b2f2fe499fba9aba1fce64c) Importer(815301076,1909f56bfc062723c751e8b465ee728b)  -> (artifact id: 'c15ce6088a65be000baa99fc35b64642') in 0.035193 seconds
Number of updated asset objects reloaded before import = 0
Number of asset objects unloaded after import = 7
========================================================================
Received Prepare
Begin MonoManager ReloadAssembly
- Loaded All Assemblies, in  0.629 seconds
Refreshing native plugins compatible for Editor in 2.77 ms, found 3 plugins.
Native extension for UWP target not found
Native extension for WindowsStandalone target not found
Native extension for iOS target not found
Native extension for Android target not found
Native extension for WebGL target not found
[Package Manager] Server::EnsureServerProcessIsRunning -- launch failed, reason: Unity was launched with the -noUpm command-line argument
[Package Manager] UpmClient::Send -- Unable to send message (not connected to UPM process).
[Package Manager] Cannot connect to Unity Package Manager local server
Mono: successfully reloaded assembly
- Finished resetting the current domain, in  1.074 seconds
Domain Reload Profiling: 1697ms
	BeginReloadAssembly (300ms)
		ExecutionOrderSort (0ms)
		DisableScriptedObjects (3ms)
		BackupInstance (0ms)
		ReleaseScriptingObjects (0ms)
		CreateAndSetChildDomain (27ms)
	RebuildCommonClasses (29ms)
	RebuildNativeTypeToScriptingClass (7ms)
	initialDomainReloadingComplete (28ms)
	LoadAllAssembliesAndSetupDomain (259ms)
		LoadAssemblies (489ms)
		RebuildTransferFunctionScriptingTraits (0ms)
		AnalyzeDomain (14ms)
			TypeCache.Refresh (7ms)
				TypeCache.ScanAssembly (0ms)
			ScanForSourceGeneratedMonoScriptInfo (0ms)
			ResolveRequiredComponents (6ms)
	FinalizeReload (1074ms)
		ReleaseScriptCaches (0ms)
		RebuildScriptCaches (0ms)
		SetupLoadedEditorAssemblies (484ms)
			LogAssemblyErrors (0ms)
			InitializePlatformSupportModulesInManaged (57ms)
			SetLoadedEditorAssemblies (4ms)
			RefreshPlugins (0ms)
			BeforeProcessingInitializeOnLoad (73ms)
			ProcessInitializeOnLoadAttributes (314ms)
			ProcessInitializeOnLoadMethodAttributes (18ms)
			AfterProcessingInitializeOnLoad (18ms)
			EditorAssembliesLoaded (0ms)
		ExecutionOrderSort2 (0ms)
		AwakeInstancesAfterBackupRestoration (74ms)
Refreshing native plugins compatible for Editor in 4.23 ms, found 3 plugins.
Preloading 0 native plugins for Editor in 0.00 ms.
Unloading 3556 Unused Serialized files (Serialized files now loaded: 0)
Unloading 24 unused Assets / (31.2 KB). Loaded Objects now: 4066.
Memory consumption went from 141.9 MB to 141.9 MB.
Total: 2.955600 ms (FindLiveObjects: 0.294100 ms CreateObjectMapping: 0.102100 ms MarkObjects: 2.505600 ms  DeleteObjects: 0.052700 ms)

Prepare: number of updated asset objects reloaded= 0
AssetImportParameters requested are different than current active one (requested -> active):
  custom:container-demuxer-ogg: 62fdf1f143b41e24485cea50d1cbac27 -> 
  custom:video-codec-MediaFoundation-h265: 746d11721c4dcdbdad8f713fa42b33f4 -> 
  custom:video-decoder-ogg-theora: a1e56fd34408186e4bbccfd4996cb3dc -> 
  custom:framework-win-MediaFoundation: 216162199b28c13a410421893ffa2e32 -> 
  custom:CustomObjectIndexerAttribute: 9a22284fe3817be447336de3de66b15e -> 
  custom:container-demuxer-webm: 4f35f7cbe854078d1ac9338744f61a02 -> 
  custom:container-muxer-webm: aa71ff27fc2769a1b78a27578f13a17b -> 
  custom:video-decoder-webm-vp8: 9c59270c3fd7afecdb556c50c9e8de78 -> 
  custom:SearchIndexIgnoredProperties: e643bd26f0fe6173181afceb89e7c659 -> 
  custom:AudioImporter_EditorPlatform: d09bf68614088b80899f8185d706f6e7 -> 
  custom:video-encoder-webm-vp8: eb34c28f22e8b96e1ab97ce403110664 -> 
  custom:audio-decoder-ogg-vorbis: bf7c407c2cedff20999df2af8eb42d56 -> 
  custom:audio-encoder-webm-vorbis: bf7c407c2cedff20999df2af8eb42d56 -> 
Editor requested this worker to shutdown with reason: Scaling down because of idle timeout
TcpMessagingSession - receive error: operation aborted. errorcode: 995, details: The I/O operation has been aborted because of either a thread exit or an application request.
AssetImportWorker is now disconnected from the server
Process exiting
Exiting without the bug reporter. Application will terminate with return code 0