Using pre-set license
Built from '2022.3/staging' branch; Version is '2022.3.26f1 (ec6cd8118806) revision 15494360'; Using compiler version '192829333'; Build Type 'Release'
OS: 'Windows 11  (10.0.22631) 64bit Core' Language: 'en' Physical Memory: 32469 MB
BatchMode: 1, IsHumanControllingUs: 0, StartBugReporterOnCrash: 0, Is64bit: 1, IsPro: 1

COMMAND LINE ARGUMENTS:
C:\Program Files\Unity\Hub\Editor\2022.3.26f1\Editor\Unity.exe
-adb2
-batchMode
-noUpm
-name
AssetImportWorker6
-projectPath
D:/pppp/the game/My project
-logFile
Logs/AssetImportWorker6.log
-srvPort
62585
Successfully changed project path to: D:/pppp/the game/My project
D:/pppp/the game/My project
[UnityMemory] Configuration Parameters - Can be set up in boot.config
    "memorysetup-bucket-allocator-granularity=16"
    "memorysetup-bucket-allocator-bucket-count=8"
    "memorysetup-bucket-allocator-block-size=33554432"
    "memorysetup-bucket-allocator-block-count=8"
    "memorysetup-main-allocator-block-size=16777216"
    "memorysetup-thread-allocator-block-size=16777216"
    "memorysetup-gfx-main-allocator-block-size=16777216"
    "memorysetup-gfx-thread-allocator-block-size=16777216"
    "memorysetup-cache-allocator-block-size=4194304"
    "memorysetup-typetree-allocator-block-size=2097152"
    "memorysetup-profiler-bucket-allocator-granularity=16"
    "memorysetup-profiler-bucket-allocator-bucket-count=8"
    "memorysetup-profiler-bucket-allocator-block-size=33554432"
    "memorysetup-profiler-bucket-allocator-block-count=8"
    "memorysetup-profiler-allocator-block-size=16777216"
    "memorysetup-profiler-editor-allocator-block-size=1048576"
    "memorysetup-temp-allocator-size-main=16777216"
    "memorysetup-job-temp-allocator-block-size=2097152"
    "memorysetup-job-temp-allocator-block-size-background=1048576"
    "memorysetup-job-temp-allocator-reduction-small-platforms=262144"
    "memorysetup-allocator-temp-initial-block-size-main=262144"
    "memorysetup-allocator-temp-initial-block-size-worker=262144"
    "memorysetup-temp-allocator-size-background-worker=32768"
    "memorysetup-temp-allocator-size-job-worker=262144"
    "memorysetup-temp-allocator-size-preload-manager=33554432"
    "memorysetup-temp-allocator-size-nav-mesh-worker=65536"
    "memorysetup-temp-allocator-size-audio-worker=65536"
    "memorysetup-temp-allocator-size-cloud-worker=32768"
    "memorysetup-temp-allocator-size-gi-baking-worker=262144"
    "memorysetup-temp-allocator-size-gfx=262144"
Player connection [19740] Host "[IP] 192.168.1.159 [Port] 0 [Flags] 2 [Guid] 3983303418 [EditorId] 3983303418 [Version] 1048832 [Id] WindowsEditor(7,MSI) [Debug] 1 [PackageName] WindowsEditor [ProjectName] Editor" joined multi-casting on [225.0.0.222:54997]...

Player connection [19740] Host "[IP] 192.168.1.159 [Port] 0 [Flags] 2 [Guid] 3983303418 [EditorId] 3983303418 [Version] 1048832 [Id] WindowsEditor(7,MSI) [Debug] 1 [PackageName] WindowsEditor [ProjectName] Editor" joined alternative multi-casting on [225.0.0.222:34997]...

[Physics::Module] Initialized MultithreadedJobDispatcher with 31 workers.
Refreshing native plugins compatible for Editor in 10.51 ms, found 3 plugins.
Preloading 0 native plugins for Editor in 0.00 ms.
Initialize engine version: 2022.3.26f1 (ec6cd8118806)
[Subsystems] Discovering subsystems at path C:/Program Files/Unity/Hub/Editor/2022.3.26f1/Editor/Data/Resources/UnitySubsystems
[Subsystems] Discovering subsystems at path D:/pppp/the game/My project/Assets
GfxDevice: creating device client; threaded=0; jobified=0
Direct3D:
    Version:  Direct3D 11.0 [level 11.1]
    Renderer: NVIDIA GeForce RTX 4080 Laptop GPU (ID=0x27a0)
    Vendor:   NVIDIA
    VRAM:     11997 MB
    Driver:   32.0.15.5585
Initialize mono
Mono path[0] = 'C:/Program Files/Unity/Hub/Editor/2022.3.26f1/Editor/Data/Managed'
Mono path[1] = 'C:/Program Files/Unity/Hub/Editor/2022.3.26f1/Editor/Data/MonoBleedingEdge/lib/mono/unityjit-win32'
Mono config path = 'C:/Program Files/Unity/Hub/Editor/2022.3.26f1/Editor/Data/MonoBleedingEdge/etc'
Using monoOptions --debugger-agent=transport=dt_socket,embedding=1,server=y,suspend=n,address=127.0.0.1:56008
Begin MonoManager ReloadAssembly
Registering precompiled unity dll's ...
Register platform support module: C:/Program Files/Unity/Hub/Editor/2022.3.26f1/Editor/Data/PlaybackEngines/WebGLSupport/UnityEditor.WebGL.Extensions.dll
Register platform support module: C:/Program Files/Unity/Hub/Editor/2022.3.26f1/Editor/Data/PlaybackEngines/AndroidPlayer/UnityEditor.Android.Extensions.dll
Register platform support module: C:/Program Files/Unity/Hub/Editor/2022.3.26f1/Editor/Data/PlaybackEngines/iOSSupport/UnityEditor.iOS.Extensions.dll
Register platform support module: C:/Program Files/Unity/Hub/Editor/2022.3.26f1/Editor/Data/PlaybackEngines/WindowsStandaloneSupport/UnityEditor.WindowsStandalone.Extensions.dll
Register platform support module: C:/Program Files/Unity/Hub/Editor/2022.3.26f1/Editor/Data/PlaybackEngines/MetroSupport/UnityEditor.UWP.Extensions.dll
Registered in 0.021415 seconds.
- Loaded All Assemblies, in  0.460 seconds
Native extension for UWP target not found
Native extension for WindowsStandalone target not found
[usbmuxd] Start listen thread
[usbmuxd] Listen thread started
Native extension for iOS target not found
Native extension for Android target not found
Android Extension - Scanning For ADB Devices 1466 ms
Native extension for WebGL target not found
Mono: successfully reloaded assembly
- Finished resetting the current domain, in  1.823 seconds
Domain Reload Profiling: 2279ms
	BeginReloadAssembly (120ms)
		ExecutionOrderSort (0ms)
		DisableScriptedObjects (0ms)
		BackupInstance (0ms)
		ReleaseScriptingObjects (0ms)
		CreateAndSetChildDomain (0ms)
	RebuildCommonClasses (23ms)
	RebuildNativeTypeToScriptingClass (6ms)
	initialDomainReloadingComplete (60ms)
	LoadAllAssembliesAndSetupDomain (247ms)
		LoadAssemblies (120ms)
		RebuildTransferFunctionScriptingTraits (0ms)
		AnalyzeDomain (242ms)
			TypeCache.Refresh (241ms)
				TypeCache.ScanAssembly (216ms)
			ScanForSourceGeneratedMonoScriptInfo (0ms)
			ResolveRequiredComponents (0ms)
	FinalizeReload (1824ms)
		ReleaseScriptCaches (0ms)
		RebuildScriptCaches (0ms)
		SetupLoadedEditorAssemblies (1785ms)
			LogAssemblyErrors (0ms)
			InitializePlatformSupportModulesInManaged (1593ms)
			SetLoadedEditorAssemblies (5ms)
			RefreshPlugins (0ms)
			BeforeProcessingInitializeOnLoad (2ms)
			ProcessInitializeOnLoadAttributes (114ms)
			ProcessInitializeOnLoadMethodAttributes (71ms)
			AfterProcessingInitializeOnLoad (0ms)
			EditorAssembliesLoaded (0ms)
		ExecutionOrderSort2 (0ms)
		AwakeInstancesAfterBackupRestoration (0ms)
========================================================================
Worker process is ready to serve import requests
Begin MonoManager ReloadAssembly
- Loaded All Assemblies, in  0.702 seconds
Refreshing native plugins compatible for Editor in 2.17 ms, found 3 plugins.
Native extension for UWP target not found
Native extension for WindowsStandalone target not found
Native extension for iOS target not found
Native extension for Android target not found
Native extension for WebGL target not found
Package Manager log level set to [2]
[Package Manager] Server::EnsureServerProcessIsRunning -- launch failed, reason: Unity was launched with the -noUpm command-line argument
[Package Manager] UpmClient::Send -- Unable to send message (not connected to UPM process).
[Package Manager] Cannot connect to Unity Package Manager local server
Mono: successfully reloaded assembly
- Finished resetting the current domain, in  0.478 seconds
Domain Reload Profiling: 1176ms
	BeginReloadAssembly (250ms)
		ExecutionOrderSort (0ms)
		DisableScriptedObjects (4ms)
		BackupInstance (0ms)
		ReleaseScriptingObjects (0ms)
		CreateAndSetChildDomain (19ms)
	RebuildCommonClasses (48ms)
	RebuildNativeTypeToScriptingClass (9ms)
	initialDomainReloadingComplete (40ms)
	LoadAllAssembliesAndSetupDomain (351ms)
		LoadAssemblies (414ms)
		RebuildTransferFunctionScriptingTraits (0ms)
		AnalyzeDomain (134ms)
			TypeCache.Refresh (120ms)
				TypeCache.ScanAssembly (108ms)
			ScanForSourceGeneratedMonoScriptInfo (10ms)
			ResolveRequiredComponents (3ms)
	FinalizeReload (478ms)
		ReleaseScriptCaches (0ms)
		RebuildScriptCaches (0ms)
		SetupLoadedEditorAssemblies (334ms)
			LogAssemblyErrors (0ms)
			InitializePlatformSupportModulesInManaged (34ms)
			SetLoadedEditorAssemblies (2ms)
			RefreshPlugins (0ms)
			BeforeProcessingInitializeOnLoad (45ms)
			ProcessInitializeOnLoadAttributes (226ms)
			ProcessInitializeOnLoadMethodAttributes (14ms)
			AfterProcessingInitializeOnLoad (14ms)
			EditorAssembliesLoaded (0ms)
		ExecutionOrderSort2 (0ms)
		AwakeInstancesAfterBackupRestoration (28ms)
Launched and connected shader compiler UnityShaderCompiler.exe after 0.12 seconds
Refreshing native plugins compatible for Editor in 4.70 ms, found 3 plugins.
Preloading 0 native plugins for Editor in 0.00 ms.
Unloading 3582 Unused Serialized files (Serialized files now loaded: 0)
Unloading 40 unused Assets / (58.0 KB). Loaded Objects now: 4052.
Memory consumption went from 147.9 MB to 147.8 MB.
Total: 3.983400 ms (FindLiveObjects: 0.364100 ms CreateObjectMapping: 0.100400 ms MarkObjects: 3.391000 ms  DeleteObjects: 0.126400 ms)

AssetImportParameters requested are different than current active one (requested -> active):
  custom:container-demuxer-ogg: 62fdf1f143b41e24485cea50d1cbac27 -> 
  custom:video-codec-MediaFoundation-h265: 746d11721c4dcdbdad8f713fa42b33f4 -> 
  custom:video-decoder-ogg-theora: a1e56fd34408186e4bbccfd4996cb3dc -> 
  custom:framework-win-MediaFoundation: 216162199b28c13a410421893ffa2e32 -> 
  custom:CustomObjectIndexerAttribute: 9a22284fe3817be447336de3de66b15e -> 
  custom:container-demuxer-webm: 4f35f7cbe854078d1ac9338744f61a02 -> 
  custom:container-muxer-webm: aa71ff27fc2769a1b78a27578f13a17b -> 
  custom:video-decoder-webm-vp8: 9c59270c3fd7afecdb556c50c9e8de78 -> 
  custom:SearchIndexIgnoredProperties: e643bd26f0fe6173181afceb89e7c659 -> 
  custom:AudioImporter_EditorPlatform: d09bf68614088b80899f8185d706f6e7 -> 
  custom:video-encoder-webm-vp8: eb34c28f22e8b96e1ab97ce403110664 -> 
  custom:audio-decoder-ogg-vorbis: bf7c407c2cedff20999df2af8eb42d56 -> 
  custom:audio-encoder-webm-vorbis: bf7c407c2cedff20999df2af8eb42d56 -> 
========================================================================
Received Import Request.
  Time since last request: 68903.128414 seconds.
  path: Assets/AssetPackages/SyntyStudios/PolygonCity/Prefabs/Environments/Custom
  artifactKey: Guid(189dd0821bb0c8c45815f809554268cd) Importer(815301076,1909f56bfc062723c751e8b465ee728b)
Start importing Assets/AssetPackages/SyntyStudios/PolygonCity/Prefabs/Environments/Custom using Guid(189dd0821bb0c8c45815f809554268cd) Importer(815301076,1909f56bfc062723c751e8b465ee728b)  -> (artifact id: '1a982d4215a7656fa07434a2fe21d540') in 0.002347 seconds
Number of updated asset objects reloaded before import = 0
Number of asset objects unloaded after import = 0
========================================================================
Received Import Request.
  Time since last request: 0.072819 seconds.
  path: Assets/AssetPackages/SyntyStudios/PolygonCity/Prefabs/Environments/Custom/SM_Env_Skyline_01.prefab
  artifactKey: Guid(c2c402e99a56ad749b560bee7cdc6b2a) Importer(815301076,1909f56bfc062723c751e8b465ee728b)
Start importing Assets/AssetPackages/SyntyStudios/PolygonCity/Prefabs/Environments/Custom/SM_Env_Skyline_01.prefab using Guid(c2c402e99a56ad749b560bee7cdc6b2a) Importer(815301076,1909f56bfc062723c751e8b465ee728b)  -> (artifact id: '1c866a84e8c557db2ce4a171bd16c974') in 0.227953 seconds
Number of updated asset objects reloaded before import = 0
Number of asset objects unloaded after import = 24
========================================================================
Received Import Request.
  Time since last request: 308.923732 seconds.
  path: Assets/AssetPackages/SyntyStudios/PolygonCity/Prefabs/Buildings
  artifactKey: Guid(132c909af2567de4d9903a629aa1ce54) Importer(815301076,1909f56bfc062723c751e8b465ee728b)
Start importing Assets/AssetPackages/SyntyStudios/PolygonCity/Prefabs/Buildings using Guid(132c909af2567de4d9903a629aa1ce54) Importer(815301076,1909f56bfc062723c751e8b465ee728b)  -> (artifact id: '6d981998cdd2a8f3737a50870f94d406') in 0.001331 seconds
Number of updated asset objects reloaded before import = 0
Number of asset objects unloaded after import = 0
========================================================================
Received Import Request.
  Time since last request: 0.077079 seconds.
  path: Assets/AssetPackages/SyntyStudios/PolygonCity/Prefabs/Buildings/SM_Bld_Apartment_01.prefab
  artifactKey: Guid(9384e4f7925dd0d47a003b910f826bf8) Importer(815301076,1909f56bfc062723c751e8b465ee728b)
Start importing Assets/AssetPackages/SyntyStudios/PolygonCity/Prefabs/Buildings/SM_Bld_Apartment_01.prefab using Guid(9384e4f7925dd0d47a003b910f826bf8) Importer(815301076,1909f56bfc062723c751e8b465ee728b)  -> (artifact id: '15c2744ccc9b61e23ee1ad651addbb34') in 0.029276 seconds
Number of updated asset objects reloaded before import = 0
Number of asset objects unloaded after import = 14
========================================================================
Received Import Request.
  Time since last request: 0.051898 seconds.
  path: Assets/AssetPackages/SyntyStudios/PolygonCity/Prefabs/Buildings/SM_Bld_Apartment_Corner_01.prefab
  artifactKey: Guid(ca5af9b35ab3f6d418a4a402844936e3) Importer(815301076,1909f56bfc062723c751e8b465ee728b)
Start importing Assets/AssetPackages/SyntyStudios/PolygonCity/Prefabs/Buildings/SM_Bld_Apartment_Corner_01.prefab using Guid(ca5af9b35ab3f6d418a4a402844936e3) Importer(815301076,1909f56bfc062723c751e8b465ee728b)  -> (artifact id: 'dc4baceadf5bfa25e104638530168549') in 0.019954 seconds
Number of updated asset objects reloaded before import = 0
Number of asset objects unloaded after import = 14
========================================================================
Received Import Request.
  Time since last request: 0.000010 seconds.
  path: Assets/AssetPackages/SyntyStudios/PolygonCity/Prefabs/Buildings/SM_Bld_Apartment_Door_01.prefab
  artifactKey: Guid(c828aad58e045884d9bcabfcdacc69fa) Importer(815301076,1909f56bfc062723c751e8b465ee728b)
Start importing Assets/AssetPackages/SyntyStudios/PolygonCity/Prefabs/Buildings/SM_Bld_Apartment_Door_01.prefab using Guid(c828aad58e045884d9bcabfcdacc69fa) Importer(815301076,1909f56bfc062723c751e8b465ee728b)  -> (artifact id: 'c34822b16087165d14f93d08fcf125d4') in 0.021810 seconds
Number of updated asset objects reloaded before import = 0
Number of asset objects unloaded after import = 18
========================================================================
Received Import Request.
  Time since last request: 0.059662 seconds.
  path: Assets/AssetPackages/SyntyStudios/PolygonCity/Prefabs/Buildings/SM_Bld_Apartment_Roof_01.prefab
  artifactKey: Guid(6c5cf72eed364734aa359fd03de15100) Importer(815301076,1909f56bfc062723c751e8b465ee728b)
Start importing Assets/AssetPackages/SyntyStudios/PolygonCity/Prefabs/Buildings/SM_Bld_Apartment_Roof_01.prefab using Guid(6c5cf72eed364734aa359fd03de15100) Importer(815301076,1909f56bfc062723c751e8b465ee728b)  -> (artifact id: 'd2bd8af5e8dbbf284b18d66e0aff4096') in 0.019555 seconds
Number of updated asset objects reloaded before import = 0
Number of asset objects unloaded after import = 13
========================================================================
Received Import Request.
  Time since last request: 0.000011 seconds.
  path: Assets/AssetPackages/SyntyStudios/PolygonCity/Prefabs/Buildings/SM_Bld_Apartment_Roof_02.prefab
  artifactKey: Guid(99e3d52be60050d4883633a4b0e12226) Importer(815301076,1909f56bfc062723c751e8b465ee728b)
Start importing Assets/AssetPackages/SyntyStudios/PolygonCity/Prefabs/Buildings/SM_Bld_Apartment_Roof_02.prefab using Guid(99e3d52be60050d4883633a4b0e12226) Importer(815301076,1909f56bfc062723c751e8b465ee728b)  -> (artifact id: '66891786b8cfdbb49585d9304c7bb951') in 0.021098 seconds
Number of updated asset objects reloaded before import = 0
Number of asset objects unloaded after import = 14
========================================================================
Received Import Request.
  Time since last request: 0.050301 seconds.
  path: Assets/AssetPackages/SyntyStudios/PolygonCity/Prefabs/Buildings/SM_Bld_Apartment_Roof_Corner_02.prefab
  artifactKey: Guid(abf5b8361dd32a84990b3ef68982a8b4) Importer(815301076,1909f56bfc062723c751e8b465ee728b)
Start importing Assets/AssetPackages/SyntyStudios/PolygonCity/Prefabs/Buildings/SM_Bld_Apartment_Roof_Corner_02.prefab using Guid(abf5b8361dd32a84990b3ef68982a8b4) Importer(815301076,1909f56bfc062723c751e8b465ee728b)  -> (artifact id: 'ac6bbdffa674cdc5ef92113da02e561a') in 0.022257 seconds
Number of updated asset objects reloaded before import = 0
Number of asset objects unloaded after import = 15
========================================================================
Received Import Request.
  Time since last request: 0.057089 seconds.
  path: Assets/AssetPackages/SyntyStudios/PolygonCity/Prefabs/Buildings/SM_Bld_Apartment_Stack_03.prefab
  artifactKey: Guid(a2d22ce70dfdb254e9cf1a761853209a) Importer(815301076,1909f56bfc062723c751e8b465ee728b)
Start importing Assets/AssetPackages/SyntyStudios/PolygonCity/Prefabs/Buildings/SM_Bld_Apartment_Stack_03.prefab using Guid(a2d22ce70dfdb254e9cf1a761853209a) Importer(815301076,1909f56bfc062723c751e8b465ee728b)  -> (artifact id: 'e1097f0aae371fe6edc8968bf1f9fc0e') in 0.021519 seconds
Number of updated asset objects reloaded before import = 0
Number of asset objects unloaded after import = 14
========================================================================
Received Import Request.
  Time since last request: 0.050665 seconds.
  path: Assets/AssetPackages/SyntyStudios/PolygonCity/Prefabs/Buildings/SM_Bld_Apartment_Stack_02.prefab
  artifactKey: Guid(f9c5e344bb1131f4f83e34b3f8cae927) Importer(815301076,1909f56bfc062723c751e8b465ee728b)
Start importing Assets/AssetPackages/SyntyStudios/PolygonCity/Prefabs/Buildings/SM_Bld_Apartment_Stack_02.prefab using Guid(f9c5e344bb1131f4f83e34b3f8cae927) Importer(815301076,1909f56bfc062723c751e8b465ee728b)  -> (artifact id: '64ed72c6dbb8caa550b2832450a096dd') in 0.021667 seconds
Number of updated asset objects reloaded before import = 0
Number of asset objects unloaded after import = 14
========================================================================
Received Import Request.
  Time since last request: 0.058651 seconds.
  path: Assets/AssetPackages/SyntyStudios/PolygonCity/Prefabs/Buildings/SM_Bld_FireEscape_01.prefab
  artifactKey: Guid(a0fc9668797c0ba40bfd0a39fc67f2ed) Importer(815301076,1909f56bfc062723c751e8b465ee728b)
Start importing Assets/AssetPackages/SyntyStudios/PolygonCity/Prefabs/Buildings/SM_Bld_FireEscape_01.prefab using Guid(a0fc9668797c0ba40bfd0a39fc67f2ed) Importer(815301076,1909f56bfc062723c751e8b465ee728b)  -> (artifact id: '29bc373f828d17cdfc303a6023359a3b') in 0.022716 seconds
Number of updated asset objects reloaded before import = 0
Number of asset objects unloaded after import = 24
========================================================================
Received Import Request.
  Time since last request: 0.000013 seconds.
  path: Assets/AssetPackages/SyntyStudios/PolygonCity/Prefabs/Buildings/SM_Bld_CityHall_01.prefab
  artifactKey: Guid(7867ba7f5410daf41b58b5427b1d9554) Importer(815301076,1909f56bfc062723c751e8b465ee728b)
Start importing Assets/AssetPackages/SyntyStudios/PolygonCity/Prefabs/Buildings/SM_Bld_CityHall_01.prefab using Guid(7867ba7f5410daf41b58b5427b1d9554) Importer(815301076,1909f56bfc062723c751e8b465ee728b)  -> (artifact id: 'ebb3bb37c58cc6af79d34b3c2a9b8d0a') in 0.023069 seconds
Number of updated asset objects reloaded before import = 0
Number of asset objects unloaded after import = 20
========================================================================
Received Import Request.
  Time since last request: 0.000018 seconds.
  path: Assets/AssetPackages/SyntyStudios/PolygonCity/Prefabs/Buildings/SM_Bld_OfficeOld_Large_01.prefab
  artifactKey: Guid(82f734b8de4c88b4fbdc5232659df70f) Importer(815301076,1909f56bfc062723c751e8b465ee728b)
Start importing Assets/AssetPackages/SyntyStudios/PolygonCity/Prefabs/Buildings/SM_Bld_OfficeOld_Large_01.prefab using Guid(82f734b8de4c88b4fbdc5232659df70f) Importer(815301076,1909f56bfc062723c751e8b465ee728b)  -> (artifact id: '9a55f627ab928a1fa4191a511e1d1e18') in 0.021321 seconds
Number of updated asset objects reloaded before import = 0
Number of asset objects unloaded after import = 16
========================================================================
Received Import Request.
  Time since last request: 0.000011 seconds.
  path: Assets/AssetPackages/SyntyStudios/PolygonCity/Prefabs/Buildings/SM_Bld_OfficeOld_Small_01.prefab
  artifactKey: Guid(84c719d9545655049b535e2613281b11) Importer(815301076,1909f56bfc062723c751e8b465ee728b)
Start importing Assets/AssetPackages/SyntyStudios/PolygonCity/Prefabs/Buildings/SM_Bld_OfficeOld_Small_01.prefab using Guid(84c719d9545655049b535e2613281b11) Importer(815301076,1909f56bfc062723c751e8b465ee728b)  -> (artifact id: 'c1242db712c6180addfc9908be560bff') in 0.019249 seconds
Number of updated asset objects reloaded before import = 0
Number of asset objects unloaded after import = 16
========================================================================
Received Import Request.
  Time since last request: 0.000012 seconds.
  path: Assets/AssetPackages/SyntyStudios/PolygonCity/Prefabs/Buildings/SM_Bld_OfficeOld_Small_Roof_01.prefab
  artifactKey: Guid(d247508df54d35440b771820202bc30d) Importer(815301076,1909f56bfc062723c751e8b465ee728b)
Start importing Assets/AssetPackages/SyntyStudios/PolygonCity/Prefabs/Buildings/SM_Bld_OfficeOld_Small_Roof_01.prefab using Guid(d247508df54d35440b771820202bc30d) Importer(815301076,1909f56bfc062723c751e8b465ee728b)  -> (artifact id: 'e327036daefdec62d077f5b7b74e4fa3') in 0.020773 seconds
Number of updated asset objects reloaded before import = 0
Number of asset objects unloaded after import = 16
========================================================================
Received Import Request.
  Time since last request: 0.000010 seconds.
  path: Assets/AssetPackages/SyntyStudios/PolygonCity/Prefabs/Buildings/SM_Bld_OfficeRound_Base_01.prefab
  artifactKey: Guid(d8907e78c2c985144ab39a324c8597ea) Importer(815301076,1909f56bfc062723c751e8b465ee728b)
Start importing Assets/AssetPackages/SyntyStudios/PolygonCity/Prefabs/Buildings/SM_Bld_OfficeRound_Base_01.prefab using Guid(d8907e78c2c985144ab39a324c8597ea) Importer(815301076,1909f56bfc062723c751e8b465ee728b)  -> (artifact id: '0f0c4800d794199e2a700fd4b01be118') in 0.021087 seconds
Number of updated asset objects reloaded before import = 0
Number of asset objects unloaded after import = 22
========================================================================
Received Import Request.
  Time since last request: 0.000010 seconds.
  path: Assets/AssetPackages/SyntyStudios/PolygonCity/Prefabs/Buildings/SM_Bld_OfficeRound_Roof_01.prefab
  artifactKey: Guid(a2507b8e2681bcc44ad4183e48f4589c) Importer(815301076,1909f56bfc062723c751e8b465ee728b)
Start importing Assets/AssetPackages/SyntyStudios/PolygonCity/Prefabs/Buildings/SM_Bld_OfficeRound_Roof_01.prefab using Guid(a2507b8e2681bcc44ad4183e48f4589c) Importer(815301076,1909f56bfc062723c751e8b465ee728b)  -> (artifact id: '820e56a654f5f2d32a88843c90b67c01') in 0.020487 seconds
Number of updated asset objects reloaded before import = 0
Number of asset objects unloaded after import = 14
========================================================================
Received Import Request.
  Time since last request: 0.000011 seconds.
  path: Assets/AssetPackages/SyntyStudios/PolygonCity/Prefabs/Buildings/SM_Bld_OfficeSquare_04.prefab
  artifactKey: Guid(464552aa0e0766d47a6df340d469df57) Importer(815301076,1909f56bfc062723c751e8b465ee728b)
Start importing Assets/AssetPackages/SyntyStudios/PolygonCity/Prefabs/Buildings/SM_Bld_OfficeSquare_04.prefab using Guid(464552aa0e0766d47a6df340d469df57) Importer(815301076,1909f56bfc062723c751e8b465ee728b)  -> (artifact id: '22a2436f6f21086a23b7a3e5ac8ca0b4') in 0.020708 seconds
Number of updated asset objects reloaded before import = 0
Number of asset objects unloaded after import = 13
========================================================================
Received Import Request.
  Time since last request: 0.000011 seconds.
  path: Assets/AssetPackages/SyntyStudios/PolygonCity/Prefabs/Buildings/SM_Bld_Apartment_Stairs_02.prefab
  artifactKey: Guid(f82429eae662f5d4cb83cadb3417f66d) Importer(815301076,1909f56bfc062723c751e8b465ee728b)
Start importing Assets/AssetPackages/SyntyStudios/PolygonCity/Prefabs/Buildings/SM_Bld_Apartment_Stairs_02.prefab using Guid(f82429eae662f5d4cb83cadb3417f66d) Importer(815301076,1909f56bfc062723c751e8b465ee728b)  -> (artifact id: '17d18acb6f8a6471d865ef7bf89ad254') in 0.018556 seconds
Number of updated asset objects reloaded before import = 0
Number of asset objects unloaded after import = 14
========================================================================
Received Import Request.
  Time since last request: 0.000010 seconds.
  path: Assets/AssetPackages/SyntyStudios/PolygonCity/Prefabs/Buildings/SM_Bld_Shop_06.prefab
  artifactKey: Guid(1e70e6b05165f864f8c42dab5a2544f9) Importer(815301076,1909f56bfc062723c751e8b465ee728b)
Start importing Assets/AssetPackages/SyntyStudios/PolygonCity/Prefabs/Buildings/SM_Bld_Shop_06.prefab using Guid(1e70e6b05165f864f8c42dab5a2544f9) Importer(815301076,1909f56bfc062723c751e8b465ee728b)  -> (artifact id: '397aaad095ad56a7fa4e884c28d880f1') in 0.021960 seconds
Number of updated asset objects reloaded before import = 0
Number of asset objects unloaded after import = 16
========================================================================
Received Import Request.
  Time since last request: 0.000011 seconds.
  path: Assets/AssetPackages/SyntyStudios/PolygonCity/Prefabs/Buildings/SM_Bld_OfficeOctagon_Roof_01.prefab
  artifactKey: Guid(177d8df2567c2ee43897cd6b253d28d6) Importer(815301076,1909f56bfc062723c751e8b465ee728b)
Start importing Assets/AssetPackages/SyntyStudios/PolygonCity/Prefabs/Buildings/SM_Bld_OfficeOctagon_Roof_01.prefab using Guid(177d8df2567c2ee43897cd6b253d28d6) Importer(815301076,1909f56bfc062723c751e8b465ee728b)  -> (artifact id: 'bdd0c81fc32005239f6ce06a00cfc75d') in 0.018100 seconds
Number of updated asset objects reloaded before import = 0
Number of asset objects unloaded after import = 14
========================================================================
Received Import Request.
  Time since last request: 0.000009 seconds.
  path: Assets/AssetPackages/SyntyStudios/PolygonCity/Prefabs/Buildings/SM_Bld_Station_01.prefab
  artifactKey: Guid(8fb9d4c1e830a6742bda038e0f8c11a8) Importer(815301076,1909f56bfc062723c751e8b465ee728b)
Start importing Assets/AssetPackages/SyntyStudios/PolygonCity/Prefabs/Buildings/SM_Bld_Station_01.prefab using Guid(8fb9d4c1e830a6742bda038e0f8c11a8) Importer(815301076,1909f56bfc062723c751e8b465ee728b)  -> (artifact id: '8fc59a225fa705bf07fe615116c58e99') in 0.019347 seconds
Number of updated asset objects reloaded before import = 0
Number of asset objects unloaded after import = 16
========================================================================
Received Import Request.
  Time since last request: 0.000012 seconds.
  path: Assets/AssetPackages/SyntyStudios/PolygonCity/Prefabs/Buildings/SM_Bld_OfficeOld_Large_Floor_01.prefab
  artifactKey: Guid(04c95dd28836b2745a9499d7e268e44b) Importer(815301076,1909f56bfc062723c751e8b465ee728b)
Start importing Assets/AssetPackages/SyntyStudios/PolygonCity/Prefabs/Buildings/SM_Bld_OfficeOld_Large_Floor_01.prefab using Guid(04c95dd28836b2745a9499d7e268e44b) Importer(815301076,1909f56bfc062723c751e8b465ee728b)  -> (artifact id: '133888c9d4907fa9d37bcdb87b189f12') in 0.028664 seconds
Number of updated asset objects reloaded before import = 0
Number of asset objects unloaded after import = 16
========================================================================
Received Import Request.
  Time since last request: 0.000019 seconds.
  path: Assets/AssetPackages/SyntyStudios/PolygonCity/Prefabs/Buildings/SM_Bld_Apartment_Stairs_Planter_01.prefab
  artifactKey: Guid(2ec41ef6c18c5e64aaefa3d4e6b2d9bb) Importer(815301076,1909f56bfc062723c751e8b465ee728b)
Start importing Assets/AssetPackages/SyntyStudios/PolygonCity/Prefabs/Buildings/SM_Bld_Apartment_Stairs_Planter_01.prefab using Guid(2ec41ef6c18c5e64aaefa3d4e6b2d9bb) Importer(815301076,1909f56bfc062723c751e8b465ee728b)  -> (artifact id: '7eb7e7f806dacea271a9f3ab1eb273dd') in 0.020901 seconds
Number of updated asset objects reloaded before import = 0
Number of asset objects unloaded after import = 14
========================================================================
Received Import Request.
  Time since last request: 0.000012 seconds.
  path: Assets/AssetPackages/SyntyStudios/PolygonCity/Prefabs/Buildings/SM_Bld_OfficeSquare_01.prefab
  artifactKey: Guid(f70c8059d9b8d60429d824a17015ed49) Importer(815301076,1909f56bfc062723c751e8b465ee728b)
Start importing Assets/AssetPackages/SyntyStudios/PolygonCity/Prefabs/Buildings/SM_Bld_OfficeSquare_01.prefab using Guid(f70c8059d9b8d60429d824a17015ed49) Importer(815301076,1909f56bfc062723c751e8b465ee728b)  -> (artifact id: 'ace1904d0fc47ff2e91d69c97e0cc51e') in 0.024547 seconds
Number of updated asset objects reloaded before import = 0
Number of asset objects unloaded after import = 13
========================================================================
Received Import Request.
  Time since last request: 0.000011 seconds.
  path: Assets/AssetPackages/SyntyStudios/PolygonCity/Prefabs/Buildings/SM_Bld_Station_03.prefab
  artifactKey: Guid(8a86432aa20034e49aa63a2c97cee0f2) Importer(815301076,1909f56bfc062723c751e8b465ee728b)
Start importing Assets/AssetPackages/SyntyStudios/PolygonCity/Prefabs/Buildings/SM_Bld_Station_03.prefab using Guid(8a86432aa20034e49aa63a2c97cee0f2) Importer(815301076,1909f56bfc062723c751e8b465ee728b)  -> (artifact id: '96bb88eef3153419d97b2db0e5b580c1') in 0.020393 seconds
Number of updated asset objects reloaded before import = 0
Number of asset objects unloaded after import = 16
========================================================================
Received Import Request.
  Time since last request: 0.000011 seconds.
  path: Assets/AssetPackages/SyntyStudios/PolygonCity/Prefabs/Buildings/SM_Bld_OfficeSquare_Roof_01.prefab
  artifactKey: Guid(8e6be04d8370d1c4fa754d22592984f1) Importer(815301076,1909f56bfc062723c751e8b465ee728b)
Start importing Assets/AssetPackages/SyntyStudios/PolygonCity/Prefabs/Buildings/SM_Bld_OfficeSquare_Roof_01.prefab using Guid(8e6be04d8370d1c4fa754d22592984f1) Importer(815301076,1909f56bfc062723c751e8b465ee728b)  -> (artifact id: '6d84f7d7230689140c2f0defcd4a69ee') in 0.024745 seconds
Number of updated asset objects reloaded before import = 0
Number of asset objects unloaded after import = 13
========================================================================
Received Import Request.
  Time since last request: 0.000017 seconds.
  path: Assets/AssetPackages/SyntyStudios/PolygonCity/Prefabs/Buildings/SM_Bld_FireEscape_03.prefab
  artifactKey: Guid(0e83389f2726cec4b805919daeccf2f6) Importer(815301076,1909f56bfc062723c751e8b465ee728b)
Start importing Assets/AssetPackages/SyntyStudios/PolygonCity/Prefabs/Buildings/SM_Bld_FireEscape_03.prefab using Guid(0e83389f2726cec4b805919daeccf2f6) Importer(815301076,1909f56bfc062723c751e8b465ee728b)  -> (artifact id: '99a8aeb76df8266266c65f2399285bd5') in 0.022768 seconds
Number of updated asset objects reloaded before import = 0
Number of asset objects unloaded after import = 24
========================================================================
Received Import Request.
  Time since last request: 0.000014 seconds.
  path: Assets/AssetPackages/SyntyStudios/PolygonCity/Prefabs/Buildings/SM_Bld_Apartment_Stairs_03.prefab
  artifactKey: Guid(e554fc2e32c92274e92a501e72f5db1f) Importer(815301076,1909f56bfc062723c751e8b465ee728b)
Start importing Assets/AssetPackages/SyntyStudios/PolygonCity/Prefabs/Buildings/SM_Bld_Apartment_Stairs_03.prefab using Guid(e554fc2e32c92274e92a501e72f5db1f) Importer(815301076,1909f56bfc062723c751e8b465ee728b)  -> (artifact id: '5ab0383163da72502d4b58fb9469cdd4') in 0.023344 seconds
Number of updated asset objects reloaded before import = 0
Number of asset objects unloaded after import = 30
========================================================================
Received Import Request.
  Time since last request: 0.000013 seconds.
  path: Assets/AssetPackages/SyntyStudios/PolygonCity/Prefabs/Buildings/SM_Bld_Shop_05.prefab
  artifactKey: Guid(77dd7072ed0a2784d87c474eb9a288b7) Importer(815301076,1909f56bfc062723c751e8b465ee728b)
Start importing Assets/AssetPackages/SyntyStudios/PolygonCity/Prefabs/Buildings/SM_Bld_Shop_05.prefab using Guid(77dd7072ed0a2784d87c474eb9a288b7) Importer(815301076,1909f56bfc062723c751e8b465ee728b)  -> (artifact id: 'd1c2ce769d788281f3e5c209fad80fd5') in 0.013217 seconds
Number of updated asset objects reloaded before import = 0
Number of asset objects unloaded after import = 22
========================================================================
Received Import Request.
  Time since last request: 0.000011 seconds.
  path: Assets/AssetPackages/SyntyStudios/PolygonCity/Prefabs/Buildings/SM_Bld_Shop_03.prefab
  artifactKey: Guid(e390f42c7625c914e9082218b571c91a) Importer(815301076,1909f56bfc062723c751e8b465ee728b)
Start importing Assets/AssetPackages/SyntyStudios/PolygonCity/Prefabs/Buildings/SM_Bld_Shop_03.prefab using Guid(e390f42c7625c914e9082218b571c91a) Importer(815301076,1909f56bfc062723c751e8b465ee728b)  -> (artifact id: 'c89e04df20d30681f7a3c077b2660636') in 0.011284 seconds
Number of updated asset objects reloaded before import = 0
Number of asset objects unloaded after import = 22
========================================================================
Received Import Request.
  Time since last request: 0.000011 seconds.
  path: Assets/AssetPackages/SyntyStudios/PolygonCity/Prefabs/Buildings/SM_Bld_OfficeRound_04.prefab
  artifactKey: Guid(57130355dd16ab04386646a2f8aac353) Importer(815301076,1909f56bfc062723c751e8b465ee728b)
Start importing Assets/AssetPackages/SyntyStudios/PolygonCity/Prefabs/Buildings/SM_Bld_OfficeRound_04.prefab using Guid(57130355dd16ab04386646a2f8aac353) Importer(815301076,1909f56bfc062723c751e8b465ee728b)  -> (artifact id: '314eed7e969a692de0bd0ad118acd5b7') in 0.011157 seconds
Number of updated asset objects reloaded before import = 0
Number of asset objects unloaded after import = 14
========================================================================
Received Import Request.
  Time since last request: 0.000012 seconds.
  path: Assets/AssetPackages/SyntyStudios/PolygonCity/Prefabs/Buildings/SM_Bld_Station_02.prefab
  artifactKey: Guid(1a6cea8227331c841ba3a0f95dfbe662) Importer(815301076,1909f56bfc062723c751e8b465ee728b)
Start importing Assets/AssetPackages/SyntyStudios/PolygonCity/Prefabs/Buildings/SM_Bld_Station_02.prefab using Guid(1a6cea8227331c841ba3a0f95dfbe662) Importer(815301076,1909f56bfc062723c751e8b465ee728b)  -> (artifact id: 'a7705b6c5bb1721948797bca880e4750') in 0.010938 seconds
Number of updated asset objects reloaded before import = 0
Number of asset objects unloaded after import = 16
========================================================================
Received Import Request.
  Time since last request: 0.000012 seconds.
  path: Assets/AssetPackages/SyntyStudios/PolygonCity/Prefabs/Buildings/SM_Bld_OfficeOld_Small_Base_01.prefab
  artifactKey: Guid(95640d38768b9f44bbf39ed3421ec759) Importer(815301076,1909f56bfc062723c751e8b465ee728b)
Start importing Assets/AssetPackages/SyntyStudios/PolygonCity/Prefabs/Buildings/SM_Bld_OfficeOld_Small_Base_01.prefab using Guid(95640d38768b9f44bbf39ed3421ec759) Importer(815301076,1909f56bfc062723c751e8b465ee728b)  -> (artifact id: 'f23801763aa5060ed4e67f9049e2b542') in 0.012505 seconds
Number of updated asset objects reloaded before import = 0
Number of asset objects unloaded after import = 16
========================================================================
Received Import Request.
  Time since last request: 0.000011 seconds.
  path: Assets/AssetPackages/SyntyStudios/PolygonCity/Prefabs/Buildings/SM_Bld_OfficeOld_Large_02.prefab
  artifactKey: Guid(62cc7a41de7e4c847869440070e2f6df) Importer(815301076,1909f56bfc062723c751e8b465ee728b)
Start importing Assets/AssetPackages/SyntyStudios/PolygonCity/Prefabs/Buildings/SM_Bld_OfficeOld_Large_02.prefab using Guid(62cc7a41de7e4c847869440070e2f6df) Importer(815301076,1909f56bfc062723c751e8b465ee728b)  -> (artifact id: 'd77d683514fc7b2a6917c114b867a7fc') in 0.013640 seconds
Number of updated asset objects reloaded before import = 0
Number of asset objects unloaded after import = 16
========================================================================
Received Import Request.
  Time since last request: 0.000013 seconds.
  path: Assets/AssetPackages/SyntyStudios/PolygonCity/Prefabs/Buildings/SM_Bld_Apartment_Roof_03.prefab
  artifactKey: Guid(e23461d5897c315409d7a64adcd6f311) Importer(815301076,1909f56bfc062723c751e8b465ee728b)
Start importing Assets/AssetPackages/SyntyStudios/PolygonCity/Prefabs/Buildings/SM_Bld_Apartment_Roof_03.prefab using Guid(e23461d5897c315409d7a64adcd6f311) Importer(815301076,1909f56bfc062723c751e8b465ee728b)  -> (artifact id: '139cad6b40a4c8e2251a763df2ef02fb') in 0.011505 seconds
Number of updated asset objects reloaded before import = 0
Number of asset objects unloaded after import = 14
========================================================================
Received Import Request.
  Time since last request: 0.000019 seconds.
  path: Assets/AssetPackages/SyntyStudios/PolygonCity/Prefabs/Buildings/SM_Prop_Water_Tower_01.prefab
  artifactKey: Guid(b1c9a178d3040a14aac77ac6bcbcc9bd) Importer(815301076,1909f56bfc062723c751e8b465ee728b)
Start importing Assets/AssetPackages/SyntyStudios/PolygonCity/Prefabs/Buildings/SM_Prop_Water_Tower_01.prefab using Guid(b1c9a178d3040a14aac77ac6bcbcc9bd) Importer(815301076,1909f56bfc062723c751e8b465ee728b)  -> (artifact id: '515c60bdff15cdb86a109de757a00fad') in 0.012231 seconds
Number of updated asset objects reloaded before import = 0
Number of asset objects unloaded after import = 16
========================================================================
Received Import Request.
  Time since last request: 0.000011 seconds.
  path: Assets/AssetPackages/SyntyStudios/PolygonCity/Prefabs/Buildings/SM_Bld_OfficeOctagon_01.prefab
  artifactKey: Guid(0ee83c502303ccb449f61a2877cc57c8) Importer(815301076,1909f56bfc062723c751e8b465ee728b)
Start importing Assets/AssetPackages/SyntyStudios/PolygonCity/Prefabs/Buildings/SM_Bld_OfficeOctagon_01.prefab using Guid(0ee83c502303ccb449f61a2877cc57c8) Importer(815301076,1909f56bfc062723c751e8b465ee728b)  -> (artifact id: 'b1bb0626c824bad7104a1da603566588') in 0.010740 seconds
Number of updated asset objects reloaded before import = 0
Number of asset objects unloaded after import = 14
========================================================================
Received Import Request.
  Time since last request: 0.000011 seconds.
  path: Assets/AssetPackages/SyntyStudios/PolygonCity/Prefabs/Buildings/SM_Bld_OfficeSquare_03.prefab
  artifactKey: Guid(83d0ec3c099b45e44b769c5f2a30890b) Importer(815301076,1909f56bfc062723c751e8b465ee728b)
Start importing Assets/AssetPackages/SyntyStudios/PolygonCity/Prefabs/Buildings/SM_Bld_OfficeSquare_03.prefab using Guid(83d0ec3c099b45e44b769c5f2a30890b) Importer(815301076,1909f56bfc062723c751e8b465ee728b)  -> (artifact id: '2f6815f28d4f05dd6bc536f5e9ea08fb') in 0.009647 seconds
Number of updated asset objects reloaded before import = 0
Number of asset objects unloaded after import = 13
========================================================================
Received Import Request.
  Time since last request: 0.000010 seconds.
  path: Assets/AssetPackages/SyntyStudios/PolygonCity/Prefabs/Buildings/SM_Bld_Shop_Corner_01.prefab
  artifactKey: Guid(ea45161d31d19c540af5f5091648f652) Importer(815301076,1909f56bfc062723c751e8b465ee728b)
Start importing Assets/AssetPackages/SyntyStudios/PolygonCity/Prefabs/Buildings/SM_Bld_Shop_Corner_01.prefab using Guid(ea45161d31d19c540af5f5091648f652) Importer(815301076,1909f56bfc062723c751e8b465ee728b)  -> (artifact id: '8910ea3a68b603e70cb145062d81759d') in 0.010351 seconds
Number of updated asset objects reloaded before import = 0
Number of asset objects unloaded after import = 22
========================================================================
Received Import Request.
  Time since last request: 20.547942 seconds.
  path: Assets/AssetPackages/SyntyStudios/PolygonAdventure/Prefabs/Buildings/SM_Bld_Fence_02_Snow.prefab
  artifactKey: Guid(d23fdb9d107eed94ab87242d6af8284f) Importer(815301076,1909f56bfc062723c751e8b465ee728b)
Start importing Assets/AssetPackages/SyntyStudios/PolygonAdventure/Prefabs/Buildings/SM_Bld_Fence_02_Snow.prefab using Guid(d23fdb9d107eed94ab87242d6af8284f) Importer(815301076,1909f56bfc062723c751e8b465ee728b)  -> (artifact id: '36dd7015b3cb2c25c94ee02b90fe1b18') in 0.008725 seconds
Number of updated asset objects reloaded before import = 0
Number of asset objects unloaded after import = 13
========================================================================
Received Import Request.
  Time since last request: 0.002923 seconds.
  path: Assets/AssetPackages/SyntyStudios/PolygonAdventure/Prefabs/Buildings/SM_Bld_Hut_01.prefab
  artifactKey: Guid(d1e13909567fcd341bfe40fd2f12368e) Importer(815301076,1909f56bfc062723c751e8b465ee728b)
Start importing Assets/AssetPackages/SyntyStudios/PolygonAdventure/Prefabs/Buildings/SM_Bld_Hut_01.prefab using Guid(d1e13909567fcd341bfe40fd2f12368e) Importer(815301076,1909f56bfc062723c751e8b465ee728b)  -> (artifact id: '18f18915694630de8293a421091d6a91') in 0.009794 seconds
Number of updated asset objects reloaded before import = 0
Number of asset objects unloaded after import = 13
========================================================================
Received Import Request.
  Time since last request: 0.000013 seconds.
  path: Assets/AssetPackages/SyntyStudios/PolygonAdventure/Prefabs/Buildings/SM_Bld_Stall_01.prefab
  artifactKey: Guid(b7987dff284c7e741ae04e2e7c8148e4) Importer(815301076,1909f56bfc062723c751e8b465ee728b)
Start importing Assets/AssetPackages/SyntyStudios/PolygonAdventure/Prefabs/Buildings/SM_Bld_Stall_01.prefab using Guid(b7987dff284c7e741ae04e2e7c8148e4) Importer(815301076,1909f56bfc062723c751e8b465ee728b)  -> (artifact id: '2f3d59e9bf75a56311f230284cafe199') in 0.009977 seconds
Number of updated asset objects reloaded before import = 0
Number of asset objects unloaded after import = 13
========================================================================
Received Import Request.
  Time since last request: 0.000010 seconds.
  path: Assets/AssetPackages/SyntyStudios/PolygonAdventure/Prefabs/Buildings/SM_Bld_Stall_Cover_01.prefab
  artifactKey: Guid(0fad32790a1dbe44294d7ad7a66b4258) Importer(815301076,1909f56bfc062723c751e8b465ee728b)
Start importing Assets/AssetPackages/SyntyStudios/PolygonAdventure/Prefabs/Buildings/SM_Bld_Stall_Cover_01.prefab using Guid(0fad32790a1dbe44294d7ad7a66b4258) Importer(815301076,1909f56bfc062723c751e8b465ee728b)  -> (artifact id: 'bc8acc11e5b0d69f0233472919368bbc') in 0.010221 seconds
Number of updated asset objects reloaded before import = 0
Number of asset objects unloaded after import = 17
========================================================================
Received Import Request.
  Time since last request: 0.000017 seconds.
  path: Assets/AssetPackages/SyntyStudios/PolygonAdventure/Prefabs/Buildings/SM_Bld_Village_02.prefab
  artifactKey: Guid(f65a7bee03bbc4542a4af2c67922b549) Importer(815301076,1909f56bfc062723c751e8b465ee728b)
Start importing Assets/AssetPackages/SyntyStudios/PolygonAdventure/Prefabs/Buildings/SM_Bld_Village_02.prefab using Guid(f65a7bee03bbc4542a4af2c67922b549) Importer(815301076,1909f56bfc062723c751e8b465ee728b)  -> (artifact id: 'c51587c3c3e70450768bf3e0f2690a07') in 0.010849 seconds
Number of updated asset objects reloaded before import = 0
Number of asset objects unloaded after import = 13
========================================================================
Received Import Request.
  Time since last request: 0.000016 seconds.
  path: Assets/AssetPackages/SyntyStudios/PolygonAdventure/Prefabs/Buildings/SM_Bld_Village_Top_01.prefab
  artifactKey: Guid(f8ed91afdf7cecd47ba5102085b88cc0) Importer(815301076,1909f56bfc062723c751e8b465ee728b)
Start importing Assets/AssetPackages/SyntyStudios/PolygonAdventure/Prefabs/Buildings/SM_Bld_Village_Top_01.prefab using Guid(f8ed91afdf7cecd47ba5102085b88cc0) Importer(815301076,1909f56bfc062723c751e8b465ee728b)  -> (artifact id: 'f78965cfd555d0110aa5581a0fa6efb6') in 0.009083 seconds
Number of updated asset objects reloaded before import = 0
Number of asset objects unloaded after import = 10
========================================================================
Received Import Request.
  Time since last request: 0.000018 seconds.
  path: Assets/AssetPackages/SyntyStudios/PolygonAdventure/Prefabs/Buildings/SM_Bld_Village_03.prefab
  artifactKey: Guid(5f8835a0f81a6c1489b93bed7c675488) Importer(815301076,1909f56bfc062723c751e8b465ee728b)
Start importing Assets/AssetPackages/SyntyStudios/PolygonAdventure/Prefabs/Buildings/SM_Bld_Village_03.prefab using Guid(5f8835a0f81a6c1489b93bed7c675488) Importer(815301076,1909f56bfc062723c751e8b465ee728b)  -> (artifact id: '10e2c00a3876850e12f9e616cd649be4') in 0.009193 seconds
Number of updated asset objects reloaded before import = 0
Number of asset objects unloaded after import = 13
========================================================================
Received Import Request.
  Time since last request: 0.000018 seconds.
  path: Assets/AssetPackages/SyntyStudios/PolygonAdventure/Prefabs/Buildings/SM_Bld_Village_07.prefab
  artifactKey: Guid(56c812ba01809a649a7f0667b2f02e0f) Importer(815301076,1909f56bfc062723c751e8b465ee728b)
Start importing Assets/AssetPackages/SyntyStudios/PolygonAdventure/Prefabs/Buildings/SM_Bld_Village_07.prefab using Guid(56c812ba01809a649a7f0667b2f02e0f) Importer(815301076,1909f56bfc062723c751e8b465ee728b)  -> (artifact id: '455cba357ef3169fbcece2b60e45a4c9') in 0.011965 seconds
Number of updated asset objects reloaded before import = 0
Number of asset objects unloaded after import = 13
Editor requested this worker to shutdown with reason: Scaling down because of idle timeout
TcpMessagingSession - receive error: operation aborted. errorcode: 995, details: The I/O operation has been aborted because of either a thread exit or an application request.
AssetImportWorker is now disconnected from the server
Process exiting
Exiting without the bug reporter. Application will terminate with return code 0