Using pre-set license
Built from '2022.3/staging' branch; Version is '2022.3.26f1 (ec6cd8118806) revision 15494360'; Using compiler version '192829333'; Build Type 'Release'
OS: 'Windows 11  (10.0.22631) 64bit Core' Language: 'en' Physical Memory: 32469 MB
BatchMode: 1, IsHumanControllingUs: 0, StartBugReporterOnCrash: 0, Is64bit: 1, IsPro: 1

COMMAND LINE ARGUMENTS:
C:\Program Files\Unity\Hub\Editor\2022.3.26f1\Editor\Unity.exe
-adb2
-batchMode
-noUpm
-name
AssetImportWorker13
-projectPath
D:/pppp/the game/My project
-logFile
Logs/AssetImportWorker13.log
-srvPort
59929
Successfully changed project path to: D:/pppp/the game/My project
D:/pppp/the game/My project
[UnityMemory] Configuration Parameters - Can be set up in boot.config
    "memorysetup-bucket-allocator-granularity=16"
    "memorysetup-bucket-allocator-bucket-count=8"
    "memorysetup-bucket-allocator-block-size=33554432"
    "memorysetup-bucket-allocator-block-count=8"
    "memorysetup-main-allocator-block-size=16777216"
    "memorysetup-thread-allocator-block-size=16777216"
    "memorysetup-gfx-main-allocator-block-size=16777216"
    "memorysetup-gfx-thread-allocator-block-size=16777216"
    "memorysetup-cache-allocator-block-size=4194304"
    "memorysetup-typetree-allocator-block-size=2097152"
    "memorysetup-profiler-bucket-allocator-granularity=16"
    "memorysetup-profiler-bucket-allocator-bucket-count=8"
    "memorysetup-profiler-bucket-allocator-block-size=33554432"
    "memorysetup-profiler-bucket-allocator-block-count=8"
    "memorysetup-profiler-allocator-block-size=16777216"
    "memorysetup-profiler-editor-allocator-block-size=1048576"
    "memorysetup-temp-allocator-size-main=16777216"
    "memorysetup-job-temp-allocator-block-size=2097152"
    "memorysetup-job-temp-allocator-block-size-background=1048576"
    "memorysetup-job-temp-allocator-reduction-small-platforms=262144"
    "memorysetup-allocator-temp-initial-block-size-main=262144"
    "memorysetup-allocator-temp-initial-block-size-worker=262144"
    "memorysetup-temp-allocator-size-background-worker=32768"
    "memorysetup-temp-allocator-size-job-worker=262144"
    "memorysetup-temp-allocator-size-preload-manager=33554432"
    "memorysetup-temp-allocator-size-nav-mesh-worker=65536"
    "memorysetup-temp-allocator-size-audio-worker=65536"
    "memorysetup-temp-allocator-size-cloud-worker=32768"
    "memorysetup-temp-allocator-size-gi-baking-worker=262144"
    "memorysetup-temp-allocator-size-gfx=262144"
Player connection [15956] Host "[IP] 192.168.1.159 [Port] 0 [Flags] 2 [Guid] 3275687805 [EditorId] 3275687805 [Version] 1048832 [Id] WindowsEditor(7,MSI) [Debug] 1 [PackageName] WindowsEditor [ProjectName] Editor" joined multi-casting on [225.0.0.222:54997]...

Player connection [15956] Host "[IP] 192.168.1.159 [Port] 0 [Flags] 2 [Guid] 3275687805 [EditorId] 3275687805 [Version] 1048832 [Id] WindowsEditor(7,MSI) [Debug] 1 [PackageName] WindowsEditor [ProjectName] Editor" joined alternative multi-casting on [225.0.0.222:34997]...

[Physics::Module] Initialized MultithreadedJobDispatcher with 31 workers.
Refreshing native plugins compatible for Editor in 13.77 ms, found 3 plugins.
Preloading 0 native plugins for Editor in 0.00 ms.
Initialize engine version: 2022.3.26f1 (ec6cd8118806)
[Subsystems] Discovering subsystems at path C:/Program Files/Unity/Hub/Editor/2022.3.26f1/Editor/Data/Resources/UnitySubsystems
[Subsystems] Discovering subsystems at path D:/pppp/the game/My project/Assets
GfxDevice: creating device client; threaded=0; jobified=0
Direct3D:
    Version:  Direct3D 11.0 [level 11.1]
    Renderer: NVIDIA GeForce RTX 4080 Laptop GPU (ID=0x27a0)
    Vendor:   NVIDIA
    VRAM:     11997 MB
    Driver:   32.0.15.5585
Initialize mono
Mono path[0] = 'C:/Program Files/Unity/Hub/Editor/2022.3.26f1/Editor/Data/Managed'
Mono path[1] = 'C:/Program Files/Unity/Hub/Editor/2022.3.26f1/Editor/Data/MonoBleedingEdge/lib/mono/unityjit-win32'
Mono config path = 'C:/Program Files/Unity/Hub/Editor/2022.3.26f1/Editor/Data/MonoBleedingEdge/etc'
Using monoOptions --debugger-agent=transport=dt_socket,embedding=1,server=y,suspend=n,address=127.0.0.1:56400
Begin MonoManager ReloadAssembly
Registering precompiled unity dll's ...
Register platform support module: C:/Program Files/Unity/Hub/Editor/2022.3.26f1/Editor/Data/PlaybackEngines/WebGLSupport/UnityEditor.WebGL.Extensions.dll
Register platform support module: C:/Program Files/Unity/Hub/Editor/2022.3.26f1/Editor/Data/PlaybackEngines/AndroidPlayer/UnityEditor.Android.Extensions.dll
Register platform support module: C:/Program Files/Unity/Hub/Editor/2022.3.26f1/Editor/Data/PlaybackEngines/iOSSupport/UnityEditor.iOS.Extensions.dll
Register platform support module: C:/Program Files/Unity/Hub/Editor/2022.3.26f1/Editor/Data/PlaybackEngines/WindowsStandaloneSupport/UnityEditor.WindowsStandalone.Extensions.dll
Register platform support module: C:/Program Files/Unity/Hub/Editor/2022.3.26f1/Editor/Data/PlaybackEngines/MetroSupport/UnityEditor.UWP.Extensions.dll
Registered in 0.031334 seconds.
- Loaded All Assemblies, in  0.667 seconds
Native extension for UWP target not found
Native extension for WindowsStandalone target not found
[usbmuxd] Start listen thread
[usbmuxd] Listen thread started
Native extension for iOS target not found
Native extension for Android target not found
Android Extension - Scanning For ADB Devices 1528 ms
Native extension for WebGL target not found
Mono: successfully reloaded assembly
- Finished resetting the current domain, in  1.946 seconds
Domain Reload Profiling: 2609ms
	BeginReloadAssembly (288ms)
		ExecutionOrderSort (0ms)
		DisableScriptedObjects (0ms)
		BackupInstance (0ms)
		ReleaseScriptingObjects (0ms)
		CreateAndSetChildDomain (2ms)
	RebuildCommonClasses (26ms)
	RebuildNativeTypeToScriptingClass (7ms)
	initialDomainReloadingComplete (94ms)
	LoadAllAssembliesAndSetupDomain (247ms)
		LoadAssemblies (295ms)
		RebuildTransferFunctionScriptingTraits (0ms)
		AnalyzeDomain (231ms)
			TypeCache.Refresh (230ms)
				TypeCache.ScanAssembly (208ms)
			ScanForSourceGeneratedMonoScriptInfo (0ms)
			ResolveRequiredComponents (0ms)
	FinalizeReload (1946ms)
		ReleaseScriptCaches (0ms)
		RebuildScriptCaches (0ms)
		SetupLoadedEditorAssemblies (1893ms)
			LogAssemblyErrors (0ms)
			InitializePlatformSupportModulesInManaged (1668ms)
			SetLoadedEditorAssemblies (7ms)
			RefreshPlugins (0ms)
			BeforeProcessingInitializeOnLoad (3ms)
			ProcessInitializeOnLoadAttributes (150ms)
			ProcessInitializeOnLoadMethodAttributes (65ms)
			AfterProcessingInitializeOnLoad (0ms)
			EditorAssembliesLoaded (0ms)
		ExecutionOrderSort2 (0ms)
		AwakeInstancesAfterBackupRestoration (0ms)
========================================================================
Worker process is ready to serve import requests
Begin MonoManager ReloadAssembly
- Loaded All Assemblies, in  0.712 seconds
Refreshing native plugins compatible for Editor in 2.16 ms, found 3 plugins.
Native extension for UWP target not found
Native extension for WindowsStandalone target not found
Native extension for iOS target not found
Native extension for Android target not found
Native extension for WebGL target not found
Package Manager log level set to [2]
[Package Manager] Server::EnsureServerProcessIsRunning -- launch failed, reason: Unity was launched with the -noUpm command-line argument
[Package Manager] UpmClient::Send -- Unable to send message (not connected to UPM process).
[Package Manager] Cannot connect to Unity Package Manager local server
Mono: successfully reloaded assembly
- Finished resetting the current domain, in  0.528 seconds
Domain Reload Profiling: 1237ms
	BeginReloadAssembly (208ms)
		ExecutionOrderSort (0ms)
		DisableScriptedObjects (3ms)
		BackupInstance (0ms)
		ReleaseScriptingObjects (0ms)
		CreateAndSetChildDomain (22ms)
	RebuildCommonClasses (39ms)
	RebuildNativeTypeToScriptingClass (8ms)
	initialDomainReloadingComplete (54ms)
	LoadAllAssembliesAndSetupDomain (400ms)
		LoadAssemblies (376ms)
		RebuildTransferFunctionScriptingTraits (0ms)
		AnalyzeDomain (168ms)
			TypeCache.Refresh (152ms)
				TypeCache.ScanAssembly (138ms)
			ScanForSourceGeneratedMonoScriptInfo (12ms)
			ResolveRequiredComponents (3ms)
	FinalizeReload (529ms)
		ReleaseScriptCaches (0ms)
		RebuildScriptCaches (0ms)
		SetupLoadedEditorAssemblies (392ms)
			LogAssemblyErrors (0ms)
			InitializePlatformSupportModulesInManaged (36ms)
			SetLoadedEditorAssemblies (3ms)
			RefreshPlugins (0ms)
			BeforeProcessingInitializeOnLoad (54ms)
			ProcessInitializeOnLoadAttributes (259ms)
			ProcessInitializeOnLoadMethodAttributes (20ms)
			AfterProcessingInitializeOnLoad (20ms)
			EditorAssembliesLoaded (0ms)
		ExecutionOrderSort2 (0ms)
		AwakeInstancesAfterBackupRestoration (18ms)
Launched and connected shader compiler UnityShaderCompiler.exe after 0.13 seconds
Refreshing native plugins compatible for Editor in 2.28 ms, found 3 plugins.
Preloading 0 native plugins for Editor in 0.00 ms.
Unloading 3582 Unused Serialized files (Serialized files now loaded: 0)
Unloading 40 unused Assets / (58.1 KB). Loaded Objects now: 4052.
Memory consumption went from 147.8 MB to 147.8 MB.
Total: 3.130700 ms (FindLiveObjects: 0.319100 ms CreateObjectMapping: 0.103500 ms MarkObjects: 2.613700 ms  DeleteObjects: 0.093200 ms)

AssetImportParameters requested are different than current active one (requested -> active):
  custom:container-demuxer-ogg: 62fdf1f143b41e24485cea50d1cbac27 -> 
  custom:video-codec-MediaFoundation-h265: 746d11721c4dcdbdad8f713fa42b33f4 -> 
  custom:video-decoder-ogg-theora: a1e56fd34408186e4bbccfd4996cb3dc -> 
  custom:framework-win-MediaFoundation: 216162199b28c13a410421893ffa2e32 -> 
  custom:CustomObjectIndexerAttribute: 9a22284fe3817be447336de3de66b15e -> 
  custom:container-demuxer-webm: 4f35f7cbe854078d1ac9338744f61a02 -> 
  custom:container-muxer-webm: aa71ff27fc2769a1b78a27578f13a17b -> 
  custom:video-decoder-webm-vp8: 9c59270c3fd7afecdb556c50c9e8de78 -> 
  custom:SearchIndexIgnoredProperties: e643bd26f0fe6173181afceb89e7c659 -> 
  custom:AudioImporter_EditorPlatform: d09bf68614088b80899f8185d706f6e7 -> 
  custom:video-encoder-webm-vp8: eb34c28f22e8b96e1ab97ce403110664 -> 
  custom:audio-decoder-ogg-vorbis: bf7c407c2cedff20999df2af8eb42d56 -> 
  custom:audio-encoder-webm-vorbis: bf7c407c2cedff20999df2af8eb42d56 -> 
========================================================================
Received Import Request.
  Time since last request: 182884.248673 seconds.
  path: Assets/New Folder/SyntyStudios/PolygonAdventure/Models/Collision/SM_Env_Hill_01_Convex.asset
  artifactKey: Guid(fcebe5110050dcd40a2923608b644cf9) Importer(815301076,1909f56bfc062723c751e8b465ee728b)
Start importing Assets/New Folder/SyntyStudios/PolygonAdventure/Models/Collision/SM_Env_Hill_01_Convex.asset using Guid(fcebe5110050dcd40a2923608b644cf9) Importer(815301076,1909f56bfc062723c751e8b465ee728b)  -> (artifact id: 'f27a5b1067cc9272efc9c92268076805') in 0.076289 seconds
Number of updated asset objects reloaded before import = 0
Number of asset objects unloaded after import = 2
========================================================================
Received Import Request.
  Time since last request: 0.000015 seconds.
  path: Assets/New Folder/SyntyStudios/PolygonAdventure/Models/Collision/SM_Env_GroundMounds_06_Convex.asset
  artifactKey: Guid(a64bb43691dc55449a3c280fee9ea472) Importer(815301076,1909f56bfc062723c751e8b465ee728b)
Start importing Assets/New Folder/SyntyStudios/PolygonAdventure/Models/Collision/SM_Env_GroundMounds_06_Convex.asset using Guid(a64bb43691dc55449a3c280fee9ea472) Importer(815301076,1909f56bfc062723c751e8b465ee728b)  -> (artifact id: 'ac421584b7041ea61797ea2fdaa1da6c') in 0.014596 seconds
Number of updated asset objects reloaded before import = 0
Number of asset objects unloaded after import = 2
========================================================================
Received Import Request.
  Time since last request: 0.000016 seconds.
  path: Assets/New Folder/SyntyStudios/PolygonAdventure/Models/Collision/SM_Env_Flower_05_Convex 1.asset
  artifactKey: Guid(e577e8d5421c3354d996c7efead17366) Importer(815301076,1909f56bfc062723c751e8b465ee728b)
Start importing Assets/New Folder/SyntyStudios/PolygonAdventure/Models/Collision/SM_Env_Flower_05_Convex 1.asset using Guid(e577e8d5421c3354d996c7efead17366) Importer(815301076,1909f56bfc062723c751e8b465ee728b)  -> (artifact id: '92c00df779ea074e17c43c37e61977ea') in 0.017796 seconds
Number of updated asset objects reloaded before import = 0
Number of asset objects unloaded after import = 2
========================================================================
Received Import Request.
  Time since last request: 0.000019 seconds.
  path: Assets/New Folder/SyntyStudios/PolygonAdventure/Models/Collision/SM_Bld_Village_WindowDrapes_01_Convex 1.asset
  artifactKey: Guid(2eb9255b3afca264685d8287f29decae) Importer(815301076,1909f56bfc062723c751e8b465ee728b)
Start importing Assets/New Folder/SyntyStudios/PolygonAdventure/Models/Collision/SM_Bld_Village_WindowDrapes_01_Convex 1.asset using Guid(2eb9255b3afca264685d8287f29decae) Importer(815301076,1909f56bfc062723c751e8b465ee728b)  -> (artifact id: '1663bf2c59c03518f01acc5061fce659') in 0.028567 seconds
Number of updated asset objects reloaded before import = 0
Number of asset objects unloaded after import = 3
========================================================================
Received Import Request.
  Time since last request: 0.000014 seconds.
  path: Assets/New Folder/SyntyStudios/PolygonAdventure/Models/Collision/SM_Env_Flower_06_Convex 1.asset
  artifactKey: Guid(616668e670ea7a44a988c799872a212a) Importer(815301076,1909f56bfc062723c751e8b465ee728b)
Start importing Assets/New Folder/SyntyStudios/PolygonAdventure/Models/Collision/SM_Env_Flower_06_Convex 1.asset using Guid(616668e670ea7a44a988c799872a212a) Importer(815301076,1909f56bfc062723c751e8b465ee728b)  -> (artifact id: 'aa324bbee5264a43cb1595e0eaa7d755') in 0.015219 seconds
Number of updated asset objects reloaded before import = 0
Number of asset objects unloaded after import = 2
========================================================================
Received Import Request.
  Time since last request: 0.000014 seconds.
  path: Assets/New Folder/SyntyStudios/PolygonAdventure/Models/Collision/SM_Env_Bush_03_Convex 1.asset
  artifactKey: Guid(48c6516326f9aca45afdb861a556b857) Importer(815301076,1909f56bfc062723c751e8b465ee728b)
Start importing Assets/New Folder/SyntyStudios/PolygonAdventure/Models/Collision/SM_Env_Bush_03_Convex 1.asset using Guid(48c6516326f9aca45afdb861a556b857) Importer(815301076,1909f56bfc062723c751e8b465ee728b)  -> (artifact id: 'b073d3052752d44d4945a304193498f9') in 0.010290 seconds
Number of updated asset objects reloaded before import = 0
Number of asset objects unloaded after import = 2
========================================================================
Received Import Request.
  Time since last request: 0.000016 seconds.
  path: Assets/New Folder/SyntyStudios/PolygonAdventure/Models/Collision/SM_Bld_Village_05_Convex.asset
  artifactKey: Guid(291c8d04a7462d942850d90230c2bfe5) Importer(815301076,1909f56bfc062723c751e8b465ee728b)
Start importing Assets/New Folder/SyntyStudios/PolygonAdventure/Models/Collision/SM_Bld_Village_05_Convex.asset using Guid(291c8d04a7462d942850d90230c2bfe5) Importer(815301076,1909f56bfc062723c751e8b465ee728b)  -> (artifact id: 'f4fcc102346add00369d816f938d9523') in 0.014237 seconds
Number of updated asset objects reloaded before import = 0
Number of asset objects unloaded after import = 2
========================================================================
Received Import Request.
  Time since last request: 0.000016 seconds.
  path: Assets/New Folder/SyntyStudios/PolygonAdventure/Models/Collision/SM_Env_Bush_02_Convex.asset
  artifactKey: Guid(b7189dc91f447514bac1fa65bf96cc19) Importer(815301076,1909f56bfc062723c751e8b465ee728b)
Start importing Assets/New Folder/SyntyStudios/PolygonAdventure/Models/Collision/SM_Env_Bush_02_Convex.asset using Guid(b7189dc91f447514bac1fa65bf96cc19) Importer(815301076,1909f56bfc062723c751e8b465ee728b)  -> (artifact id: '758cc9b49d25009d0fff7840975ce2cc') in 0.007923 seconds
Number of updated asset objects reloaded before import = 0
Number of asset objects unloaded after import = 2
========================================================================
Received Import Request.
  Time since last request: 0.000012 seconds.
  path: Assets/New Folder/SyntyStudios/PolygonAdventure/Models/Collision/SM_Bld_Village_WindowDrapes_01_Convex.asset
  artifactKey: Guid(0a5324bf5cc8c284386269bfdc5e72d7) Importer(815301076,1909f56bfc062723c751e8b465ee728b)
Start importing Assets/New Folder/SyntyStudios/PolygonAdventure/Models/Collision/SM_Bld_Village_WindowDrapes_01_Convex.asset using Guid(0a5324bf5cc8c284386269bfdc5e72d7) Importer(815301076,1909f56bfc062723c751e8b465ee728b)  -> (artifact id: 'd08810b1b73ef47ab21a0889a58d73cf') in 0.013045 seconds
Number of updated asset objects reloaded before import = 0
Number of asset objects unloaded after import = 2
========================================================================
Received Import Request.
  Time since last request: 0.000012 seconds.
  path: Assets/New Folder/SyntyStudios/PolygonAdventure/Models/Collision/SM_Env_Flower_04_Convex.asset
  artifactKey: Guid(de4d83cb3a96bc74f99bf15e7f1ca39c) Importer(815301076,1909f56bfc062723c751e8b465ee728b)
Start importing Assets/New Folder/SyntyStudios/PolygonAdventure/Models/Collision/SM_Env_Flower_04_Convex.asset using Guid(de4d83cb3a96bc74f99bf15e7f1ca39c) Importer(815301076,1909f56bfc062723c751e8b465ee728b)  -> (artifact id: '1b8083af0be20959ac36c7de89175847') in 0.013520 seconds
Number of updated asset objects reloaded before import = 0
Number of asset objects unloaded after import = 2
========================================================================
Received Import Request.
  Time since last request: 0.000028 seconds.
  path: Assets/New Folder/SyntyStudios/PolygonAdventure/Models/Collision/SM_Env_Hill_02_Convex 1.asset
  artifactKey: Guid(da6343dada3757649b13e38b47c23f69) Importer(815301076,1909f56bfc062723c751e8b465ee728b)
Start importing Assets/New Folder/SyntyStudios/PolygonAdventure/Models/Collision/SM_Env_Hill_02_Convex 1.asset using Guid(da6343dada3757649b13e38b47c23f69) Importer(815301076,1909f56bfc062723c751e8b465ee728b)  -> (artifact id: '9e18fcb6a7fc4157686b67a10c8cab28') in 0.025944 seconds
Number of updated asset objects reloaded before import = 0
Number of asset objects unloaded after import = 3
========================================================================
Received Import Request.
  Time since last request: 0.000020 seconds.
  path: Assets/New Folder/SyntyStudios/PolygonAdventure/Models/Collision/SM_Bld_Stall_Cover_05_Convex.asset
  artifactKey: Guid(cb4879d7a6471094db751f1be11d4c40) Importer(815301076,1909f56bfc062723c751e8b465ee728b)
Start importing Assets/New Folder/SyntyStudios/PolygonAdventure/Models/Collision/SM_Bld_Stall_Cover_05_Convex.asset using Guid(cb4879d7a6471094db751f1be11d4c40) Importer(815301076,1909f56bfc062723c751e8b465ee728b)  -> (artifact id: 'd1eb93cc3cfd4a3d992906fbec34c1f1') in 0.008018 seconds
Number of updated asset objects reloaded before import = 0
Number of asset objects unloaded after import = 2
========================================================================
Received Import Request.
  Time since last request: 0.000041 seconds.
  path: Assets/New Folder/SyntyStudios/PolygonAdventure/Models/Collision/SM_Bld_Stall_Cover_05_Convex 1.asset
  artifactKey: Guid(2eadfa7f55493774dbd81a810e712b01) Importer(815301076,1909f56bfc062723c751e8b465ee728b)
Start importing Assets/New Folder/SyntyStudios/PolygonAdventure/Models/Collision/SM_Bld_Stall_Cover_05_Convex 1.asset using Guid(2eadfa7f55493774dbd81a810e712b01) Importer(815301076,1909f56bfc062723c751e8b465ee728b)  -> (artifact id: 'e969d02d8f237d28ce8d0c3c02c55aea') in 0.023548 seconds
Number of updated asset objects reloaded before import = 0
Number of asset objects unloaded after import = 3
========================================================================
Received Import Request.
  Time since last request: 0.000013 seconds.
  path: Assets/New Folder/SyntyStudios/PolygonAdventure/Models/Collision/SM_Bld_Well_01_Convex 1.asset
  artifactKey: Guid(5ad67ff3fd7030142ba7ee25a8df769d) Importer(815301076,1909f56bfc062723c751e8b465ee728b)
Start importing Assets/New Folder/SyntyStudios/PolygonAdventure/Models/Collision/SM_Bld_Well_01_Convex 1.asset using Guid(5ad67ff3fd7030142ba7ee25a8df769d) Importer(815301076,1909f56bfc062723c751e8b465ee728b)  -> (artifact id: 'a08101ef10619225ff720de55ca093b8') in 0.012393 seconds
Number of updated asset objects reloaded before import = 0
Number of asset objects unloaded after import = 3
========================================================================
Received Import Request.
  Time since last request: 0.021315 seconds.
  path: Assets/New Folder/SyntyStudios/PolygonAdventure/Models/Collision/SM_Bld_Stall_03_Convex.asset
  artifactKey: Guid(dd29095d80cf7ea45bdbaf8d2a021258) Importer(815301076,1909f56bfc062723c751e8b465ee728b)
Start importing Assets/New Folder/SyntyStudios/PolygonAdventure/Models/Collision/SM_Bld_Stall_03_Convex.asset using Guid(dd29095d80cf7ea45bdbaf8d2a021258) Importer(815301076,1909f56bfc062723c751e8b465ee728b)  -> (artifact id: 'c05e0838f56d46ea06ef7fb3d5641e02') in 0.006372 seconds
Number of updated asset objects reloaded before import = 0
Number of asset objects unloaded after import = 2
========================================================================
Received Import Request.
  Time since last request: 0.000041 seconds.
  path: Assets/New Folder/SyntyStudios/PolygonAdventure/Models/Collision/SM_Bld_Stall_04_Convex 1.asset
  artifactKey: Guid(c9141d7e92630524b94f3355297b8756) Importer(815301076,1909f56bfc062723c751e8b465ee728b)
Start importing Assets/New Folder/SyntyStudios/PolygonAdventure/Models/Collision/SM_Bld_Stall_04_Convex 1.asset using Guid(c9141d7e92630524b94f3355297b8756) Importer(815301076,1909f56bfc062723c751e8b465ee728b)  -> (artifact id: '21cf4b0c738dd35feb2b99fd286c6512') in 0.014573 seconds
Number of updated asset objects reloaded before import = 0
Number of asset objects unloaded after import = 4
========================================================================
Received Import Request.
  Time since last request: 0.119906 seconds.
  path: Assets/New Folder/SyntyStudios/PolygonAdventure/Models/Collision/SM_Bld_Fence_02_Snow_Convex.asset
  artifactKey: Guid(37deafe0c1a4ff9449e0eab721d876c2) Importer(815301076,1909f56bfc062723c751e8b465ee728b)
Start importing Assets/New Folder/SyntyStudios/PolygonAdventure/Models/Collision/SM_Bld_Fence_02_Snow_Convex.asset using Guid(37deafe0c1a4ff9449e0eab721d876c2) Importer(815301076,1909f56bfc062723c751e8b465ee728b)  -> (artifact id: '58ade9347e808844931562567a76afc4') in 0.008602 seconds
Number of updated asset objects reloaded before import = 0
Number of asset objects unloaded after import = 2
========================================================================
Received Import Request.
  Time since last request: 0.000040 seconds.
  path: Assets/New Folder/SyntyStudios/PolygonAdventure/Models/Collision/SM_Bld_Hut_01_Convex 1.asset
  artifactKey: Guid(645e672f93a1a14478b693736f184b56) Importer(815301076,1909f56bfc062723c751e8b465ee728b)
Start importing Assets/New Folder/SyntyStudios/PolygonAdventure/Models/Collision/SM_Bld_Hut_01_Convex 1.asset using Guid(645e672f93a1a14478b693736f184b56) Importer(815301076,1909f56bfc062723c751e8b465ee728b)  -> (artifact id: '5b3e091ff88262dc4b3be0a41705e989') in 0.013958 seconds
Number of updated asset objects reloaded before import = 0
Number of asset objects unloaded after import = 3
========================================================================
Received Import Request.
  Time since last request: 1.375687 seconds.
  path: Assets/New Folder/SyntyStudios/PolygonAdventure/Models/SM_Bld_Hut_01_Snow.fbx
  artifactKey: Guid(71bcc7358e55d684a93819f475ae0e05) Importer(815301076,1909f56bfc062723c751e8b465ee728b)
Start importing Assets/New Folder/SyntyStudios/PolygonAdventure/Models/SM_Bld_Hut_01_Snow.fbx using Guid(71bcc7358e55d684a93819f475ae0e05) Importer(815301076,1909f56bfc062723c751e8b465ee728b)  -> (artifact id: 'f4b821295fb253aba71a6cd2c4e2e5e8') in 0.028994 seconds
Number of updated asset objects reloaded before import = 0
Number of asset objects unloaded after import = 7
========================================================================
Received Import Request.
  Time since last request: 0.000053 seconds.
  path: Assets/New Folder/SyntyStudios/PolygonAdventure/Models/SM_Bld_Village_06.fbx
  artifactKey: Guid(c405a675784c1434885e1010be68d5fc) Importer(815301076,1909f56bfc062723c751e8b465ee728b)
Start importing Assets/New Folder/SyntyStudios/PolygonAdventure/Models/SM_Bld_Village_06.fbx using Guid(c405a675784c1434885e1010be68d5fc) Importer(815301076,1909f56bfc062723c751e8b465ee728b)  -> (artifact id: '3410a50d4a7874bfd7f56ff0859f6fb5') in 0.012168 seconds
Number of updated asset objects reloaded before import = 0
Number of asset objects unloaded after import = 7
========================================================================
Received Import Request.
  Time since last request: 0.000053 seconds.
  path: Assets/New Folder/SyntyStudios/PolygonAdventure/Models/SM_Env_Bush_02.fbx
  artifactKey: Guid(a599097b595405a4fbbee5e0b3eecd54) Importer(815301076,1909f56bfc062723c751e8b465ee728b)
Start importing Assets/New Folder/SyntyStudios/PolygonAdventure/Models/SM_Env_Bush_02.fbx using Guid(a599097b595405a4fbbee5e0b3eecd54) Importer(815301076,1909f56bfc062723c751e8b465ee728b)  -> (artifact id: 'eb0cb7a735b314b1aa6f0263a6cb9aac') in 0.010014 seconds
Number of updated asset objects reloaded before import = 0
Number of asset objects unloaded after import = 7
========================================================================
Received Import Request.
  Time since last request: 0.000014 seconds.
  path: Assets/New Folder/SyntyStudios/PolygonAdventure/Models/SM_Env_HillSnow_02.fbx
  artifactKey: Guid(1310db1a70358b14a940d7ab1accc1a4) Importer(815301076,1909f56bfc062723c751e8b465ee728b)
Start importing Assets/New Folder/SyntyStudios/PolygonAdventure/Models/SM_Env_HillSnow_02.fbx using Guid(1310db1a70358b14a940d7ab1accc1a4) Importer(815301076,1909f56bfc062723c751e8b465ee728b)  -> (artifact id: '59e20d826b64b3fa3cdbefc637e8ad7a') in 0.011004 seconds
Number of updated asset objects reloaded before import = 0
Number of asset objects unloaded after import = 7
========================================================================
Received Import Request.
  Time since last request: 0.000068 seconds.
  path: Assets/New Folder/SyntyStudios/PolygonAdventure/Models/SM_Bld_Village_WindowDrapes_01.fbx
  artifactKey: Guid(290366a243c9e8843aead06b1acbfc67) Importer(815301076,1909f56bfc062723c751e8b465ee728b)
Start importing Assets/New Folder/SyntyStudios/PolygonAdventure/Models/SM_Bld_Village_WindowDrapes_01.fbx using Guid(290366a243c9e8843aead06b1acbfc67) Importer(815301076,1909f56bfc062723c751e8b465ee728b)  -> (artifact id: '291254d9aaca03b5df2828b6b6d750fe') in 0.011305 seconds
Number of updated asset objects reloaded before import = 0
Number of asset objects unloaded after import = 7
========================================================================
Received Import Request.
  Time since last request: 0.000059 seconds.
  path: Assets/New Folder/SyntyStudios/PolygonAdventure/Models/SM_Env_Hill_03.fbx
  artifactKey: Guid(fddc0a670bc88bc4c89c753dd0e76868) Importer(815301076,1909f56bfc062723c751e8b465ee728b)
Start importing Assets/New Folder/SyntyStudios/PolygonAdventure/Models/SM_Env_Hill_03.fbx using Guid(fddc0a670bc88bc4c89c753dd0e76868) Importer(815301076,1909f56bfc062723c751e8b465ee728b)  -> (artifact id: 'afab5961a358f9620696ec779b7ef36b') in 0.010424 seconds
Number of updated asset objects reloaded before import = 0
Number of asset objects unloaded after import = 7
========================================================================
Received Import Request.
  Time since last request: 0.000014 seconds.
  path: Assets/New Folder/SyntyStudios/PolygonAdventure/Models/SM_Env_GroundMounds_01.fbx
  artifactKey: Guid(ea062f9137b754e43a827c5d1333c73d) Importer(815301076,1909f56bfc062723c751e8b465ee728b)
Start importing Assets/New Folder/SyntyStudios/PolygonAdventure/Models/SM_Env_GroundMounds_01.fbx using Guid(ea062f9137b754e43a827c5d1333c73d) Importer(815301076,1909f56bfc062723c751e8b465ee728b)  -> (artifact id: 'bfe011892baae59902065aeed4215a0f') in 0.010048 seconds
Number of updated asset objects reloaded before import = 0
Number of asset objects unloaded after import = 7
========================================================================
Received Import Request.
  Time since last request: 0.000042 seconds.
  path: Assets/New Folder/SyntyStudios/PolygonAdventure/Models/SM_Env_Hedge_01.fbx
  artifactKey: Guid(8286976159225924c91c4a1138f85135) Importer(815301076,1909f56bfc062723c751e8b465ee728b)
Start importing Assets/New Folder/SyntyStudios/PolygonAdventure/Models/SM_Env_Hedge_01.fbx using Guid(8286976159225924c91c4a1138f85135) Importer(815301076,1909f56bfc062723c751e8b465ee728b)  -> (artifact id: '32e2d21693d02a362dfa9dda3386225f') in 0.009961 seconds
Number of updated asset objects reloaded before import = 0
Number of asset objects unloaded after import = 7
========================================================================
Received Import Request.
  Time since last request: 0.000064 seconds.
  path: Assets/New Folder/SyntyStudios/PolygonAdventure/Models/SM_Env_DirtMound_01_Snow.fbx
  artifactKey: Guid(58d20f23fce38b246a9bb80e380e8fef) Importer(815301076,1909f56bfc062723c751e8b465ee728b)
Start importing Assets/New Folder/SyntyStudios/PolygonAdventure/Models/SM_Env_DirtMound_01_Snow.fbx using Guid(58d20f23fce38b246a9bb80e380e8fef) Importer(815301076,1909f56bfc062723c751e8b465ee728b)  -> (artifact id: 'e09ff93e4c572aef27f446c5255c4ddb') in 0.019185 seconds
Number of updated asset objects reloaded before import = 0
Number of asset objects unloaded after import = 7
========================================================================
Received Import Request.
  Time since last request: 0.000045 seconds.
  path: Assets/New Folder/SyntyStudios/PolygonAdventure/Models/SM_Bld_Wall_02.fbx
  artifactKey: Guid(b3e84e6f22ccf2b4b830722f08c9db91) Importer(815301076,1909f56bfc062723c751e8b465ee728b)
Start importing Assets/New Folder/SyntyStudios/PolygonAdventure/Models/SM_Bld_Wall_02.fbx using Guid(b3e84e6f22ccf2b4b830722f08c9db91) Importer(815301076,1909f56bfc062723c751e8b465ee728b)  -> (artifact id: 'aec3b1e2fce3cc1ff93c01e939200d3c') in 0.009658 seconds
Number of updated asset objects reloaded before import = 0
Number of asset objects unloaded after import = 7
========================================================================
Received Import Request.
  Time since last request: 0.000014 seconds.
  path: Assets/New Folder/SyntyStudios/PolygonAdventure/Models/SM_Bld_Stall_Cover_05.fbx
  artifactKey: Guid(a5f32d91349cc5c40921362c51036c3f) Importer(815301076,1909f56bfc062723c751e8b465ee728b)
Start importing Assets/New Folder/SyntyStudios/PolygonAdventure/Models/SM_Bld_Stall_Cover_05.fbx using Guid(a5f32d91349cc5c40921362c51036c3f) Importer(815301076,1909f56bfc062723c751e8b465ee728b)  -> (artifact id: '278105e2936904edd5f5d903e174811d') in 0.009069 seconds
Number of updated asset objects reloaded before import = 0
Number of asset objects unloaded after import = 7
========================================================================
Received Import Request.
  Time since last request: 49.044311 seconds.
  path: Assets/New Folder/SyntyStudios/PolygonSamples/PolygonSciFiCity/Models/SM_Wep_Rifle_Small_01.fbx
  artifactKey: Guid(dc8db6a2f3b16ce4fac2b1319d839757) Importer(815301076,1909f56bfc062723c751e8b465ee728b)
Start importing Assets/New Folder/SyntyStudios/PolygonSamples/PolygonSciFiCity/Models/SM_Wep_Rifle_Small_01.fbx using Guid(dc8db6a2f3b16ce4fac2b1319d839757) Importer(815301076,1909f56bfc062723c751e8b465ee728b)  -> (artifact id: 'd80a0069257f1ee07a7faab6daac7f57') in 0.128035 seconds
Number of updated asset objects reloaded before import = 0
Number of asset objects unloaded after import = 27
========================================================================
Received Prepare
Begin MonoManager ReloadAssembly
- Loaded All Assemblies, in  0.598 seconds
Refreshing native plugins compatible for Editor in 3.53 ms, found 3 plugins.
Native extension for UWP target not found
Native extension for WindowsStandalone target not found
Native extension for iOS target not found
Native extension for Android target not found
Native extension for WebGL target not found
[Package Manager] Server::EnsureServerProcessIsRunning -- launch failed, reason: Unity was launched with the -noUpm command-line argument
[Package Manager] UpmClient::Send -- Unable to send message (not connected to UPM process).
[Package Manager] Cannot connect to Unity Package Manager local server
Mono: successfully reloaded assembly
- Finished resetting the current domain, in  1.068 seconds
Domain Reload Profiling: 1662ms
	BeginReloadAssembly (296ms)
		ExecutionOrderSort (0ms)
		DisableScriptedObjects (3ms)
		BackupInstance (0ms)
		ReleaseScriptingObjects (0ms)
		CreateAndSetChildDomain (27ms)
	RebuildCommonClasses (24ms)
	RebuildNativeTypeToScriptingClass (8ms)
	initialDomainReloadingComplete (24ms)
	LoadAllAssembliesAndSetupDomain (242ms)
		LoadAssemblies (465ms)
		RebuildTransferFunctionScriptingTraits (0ms)
		AnalyzeDomain (16ms)
			TypeCache.Refresh (7ms)
				TypeCache.ScanAssembly (0ms)
			ScanForSourceGeneratedMonoScriptInfo (0ms)
			ResolveRequiredComponents (7ms)
	FinalizeReload (1069ms)
		ReleaseScriptCaches (0ms)
		RebuildScriptCaches (0ms)
		SetupLoadedEditorAssemblies (469ms)
			LogAssemblyErrors (0ms)
			InitializePlatformSupportModulesInManaged (53ms)
			SetLoadedEditorAssemblies (5ms)
			RefreshPlugins (0ms)
			BeforeProcessingInitializeOnLoad (66ms)
			ProcessInitializeOnLoadAttributes (311ms)
			ProcessInitializeOnLoadMethodAttributes (19ms)
			AfterProcessingInitializeOnLoad (16ms)
			EditorAssembliesLoaded (0ms)
		ExecutionOrderSort2 (0ms)
		AwakeInstancesAfterBackupRestoration (65ms)
Refreshing native plugins compatible for Editor in 4.38 ms, found 3 plugins.
Preloading 0 native plugins for Editor in 0.00 ms.
Unloading 3556 Unused Serialized files (Serialized files now loaded: 0)
Unloading 24 unused Assets / (31.2 KB). Loaded Objects now: 4066.
Memory consumption went from 141.9 MB to 141.9 MB.
Total: 3.564500 ms (FindLiveObjects: 0.358800 ms CreateObjectMapping: 0.137000 ms MarkObjects: 3.018500 ms  DeleteObjects: 0.048600 ms)

Prepare: number of updated asset objects reloaded= 0
AssetImportParameters requested are different than current active one (requested -> active):
  custom:container-demuxer-ogg: 62fdf1f143b41e24485cea50d1cbac27 -> 
  custom:video-codec-MediaFoundation-h265: 746d11721c4dcdbdad8f713fa42b33f4 -> 
  custom:video-decoder-ogg-theora: a1e56fd34408186e4bbccfd4996cb3dc -> 
  custom:framework-win-MediaFoundation: 216162199b28c13a410421893ffa2e32 -> 
  custom:CustomObjectIndexerAttribute: 9a22284fe3817be447336de3de66b15e -> 
  custom:container-demuxer-webm: 4f35f7cbe854078d1ac9338744f61a02 -> 
  custom:container-muxer-webm: aa71ff27fc2769a1b78a27578f13a17b -> 
  custom:video-decoder-webm-vp8: 9c59270c3fd7afecdb556c50c9e8de78 -> 
  custom:SearchIndexIgnoredProperties: e643bd26f0fe6173181afceb89e7c659 -> 
  custom:AudioImporter_EditorPlatform: d09bf68614088b80899f8185d706f6e7 -> 
  custom:video-encoder-webm-vp8: eb34c28f22e8b96e1ab97ce403110664 -> 
  custom:audio-decoder-ogg-vorbis: bf7c407c2cedff20999df2af8eb42d56 -> 
  custom:audio-encoder-webm-vorbis: bf7c407c2cedff20999df2af8eb42d56 -> 
========================================================================
Received Import Request.
  Time since last request: 82.571771 seconds.
  path: Assets/New Folder/SyntyStudios/PolygonAdventure/Prefabs/Props/SM_Prop_Barrel_02.prefab
  artifactKey: Guid(4a6798a16f218f44e9d82cdb16502a98) Importer(815301076,1909f56bfc062723c751e8b465ee728b)
Start importing Assets/New Folder/SyntyStudios/PolygonAdventure/Prefabs/Props/SM_Prop_Barrel_02.prefab using Guid(4a6798a16f218f44e9d82cdb16502a98) Importer(815301076,1909f56bfc062723c751e8b465ee728b)  -> (artifact id: 'c343099bebcaf6a0ed06a35f27188744') in 0.050535 seconds
Number of updated asset objects reloaded before import = 0
Number of asset objects unloaded after import = 11
========================================================================
Received Import Request.
  Time since last request: 0.019138 seconds.
  path: Assets/New Folder/SyntyStudios/PolygonAdventure/Prefabs/Props/SM_Prop_Basket_01.prefab
  artifactKey: Guid(970cd4f601e083847b3c1dede5521995) Importer(815301076,1909f56bfc062723c751e8b465ee728b)
Start importing Assets/New Folder/SyntyStudios/PolygonAdventure/Prefabs/Props/SM_Prop_Basket_01.prefab using Guid(970cd4f601e083847b3c1dede5521995) Importer(815301076,1909f56bfc062723c751e8b465ee728b)  -> (artifact id: '8ff9d73a852c7a5568f993ea4df5e21d') in 0.009279 seconds
Number of updated asset objects reloaded before import = 0
Number of asset objects unloaded after import = 13
========================================================================
Received Import Request.
  Time since last request: 0.000012 seconds.
  path: Assets/New Folder/SyntyStudios/PolygonAdventure/Prefabs/Props/SM_Prop_Basket_04.prefab
  artifactKey: Guid(5489de3ba8de3204983754afa325efc5) Importer(815301076,1909f56bfc062723c751e8b465ee728b)
Start importing Assets/New Folder/SyntyStudios/PolygonAdventure/Prefabs/Props/SM_Prop_Basket_04.prefab using Guid(5489de3ba8de3204983754afa325efc5) Importer(815301076,1909f56bfc062723c751e8b465ee728b)  -> (artifact id: '6305085ee2d618e72e03eb2efe043e69') in 0.006429 seconds
Number of updated asset objects reloaded before import = 0
Number of asset objects unloaded after import = 11
========================================================================
Received Import Request.
  Time since last request: 0.000010 seconds.
  path: Assets/New Folder/SyntyStudios/PolygonAdventure/Prefabs/Props/SM_Prop_Book_02.prefab
  artifactKey: Guid(9f3ef59f783322441a01e041c6c6351f) Importer(815301076,1909f56bfc062723c751e8b465ee728b)
Start importing Assets/New Folder/SyntyStudios/PolygonAdventure/Prefabs/Props/SM_Prop_Book_02.prefab using Guid(9f3ef59f783322441a01e041c6c6351f) Importer(815301076,1909f56bfc062723c751e8b465ee728b)  -> (artifact id: 'faf212c8785e9d041e55640795dd3997') in 0.006483 seconds
Number of updated asset objects reloaded before import = 0
Number of asset objects unloaded after import = 10
========================================================================
Received Import Request.
  Time since last request: 0.003068 seconds.
  path: Assets/New Folder/SyntyStudios/PolygonAdventure/Prefabs/Props/SM_Prop_Cart_01.prefab
  artifactKey: Guid(febd7f03c03be1e468a98ba8024a2b8c) Importer(815301076,1909f56bfc062723c751e8b465ee728b)
Start importing Assets/New Folder/SyntyStudios/PolygonAdventure/Prefabs/Props/SM_Prop_Cart_01.prefab using Guid(febd7f03c03be1e468a98ba8024a2b8c) Importer(815301076,1909f56bfc062723c751e8b465ee728b)  -> (artifact id: 'fba5015cf76c196c428119576a0364a2') in 0.006771 seconds
Number of updated asset objects reloaded before import = 0
Number of asset objects unloaded after import = 17
========================================================================
Received Import Request.
  Time since last request: 0.004058 seconds.
  path: Assets/New Folder/SyntyStudios/PolygonAdventure/Prefabs/Props/SM_Prop_Cart_03.prefab
  artifactKey: Guid(508206b8d74d09c4d96cee495fa4fafb) Importer(815301076,1909f56bfc062723c751e8b465ee728b)
Start importing Assets/New Folder/SyntyStudios/PolygonAdventure/Prefabs/Props/SM_Prop_Cart_03.prefab using Guid(508206b8d74d09c4d96cee495fa4fafb) Importer(815301076,1909f56bfc062723c751e8b465ee728b)  -> (artifact id: '137ccb3413fd9dc1072a3aaaf03fb96d') in 0.007453 seconds
Number of updated asset objects reloaded before import = 0
Number of asset objects unloaded after import = 17
========================================================================
Received Import Request.
  Time since last request: 0.002532 seconds.
  path: Assets/New Folder/SyntyStudios/PolygonAdventure/Prefabs/Props/SM_Prop_Cheese_01.prefab
  artifactKey: Guid(43578e9321cdf104991a337104abcf84) Importer(815301076,1909f56bfc062723c751e8b465ee728b)
Start importing Assets/New Folder/SyntyStudios/PolygonAdventure/Prefabs/Props/SM_Prop_Cheese_01.prefab using Guid(43578e9321cdf104991a337104abcf84) Importer(815301076,1909f56bfc062723c751e8b465ee728b)  -> (artifact id: 'c38cb057338c771345b6041968a27ddb') in 0.007116 seconds
Number of updated asset objects reloaded before import = 0
Number of asset objects unloaded after import = 11
========================================================================
Received Import Request.
  Time since last request: 0.002604 seconds.
  path: Assets/New Folder/SyntyStudios/PolygonAdventure/Prefabs/Props/SM_Prop_Cheese_03.prefab
  artifactKey: Guid(3a11fdb8aa7fbaf4cac26a6299d20797) Importer(815301076,1909f56bfc062723c751e8b465ee728b)
Start importing Assets/New Folder/SyntyStudios/PolygonAdventure/Prefabs/Props/SM_Prop_Cheese_03.prefab using Guid(3a11fdb8aa7fbaf4cac26a6299d20797) Importer(815301076,1909f56bfc062723c751e8b465ee728b)  -> (artifact id: '368e6691c9d1d2b8e2880b031f055673') in 0.006764 seconds
Number of updated asset objects reloaded before import = 0
Number of asset objects unloaded after import = 11
========================================================================
Received Import Request.
  Time since last request: 0.002181 seconds.
  path: Assets/New Folder/SyntyStudios/PolygonAdventure/Prefabs/Props/SM_Prop_Crate_01.prefab
  artifactKey: Guid(c2849fd453abd0445a702a035f04ac60) Importer(815301076,1909f56bfc062723c751e8b465ee728b)
Start importing Assets/New Folder/SyntyStudios/PolygonAdventure/Prefabs/Props/SM_Prop_Crate_01.prefab using Guid(c2849fd453abd0445a702a035f04ac60) Importer(815301076,1909f56bfc062723c751e8b465ee728b)  -> (artifact id: '87027c437043bd2af27db426d6dba4d2') in 0.006605 seconds
Number of updated asset objects reloaded before import = 0
Number of asset objects unloaded after import = 10
========================================================================
Received Import Request.
  Time since last request: 0.002940 seconds.
  path: Assets/New Folder/SyntyStudios/PolygonAdventure/Prefabs/Props/SM_Prop_Loghalf_01.prefab
  artifactKey: Guid(adfab66261f199c4f848aa0427e46248) Importer(815301076,1909f56bfc062723c751e8b465ee728b)
Start importing Assets/New Folder/SyntyStudios/PolygonAdventure/Prefabs/Props/SM_Prop_Loghalf_01.prefab using Guid(adfab66261f199c4f848aa0427e46248) Importer(815301076,1909f56bfc062723c751e8b465ee728b)  -> (artifact id: '8e52f6384c43b2d06ac1f1ce80bed972') in 0.007004 seconds
Number of updated asset objects reloaded before import = 0
Number of asset objects unloaded after import = 11
========================================================================
Received Import Request.
  Time since last request: 0.002244 seconds.
  path: Assets/New Folder/SyntyStudios/PolygonAdventure/Prefabs/Props/SM_Prop_Logpile_01.prefab
  artifactKey: Guid(1a59f0a7e65a5b04aa48968eb0720fbc) Importer(815301076,1909f56bfc062723c751e8b465ee728b)
Start importing Assets/New Folder/SyntyStudios/PolygonAdventure/Prefabs/Props/SM_Prop_Logpile_01.prefab using Guid(1a59f0a7e65a5b04aa48968eb0720fbc) Importer(815301076,1909f56bfc062723c751e8b465ee728b)  -> (artifact id: '14aa6340e37f8a9186ebf6a3e0763e4f') in 0.007527 seconds
Number of updated asset objects reloaded before import = 0
Number of asset objects unloaded after import = 13
========================================================================
Received Import Request.
  Time since last request: 0.001825 seconds.
  path: Assets/New Folder/SyntyStudios/PolygonAdventure/Prefabs/Props/SM_Prop_Meat_02.prefab
  artifactKey: Guid(5531f4125b2228c46bdce8ab64c9f714) Importer(815301076,1909f56bfc062723c751e8b465ee728b)
Start importing Assets/New Folder/SyntyStudios/PolygonAdventure/Prefabs/Props/SM_Prop_Meat_02.prefab using Guid(5531f4125b2228c46bdce8ab64c9f714) Importer(815301076,1909f56bfc062723c751e8b465ee728b)  -> (artifact id: '73e322eb7d2609a576c832fc05695d81') in 0.006595 seconds
Number of updated asset objects reloaded before import = 0
Number of asset objects unloaded after import = 11
========================================================================
Received Import Request.
  Time since last request: 0.002989 seconds.
  path: Assets/New Folder/SyntyStudios/PolygonAdventure/Prefabs/Props/SM_Prop_Pot_01.prefab
  artifactKey: Guid(9a1b88269765c9845b106c8f675af29a) Importer(815301076,1909f56bfc062723c751e8b465ee728b)
Start importing Assets/New Folder/SyntyStudios/PolygonAdventure/Prefabs/Props/SM_Prop_Pot_01.prefab using Guid(9a1b88269765c9845b106c8f675af29a) Importer(815301076,1909f56bfc062723c751e8b465ee728b)  -> (artifact id: 'dd59834a47fe37dcf82eca17b2b4feba') in 0.006723 seconds
Number of updated asset objects reloaded before import = 0
Number of asset objects unloaded after import = 13
========================================================================
Received Import Request.
  Time since last request: 0.003548 seconds.
  path: Assets/New Folder/SyntyStudios/PolygonAdventure/Prefabs/Props/SM_Prop_Pot_03.prefab
  artifactKey: Guid(3764c6cde5b241641880332d4263be9e) Importer(815301076,1909f56bfc062723c751e8b465ee728b)
Start importing Assets/New Folder/SyntyStudios/PolygonAdventure/Prefabs/Props/SM_Prop_Pot_03.prefab using Guid(3764c6cde5b241641880332d4263be9e) Importer(815301076,1909f56bfc062723c751e8b465ee728b)  -> (artifact id: '5a71bc390cb0b1880ec045454ac4aa4b') in 0.007067 seconds
Number of updated asset objects reloaded before import = 0
Number of asset objects unloaded after import = 13
========================================================================
Received Import Request.
  Time since last request: 0.003753 seconds.
  path: Assets/New Folder/SyntyStudios/PolygonAdventure/Prefabs/Props/SM_Prop_Pumpkin_02.prefab
  artifactKey: Guid(db2170a7a97b11a42bbdf8c0ec7fe7e3) Importer(815301076,1909f56bfc062723c751e8b465ee728b)
Start importing Assets/New Folder/SyntyStudios/PolygonAdventure/Prefabs/Props/SM_Prop_Pumpkin_02.prefab using Guid(db2170a7a97b11a42bbdf8c0ec7fe7e3) Importer(815301076,1909f56bfc062723c751e8b465ee728b)  -> (artifact id: '29182c1faacc5d61bd43622e4a1e8a12') in 0.006793 seconds
Number of updated asset objects reloaded before import = 0
Number of asset objects unloaded after import = 13
========================================================================
Received Import Request.
  Time since last request: 0.004510 seconds.
  path: Assets/New Folder/SyntyStudios/PolygonAdventure/Prefabs/Props/SM_Prop_Sack_01.prefab
  artifactKey: Guid(e40e7ea9354330d4ca5ac23056ae5de1) Importer(815301076,1909f56bfc062723c751e8b465ee728b)
Start importing Assets/New Folder/SyntyStudios/PolygonAdventure/Prefabs/Props/SM_Prop_Sack_01.prefab using Guid(e40e7ea9354330d4ca5ac23056ae5de1) Importer(815301076,1909f56bfc062723c751e8b465ee728b)  -> (artifact id: 'a7feec94c95c360ee6c240971a65bfa4') in 0.006413 seconds
Number of updated asset objects reloaded before import = 0
Number of asset objects unloaded after import = 11
========================================================================
Received Import Request.
  Time since last request: 0.003409 seconds.
  path: Assets/New Folder/SyntyStudios/PolygonAdventure/Prefabs/Props/SM_Prop_Sack_03.prefab
  artifactKey: Guid(961231fccb40fbd45a048f330a349f1d) Importer(815301076,1909f56bfc062723c751e8b465ee728b)
Start importing Assets/New Folder/SyntyStudios/PolygonAdventure/Prefabs/Props/SM_Prop_Sack_03.prefab using Guid(961231fccb40fbd45a048f330a349f1d) Importer(815301076,1909f56bfc062723c751e8b465ee728b)  -> (artifact id: '7299bd503f158ed83791f7267d796c0d') in 0.006547 seconds
Number of updated asset objects reloaded before import = 0
Number of asset objects unloaded after import = 11
========================================================================
Received Import Request.
  Time since last request: 0.004427 seconds.
  path: Assets/New Folder/SyntyStudios/PolygonAdventure/Prefabs/Props/SM_Prop_Scroll_01.prefab
  artifactKey: Guid(1ab414144ecd68140a72935c370c68ab) Importer(815301076,1909f56bfc062723c751e8b465ee728b)
Start importing Assets/New Folder/SyntyStudios/PolygonAdventure/Prefabs/Props/SM_Prop_Scroll_01.prefab using Guid(1ab414144ecd68140a72935c370c68ab) Importer(815301076,1909f56bfc062723c751e8b465ee728b)  -> (artifact id: 'f152c33c52225e5c7b5bb74c81baeec3') in 0.007100 seconds
Number of updated asset objects reloaded before import = 0
Number of asset objects unloaded after import = 13
========================================================================
Received Import Request.
  Time since last request: 0.003897 seconds.
  path: Assets/New Folder/SyntyStudios/PolygonAdventure/Prefabs/Props/SM_Prop_Stall_Table_01.prefab
  artifactKey: Guid(8dca1e95f9274e447abd396b9633e35c) Importer(815301076,1909f56bfc062723c751e8b465ee728b)
Start importing Assets/New Folder/SyntyStudios/PolygonAdventure/Prefabs/Props/SM_Prop_Stall_Table_01.prefab using Guid(8dca1e95f9274e447abd396b9633e35c) Importer(815301076,1909f56bfc062723c751e8b465ee728b)  -> (artifact id: 'a772901e771bd490593deba79bca4fff') in 0.006356 seconds
Number of updated asset objects reloaded before import = 0
Number of asset objects unloaded after import = 13
========================================================================
Received Import Request.
  Time since last request: 0.004545 seconds.
  path: Assets/New Folder/SyntyStudios/PolygonAdventure/Prefabs/Props/SM_Prop_Washingline_01.prefab
  artifactKey: Guid(0ba1f6eb441fdfe46b24ecdc02b9b95d) Importer(815301076,1909f56bfc062723c751e8b465ee728b)
Start importing Assets/New Folder/SyntyStudios/PolygonAdventure/Prefabs/Props/SM_Prop_Washingline_01.prefab using Guid(0ba1f6eb441fdfe46b24ecdc02b9b95d) Importer(815301076,1909f56bfc062723c751e8b465ee728b)  -> (artifact id: '5330413de272fddf256b446cac5bd71a') in 0.007211 seconds
Number of updated asset objects reloaded before import = 0
Number of asset objects unloaded after import = 13
========================================================================
Received Import Request.
  Time since last request: 0.002982 seconds.
  path: Assets/New Folder/SyntyStudios/PolygonAdventure/Prefabs/Props/SM_Prop_Washingline_03.prefab
  artifactKey: Guid(f5e0cbdf315769444b681d95cd50abec) Importer(815301076,1909f56bfc062723c751e8b465ee728b)
Start importing Assets/New Folder/SyntyStudios/PolygonAdventure/Prefabs/Props/SM_Prop_Washingline_03.prefab using Guid(f5e0cbdf315769444b681d95cd50abec) Importer(815301076,1909f56bfc062723c751e8b465ee728b)  -> (artifact id: '40f290985e61d1a6d1655e3d57f8da71') in 0.007461 seconds
Number of updated asset objects reloaded before import = 0
Number of asset objects unloaded after import = 13
========================================================================
Received Import Request.
  Time since last request: 3.250392 seconds.
  path: Assets/New Folder/SyntyStudios/PolygonAdventure/Prefabs/Items/SM_Item_Fruit_01.prefab
  artifactKey: Guid(eb1084389c6861649a52c10577c7d77e) Importer(815301076,1909f56bfc062723c751e8b465ee728b)
Start importing Assets/New Folder/SyntyStudios/PolygonAdventure/Prefabs/Items/SM_Item_Fruit_01.prefab using Guid(eb1084389c6861649a52c10577c7d77e) Importer(815301076,1909f56bfc062723c751e8b465ee728b)  -> (artifact id: '6bb70cee90638d238896432f72888a0a') in 0.008391 seconds
Number of updated asset objects reloaded before import = 0
Number of asset objects unloaded after import = 11
========================================================================
Received Import Request.
  Time since last request: 0.003819 seconds.
  path: Assets/New Folder/SyntyStudios/PolygonAdventure/Prefabs/Items/SM_Item_Fruit_03.prefab
  artifactKey: Guid(92cdc20b94af1c643803dbd969745146) Importer(815301076,1909f56bfc062723c751e8b465ee728b)
Start importing Assets/New Folder/SyntyStudios/PolygonAdventure/Prefabs/Items/SM_Item_Fruit_03.prefab using Guid(92cdc20b94af1c643803dbd969745146) Importer(815301076,1909f56bfc062723c751e8b465ee728b)  -> (artifact id: '699499bc213d55e3925120e4c1b2d7fa') in 0.009423 seconds
Number of updated asset objects reloaded before import = 0
Number of asset objects unloaded after import = 11
========================================================================
Received Import Request.
  Time since last request: 0.002208 seconds.
  path: Assets/New Folder/SyntyStudios/PolygonAdventure/Prefabs/Items/SM_Item_Lantern_01.prefab
  artifactKey: Guid(f4c62b1a746281e44800c9250dd3643c) Importer(815301076,1909f56bfc062723c751e8b465ee728b)
Start importing Assets/New Folder/SyntyStudios/PolygonAdventure/Prefabs/Items/SM_Item_Lantern_01.prefab using Guid(f4c62b1a746281e44800c9250dd3643c) Importer(815301076,1909f56bfc062723c751e8b465ee728b)  -> (artifact id: '1b2252c264bdf918c60aa50be2e47f31') in 0.007229 seconds
Number of updated asset objects reloaded before import = 0
Number of asset objects unloaded after import = 11
========================================================================
Received Import Request.
  Time since last request: 0.004036 seconds.
  path: Assets/New Folder/SyntyStudios/PolygonAdventure/Prefabs/Items/SM_Item_Potion_01.prefab
  artifactKey: Guid(72f75b6a94cb9e1449431bac7a846899) Importer(815301076,1909f56bfc062723c751e8b465ee728b)
Start importing Assets/New Folder/SyntyStudios/PolygonAdventure/Prefabs/Items/SM_Item_Potion_01.prefab using Guid(72f75b6a94cb9e1449431bac7a846899) Importer(815301076,1909f56bfc062723c751e8b465ee728b)  -> (artifact id: '3695b551e17cc282cef7ac044486f4ce') in 0.007312 seconds
Number of updated asset objects reloaded before import = 0
Number of asset objects unloaded after import = 11
========================================================================
Received Import Request.
  Time since last request: 0.003601 seconds.
  path: Assets/New Folder/SyntyStudios/PolygonAdventure/Prefabs/Items/SM_Item_Potion_03.prefab
  artifactKey: Guid(b32b49582c8c3394bbd30856fe9caee9) Importer(815301076,1909f56bfc062723c751e8b465ee728b)
Start importing Assets/New Folder/SyntyStudios/PolygonAdventure/Prefabs/Items/SM_Item_Potion_03.prefab using Guid(b32b49582c8c3394bbd30856fe9caee9) Importer(815301076,1909f56bfc062723c751e8b465ee728b)  -> (artifact id: '894f71850cbf5727c43ae693ad4486dd') in 0.007590 seconds
Number of updated asset objects reloaded before import = 0
Number of asset objects unloaded after import = 11
========================================================================
Received Import Request.
  Time since last request: 0.001178 seconds.
  path: Assets/New Folder/SyntyStudios/PolygonAdventure/Prefabs/Items/SM_Item_Potion_05.prefab
  artifactKey: Guid(c7491b2a33df8a944bdcf31ff40103c2) Importer(815301076,1909f56bfc062723c751e8b465ee728b)
Start importing Assets/New Folder/SyntyStudios/PolygonAdventure/Prefabs/Items/SM_Item_Potion_05.prefab using Guid(c7491b2a33df8a944bdcf31ff40103c2) Importer(815301076,1909f56bfc062723c751e8b465ee728b)  -> (artifact id: 'e978e2f9997226f213f96609a5584b6d') in 0.007843 seconds
Number of updated asset objects reloaded before import = 0
Number of asset objects unloaded after import = 11
========================================================================
Received Import Request.
  Time since last request: 0.004903 seconds.
  path: Assets/New Folder/SyntyStudios/PolygonAdventure/Prefabs/Items/SM_Item_Pouch_01.prefab
  artifactKey: Guid(09120caaab788df43a11d0469efe8844) Importer(815301076,1909f56bfc062723c751e8b465ee728b)
Start importing Assets/New Folder/SyntyStudios/PolygonAdventure/Prefabs/Items/SM_Item_Pouch_01.prefab using Guid(09120caaab788df43a11d0469efe8844) Importer(815301076,1909f56bfc062723c751e8b465ee728b)  -> (artifact id: '5382490477c729e8f13481bc203f6ac2') in 0.007202 seconds
Number of updated asset objects reloaded before import = 0
Number of asset objects unloaded after import = 11
========================================================================
Received Import Request.
  Time since last request: 0.003146 seconds.
  path: Assets/New Folder/SyntyStudios/PolygonAdventure/Prefabs/Items/SM_Item_Wine_01.prefab
  artifactKey: Guid(170d5c1a9243bed498801f398ce205e0) Importer(815301076,1909f56bfc062723c751e8b465ee728b)
Start importing Assets/New Folder/SyntyStudios/PolygonAdventure/Prefabs/Items/SM_Item_Wine_01.prefab using Guid(170d5c1a9243bed498801f398ce205e0) Importer(815301076,1909f56bfc062723c751e8b465ee728b)  -> (artifact id: '088ec64898ccf849019c22964132a993') in 0.007754 seconds
Number of updated asset objects reloaded before import = 0
Number of asset objects unloaded after import = 11
========================================================================
Received Prepare
Begin MonoManager ReloadAssembly
- Loaded All Assemblies, in  0.364 seconds
Refreshing native plugins compatible for Editor in 1.88 ms, found 3 plugins.
Native extension for UWP target not found
Native extension for WindowsStandalone target not found
Native extension for iOS target not found
Native extension for Android target not found
Native extension for WebGL target not found
[Package Manager] Server::EnsureServerProcessIsRunning -- launch failed, reason: Unity was launched with the -noUpm command-line argument
[Package Manager] UpmClient::Send -- Unable to send message (not connected to UPM process).
[Package Manager] Cannot connect to Unity Package Manager local server
Mono: successfully reloaded assembly
- Finished resetting the current domain, in  0.776 seconds
Domain Reload Profiling: 1137ms
	BeginReloadAssembly (135ms)
		ExecutionOrderSort (0ms)
		DisableScriptedObjects (3ms)
		BackupInstance (0ms)
		ReleaseScriptingObjects (0ms)
		CreateAndSetChildDomain (23ms)
	RebuildCommonClasses (21ms)
	RebuildNativeTypeToScriptingClass (6ms)
	initialDomainReloadingComplete (25ms)
	LoadAllAssembliesAndSetupDomain (172ms)
		LoadAssemblies (247ms)
		RebuildTransferFunctionScriptingTraits (0ms)
		AnalyzeDomain (9ms)
			TypeCache.Refresh (4ms)
				TypeCache.ScanAssembly (0ms)
			ScanForSourceGeneratedMonoScriptInfo (0ms)
			ResolveRequiredComponents (4ms)
	FinalizeReload (777ms)
		ReleaseScriptCaches (0ms)
		RebuildScriptCaches (0ms)
		SetupLoadedEditorAssemblies (379ms)
			LogAssemblyErrors (0ms)
			InitializePlatformSupportModulesInManaged (43ms)
			SetLoadedEditorAssemblies (4ms)
			RefreshPlugins (0ms)
			BeforeProcessingInitializeOnLoad (52ms)
			ProcessInitializeOnLoadAttributes (250ms)
			ProcessInitializeOnLoadMethodAttributes (16ms)
			AfterProcessingInitializeOnLoad (13ms)
			EditorAssembliesLoaded (0ms)
		ExecutionOrderSort2 (0ms)
		AwakeInstancesAfterBackupRestoration (40ms)
Refreshing native plugins compatible for Editor in 3.92 ms, found 3 plugins.
Preloading 0 native plugins for Editor in 0.00 ms.
Unloading 3556 Unused Serialized files (Serialized files now loaded: 0)
Unloading 24 unused Assets / (31.2 KB). Loaded Objects now: 4069.
Memory consumption went from 142.0 MB to 141.9 MB.
Total: 3.354200 ms (FindLiveObjects: 0.215200 ms CreateObjectMapping: 0.078500 ms MarkObjects: 3.010600 ms  DeleteObjects: 0.044100 ms)

Prepare: number of updated asset objects reloaded= 0
AssetImportParameters requested are different than current active one (requested -> active):
  custom:container-demuxer-ogg: 62fdf1f143b41e24485cea50d1cbac27 -> 
  custom:video-codec-MediaFoundation-h265: 746d11721c4dcdbdad8f713fa42b33f4 -> 
  custom:video-decoder-ogg-theora: a1e56fd34408186e4bbccfd4996cb3dc -> 
  custom:framework-win-MediaFoundation: 216162199b28c13a410421893ffa2e32 -> 
  custom:CustomObjectIndexerAttribute: 9a22284fe3817be447336de3de66b15e -> 
  custom:container-demuxer-webm: 4f35f7cbe854078d1ac9338744f61a02 -> 
  custom:container-muxer-webm: aa71ff27fc2769a1b78a27578f13a17b -> 
  custom:video-decoder-webm-vp8: 9c59270c3fd7afecdb556c50c9e8de78 -> 
  custom:SearchIndexIgnoredProperties: e643bd26f0fe6173181afceb89e7c659 -> 
  custom:AudioImporter_EditorPlatform: d09bf68614088b80899f8185d706f6e7 -> 
  custom:video-encoder-webm-vp8: eb34c28f22e8b96e1ab97ce403110664 -> 
  custom:audio-decoder-ogg-vorbis: bf7c407c2cedff20999df2af8eb42d56 -> 
  custom:audio-encoder-webm-vorbis: bf7c407c2cedff20999df2af8eb42d56 -> 
