Using pre-set license
Built from '2022.3/staging' branch; Version is '2022.3.26f1 (ec6cd8118806) revision 15494360'; Using compiler version '192829333'; Build Type 'Release'
OS: 'Windows 11  (10.0.22631) 64bit Core' Language: 'en' Physical Memory: 32469 MB
BatchMode: 1, IsHumanControllingUs: 0, StartBugReporterOnCrash: 0, Is64bit: 1, IsPro: 1

COMMAND LINE ARGUMENTS:
C:\Program Files\Unity\Hub\Editor\2022.3.26f1\Editor\Unity.exe
-adb2
-batchMode
-noUpm
-name
AssetImportWorker35
-projectPath
D:/pppp/the game/My project
-logFile
Logs/AssetImportWorker35.log
-srvPort
62585
Successfully changed project path to: D:/pppp/the game/My project
D:/pppp/the game/My project
[UnityMemory] Configuration Parameters - Can be set up in boot.config
    "memorysetup-bucket-allocator-granularity=16"
    "memorysetup-bucket-allocator-bucket-count=8"
    "memorysetup-bucket-allocator-block-size=33554432"
    "memorysetup-bucket-allocator-block-count=8"
    "memorysetup-main-allocator-block-size=16777216"
    "memorysetup-thread-allocator-block-size=16777216"
    "memorysetup-gfx-main-allocator-block-size=16777216"
    "memorysetup-gfx-thread-allocator-block-size=16777216"
    "memorysetup-cache-allocator-block-size=4194304"
    "memorysetup-typetree-allocator-block-size=2097152"
    "memorysetup-profiler-bucket-allocator-granularity=16"
    "memorysetup-profiler-bucket-allocator-bucket-count=8"
    "memorysetup-profiler-bucket-allocator-block-size=33554432"
    "memorysetup-profiler-bucket-allocator-block-count=8"
    "memorysetup-profiler-allocator-block-size=16777216"
    "memorysetup-profiler-editor-allocator-block-size=1048576"
    "memorysetup-temp-allocator-size-main=16777216"
    "memorysetup-job-temp-allocator-block-size=2097152"
    "memorysetup-job-temp-allocator-block-size-background=1048576"
    "memorysetup-job-temp-allocator-reduction-small-platforms=262144"
    "memorysetup-allocator-temp-initial-block-size-main=262144"
    "memorysetup-allocator-temp-initial-block-size-worker=262144"
    "memorysetup-temp-allocator-size-background-worker=32768"
    "memorysetup-temp-allocator-size-job-worker=262144"
    "memorysetup-temp-allocator-size-preload-manager=33554432"
    "memorysetup-temp-allocator-size-nav-mesh-worker=65536"
    "memorysetup-temp-allocator-size-audio-worker=65536"
    "memorysetup-temp-allocator-size-cloud-worker=32768"
    "memorysetup-temp-allocator-size-gi-baking-worker=262144"
    "memorysetup-temp-allocator-size-gfx=262144"
Player connection [31924] Host "[IP] 192.168.1.159 [Port] 0 [Flags] 2 [Guid] 3392643347 [EditorId] 3392643347 [Version] 1048832 [Id] WindowsEditor(7,MSI) [Debug] 1 [PackageName] WindowsEditor [ProjectName] Editor" joined multi-casting on [225.0.0.222:54997]...

Player connection [31924] Host "[IP] 192.168.1.159 [Port] 0 [Flags] 2 [Guid] 3392643347 [EditorId] 3392643347 [Version] 1048832 [Id] WindowsEditor(7,MSI) [Debug] 1 [PackageName] WindowsEditor [ProjectName] Editor" joined alternative multi-casting on [225.0.0.222:34997]...

[Physics::Module] Initialized MultithreadedJobDispatcher with 31 workers.
Refreshing native plugins compatible for Editor in 8.10 ms, found 3 plugins.
Preloading 0 native plugins for Editor in 0.00 ms.
Initialize engine version: 2022.3.26f1 (ec6cd8118806)
[Subsystems] Discovering subsystems at path C:/Program Files/Unity/Hub/Editor/2022.3.26f1/Editor/Data/Resources/UnitySubsystems
[Subsystems] Discovering subsystems at path D:/pppp/the game/My project/Assets
GfxDevice: creating device client; threaded=0; jobified=0
Direct3D:
    Version:  Direct3D 11.0 [level 11.1]
    Renderer: NVIDIA GeForce RTX 4080 Laptop GPU (ID=0x27a0)
    Vendor:   NVIDIA
    VRAM:     11997 MB
    Driver:   32.0.15.5585
Initialize mono
Mono path[0] = 'C:/Program Files/Unity/Hub/Editor/2022.3.26f1/Editor/Data/Managed'
Mono path[1] = 'C:/Program Files/Unity/Hub/Editor/2022.3.26f1/Editor/Data/MonoBleedingEdge/lib/mono/unityjit-win32'
Mono config path = 'C:/Program Files/Unity/Hub/Editor/2022.3.26f1/Editor/Data/MonoBleedingEdge/etc'
Using monoOptions --debugger-agent=transport=dt_socket,embedding=1,server=y,suspend=n,address=127.0.0.1:56068
Begin MonoManager ReloadAssembly
Registering precompiled unity dll's ...
Register platform support module: C:/Program Files/Unity/Hub/Editor/2022.3.26f1/Editor/Data/PlaybackEngines/WebGLSupport/UnityEditor.WebGL.Extensions.dll
Register platform support module: C:/Program Files/Unity/Hub/Editor/2022.3.26f1/Editor/Data/PlaybackEngines/AndroidPlayer/UnityEditor.Android.Extensions.dll
Register platform support module: C:/Program Files/Unity/Hub/Editor/2022.3.26f1/Editor/Data/PlaybackEngines/iOSSupport/UnityEditor.iOS.Extensions.dll
Register platform support module: C:/Program Files/Unity/Hub/Editor/2022.3.26f1/Editor/Data/PlaybackEngines/WindowsStandaloneSupport/UnityEditor.WindowsStandalone.Extensions.dll
Register platform support module: C:/Program Files/Unity/Hub/Editor/2022.3.26f1/Editor/Data/PlaybackEngines/MetroSupport/UnityEditor.UWP.Extensions.dll
Registered in 0.016382 seconds.
- Loaded All Assemblies, in  0.260 seconds
Native extension for UWP target not found
Native extension for WindowsStandalone target not found
[usbmuxd] Start listen thread
[usbmuxd] Listen thread started
Native extension for iOS target not found
Native extension for Android target not found
Android Extension - Scanning For ADB Devices 906 ms
Native extension for WebGL target not found
Mono: successfully reloaded assembly
- Finished resetting the current domain, in  1.122 seconds
Domain Reload Profiling: 1379ms
	BeginReloadAssembly (85ms)
		ExecutionOrderSort (0ms)
		DisableScriptedObjects (0ms)
		BackupInstance (0ms)
		ReleaseScriptingObjects (0ms)
		CreateAndSetChildDomain (1ms)
	RebuildCommonClasses (20ms)
	RebuildNativeTypeToScriptingClass (6ms)
	initialDomainReloadingComplete (49ms)
	LoadAllAssembliesAndSetupDomain (97ms)
		LoadAssemblies (85ms)
		RebuildTransferFunctionScriptingTraits (0ms)
		AnalyzeDomain (93ms)
			TypeCache.Refresh (92ms)
				TypeCache.ScanAssembly (84ms)
			ScanForSourceGeneratedMonoScriptInfo (0ms)
			ResolveRequiredComponents (0ms)
	FinalizeReload (1122ms)
		ReleaseScriptCaches (0ms)
		RebuildScriptCaches (0ms)
		SetupLoadedEditorAssemblies (1091ms)
			LogAssemblyErrors (0ms)
			InitializePlatformSupportModulesInManaged (996ms)
			SetLoadedEditorAssemblies (3ms)
			RefreshPlugins (0ms)
			BeforeProcessingInitializeOnLoad (1ms)
			ProcessInitializeOnLoadAttributes (59ms)
			ProcessInitializeOnLoadMethodAttributes (32ms)
			AfterProcessingInitializeOnLoad (0ms)
			EditorAssembliesLoaded (0ms)
		ExecutionOrderSort2 (0ms)
		AwakeInstancesAfterBackupRestoration (0ms)
========================================================================
Worker process is ready to serve import requests
Begin MonoManager ReloadAssembly
- Loaded All Assemblies, in  0.445 seconds
Refreshing native plugins compatible for Editor in 2.67 ms, found 3 plugins.
Native extension for UWP target not found
Native extension for WindowsStandalone target not found
Native extension for iOS target not found
Native extension for Android target not found
Native extension for WebGL target not found
Package Manager log level set to [2]
[Package Manager] Server::EnsureServerProcessIsRunning -- launch failed, reason: Unity was launched with the -noUpm command-line argument
[Package Manager] UpmClient::Send -- Unable to send message (not connected to UPM process).
[Package Manager] Cannot connect to Unity Package Manager local server
Mono: successfully reloaded assembly
- Finished resetting the current domain, in  0.443 seconds
Domain Reload Profiling: 886ms
	BeginReloadAssembly (107ms)
		ExecutionOrderSort (0ms)
		DisableScriptedObjects (3ms)
		BackupInstance (0ms)
		ReleaseScriptingObjects (0ms)
		CreateAndSetChildDomain (12ms)
	RebuildCommonClasses (22ms)
	RebuildNativeTypeToScriptingClass (6ms)
	initialDomainReloadingComplete (29ms)
	LoadAllAssembliesAndSetupDomain (279ms)
		LoadAssemblies (234ms)
		RebuildTransferFunctionScriptingTraits (0ms)
		AnalyzeDomain (116ms)
			TypeCache.Refresh (102ms)
				TypeCache.ScanAssembly (91ms)
			ScanForSourceGeneratedMonoScriptInfo (10ms)
			ResolveRequiredComponents (3ms)
	FinalizeReload (444ms)
		ReleaseScriptCaches (0ms)
		RebuildScriptCaches (0ms)
		SetupLoadedEditorAssemblies (296ms)
			LogAssemblyErrors (0ms)
			InitializePlatformSupportModulesInManaged (29ms)
			SetLoadedEditorAssemblies (2ms)
			RefreshPlugins (0ms)
			BeforeProcessingInitializeOnLoad (37ms)
			ProcessInitializeOnLoadAttributes (207ms)
			ProcessInitializeOnLoadMethodAttributes (11ms)
			AfterProcessingInitializeOnLoad (9ms)
			EditorAssembliesLoaded (0ms)
		ExecutionOrderSort2 (0ms)
		AwakeInstancesAfterBackupRestoration (47ms)
Launched and connected shader compiler UnityShaderCompiler.exe after 0.09 seconds
Refreshing native plugins compatible for Editor in 1.86 ms, found 3 plugins.
Preloading 0 native plugins for Editor in 0.00 ms.
Unloading 3582 Unused Serialized files (Serialized files now loaded: 0)
Unloading 40 unused Assets / (58.1 KB). Loaded Objects now: 4052.
Memory consumption went from 148.0 MB to 147.9 MB.
Total: 2.008300 ms (FindLiveObjects: 0.137300 ms CreateObjectMapping: 0.040400 ms MarkObjects: 1.756700 ms  DeleteObjects: 0.073300 ms)

AssetImportParameters requested are different than current active one (requested -> active):
  custom:container-demuxer-ogg: 62fdf1f143b41e24485cea50d1cbac27 -> 
  custom:video-codec-MediaFoundation-h265: 746d11721c4dcdbdad8f713fa42b33f4 -> 
  custom:video-decoder-ogg-theora: a1e56fd34408186e4bbccfd4996cb3dc -> 
  custom:framework-win-MediaFoundation: 216162199b28c13a410421893ffa2e32 -> 
  custom:CustomObjectIndexerAttribute: 9a22284fe3817be447336de3de66b15e -> 
  custom:container-demuxer-webm: 4f35f7cbe854078d1ac9338744f61a02 -> 
  custom:container-muxer-webm: aa71ff27fc2769a1b78a27578f13a17b -> 
  custom:video-decoder-webm-vp8: 9c59270c3fd7afecdb556c50c9e8de78 -> 
  custom:SearchIndexIgnoredProperties: e643bd26f0fe6173181afceb89e7c659 -> 
  custom:AudioImporter_EditorPlatform: d09bf68614088b80899f8185d706f6e7 -> 
  custom:video-encoder-webm-vp8: eb34c28f22e8b96e1ab97ce403110664 -> 
  custom:audio-decoder-ogg-vorbis: bf7c407c2cedff20999df2af8eb42d56 -> 
  custom:audio-encoder-webm-vorbis: bf7c407c2cedff20999df2af8eb42d56 -> 
========================================================================
Received Import Request.
  Time since last request: 90816.389307 seconds.
  path: Assets/Prefabs/Enemy.prefab
  artifactKey: Guid(dadb81f9e6153ef478f0933345f49187) Importer(815301076,1909f56bfc062723c751e8b465ee728b)
Start importing Assets/Prefabs/Enemy.prefab using Guid(dadb81f9e6153ef478f0933345f49187) Importer(815301076,1909f56bfc062723c751e8b465ee728b)  -> (artifact id: '5462ebfd4d7f401f3b7404a0dfd3694e') in 0.081448 seconds
Number of updated asset objects reloaded before import = 0
Number of asset objects unloaded after import = 311
========================================================================
Received Import Request.
  Time since last request: 73.994329 seconds.
  path: Assets/Materials/PlayerTexture/New Material.mat
  artifactKey: Guid(7dabb98163e1b62479538bc915b8b6f8) Importer(815301076,1909f56bfc062723c751e8b465ee728b)
Start importing Assets/Materials/PlayerTexture/New Material.mat using Guid(7dabb98163e1b62479538bc915b8b6f8) Importer(815301076,1909f56bfc062723c751e8b465ee728b)  -> (artifact id: '7c92c8767f8454d37bf58a0d8e3396b3') in 0.038246 seconds
Number of updated asset objects reloaded before import = 0
Number of asset objects unloaded after import = 1
========================================================================
Received Import Request.
  Time since last request: 16.046106 seconds.
  path: Assets/Materials/PlayerTexture/New Material 1.mat
  artifactKey: Guid(9300b2ef3f88ce448a68a943f8f072d9) Importer(815301076,1909f56bfc062723c751e8b465ee728b)
Start importing Assets/Materials/PlayerTexture/New Material 1.mat using Guid(9300b2ef3f88ce448a68a943f8f072d9) Importer(815301076,1909f56bfc062723c751e8b465ee728b)  -> (artifact id: '3464f00459e3d77d39f39f43d455de2b') in 0.006939 seconds
Number of updated asset objects reloaded before import = 0
Number of asset objects unloaded after import = 1
========================================================================
Received Import Request.
  Time since last request: 8.585023 seconds.
  path: Assets/Materials/PlayerTexture/New Material 2.mat
  artifactKey: Guid(46ec77c9eb267f143977b1cefd299b52) Importer(815301076,1909f56bfc062723c751e8b465ee728b)
Start importing Assets/Materials/PlayerTexture/New Material 2.mat using Guid(46ec77c9eb267f143977b1cefd299b52) Importer(815301076,1909f56bfc062723c751e8b465ee728b)  -> (artifact id: '780bf2ff635725aa2346fd64f44680b0') in 0.006539 seconds
Number of updated asset objects reloaded before import = 0
Number of asset objects unloaded after import = 1
========================================================================
Received Import Request.
  Time since last request: 153.342300 seconds.
  path: Assets/Prefabs/Sphere.prefab
  artifactKey: Guid(fd66c6620fa4c8f42bb3c0837d9f63fc) Importer(815301076,1909f56bfc062723c751e8b465ee728b)
Start importing Assets/Prefabs/Sphere.prefab using Guid(fd66c6620fa4c8f42bb3c0837d9f63fc) Importer(815301076,1909f56bfc062723c751e8b465ee728b)  -> (artifact id: '8bec2f2bd47b06fb26fd7ccce3ecb591') in 0.015578 seconds
Number of updated asset objects reloaded before import = 0
Number of asset objects unloaded after import = 19
========================================================================
Received Prepare
Begin MonoManager ReloadAssembly
- Loaded All Assemblies, in  0.379 seconds
Refreshing native plugins compatible for Editor in 3.63 ms, found 3 plugins.
Native extension for UWP target not found
Native extension for WindowsStandalone target not found
Native extension for iOS target not found
Native extension for Android target not found
Native extension for WebGL target not found
[Package Manager] Server::EnsureServerProcessIsRunning -- launch failed, reason: Unity was launched with the -noUpm command-line argument
[Package Manager] UpmClient::Send -- Unable to send message (not connected to UPM process).
[Package Manager] Cannot connect to Unity Package Manager local server
Mono: successfully reloaded assembly
- Finished resetting the current domain, in  0.893 seconds
Domain Reload Profiling: 1269ms
	BeginReloadAssembly (134ms)
		ExecutionOrderSort (0ms)
		DisableScriptedObjects (3ms)
		BackupInstance (0ms)
		ReleaseScriptingObjects (0ms)
		CreateAndSetChildDomain (24ms)
	RebuildCommonClasses (20ms)
	RebuildNativeTypeToScriptingClass (6ms)
	initialDomainReloadingComplete (24ms)
	LoadAllAssembliesAndSetupDomain (191ms)
		LoadAssemblies (263ms)
		RebuildTransferFunctionScriptingTraits (0ms)
		AnalyzeDomain (11ms)
			TypeCache.Refresh (5ms)
				TypeCache.ScanAssembly (0ms)
			ScanForSourceGeneratedMonoScriptInfo (0ms)
			ResolveRequiredComponents (4ms)
	FinalizeReload (893ms)
		ReleaseScriptCaches (0ms)
		RebuildScriptCaches (0ms)
		SetupLoadedEditorAssemblies (387ms)
			LogAssemblyErrors (0ms)
			InitializePlatformSupportModulesInManaged (41ms)
			SetLoadedEditorAssemblies (4ms)
			RefreshPlugins (0ms)
			BeforeProcessingInitializeOnLoad (55ms)
			ProcessInitializeOnLoadAttributes (260ms)
			ProcessInitializeOnLoadMethodAttributes (15ms)
			AfterProcessingInitializeOnLoad (13ms)
			EditorAssembliesLoaded (0ms)
		ExecutionOrderSort2 (0ms)
		AwakeInstancesAfterBackupRestoration (35ms)
Refreshing native plugins compatible for Editor in 3.37 ms, found 3 plugins.
Preloading 0 native plugins for Editor in 0.00 ms.
Unloading 3556 Unused Serialized files (Serialized files now loaded: 0)
Unloading 24 unused Assets / (31.2 KB). Loaded Objects now: 4099.
Memory consumption went from 143.6 MB to 143.6 MB.
Total: 2.893800 ms (FindLiveObjects: 0.214100 ms CreateObjectMapping: 0.082100 ms MarkObjects: 2.564400 ms  DeleteObjects: 0.032300 ms)

Prepare: number of updated asset objects reloaded= 0
AssetImportParameters requested are different than current active one (requested -> active):
  custom:container-demuxer-ogg: 62fdf1f143b41e24485cea50d1cbac27 -> 
  custom:video-codec-MediaFoundation-h265: 746d11721c4dcdbdad8f713fa42b33f4 -> 
  custom:video-decoder-ogg-theora: a1e56fd34408186e4bbccfd4996cb3dc -> 
  custom:framework-win-MediaFoundation: 216162199b28c13a410421893ffa2e32 -> 
  custom:CustomObjectIndexerAttribute: 9a22284fe3817be447336de3de66b15e -> 
  custom:container-demuxer-webm: 4f35f7cbe854078d1ac9338744f61a02 -> 
  custom:container-muxer-webm: aa71ff27fc2769a1b78a27578f13a17b -> 
  custom:video-decoder-webm-vp8: 9c59270c3fd7afecdb556c50c9e8de78 -> 
  custom:SearchIndexIgnoredProperties: e643bd26f0fe6173181afceb89e7c659 -> 
  custom:AudioImporter_EditorPlatform: d09bf68614088b80899f8185d706f6e7 -> 
  custom:video-encoder-webm-vp8: eb34c28f22e8b96e1ab97ce403110664 -> 
  custom:audio-decoder-ogg-vorbis: bf7c407c2cedff20999df2af8eb42d56 -> 
  custom:audio-encoder-webm-vorbis: bf7c407c2cedff20999df2af8eb42d56 -> 
========================================================================
Received Import Request.
  Time since last request: 56.404030 seconds.
  path: Assets/Prefabs/Sphere.prefab
  artifactKey: Guid(fd66c6620fa4c8f42bb3c0837d9f63fc) Importer(815301076,1909f56bfc062723c751e8b465ee728b)
Start importing Assets/Prefabs/Sphere.prefab using Guid(fd66c6620fa4c8f42bb3c0837d9f63fc) Importer(815301076,1909f56bfc062723c751e8b465ee728b)  -> (artifact id: 'bf93acdb890a34c121b55da58c130df2') in 0.054018 seconds
Number of updated asset objects reloaded before import = 0
Number of asset objects unloaded after import = 20
========================================================================
Received Import Request.
  Time since last request: 20.129112 seconds.
  path: Assets/Prefabs/Sphere.prefab
  artifactKey: Guid(fd66c6620fa4c8f42bb3c0837d9f63fc) Importer(815301076,1909f56bfc062723c751e8b465ee728b)
Start importing Assets/Prefabs/Sphere.prefab using Guid(fd66c6620fa4c8f42bb3c0837d9f63fc) Importer(815301076,1909f56bfc062723c751e8b465ee728b)  -> (artifact id: '8df8f85bbd87defd7a6a8e3f85d618a8') in 0.008691 seconds
Number of updated asset objects reloaded before import = 0
Number of asset objects unloaded after import = 20
========================================================================
Received Prepare
Begin MonoManager ReloadAssembly
- Loaded All Assemblies, in  0.360 seconds
Refreshing native plugins compatible for Editor in 2.44 ms, found 3 plugins.
Native extension for UWP target not found
Native extension for WindowsStandalone target not found
Native extension for iOS target not found
Native extension for Android target not found
Native extension for WebGL target not found
[Package Manager] Server::EnsureServerProcessIsRunning -- launch failed, reason: Unity was launched with the -noUpm command-line argument
[Package Manager] UpmClient::Send -- Unable to send message (not connected to UPM process).
[Package Manager] Cannot connect to Unity Package Manager local server
Mono: successfully reloaded assembly
- Finished resetting the current domain, in  0.824 seconds
Domain Reload Profiling: 1180ms
	BeginReloadAssembly (135ms)
		ExecutionOrderSort (0ms)
		DisableScriptedObjects (2ms)
		BackupInstance (0ms)
		ReleaseScriptingObjects (0ms)
		CreateAndSetChildDomain (22ms)
	RebuildCommonClasses (21ms)
	RebuildNativeTypeToScriptingClass (6ms)
	initialDomainReloadingComplete (23ms)
	LoadAllAssembliesAndSetupDomain (171ms)
		LoadAssemblies (248ms)
		RebuildTransferFunctionScriptingTraits (0ms)
		AnalyzeDomain (9ms)
			TypeCache.Refresh (4ms)
				TypeCache.ScanAssembly (0ms)
			ScanForSourceGeneratedMonoScriptInfo (0ms)
			ResolveRequiredComponents (4ms)
	FinalizeReload (824ms)
		ReleaseScriptCaches (0ms)
		RebuildScriptCaches (0ms)
		SetupLoadedEditorAssemblies (380ms)
			LogAssemblyErrors (0ms)
			InitializePlatformSupportModulesInManaged (44ms)
			SetLoadedEditorAssemblies (3ms)
			RefreshPlugins (0ms)
			BeforeProcessingInitializeOnLoad (53ms)
			ProcessInitializeOnLoadAttributes (252ms)
			ProcessInitializeOnLoadMethodAttributes (16ms)
			AfterProcessingInitializeOnLoad (11ms)
			EditorAssembliesLoaded (0ms)
		ExecutionOrderSort2 (0ms)
		AwakeInstancesAfterBackupRestoration (14ms)
Refreshing native plugins compatible for Editor in 3.76 ms, found 3 plugins.
Preloading 0 native plugins for Editor in 0.00 ms.
Unloading 3556 Unused Serialized files (Serialized files now loaded: 0)
Unloading 24 unused Assets / (31.2 KB). Loaded Objects now: 4102.
Memory consumption went from 143.6 MB to 143.6 MB.
Total: 1.985400 ms (FindLiveObjects: 0.156700 ms CreateObjectMapping: 0.047300 ms MarkObjects: 1.736500 ms  DeleteObjects: 0.044100 ms)

Prepare: number of updated asset objects reloaded= 0
AssetImportParameters requested are different than current active one (requested -> active):
  custom:container-demuxer-ogg: 62fdf1f143b41e24485cea50d1cbac27 -> 
  custom:video-codec-MediaFoundation-h265: 746d11721c4dcdbdad8f713fa42b33f4 -> 
  custom:video-decoder-ogg-theora: a1e56fd34408186e4bbccfd4996cb3dc -> 
  custom:framework-win-MediaFoundation: 216162199b28c13a410421893ffa2e32 -> 
  custom:CustomObjectIndexerAttribute: 9a22284fe3817be447336de3de66b15e -> 
  custom:container-demuxer-webm: 4f35f7cbe854078d1ac9338744f61a02 -> 
  custom:container-muxer-webm: aa71ff27fc2769a1b78a27578f13a17b -> 
  custom:video-decoder-webm-vp8: 9c59270c3fd7afecdb556c50c9e8de78 -> 
  custom:SearchIndexIgnoredProperties: e643bd26f0fe6173181afceb89e7c659 -> 
  custom:AudioImporter_EditorPlatform: d09bf68614088b80899f8185d706f6e7 -> 
  custom:video-encoder-webm-vp8: eb34c28f22e8b96e1ab97ce403110664 -> 
  custom:audio-decoder-ogg-vorbis: bf7c407c2cedff20999df2af8eb42d56 -> 
  custom:audio-encoder-webm-vorbis: bf7c407c2cedff20999df2af8eb42d56 -> 
========================================================================
Received Import Request.
  Time since last request: 43.942485 seconds.
  path: Assets/Prefabs/Sphere.prefab
  artifactKey: Guid(fd66c6620fa4c8f42bb3c0837d9f63fc) Importer(815301076,1909f56bfc062723c751e8b465ee728b)
Start importing Assets/Prefabs/Sphere.prefab using Guid(fd66c6620fa4c8f42bb3c0837d9f63fc) Importer(815301076,1909f56bfc062723c751e8b465ee728b)  -> (artifact id: '98cad3a4ab27545a051901e43058eebb') in 0.056580 seconds
Number of updated asset objects reloaded before import = 0
Number of asset objects unloaded after import = 20
========================================================================
Received Import Request.
  Time since last request: 3.739012 seconds.
  path: Assets/Prefabs/Sphere.prefab
  artifactKey: Guid(fd66c6620fa4c8f42bb3c0837d9f63fc) Importer(815301076,1909f56bfc062723c751e8b465ee728b)
Start importing Assets/Prefabs/Sphere.prefab using Guid(fd66c6620fa4c8f42bb3c0837d9f63fc) Importer(815301076,1909f56bfc062723c751e8b465ee728b)  -> (artifact id: 'f9f90b5d7a55a9d71f4c79507bcbd27e') in 0.008308 seconds
Number of updated asset objects reloaded before import = 0
Number of asset objects unloaded after import = 20
========================================================================
Received Import Request.
  Time since last request: 3.669149 seconds.
  path: Assets/Prefabs/Sphere.prefab
  artifactKey: Guid(fd66c6620fa4c8f42bb3c0837d9f63fc) Importer(815301076,1909f56bfc062723c751e8b465ee728b)
Start importing Assets/Prefabs/Sphere.prefab using Guid(fd66c6620fa4c8f42bb3c0837d9f63fc) Importer(815301076,1909f56bfc062723c751e8b465ee728b)  -> (artifact id: '74cf1e79936dc38a979dbba668704e0e') in 0.007796 seconds
Number of updated asset objects reloaded before import = 0
Number of asset objects unloaded after import = 20
========================================================================
Received Import Request.
  Time since last request: 4.605620 seconds.
  path: Assets/Prefabs/Sphere.prefab
  artifactKey: Guid(fd66c6620fa4c8f42bb3c0837d9f63fc) Importer(815301076,1909f56bfc062723c751e8b465ee728b)
Start importing Assets/Prefabs/Sphere.prefab using Guid(fd66c6620fa4c8f42bb3c0837d9f63fc) Importer(815301076,1909f56bfc062723c751e8b465ee728b)  -> (artifact id: '772b4a95e58184c191698a3a9b95701d') in 0.010079 seconds
Number of updated asset objects reloaded before import = 0
Number of asset objects unloaded after import = 20
========================================================================
Received Prepare
Begin MonoManager ReloadAssembly
- Loaded All Assemblies, in  0.351 seconds
Refreshing native plugins compatible for Editor in 2.43 ms, found 3 plugins.
Native extension for UWP target not found
Native extension for WindowsStandalone target not found
Native extension for iOS target not found
Native extension for Android target not found
Native extension for WebGL target not found
[Package Manager] Server::EnsureServerProcessIsRunning -- launch failed, reason: Unity was launched with the -noUpm command-line argument
[Package Manager] UpmClient::Send -- Unable to send message (not connected to UPM process).
[Package Manager] Cannot connect to Unity Package Manager local server
Mono: successfully reloaded assembly
- Finished resetting the current domain, in  0.882 seconds
Domain Reload Profiling: 1230ms
	BeginReloadAssembly (135ms)
		ExecutionOrderSort (0ms)
		DisableScriptedObjects (2ms)
		BackupInstance (0ms)
		ReleaseScriptingObjects (0ms)
		CreateAndSetChildDomain (21ms)
	RebuildCommonClasses (20ms)
	RebuildNativeTypeToScriptingClass (6ms)
	initialDomainReloadingComplete (23ms)
	LoadAllAssembliesAndSetupDomain (163ms)
		LoadAssemblies (242ms)
		RebuildTransferFunctionScriptingTraits (0ms)
		AnalyzeDomain (9ms)
			TypeCache.Refresh (4ms)
				TypeCache.ScanAssembly (0ms)
			ScanForSourceGeneratedMonoScriptInfo (0ms)
			ResolveRequiredComponents (3ms)
	FinalizeReload (883ms)
		ReleaseScriptCaches (0ms)
		RebuildScriptCaches (0ms)
		SetupLoadedEditorAssemblies (387ms)
			LogAssemblyErrors (0ms)
			InitializePlatformSupportModulesInManaged (44ms)
			SetLoadedEditorAssemblies (4ms)
			RefreshPlugins (0ms)
			BeforeProcessingInitializeOnLoad (56ms)
			ProcessInitializeOnLoadAttributes (255ms)
			ProcessInitializeOnLoadMethodAttributes (15ms)
			AfterProcessingInitializeOnLoad (14ms)
			EditorAssembliesLoaded (0ms)
		ExecutionOrderSort2 (0ms)
		AwakeInstancesAfterBackupRestoration (31ms)
Refreshing native plugins compatible for Editor in 2.91 ms, found 3 plugins.
Preloading 0 native plugins for Editor in 0.00 ms.
Unloading 3556 Unused Serialized files (Serialized files now loaded: 0)
Unloading 24 unused Assets / (31.2 KB). Loaded Objects now: 4105.
Memory consumption went from 143.6 MB to 143.6 MB.
Total: 2.554900 ms (FindLiveObjects: 0.162600 ms CreateObjectMapping: 0.058400 ms MarkObjects: 2.288000 ms  DeleteObjects: 0.045200 ms)

Prepare: number of updated asset objects reloaded= 0
AssetImportParameters requested are different than current active one (requested -> active):
  custom:container-demuxer-ogg: 62fdf1f143b41e24485cea50d1cbac27 -> 
  custom:video-codec-MediaFoundation-h265: 746d11721c4dcdbdad8f713fa42b33f4 -> 
  custom:video-decoder-ogg-theora: a1e56fd34408186e4bbccfd4996cb3dc -> 
  custom:framework-win-MediaFoundation: 216162199b28c13a410421893ffa2e32 -> 
  custom:CustomObjectIndexerAttribute: 9a22284fe3817be447336de3de66b15e -> 
  custom:container-demuxer-webm: 4f35f7cbe854078d1ac9338744f61a02 -> 
  custom:container-muxer-webm: aa71ff27fc2769a1b78a27578f13a17b -> 
  custom:video-decoder-webm-vp8: 9c59270c3fd7afecdb556c50c9e8de78 -> 
  custom:SearchIndexIgnoredProperties: e643bd26f0fe6173181afceb89e7c659 -> 
  custom:AudioImporter_EditorPlatform: d09bf68614088b80899f8185d706f6e7 -> 
  custom:video-encoder-webm-vp8: eb34c28f22e8b96e1ab97ce403110664 -> 
  custom:audio-decoder-ogg-vorbis: bf7c407c2cedff20999df2af8eb42d56 -> 
  custom:audio-encoder-webm-vorbis: bf7c407c2cedff20999df2af8eb42d56 -> 
========================================================================
Received Import Request.
  Time since last request: 55.266220 seconds.
  path: Assets/Prefabs/Sphere.prefab
  artifactKey: Guid(fd66c6620fa4c8f42bb3c0837d9f63fc) Importer(815301076,1909f56bfc062723c751e8b465ee728b)
Start importing Assets/Prefabs/Sphere.prefab using Guid(fd66c6620fa4c8f42bb3c0837d9f63fc) Importer(815301076,1909f56bfc062723c751e8b465ee728b)  -> (artifact id: '14304b735b52377a6b5f7c392bd4b160') in 0.062568 seconds
Number of updated asset objects reloaded before import = 0
Number of asset objects unloaded after import = 20
========================================================================
Received Prepare
Begin MonoManager ReloadAssembly
- Loaded All Assemblies, in  0.363 seconds
Refreshing native plugins compatible for Editor in 2.33 ms, found 3 plugins.
Native extension for UWP target not found
Native extension for WindowsStandalone target not found
Native extension for iOS target not found
Native extension for Android target not found
Native extension for WebGL target not found
[Package Manager] Server::EnsureServerProcessIsRunning -- launch failed, reason: Unity was launched with the -noUpm command-line argument
[Package Manager] UpmClient::Send -- Unable to send message (not connected to UPM process).
[Package Manager] Cannot connect to Unity Package Manager local server
Mono: successfully reloaded assembly
- Finished resetting the current domain, in  0.871 seconds
Domain Reload Profiling: 1230ms
	BeginReloadAssembly (136ms)
		ExecutionOrderSort (0ms)
		DisableScriptedObjects (2ms)
		BackupInstance (0ms)
		ReleaseScriptingObjects (0ms)
		CreateAndSetChildDomain (22ms)
	RebuildCommonClasses (20ms)
	RebuildNativeTypeToScriptingClass (6ms)
	initialDomainReloadingComplete (23ms)
	LoadAllAssembliesAndSetupDomain (173ms)
		LoadAssemblies (249ms)
		RebuildTransferFunctionScriptingTraits (0ms)
		AnalyzeDomain (10ms)
			TypeCache.Refresh (5ms)
				TypeCache.ScanAssembly (0ms)
			ScanForSourceGeneratedMonoScriptInfo (0ms)
			ResolveRequiredComponents (4ms)
	FinalizeReload (871ms)
		ReleaseScriptCaches (0ms)
		RebuildScriptCaches (0ms)
		SetupLoadedEditorAssemblies (396ms)
			LogAssemblyErrors (0ms)
			InitializePlatformSupportModulesInManaged (46ms)
			SetLoadedEditorAssemblies (4ms)
			RefreshPlugins (0ms)
			BeforeProcessingInitializeOnLoad (54ms)
			ProcessInitializeOnLoadAttributes (264ms)
			ProcessInitializeOnLoadMethodAttributes (16ms)
			AfterProcessingInitializeOnLoad (13ms)
			EditorAssembliesLoaded (0ms)
		ExecutionOrderSort2 (0ms)
		AwakeInstancesAfterBackupRestoration (13ms)
Refreshing native plugins compatible for Editor in 3.42 ms, found 3 plugins.
Preloading 0 native plugins for Editor in 0.00 ms.
Unloading 3556 Unused Serialized files (Serialized files now loaded: 0)
Unloading 24 unused Assets / (31.3 KB). Loaded Objects now: 4108.
Memory consumption went from 143.6 MB to 143.6 MB.
Total: 2.423400 ms (FindLiveObjects: 0.170500 ms CreateObjectMapping: 0.047800 ms MarkObjects: 2.164000 ms  DeleteObjects: 0.040000 ms)

Prepare: number of updated asset objects reloaded= 0
AssetImportParameters requested are different than current active one (requested -> active):
  custom:container-demuxer-ogg: 62fdf1f143b41e24485cea50d1cbac27 -> 
  custom:video-codec-MediaFoundation-h265: 746d11721c4dcdbdad8f713fa42b33f4 -> 
  custom:video-decoder-ogg-theora: a1e56fd34408186e4bbccfd4996cb3dc -> 
  custom:framework-win-MediaFoundation: 216162199b28c13a410421893ffa2e32 -> 
  custom:CustomObjectIndexerAttribute: 9a22284fe3817be447336de3de66b15e -> 
  custom:container-demuxer-webm: 4f35f7cbe854078d1ac9338744f61a02 -> 
  custom:container-muxer-webm: aa71ff27fc2769a1b78a27578f13a17b -> 
  custom:video-decoder-webm-vp8: 9c59270c3fd7afecdb556c50c9e8de78 -> 
  custom:SearchIndexIgnoredProperties: e643bd26f0fe6173181afceb89e7c659 -> 
  custom:AudioImporter_EditorPlatform: d09bf68614088b80899f8185d706f6e7 -> 
  custom:video-encoder-webm-vp8: eb34c28f22e8b96e1ab97ce403110664 -> 
  custom:audio-decoder-ogg-vorbis: bf7c407c2cedff20999df2af8eb42d56 -> 
  custom:audio-encoder-webm-vorbis: bf7c407c2cedff20999df2af8eb42d56 -> 
========================================================================
Received Import Request.
  Time since last request: 17.706777 seconds.
  path: Assets/Prefabs/Sphere.prefab
  artifactKey: Guid(fd66c6620fa4c8f42bb3c0837d9f63fc) Importer(815301076,1909f56bfc062723c751e8b465ee728b)
Start importing Assets/Prefabs/Sphere.prefab using Guid(fd66c6620fa4c8f42bb3c0837d9f63fc) Importer(815301076,1909f56bfc062723c751e8b465ee728b)  -> (artifact id: '6284f0c37c93642f78f71df83d29eb4e') in 0.057439 seconds
Number of updated asset objects reloaded before import = 0
Number of asset objects unloaded after import = 20
========================================================================
Received Import Request.
  Time since last request: 2.530121 seconds.
  path: Assets/Prefabs/Sphere.prefab
  artifactKey: Guid(fd66c6620fa4c8f42bb3c0837d9f63fc) Importer(815301076,1909f56bfc062723c751e8b465ee728b)
Start importing Assets/Prefabs/Sphere.prefab using Guid(fd66c6620fa4c8f42bb3c0837d9f63fc) Importer(815301076,1909f56bfc062723c751e8b465ee728b)  -> (artifact id: 'a0651e17789fe4e2e414aabf95354585') in 0.012316 seconds
Number of updated asset objects reloaded before import = 0
Number of asset objects unloaded after import = 20
========================================================================
Received Import Request.
  Time since last request: 1.799539 seconds.
  path: Assets/Prefabs/Sphere.prefab
  artifactKey: Guid(fd66c6620fa4c8f42bb3c0837d9f63fc) Importer(815301076,1909f56bfc062723c751e8b465ee728b)
Start importing Assets/Prefabs/Sphere.prefab using Guid(fd66c6620fa4c8f42bb3c0837d9f63fc) Importer(815301076,1909f56bfc062723c751e8b465ee728b)  -> (artifact id: '1faaacf7b35ae78e4d52b525e10e0bb6') in 0.008840 seconds
Number of updated asset objects reloaded before import = 0
Number of asset objects unloaded after import = 20
========================================================================
Received Import Request.
  Time since last request: 1.819783 seconds.
  path: Assets/Prefabs/Sphere.prefab
  artifactKey: Guid(fd66c6620fa4c8f42bb3c0837d9f63fc) Importer(815301076,1909f56bfc062723c751e8b465ee728b)
Start importing Assets/Prefabs/Sphere.prefab using Guid(fd66c6620fa4c8f42bb3c0837d9f63fc) Importer(815301076,1909f56bfc062723c751e8b465ee728b)  -> (artifact id: '8a4b3cb7fe642208f2413b7f839f7d87') in 0.010015 seconds
Number of updated asset objects reloaded before import = 0
Number of asset objects unloaded after import = 20
========================================================================
Received Import Request.
  Time since last request: 3.845512 seconds.
  path: Assets/Prefabs/Sphere.prefab
  artifactKey: Guid(fd66c6620fa4c8f42bb3c0837d9f63fc) Importer(815301076,1909f56bfc062723c751e8b465ee728b)
Start importing Assets/Prefabs/Sphere.prefab using Guid(fd66c6620fa4c8f42bb3c0837d9f63fc) Importer(815301076,1909f56bfc062723c751e8b465ee728b)  -> (artifact id: 'eec9cc879128b4b367094880a93cee73') in 0.008901 seconds
Number of updated asset objects reloaded before import = 0
Number of asset objects unloaded after import = 20
========================================================================
Received Import Request.
  Time since last request: 11.235284 seconds.
  path: Assets/Prefabs/Sphere.prefab
  artifactKey: Guid(fd66c6620fa4c8f42bb3c0837d9f63fc) Importer(815301076,1909f56bfc062723c751e8b465ee728b)
Start importing Assets/Prefabs/Sphere.prefab using Guid(fd66c6620fa4c8f42bb3c0837d9f63fc) Importer(815301076,1909f56bfc062723c751e8b465ee728b)  -> (artifact id: '4263cd461027852ac8597de865870c6d') in 0.007560 seconds
Number of updated asset objects reloaded before import = 0
Number of asset objects unloaded after import = 20
========================================================================
Received Import Request.
  Time since last request: 11.102055 seconds.
  path: Assets/Prefabs/Sphere.prefab
  artifactKey: Guid(fd66c6620fa4c8f42bb3c0837d9f63fc) Importer(815301076,1909f56bfc062723c751e8b465ee728b)
Start importing Assets/Prefabs/Sphere.prefab using Guid(fd66c6620fa4c8f42bb3c0837d9f63fc) Importer(815301076,1909f56bfc062723c751e8b465ee728b)  -> (artifact id: '03e6281ac3d092b2462a30fb2ad97d32') in 0.007691 seconds
Number of updated asset objects reloaded before import = 0
Number of asset objects unloaded after import = 20
========================================================================
Received Import Request.
  Time since last request: 35.793609 seconds.
  path: Assets/Prefabs/FireAMMO.prefab
  artifactKey: Guid(6933be882b8e08341a82232e770803fa) Importer(815301076,1909f56bfc062723c751e8b465ee728b)
Start importing Assets/Prefabs/FireAMMO.prefab using Guid(6933be882b8e08341a82232e770803fa) Importer(815301076,1909f56bfc062723c751e8b465ee728b)  -> (artifact id: '07575d4afdd08e0058ec0f422daa67ef') in 0.011885 seconds
Number of updated asset objects reloaded before import = 0
Number of asset objects unloaded after import = 8
========================================================================
Received Prepare
Begin MonoManager ReloadAssembly
- Loaded All Assemblies, in  0.377 seconds
Refreshing native plugins compatible for Editor in 3.72 ms, found 3 plugins.
Native extension for UWP target not found
Native extension for WindowsStandalone target not found
Native extension for iOS target not found
Native extension for Android target not found
Native extension for WebGL target not found
[Package Manager] Server::EnsureServerProcessIsRunning -- launch failed, reason: Unity was launched with the -noUpm command-line argument
[Package Manager] UpmClient::Send -- Unable to send message (not connected to UPM process).
[Package Manager] Cannot connect to Unity Package Manager local server
Mono: successfully reloaded assembly
- Finished resetting the current domain, in  0.903 seconds
Domain Reload Profiling: 1277ms
	BeginReloadAssembly (131ms)
		ExecutionOrderSort (0ms)
		DisableScriptedObjects (3ms)
		BackupInstance (0ms)
		ReleaseScriptingObjects (0ms)
		CreateAndSetChildDomain (22ms)
	RebuildCommonClasses (20ms)
	RebuildNativeTypeToScriptingClass (6ms)
	initialDomainReloadingComplete (25ms)
	LoadAllAssembliesAndSetupDomain (191ms)
		LoadAssemblies (262ms)
		RebuildTransferFunctionScriptingTraits (0ms)
		AnalyzeDomain (10ms)
			TypeCache.Refresh (5ms)
				TypeCache.ScanAssembly (0ms)
			ScanForSourceGeneratedMonoScriptInfo (0ms)
			ResolveRequiredComponents (4ms)
	FinalizeReload (904ms)
		ReleaseScriptCaches (0ms)
		RebuildScriptCaches (0ms)
		SetupLoadedEditorAssemblies (390ms)
			LogAssemblyErrors (0ms)
			InitializePlatformSupportModulesInManaged (46ms)
			SetLoadedEditorAssemblies (4ms)
			RefreshPlugins (0ms)
			BeforeProcessingInitializeOnLoad (57ms)
			ProcessInitializeOnLoadAttributes (255ms)
			ProcessInitializeOnLoadMethodAttributes (14ms)
			AfterProcessingInitializeOnLoad (14ms)
			EditorAssembliesLoaded (0ms)
		ExecutionOrderSort2 (0ms)
		AwakeInstancesAfterBackupRestoration (28ms)
Refreshing native plugins compatible for Editor in 3.65 ms, found 3 plugins.
Preloading 0 native plugins for Editor in 0.00 ms.
Unloading 3556 Unused Serialized files (Serialized files now loaded: 0)
Unloading 24 unused Assets / (31.3 KB). Loaded Objects now: 4111.
Memory consumption went from 143.6 MB to 143.6 MB.
Total: 2.608300 ms (FindLiveObjects: 0.160500 ms CreateObjectMapping: 0.051400 ms MarkObjects: 2.351000 ms  DeleteObjects: 0.044700 ms)

Prepare: number of updated asset objects reloaded= 0
AssetImportParameters requested are different than current active one (requested -> active):
  custom:container-demuxer-ogg: 62fdf1f143b41e24485cea50d1cbac27 -> 
  custom:video-codec-MediaFoundation-h265: 746d11721c4dcdbdad8f713fa42b33f4 -> 
  custom:video-decoder-ogg-theora: a1e56fd34408186e4bbccfd4996cb3dc -> 
  custom:framework-win-MediaFoundation: 216162199b28c13a410421893ffa2e32 -> 
  custom:CustomObjectIndexerAttribute: 9a22284fe3817be447336de3de66b15e -> 
  custom:container-demuxer-webm: 4f35f7cbe854078d1ac9338744f61a02 -> 
  custom:container-muxer-webm: aa71ff27fc2769a1b78a27578f13a17b -> 
  custom:video-decoder-webm-vp8: 9c59270c3fd7afecdb556c50c9e8de78 -> 
  custom:SearchIndexIgnoredProperties: e643bd26f0fe6173181afceb89e7c659 -> 
  custom:AudioImporter_EditorPlatform: d09bf68614088b80899f8185d706f6e7 -> 
  custom:video-encoder-webm-vp8: eb34c28f22e8b96e1ab97ce403110664 -> 
  custom:audio-decoder-ogg-vorbis: bf7c407c2cedff20999df2af8eb42d56 -> 
  custom:audio-encoder-webm-vorbis: bf7c407c2cedff20999df2af8eb42d56 -> 
========================================================================
Received Import Request.
  Time since last request: 94.574155 seconds.
  path: Assets/Prefabs/FireAMMO.prefab
  artifactKey: Guid(6933be882b8e08341a82232e770803fa) Importer(815301076,1909f56bfc062723c751e8b465ee728b)
Start importing Assets/Prefabs/FireAMMO.prefab using Guid(6933be882b8e08341a82232e770803fa) Importer(815301076,1909f56bfc062723c751e8b465ee728b)  -> (artifact id: 'e41df61be2d1f9c9930c18059fa501dd') in 0.041383 seconds
Number of updated asset objects reloaded before import = 0
Number of asset objects unloaded after import = 18
========================================================================
Received Import Request.
  Time since last request: 38.651930 seconds.
  path: Assets/AssetPackages/SyntyStudios/PolygonPrototype/Prefabs/Generic
  artifactKey: Guid(f92fbb5a2c7f4bc4fb749efa0cf872e4) Importer(815301076,1909f56bfc062723c751e8b465ee728b)
Start importing Assets/AssetPackages/SyntyStudios/PolygonPrototype/Prefabs/Generic using Guid(f92fbb5a2c7f4bc4fb749efa0cf872e4) Importer(815301076,1909f56bfc062723c751e8b465ee728b)  -> (artifact id: '57f724229f7fa5cfa19295a8a1600dab') in 0.000376 seconds
Number of updated asset objects reloaded before import = 0
Number of asset objects unloaded after import = 0
========================================================================
Received Import Request.
  Time since last request: 0.080081 seconds.
  path: Assets/AssetPackages/SyntyStudios/PolygonPrototype/Prefabs/Generic/SM_Generic_Cloud_01.prefab
  artifactKey: Guid(05a22b6dc2b27b24a9a5342b2c71880b) Importer(815301076,1909f56bfc062723c751e8b465ee728b)
Start importing Assets/AssetPackages/SyntyStudios/PolygonPrototype/Prefabs/Generic/SM_Generic_Cloud_01.prefab using Guid(05a22b6dc2b27b24a9a5342b2c71880b) Importer(815301076,1909f56bfc062723c751e8b465ee728b)  -> (artifact id: 'd60577280f837e3a807400c75546c626') in 0.021163 seconds
Number of updated asset objects reloaded before import = 0
Number of asset objects unloaded after import = 9
========================================================================
Received Import Request.
  Time since last request: 0.000010 seconds.
  path: Assets/AssetPackages/SyntyStudios/PolygonPrototype/Prefabs/Generic/SM_Generic_Cloud_03.prefab
  artifactKey: Guid(711657b179c657e4a9b8b1d4381e8467) Importer(815301076,1909f56bfc062723c751e8b465ee728b)
Start importing Assets/AssetPackages/SyntyStudios/PolygonPrototype/Prefabs/Generic/SM_Generic_Cloud_03.prefab using Guid(711657b179c657e4a9b8b1d4381e8467) Importer(815301076,1909f56bfc062723c751e8b465ee728b)  -> (artifact id: '3bc86f4203fe46ee7cbcab8ebedcd6d7') in 0.010274 seconds
Number of updated asset objects reloaded before import = 0
Number of asset objects unloaded after import = 9
========================================================================
Received Import Request.
  Time since last request: 0.000074 seconds.
  path: Assets/AssetPackages/SyntyStudios/PolygonPrototype/Prefabs/Generic/SM_Generic_Grass_Patch_01.prefab
  artifactKey: Guid(aaa9fac6c56c64d4eaceb647b35c69ed) Importer(815301076,1909f56bfc062723c751e8b465ee728b)
Start importing Assets/AssetPackages/SyntyStudios/PolygonPrototype/Prefabs/Generic/SM_Generic_Grass_Patch_01.prefab using Guid(aaa9fac6c56c64d4eaceb647b35c69ed) Importer(815301076,1909f56bfc062723c751e8b465ee728b)  -> (artifact id: '32ebd4780d822db630d85258e1416cb7') in 0.010273 seconds
Number of updated asset objects reloaded before import = 0
Number of asset objects unloaded after import = 9
========================================================================
Received Import Request.
  Time since last request: 0.033188 seconds.
  path: Assets/AssetPackages/SyntyStudios/PolygonPrototype/Prefabs/Generic/SM_Generic_Grass_Patch_02.prefab
  artifactKey: Guid(b97e712889582014c8dc1b56193a2314) Importer(815301076,1909f56bfc062723c751e8b465ee728b)
Start importing Assets/AssetPackages/SyntyStudios/PolygonPrototype/Prefabs/Generic/SM_Generic_Grass_Patch_02.prefab using Guid(b97e712889582014c8dc1b56193a2314) Importer(815301076,1909f56bfc062723c751e8b465ee728b)  -> (artifact id: '2df4ce61963e39876335dee4b56c98f0') in 0.013190 seconds
Number of updated asset objects reloaded before import = 0
Number of asset objects unloaded after import = 9
========================================================================
Received Import Request.
  Time since last request: 0.000013 seconds.
  path: Assets/AssetPackages/SyntyStudios/PolygonPrototype/Prefabs/Generic/SM_Generic_Mountains_Snow_01.prefab
  artifactKey: Guid(7cba3508c71084d4d877dd172c76a321) Importer(815301076,1909f56bfc062723c751e8b465ee728b)
Start importing Assets/AssetPackages/SyntyStudios/PolygonPrototype/Prefabs/Generic/SM_Generic_Mountains_Snow_01.prefab using Guid(7cba3508c71084d4d877dd172c76a321) Importer(815301076,1909f56bfc062723c751e8b465ee728b)  -> (artifact id: 'cc1506b386e923e83d88c58dbd46909d') in 0.010321 seconds
Number of updated asset objects reloaded before import = 0
Number of asset objects unloaded after import = 10
========================================================================
Received Import Request.
  Time since last request: 0.000012 seconds.
  path: Assets/AssetPackages/SyntyStudios/PolygonPrototype/Prefabs/Generic/SM_Generic_Small_Rocks_02.prefab
  artifactKey: Guid(23c6666f4e51c18408a67510426d9554) Importer(815301076,1909f56bfc062723c751e8b465ee728b)
Start importing Assets/AssetPackages/SyntyStudios/PolygonPrototype/Prefabs/Generic/SM_Generic_Small_Rocks_02.prefab using Guid(23c6666f4e51c18408a67510426d9554) Importer(815301076,1909f56bfc062723c751e8b465ee728b)  -> (artifact id: '98d217d1c06f1a2e170366cd965d0187') in 0.009059 seconds
Number of updated asset objects reloaded before import = 0
Number of asset objects unloaded after import = 9
========================================================================
Received Import Request.
  Time since last request: 0.000010 seconds.
  path: Assets/AssetPackages/SyntyStudios/PolygonPrototype/Prefabs/Generic/SM_Generic_Mountains_Grass_01.prefab
  artifactKey: Guid(592e533f873a77f4aad3561e2a0ed3fd) Importer(815301076,1909f56bfc062723c751e8b465ee728b)
Start importing Assets/AssetPackages/SyntyStudios/PolygonPrototype/Prefabs/Generic/SM_Generic_Mountains_Grass_01.prefab using Guid(592e533f873a77f4aad3561e2a0ed3fd) Importer(815301076,1909f56bfc062723c751e8b465ee728b)  -> (artifact id: '58c9188a7f6285918979b2301cef8bb7') in 0.009276 seconds
Number of updated asset objects reloaded before import = 0
Number of asset objects unloaded after import = 10
========================================================================
Received Import Request.
  Time since last request: 0.000010 seconds.
  path: Assets/AssetPackages/SyntyStudios/PolygonPrototype/Prefabs/Generic/SM_Generic_Tree_02.prefab
  artifactKey: Guid(44b363e80a9e4fd46ba03e4b71173a9e) Importer(815301076,1909f56bfc062723c751e8b465ee728b)
Start importing Assets/AssetPackages/SyntyStudios/PolygonPrototype/Prefabs/Generic/SM_Generic_Tree_02.prefab using Guid(44b363e80a9e4fd46ba03e4b71173a9e) Importer(815301076,1909f56bfc062723c751e8b465ee728b)  -> (artifact id: '1d0e6719de4e12f578c4b050cd3e89a6') in 0.009992 seconds
Number of updated asset objects reloaded before import = 0
Number of asset objects unloaded after import = 10
========================================================================
Received Import Request.
  Time since last request: 0.000010 seconds.
  path: Assets/AssetPackages/SyntyStudios/PolygonPrototype/Prefabs/Generic/SM_Generic_TreeDead_01.prefab
  artifactKey: Guid(a48c66cea6b296343a9a954ab39c7cdc) Importer(815301076,1909f56bfc062723c751e8b465ee728b)
Start importing Assets/AssetPackages/SyntyStudios/PolygonPrototype/Prefabs/Generic/SM_Generic_TreeDead_01.prefab using Guid(a48c66cea6b296343a9a954ab39c7cdc) Importer(815301076,1909f56bfc062723c751e8b465ee728b)  -> (artifact id: 'a13ecbfc2a9559ce70c15b7708cb8dce') in 0.011714 seconds
Number of updated asset objects reloaded before import = 0
Number of asset objects unloaded after import = 10
========================================================================
Received Import Request.
  Time since last request: 0.000117 seconds.
  path: Assets/AssetPackages/SyntyStudios/PolygonPrototype/Prefabs/Generic/SM_Generic_Water_Plane_01.prefab
  artifactKey: Guid(1ac2caf6f2f614c46a0ba6bf84980007) Importer(815301076,1909f56bfc062723c751e8b465ee728b)
Start importing Assets/AssetPackages/SyntyStudios/PolygonPrototype/Prefabs/Generic/SM_Generic_Water_Plane_01.prefab using Guid(1ac2caf6f2f614c46a0ba6bf84980007) Importer(815301076,1909f56bfc062723c751e8b465ee728b)  -> (artifact id: '892656043e0865042cad071bb92cfaf6') in 0.014216 seconds
Number of updated asset objects reloaded before import = 0
Number of asset objects unloaded after import = 8
========================================================================
Received Import Request.
  Time since last request: 0.000013 seconds.
  path: Assets/AssetPackages/SyntyStudios/PolygonPrototype/Prefabs/Generic/SM_Generic_Mountains_Soft_01.prefab
  artifactKey: Guid(6e0dbb46da4c95f46ab24246940cf6f6) Importer(815301076,1909f56bfc062723c751e8b465ee728b)
Start importing Assets/AssetPackages/SyntyStudios/PolygonPrototype/Prefabs/Generic/SM_Generic_Mountains_Soft_01.prefab using Guid(6e0dbb46da4c95f46ab24246940cf6f6) Importer(815301076,1909f56bfc062723c751e8b465ee728b)  -> (artifact id: '262134b911bf2090fe161766bb1755b7') in 0.015994 seconds
Number of updated asset objects reloaded before import = 0
Number of asset objects unloaded after import = 10
========================================================================
Received Prepare
Begin MonoManager ReloadAssembly
- Loaded All Assemblies, in  0.371 seconds
Refreshing native plugins compatible for Editor in 3.49 ms, found 3 plugins.
Native extension for UWP target not found
Native extension for WindowsStandalone target not found
Native extension for iOS target not found
Native extension for Android target not found
Native extension for WebGL target not found
[Package Manager] Server::EnsureServerProcessIsRunning -- launch failed, reason: Unity was launched with the -noUpm command-line argument
[Package Manager] UpmClient::Send -- Unable to send message (not connected to UPM process).
[Package Manager] Cannot connect to Unity Package Manager local server
Mono: successfully reloaded assembly
- Finished resetting the current domain, in  0.905 seconds
Domain Reload Profiling: 1273ms
	BeginReloadAssembly (127ms)
		ExecutionOrderSort (0ms)
		DisableScriptedObjects (2ms)
		BackupInstance (0ms)
		ReleaseScriptingObjects (0ms)
		CreateAndSetChildDomain (22ms)
	RebuildCommonClasses (21ms)
	RebuildNativeTypeToScriptingClass (6ms)
	initialDomainReloadingComplete (23ms)
	LoadAllAssembliesAndSetupDomain (189ms)
		LoadAssemblies (256ms)
		RebuildTransferFunctionScriptingTraits (0ms)
		AnalyzeDomain (11ms)
			TypeCache.Refresh (5ms)
				TypeCache.ScanAssembly (0ms)
			ScanForSourceGeneratedMonoScriptInfo (0ms)
			ResolveRequiredComponents (5ms)
	FinalizeReload (906ms)
		ReleaseScriptCaches (0ms)
		RebuildScriptCaches (0ms)
		SetupLoadedEditorAssemblies (390ms)
			LogAssemblyErrors (0ms)
			InitializePlatformSupportModulesInManaged (44ms)
			SetLoadedEditorAssemblies (4ms)
			RefreshPlugins (0ms)
			BeforeProcessingInitializeOnLoad (55ms)
			ProcessInitializeOnLoadAttributes (257ms)
			ProcessInitializeOnLoadMethodAttributes (15ms)
			AfterProcessingInitializeOnLoad (14ms)
			EditorAssembliesLoaded (0ms)
		ExecutionOrderSort2 (0ms)
		AwakeInstancesAfterBackupRestoration (36ms)
Refreshing native plugins compatible for Editor in 3.39 ms, found 3 plugins.
Preloading 0 native plugins for Editor in 0.00 ms.
Unloading 3556 Unused Serialized files (Serialized files now loaded: 0)
Unloading 24 unused Assets / (31.3 KB). Loaded Objects now: 4114.
Memory consumption went from 143.7 MB to 143.6 MB.
Total: 2.537700 ms (FindLiveObjects: 0.155400 ms CreateObjectMapping: 0.047800 ms MarkObjects: 2.268100 ms  DeleteObjects: 0.065600 ms)

Prepare: number of updated asset objects reloaded= 0
AssetImportParameters requested are different than current active one (requested -> active):
  custom:container-demuxer-ogg: 62fdf1f143b41e24485cea50d1cbac27 -> 
  custom:video-codec-MediaFoundation-h265: 746d11721c4dcdbdad8f713fa42b33f4 -> 
  custom:video-decoder-ogg-theora: a1e56fd34408186e4bbccfd4996cb3dc -> 
  custom:framework-win-MediaFoundation: 216162199b28c13a410421893ffa2e32 -> 
  custom:CustomObjectIndexerAttribute: 9a22284fe3817be447336de3de66b15e -> 
  custom:container-demuxer-webm: 4f35f7cbe854078d1ac9338744f61a02 -> 
  custom:container-muxer-webm: aa71ff27fc2769a1b78a27578f13a17b -> 
  custom:video-decoder-webm-vp8: 9c59270c3fd7afecdb556c50c9e8de78 -> 
  custom:SearchIndexIgnoredProperties: e643bd26f0fe6173181afceb89e7c659 -> 
  custom:AudioImporter_EditorPlatform: d09bf68614088b80899f8185d706f6e7 -> 
  custom:video-encoder-webm-vp8: eb34c28f22e8b96e1ab97ce403110664 -> 
  custom:audio-decoder-ogg-vorbis: bf7c407c2cedff20999df2af8eb42d56 -> 
  custom:audio-encoder-webm-vorbis: bf7c407c2cedff20999df2af8eb42d56 -> 
========================================================================
Received Import Request.
  Time since last request: 131.406960 seconds.
  path: Assets/AssetPackages/SyntyStudios/PolygonPrototype/Prefabs/Props
  artifactKey: Guid(769a3cd464309354fb7597310c87ca35) Importer(815301076,1909f56bfc062723c751e8b465ee728b)
Start importing Assets/AssetPackages/SyntyStudios/PolygonPrototype/Prefabs/Props using Guid(769a3cd464309354fb7597310c87ca35) Importer(815301076,1909f56bfc062723c751e8b465ee728b)  -> (artifact id: '138cf0a397754e6b1d35035437e1acd8') in 0.002406 seconds
Number of updated asset objects reloaded before import = 0
Number of asset objects unloaded after import = 0
========================================================================
Received Import Request.
  Time since last request: 0.064299 seconds.
  path: Assets/AssetPackages/SyntyStudios/PolygonPrototype/Prefabs/Props/SM_Prop_Barrel_01.prefab
  artifactKey: Guid(f750d5f061e724f4c827ab6b376e2550) Importer(815301076,1909f56bfc062723c751e8b465ee728b)
Start importing Assets/AssetPackages/SyntyStudios/PolygonPrototype/Prefabs/Props/SM_Prop_Barrel_01.prefab using Guid(f750d5f061e724f4c827ab6b376e2550) Importer(815301076,1909f56bfc062723c751e8b465ee728b)  -> (artifact id: '7310cf35d56d655602c3e2f30dcf6940') in 0.049405 seconds
Number of updated asset objects reloaded before import = 0
Number of asset objects unloaded after import = 10
========================================================================
Received Import Request.
  Time since last request: 0.036004 seconds.
  path: Assets/AssetPackages/SyntyStudios/PolygonPrototype/Prefabs/Props/SM_Prop_BoostPad_01.prefab
  artifactKey: Guid(e7f62efc22b4ee04e9e10cc8ac24fac2) Importer(815301076,1909f56bfc062723c751e8b465ee728b)
Start importing Assets/AssetPackages/SyntyStudios/PolygonPrototype/Prefabs/Props/SM_Prop_BoostPad_01.prefab using Guid(e7f62efc22b4ee04e9e10cc8ac24fac2) Importer(815301076,1909f56bfc062723c751e8b465ee728b)  -> (artifact id: '84d4738c39bcd72049e0a5142c438e65') in 0.013301 seconds
Number of updated asset objects reloaded before import = 0
Number of asset objects unloaded after import = 10
========================================================================
Received Import Request.
  Time since last request: 0.000011 seconds.
  path: Assets/AssetPackages/SyntyStudios/PolygonPrototype/Prefabs/Props/SM_Prop_Chest_Wood_01.prefab
  artifactKey: Guid(021f214ee24e4ab408fe5fa469da8624) Importer(815301076,1909f56bfc062723c751e8b465ee728b)
Start importing Assets/AssetPackages/SyntyStudios/PolygonPrototype/Prefabs/Props/SM_Prop_Chest_Wood_01.prefab using Guid(021f214ee24e4ab408fe5fa469da8624) Importer(815301076,1909f56bfc062723c751e8b465ee728b)  -> (artifact id: 'fa5fbf204e169ca9c9962254119c6636') in 0.012306 seconds
Number of updated asset objects reloaded before import = 0
Number of asset objects unloaded after import = 16
========================================================================
Received Import Request.
  Time since last request: 0.000011 seconds.
  path: Assets/AssetPackages/SyntyStudios/PolygonPrototype/Prefabs/Props/SM_Prop_Cone_01.prefab
  artifactKey: Guid(517a8607e4b54054b9216e69695d6e53) Importer(815301076,1909f56bfc062723c751e8b465ee728b)
Start importing Assets/AssetPackages/SyntyStudios/PolygonPrototype/Prefabs/Props/SM_Prop_Cone_01.prefab using Guid(517a8607e4b54054b9216e69695d6e53) Importer(815301076,1909f56bfc062723c751e8b465ee728b)  -> (artifact id: 'c8002a88e794ba5d1e64f6ab89a9a3de') in 0.011261 seconds
Number of updated asset objects reloaded before import = 0
Number of asset objects unloaded after import = 10
========================================================================
Received Import Request.
  Time since last request: 0.000016 seconds.
  path: Assets/AssetPackages/SyntyStudios/PolygonPrototype/Prefabs/Props/SM_Prop_Crate_Exclamation_01.prefab
  artifactKey: Guid(7094eb5fc31a84847a29440d1ce60ec6) Importer(815301076,1909f56bfc062723c751e8b465ee728b)
Start importing Assets/AssetPackages/SyntyStudios/PolygonPrototype/Prefabs/Props/SM_Prop_Crate_Exclamation_01.prefab using Guid(7094eb5fc31a84847a29440d1ce60ec6) Importer(815301076,1909f56bfc062723c751e8b465ee728b)  -> (artifact id: '2566630d5c9c5a8f5813099d4f84c4e9') in 0.020814 seconds
Number of updated asset objects reloaded before import = 0
Number of asset objects unloaded after import = 11
========================================================================
Received Import Request.
  Time since last request: 0.000010 seconds.
  path: Assets/AssetPackages/SyntyStudios/PolygonPrototype/Prefabs/Props/SM_Prop_Crate_Question_01.prefab
  artifactKey: Guid(d19c36dc5f97d444fa54380cf09bd828) Importer(815301076,1909f56bfc062723c751e8b465ee728b)
Start importing Assets/AssetPackages/SyntyStudios/PolygonPrototype/Prefabs/Props/SM_Prop_Crate_Question_01.prefab using Guid(d19c36dc5f97d444fa54380cf09bd828) Importer(815301076,1909f56bfc062723c751e8b465ee728b)  -> (artifact id: 'f2eae886d39538132158913c34d5dd1b') in 0.010496 seconds
Number of updated asset objects reloaded before import = 0
Number of asset objects unloaded after import = 11
========================================================================
Received Import Request.
  Time since last request: 0.000010 seconds.
  path: Assets/AssetPackages/SyntyStudios/PolygonPrototype/Prefabs/Props/SM_Prop_Pipe_01.prefab
  artifactKey: Guid(fccc32f7d6777ae4ca7ad6d8d47cc94e) Importer(815301076,1909f56bfc062723c751e8b465ee728b)
Start importing Assets/AssetPackages/SyntyStudios/PolygonPrototype/Prefabs/Props/SM_Prop_Pipe_01.prefab using Guid(fccc32f7d6777ae4ca7ad6d8d47cc94e) Importer(815301076,1909f56bfc062723c751e8b465ee728b)  -> (artifact id: '7857b69182bf17bb657db8dab5e95f9c') in 0.011084 seconds
Number of updated asset objects reloaded before import = 0
Number of asset objects unloaded after import = 10
========================================================================
Received Import Request.
  Time since last request: 0.000011 seconds.
  path: Assets/AssetPackages/SyntyStudios/PolygonPrototype/Prefabs/Props/SM_Prop_Pipe_03.prefab
  artifactKey: Guid(346845f0154817c4297d6af7c695b28a) Importer(815301076,1909f56bfc062723c751e8b465ee728b)
Start importing Assets/AssetPackages/SyntyStudios/PolygonPrototype/Prefabs/Props/SM_Prop_Pipe_03.prefab using Guid(346845f0154817c4297d6af7c695b28a) Importer(815301076,1909f56bfc062723c751e8b465ee728b)  -> (artifact id: 'd7a1dc3b5fb11547e0ac6925ff726522') in 0.012348 seconds
Number of updated asset objects reloaded before import = 0
Number of asset objects unloaded after import = 10
========================================================================
Received Import Request.
  Time since last request: 0.051018 seconds.
  path: Assets/AssetPackages/SyntyStudios/PolygonPrototype/Prefabs/Props/SM_Prop_Pipe_04.prefab
  artifactKey: Guid(4acc8aea0f8e2a8478f32ed296d7152a) Importer(815301076,1909f56bfc062723c751e8b465ee728b)
Start importing Assets/AssetPackages/SyntyStudios/PolygonPrototype/Prefabs/Props/SM_Prop_Pipe_04.prefab using Guid(4acc8aea0f8e2a8478f32ed296d7152a) Importer(815301076,1909f56bfc062723c751e8b465ee728b)  -> (artifact id: '2c603e228396272dfbacf07b6be7eb1a') in 0.011838 seconds
Number of updated asset objects reloaded before import = 0
Number of asset objects unloaded after import = 10
========================================================================
Received Import Request.
  Time since last request: 0.000011 seconds.
  path: Assets/AssetPackages/SyntyStudios/PolygonPrototype/Prefabs/Props/SM_Prop_Pipe_Curve_02.prefab
  artifactKey: Guid(f643a3f3b0194c441969caf694be2643) Importer(815301076,1909f56bfc062723c751e8b465ee728b)
Start importing Assets/AssetPackages/SyntyStudios/PolygonPrototype/Prefabs/Props/SM_Prop_Pipe_Curve_02.prefab using Guid(f643a3f3b0194c441969caf694be2643) Importer(815301076,1909f56bfc062723c751e8b465ee728b)  -> (artifact id: '750501ef2fbc10936c63f6dcd8f4cf8a') in 0.011375 seconds
Number of updated asset objects reloaded before import = 0
Number of asset objects unloaded after import = 9
========================================================================
Received Import Request.
  Time since last request: 0.000012 seconds.
  path: Assets/AssetPackages/SyntyStudios/PolygonPrototype/Prefabs/Props/SM_Prop_Pistol_01.prefab
  artifactKey: Guid(b017a00e018b1bc4f9ef2a84e5644a92) Importer(815301076,1909f56bfc062723c751e8b465ee728b)
Start importing Assets/AssetPackages/SyntyStudios/PolygonPrototype/Prefabs/Props/SM_Prop_Pistol_01.prefab using Guid(b017a00e018b1bc4f9ef2a84e5644a92) Importer(815301076,1909f56bfc062723c751e8b465ee728b)  -> (artifact id: 'd69e89d5462cf67c98ac889b0cda01e6') in 0.012989 seconds
Number of updated asset objects reloaded before import = 0
Number of asset objects unloaded after import = 25
========================================================================
Received Import Request.
  Time since last request: 0.000015 seconds.
  path: Assets/AssetPackages/SyntyStudios/PolygonPrototype/Prefabs/Props/SM_Prop_Rifle_01.prefab
  artifactKey: Guid(c25ac4fdc903e7d49a7520930673ecd6) Importer(815301076,1909f56bfc062723c751e8b465ee728b)
Start importing Assets/AssetPackages/SyntyStudios/PolygonPrototype/Prefabs/Props/SM_Prop_Rifle_01.prefab using Guid(c25ac4fdc903e7d49a7520930673ecd6) Importer(815301076,1909f56bfc062723c751e8b465ee728b)  -> (artifact id: '1bc3d61c4a2f3585a5551be081c1abc9') in 0.010206 seconds
Number of updated asset objects reloaded before import = 0
Number of asset objects unloaded after import = 25
========================================================================
Received Import Request.
  Time since last request: 0.000010 seconds.
  path: Assets/AssetPackages/SyntyStudios/PolygonPrototype/Prefabs/Props/SM_Prop_Target_01.prefab
  artifactKey: Guid(5f6c85b6f6ab0b24abedd3e57447539c) Importer(815301076,1909f56bfc062723c751e8b465ee728b)
Start importing Assets/AssetPackages/SyntyStudios/PolygonPrototype/Prefabs/Props/SM_Prop_Target_01.prefab using Guid(5f6c85b6f6ab0b24abedd3e57447539c) Importer(815301076,1909f56bfc062723c751e8b465ee728b)  -> (artifact id: '2d230b42af0305671d167389a578f772') in 0.011978 seconds
Number of updated asset objects reloaded before import = 0
Number of asset objects unloaded after import = 10
========================================================================
Received Import Request.
  Time since last request: 0.000011 seconds.
  path: Assets/AssetPackages/SyntyStudios/PolygonPrototype/Prefabs/Props/SM_Prop_Synty_Cube_01.prefab
  artifactKey: Guid(feddb6666a6474b4a80e6e7fc805f21f) Importer(815301076,1909f56bfc062723c751e8b465ee728b)
Start importing Assets/AssetPackages/SyntyStudios/PolygonPrototype/Prefabs/Props/SM_Prop_Synty_Cube_01.prefab using Guid(feddb6666a6474b4a80e6e7fc805f21f) Importer(815301076,1909f56bfc062723c751e8b465ee728b)  -> (artifact id: '60dc684a2e0b243154445b0f81f28769') in 0.012250 seconds
Number of updated asset objects reloaded before import = 0
Number of asset objects unloaded after import = 11
========================================================================
Received Import Request.
  Time since last request: 0.000011 seconds.
  path: Assets/AssetPackages/SyntyStudios/PolygonPrototype/Prefabs/Props/SM_Prop_Tree_Palm_01.prefab
  artifactKey: Guid(b8fbd80bb369bdc418c404e87bf5821b) Importer(815301076,1909f56bfc062723c751e8b465ee728b)
Start importing Assets/AssetPackages/SyntyStudios/PolygonPrototype/Prefabs/Props/SM_Prop_Tree_Palm_01.prefab using Guid(b8fbd80bb369bdc418c404e87bf5821b) Importer(815301076,1909f56bfc062723c751e8b465ee728b)  -> (artifact id: '4e02f52e5f0c230290b1cf378eb5a2da') in 0.011900 seconds
Number of updated asset objects reloaded before import = 0
Number of asset objects unloaded after import = 10
========================================================================
Received Import Request.
  Time since last request: 0.000010 seconds.
  path: Assets/AssetPackages/SyntyStudios/PolygonPrototype/Prefabs/Props/SM_Prop_Tree_Palm_02.prefab
  artifactKey: Guid(571f8f8a90e22e94c90edd3d7b14a22c) Importer(815301076,1909f56bfc062723c751e8b465ee728b)
Start importing Assets/AssetPackages/SyntyStudios/PolygonPrototype/Prefabs/Props/SM_Prop_Tree_Palm_02.prefab using Guid(571f8f8a90e22e94c90edd3d7b14a22c) Importer(815301076,1909f56bfc062723c751e8b465ee728b)  -> (artifact id: 'ea808d1ee18fd399ae18519a06c3e4dd') in 0.012019 seconds
Number of updated asset objects reloaded before import = 0
Number of asset objects unloaded after import = 10
========================================================================
Received Import Request.
  Time since last request: 0.000011 seconds.
  path: Assets/AssetPackages/SyntyStudios/PolygonPrototype/Prefabs/Props/SM_Prop_Tree_Round_02.prefab
  artifactKey: Guid(6d768ed8c1941594aa52e683be1a33f7) Importer(815301076,1909f56bfc062723c751e8b465ee728b)
Start importing Assets/AssetPackages/SyntyStudios/PolygonPrototype/Prefabs/Props/SM_Prop_Tree_Round_02.prefab using Guid(6d768ed8c1941594aa52e683be1a33f7) Importer(815301076,1909f56bfc062723c751e8b465ee728b)  -> (artifact id: '44eb43ec6ca453e203fc489e4aab5278') in 0.009380 seconds
Number of updated asset objects reloaded before import = 0
Number of asset objects unloaded after import = 9
========================================================================
Received Import Request.
  Time since last request: 0.000012 seconds.
  path: Assets/AssetPackages/SyntyStudios/PolygonPrototype/Prefabs/Props/SM_Prop_Tree_Square_01.prefab
  artifactKey: Guid(0c19a7133235cfa469f2fcae1a85fabf) Importer(815301076,1909f56bfc062723c751e8b465ee728b)
Start importing Assets/AssetPackages/SyntyStudios/PolygonPrototype/Prefabs/Props/SM_Prop_Tree_Square_01.prefab using Guid(0c19a7133235cfa469f2fcae1a85fabf) Importer(815301076,1909f56bfc062723c751e8b465ee728b)  -> (artifact id: 'c0675a5f084f1e443f09307a9d65c2d1') in 0.009494 seconds
Number of updated asset objects reloaded before import = 0
Number of asset objects unloaded after import = 10
========================================================================
Received Import Request.
  Time since last request: 0.000015 seconds.
  path: Assets/AssetPackages/SyntyStudios/PolygonPrototype/Prefabs/Props/SM_Prop_Tree_Square_02.prefab
  artifactKey: Guid(e7ee0b2620bdfe341b4cf49e4e637dc4) Importer(815301076,1909f56bfc062723c751e8b465ee728b)
Start importing Assets/AssetPackages/SyntyStudios/PolygonPrototype/Prefabs/Props/SM_Prop_Tree_Square_02.prefab using Guid(e7ee0b2620bdfe341b4cf49e4e637dc4) Importer(815301076,1909f56bfc062723c751e8b465ee728b)  -> (artifact id: '30b8162263e8ab62a8a3a2b024cf430c') in 0.011287 seconds
Number of updated asset objects reloaded before import = 0
Number of asset objects unloaded after import = 10
========================================================================
Received Import Request.
  Time since last request: 0.000011 seconds.
  path: Assets/AssetPackages/SyntyStudios/PolygonPrototype/Prefabs/Props/SM_Prop_Window_Bar_01.prefab
  artifactKey: Guid(4d0398b83ac8e4f449ea26570a62f787) Importer(815301076,1909f56bfc062723c751e8b465ee728b)
Start importing Assets/AssetPackages/SyntyStudios/PolygonPrototype/Prefabs/Props/SM_Prop_Window_Bar_01.prefab using Guid(4d0398b83ac8e4f449ea26570a62f787) Importer(815301076,1909f56bfc062723c751e8b465ee728b)  -> (artifact id: '4f70a98dc24924a2c085882fea83f65b') in 0.011434 seconds
Number of updated asset objects reloaded before import = 0
Number of asset objects unloaded after import = 9
========================================================================
Received Import Request.
  Time since last request: 0.000010 seconds.
  path: Assets/AssetPackages/SyntyStudios/PolygonPrototype/Prefabs/Props/SM_Switch_Button_02.prefab
  artifactKey: Guid(a5bbe08e8d4661845bb71068b601744c) Importer(815301076,1909f56bfc062723c751e8b465ee728b)
Start importing Assets/AssetPackages/SyntyStudios/PolygonPrototype/Prefabs/Props/SM_Switch_Button_02.prefab using Guid(a5bbe08e8d4661845bb71068b601744c) Importer(815301076,1909f56bfc062723c751e8b465ee728b)  -> (artifact id: '3c660fddb690cdc2abb1a2c1832946fa') in 0.011600 seconds
Number of updated asset objects reloaded before import = 0
Number of asset objects unloaded after import = 15
========================================================================
Received Import Request.
  Time since last request: 0.000012 seconds.
  path: Assets/AssetPackages/SyntyStudios/PolygonPrototype/Prefabs/Props/SM_Switch_Remote_01.prefab
  artifactKey: Guid(aca95b7144ebd9d43b90bd779762e272) Importer(815301076,1909f56bfc062723c751e8b465ee728b)
Start importing Assets/AssetPackages/SyntyStudios/PolygonPrototype/Prefabs/Props/SM_Switch_Remote_01.prefab using Guid(aca95b7144ebd9d43b90bd779762e272) Importer(815301076,1909f56bfc062723c751e8b465ee728b)  -> (artifact id: 'fba04bd216923a599b15089bf9557f24') in 0.012310 seconds
Number of updated asset objects reloaded before import = 0
Number of asset objects unloaded after import = 15
========================================================================
Received Import Request.
  Time since last request: 0.000011 seconds.
  path: Assets/AssetPackages/SyntyStudios/PolygonPrototype/Prefabs/Props/SM_Switch_Button_01.prefab
  artifactKey: Guid(9d33c5200c013c44fad933a9dcd21b2c) Importer(815301076,1909f56bfc062723c751e8b465ee728b)
Start importing Assets/AssetPackages/SyntyStudios/PolygonPrototype/Prefabs/Props/SM_Switch_Button_01.prefab using Guid(9d33c5200c013c44fad933a9dcd21b2c) Importer(815301076,1909f56bfc062723c751e8b465ee728b)  -> (artifact id: 'a3e83e5e76156d5bb1631732034995f4') in 0.011515 seconds
Number of updated asset objects reloaded before import = 0
Number of asset objects unloaded after import = 15
Editor requested this worker to shutdown with reason: Scaling down because of idle timeout
TcpMessagingSession - receive error
AssetImportWorkerClient::OnTransportError - code=2 error=End of file
AssetImportWorker is now disconnected from the server
Process exiting
Exiting without the bug reporter. Application will terminate with return code 0