Using pre-set license
Built from '2022.3/staging' branch; Version is '2022.3.26f1 (ec6cd8118806) revision 15494360'; Using compiler version '192829333'; Build Type 'Release'
OS: 'Windows 11  (10.0.22631) 64bit Core' Language: 'en' Physical Memory: 32469 MB
BatchMode: 1, IsHumanControllingUs: 0, StartBugReporterOnCrash: 0, Is64bit: 1, IsPro: 1

COMMAND LINE ARGUMENTS:
C:\Program Files\Unity\Hub\Editor\2022.3.26f1\Editor\Unity.exe
-adb2
-batchMode
-noUpm
-name
AssetImportWorker10
-projectPath
D:/pppp/the game/My project
-logFile
Logs/AssetImportWorker10.log
-srvPort
59929
Successfully changed project path to: D:/pppp/the game/My project
D:/pppp/the game/My project
[UnityMemory] Configuration Parameters - Can be set up in boot.config
    "memorysetup-bucket-allocator-granularity=16"
    "memorysetup-bucket-allocator-bucket-count=8"
    "memorysetup-bucket-allocator-block-size=33554432"
    "memorysetup-bucket-allocator-block-count=8"
    "memorysetup-main-allocator-block-size=16777216"
    "memorysetup-thread-allocator-block-size=16777216"
    "memorysetup-gfx-main-allocator-block-size=16777216"
    "memorysetup-gfx-thread-allocator-block-size=16777216"
    "memorysetup-cache-allocator-block-size=4194304"
    "memorysetup-typetree-allocator-block-size=2097152"
    "memorysetup-profiler-bucket-allocator-granularity=16"
    "memorysetup-profiler-bucket-allocator-bucket-count=8"
    "memorysetup-profiler-bucket-allocator-block-size=33554432"
    "memorysetup-profiler-bucket-allocator-block-count=8"
    "memorysetup-profiler-allocator-block-size=16777216"
    "memorysetup-profiler-editor-allocator-block-size=1048576"
    "memorysetup-temp-allocator-size-main=16777216"
    "memorysetup-job-temp-allocator-block-size=2097152"
    "memorysetup-job-temp-allocator-block-size-background=1048576"
    "memorysetup-job-temp-allocator-reduction-small-platforms=262144"
    "memorysetup-allocator-temp-initial-block-size-main=262144"
    "memorysetup-allocator-temp-initial-block-size-worker=262144"
    "memorysetup-temp-allocator-size-background-worker=32768"
    "memorysetup-temp-allocator-size-job-worker=262144"
    "memorysetup-temp-allocator-size-preload-manager=33554432"
    "memorysetup-temp-allocator-size-nav-mesh-worker=65536"
    "memorysetup-temp-allocator-size-audio-worker=65536"
    "memorysetup-temp-allocator-size-cloud-worker=32768"
    "memorysetup-temp-allocator-size-gi-baking-worker=262144"
    "memorysetup-temp-allocator-size-gfx=262144"
Player connection [31616] Host "[IP] 192.168.1.159 [Port] 0 [Flags] 2 [Guid] 2357391842 [EditorId] 2357391842 [Version] 1048832 [Id] WindowsEditor(7,MSI) [Debug] 1 [PackageName] WindowsEditor [ProjectName] Editor" joined multi-casting on [225.0.0.222:54997]...

Player connection [31616] Host "[IP] 192.168.1.159 [Port] 0 [Flags] 2 [Guid] 2357391842 [EditorId] 2357391842 [Version] 1048832 [Id] WindowsEditor(7,MSI) [Debug] 1 [PackageName] WindowsEditor [ProjectName] Editor" joined alternative multi-casting on [225.0.0.222:34997]...

[Physics::Module] Initialized MultithreadedJobDispatcher with 31 workers.
Refreshing native plugins compatible for Editor in 13.17 ms, found 3 plugins.
Preloading 0 native plugins for Editor in 0.00 ms.
Initialize engine version: 2022.3.26f1 (ec6cd8118806)
[Subsystems] Discovering subsystems at path C:/Program Files/Unity/Hub/Editor/2022.3.26f1/Editor/Data/Resources/UnitySubsystems
[Subsystems] Discovering subsystems at path D:/pppp/the game/My project/Assets
GfxDevice: creating device client; threaded=0; jobified=0
Direct3D:
    Version:  Direct3D 11.0 [level 11.1]
    Renderer: NVIDIA GeForce RTX 4080 Laptop GPU (ID=0x27a0)
    Vendor:   NVIDIA
    VRAM:     11997 MB
    Driver:   32.0.15.5585
Initialize mono
Mono path[0] = 'C:/Program Files/Unity/Hub/Editor/2022.3.26f1/Editor/Data/Managed'
Mono path[1] = 'C:/Program Files/Unity/Hub/Editor/2022.3.26f1/Editor/Data/MonoBleedingEdge/lib/mono/unityjit-win32'
Mono config path = 'C:/Program Files/Unity/Hub/Editor/2022.3.26f1/Editor/Data/MonoBleedingEdge/etc'
Using monoOptions --debugger-agent=transport=dt_socket,embedding=1,server=y,suspend=n,address=127.0.0.1:56408
Begin MonoManager ReloadAssembly
Registering precompiled unity dll's ...
Register platform support module: C:/Program Files/Unity/Hub/Editor/2022.3.26f1/Editor/Data/PlaybackEngines/WebGLSupport/UnityEditor.WebGL.Extensions.dll
Register platform support module: C:/Program Files/Unity/Hub/Editor/2022.3.26f1/Editor/Data/PlaybackEngines/AndroidPlayer/UnityEditor.Android.Extensions.dll
Register platform support module: C:/Program Files/Unity/Hub/Editor/2022.3.26f1/Editor/Data/PlaybackEngines/iOSSupport/UnityEditor.iOS.Extensions.dll
Register platform support module: C:/Program Files/Unity/Hub/Editor/2022.3.26f1/Editor/Data/PlaybackEngines/WindowsStandaloneSupport/UnityEditor.WindowsStandalone.Extensions.dll
Register platform support module: C:/Program Files/Unity/Hub/Editor/2022.3.26f1/Editor/Data/PlaybackEngines/MetroSupport/UnityEditor.UWP.Extensions.dll
Registered in 0.045120 seconds.
- Loaded All Assemblies, in  0.641 seconds
Native extension for UWP target not found
Native extension for WindowsStandalone target not found
[usbmuxd] Start listen thread
[usbmuxd] Listen thread started
Native extension for iOS target not found
Native extension for Android target not found
Android Extension - Scanning For ADB Devices 1422 ms
Native extension for WebGL target not found
Mono: successfully reloaded assembly
- Finished resetting the current domain, in  1.904 seconds
Domain Reload Profiling: 2539ms
	BeginReloadAssembly (133ms)
		ExecutionOrderSort (0ms)
		DisableScriptedObjects (0ms)
		BackupInstance (0ms)
		ReleaseScriptingObjects (0ms)
		CreateAndSetChildDomain (1ms)
	RebuildCommonClasses (51ms)
	RebuildNativeTypeToScriptingClass (13ms)
	initialDomainReloadingComplete (145ms)
	LoadAllAssembliesAndSetupDomain (294ms)
		LoadAssemblies (142ms)
		RebuildTransferFunctionScriptingTraits (0ms)
		AnalyzeDomain (279ms)
			TypeCache.Refresh (278ms)
				TypeCache.ScanAssembly (249ms)
			ScanForSourceGeneratedMonoScriptInfo (0ms)
			ResolveRequiredComponents (0ms)
	FinalizeReload (1904ms)
		ReleaseScriptCaches (0ms)
		RebuildScriptCaches (0ms)
		SetupLoadedEditorAssemblies (1834ms)
			LogAssemblyErrors (0ms)
			InitializePlatformSupportModulesInManaged (1594ms)
			SetLoadedEditorAssemblies (4ms)
			RefreshPlugins (0ms)
			BeforeProcessingInitializeOnLoad (2ms)
			ProcessInitializeOnLoadAttributes (128ms)
			ProcessInitializeOnLoadMethodAttributes (106ms)
			AfterProcessingInitializeOnLoad (0ms)
			EditorAssembliesLoaded (0ms)
		ExecutionOrderSort2 (0ms)
		AwakeInstancesAfterBackupRestoration (0ms)
========================================================================
Worker process is ready to serve import requests
Begin MonoManager ReloadAssembly
- Loaded All Assemblies, in  0.785 seconds
Refreshing native plugins compatible for Editor in 2.44 ms, found 3 plugins.
Native extension for UWP target not found
Native extension for WindowsStandalone target not found
Native extension for iOS target not found
Native extension for Android target not found
Native extension for WebGL target not found
Package Manager log level set to [2]
[Package Manager] Server::EnsureServerProcessIsRunning -- launch failed, reason: Unity was launched with the -noUpm command-line argument
[Package Manager] UpmClient::Send -- Unable to send message (not connected to UPM process).
[Package Manager] Cannot connect to Unity Package Manager local server
Mono: successfully reloaded assembly
- Finished resetting the current domain, in  0.577 seconds
Domain Reload Profiling: 1356ms
	BeginReloadAssembly (235ms)
		ExecutionOrderSort (0ms)
		DisableScriptedObjects (5ms)
		BackupInstance (0ms)
		ReleaseScriptingObjects (0ms)
		CreateAndSetChildDomain (17ms)
	RebuildCommonClasses (29ms)
	RebuildNativeTypeToScriptingClass (8ms)
	initialDomainReloadingComplete (58ms)
	LoadAllAssembliesAndSetupDomain (449ms)
		LoadAssemblies (441ms)
		RebuildTransferFunctionScriptingTraits (0ms)
		AnalyzeDomain (175ms)
			TypeCache.Refresh (158ms)
				TypeCache.ScanAssembly (142ms)
			ScanForSourceGeneratedMonoScriptInfo (12ms)
			ResolveRequiredComponents (4ms)
	FinalizeReload (577ms)
		ReleaseScriptCaches (0ms)
		RebuildScriptCaches (0ms)
		SetupLoadedEditorAssemblies (420ms)
			LogAssemblyErrors (0ms)
			InitializePlatformSupportModulesInManaged (48ms)
			SetLoadedEditorAssemblies (4ms)
			RefreshPlugins (0ms)
			BeforeProcessingInitializeOnLoad (58ms)
			ProcessInitializeOnLoadAttributes (278ms)
			ProcessInitializeOnLoadMethodAttributes (19ms)
			AfterProcessingInitializeOnLoad (12ms)
			EditorAssembliesLoaded (0ms)
		ExecutionOrderSort2 (0ms)
		AwakeInstancesAfterBackupRestoration (16ms)
Launched and connected shader compiler UnityShaderCompiler.exe after 0.14 seconds
Refreshing native plugins compatible for Editor in 3.56 ms, found 3 plugins.
Preloading 0 native plugins for Editor in 0.00 ms.
Unloading 3582 Unused Serialized files (Serialized files now loaded: 0)
Unloading 40 unused Assets / (58.1 KB). Loaded Objects now: 4052.
Memory consumption went from 147.9 MB to 147.8 MB.
Total: 2.958000 ms (FindLiveObjects: 0.277300 ms CreateObjectMapping: 0.108800 ms MarkObjects: 2.445600 ms  DeleteObjects: 0.124900 ms)

AssetImportParameters requested are different than current active one (requested -> active):
  custom:container-demuxer-ogg: 62fdf1f143b41e24485cea50d1cbac27 -> 
  custom:video-codec-MediaFoundation-h265: 746d11721c4dcdbdad8f713fa42b33f4 -> 
  custom:video-decoder-ogg-theora: a1e56fd34408186e4bbccfd4996cb3dc -> 
  custom:framework-win-MediaFoundation: 216162199b28c13a410421893ffa2e32 -> 
  custom:CustomObjectIndexerAttribute: 9a22284fe3817be447336de3de66b15e -> 
  custom:container-demuxer-webm: 4f35f7cbe854078d1ac9338744f61a02 -> 
  custom:container-muxer-webm: aa71ff27fc2769a1b78a27578f13a17b -> 
  custom:video-decoder-webm-vp8: 9c59270c3fd7afecdb556c50c9e8de78 -> 
  custom:SearchIndexIgnoredProperties: e643bd26f0fe6173181afceb89e7c659 -> 
  custom:AudioImporter_EditorPlatform: d09bf68614088b80899f8185d706f6e7 -> 
  custom:video-encoder-webm-vp8: eb34c28f22e8b96e1ab97ce403110664 -> 
  custom:audio-decoder-ogg-vorbis: bf7c407c2cedff20999df2af8eb42d56 -> 
  custom:audio-encoder-webm-vorbis: bf7c407c2cedff20999df2af8eb42d56 -> 
========================================================================
Received Import Request.
  Time since last request: 182884.248108 seconds.
  path: Assets/New Folder/SyntyStudios/PolygonAdventure/Models/Collision/SM_Env_Hedge_01_Snow_Convex 1.asset
  artifactKey: Guid(4f6c66982339f794db77e4b73a2a2893) Importer(815301076,1909f56bfc062723c751e8b465ee728b)
Start importing Assets/New Folder/SyntyStudios/PolygonAdventure/Models/Collision/SM_Env_Hedge_01_Snow_Convex 1.asset using Guid(4f6c66982339f794db77e4b73a2a2893) Importer(815301076,1909f56bfc062723c751e8b465ee728b)  -> (artifact id: 'e38edd91599ae629e8ad0ae4a7226e9e') in 0.090103 seconds
Number of updated asset objects reloaded before import = 0
Number of asset objects unloaded after import = 2
========================================================================
Received Import Request.
  Time since last request: 0.000015 seconds.
  path: Assets/New Folder/SyntyStudios/PolygonAdventure/Models/Collision/SM_Env_Flower_06_Convex.asset
  artifactKey: Guid(6bfc2b11b6f02014c86f937f6c0a4d49) Importer(815301076,1909f56bfc062723c751e8b465ee728b)
Start importing Assets/New Folder/SyntyStudios/PolygonAdventure/Models/Collision/SM_Env_Flower_06_Convex.asset using Guid(6bfc2b11b6f02014c86f937f6c0a4d49) Importer(815301076,1909f56bfc062723c751e8b465ee728b)  -> (artifact id: 'c1fbfa3d248ad2da9ba8f8a06204ec5d') in 0.014045 seconds
Number of updated asset objects reloaded before import = 0
Number of asset objects unloaded after import = 2
========================================================================
Received Import Request.
  Time since last request: 0.000013 seconds.
  path: Assets/New Folder/SyntyStudios/PolygonAdventure/Models/Collision/SM_Env_GroundMounds_03_Convex.asset
  artifactKey: Guid(e01dc1aee292aab4ead3701f889911c5) Importer(815301076,1909f56bfc062723c751e8b465ee728b)
Start importing Assets/New Folder/SyntyStudios/PolygonAdventure/Models/Collision/SM_Env_GroundMounds_03_Convex.asset using Guid(e01dc1aee292aab4ead3701f889911c5) Importer(815301076,1909f56bfc062723c751e8b465ee728b)  -> (artifact id: 'ac589bfbcd412faa9facf57ceec1f551') in 0.013496 seconds
Number of updated asset objects reloaded before import = 0
Number of asset objects unloaded after import = 2
========================================================================
Received Import Request.
  Time since last request: 0.000011 seconds.
  path: Assets/New Folder/SyntyStudios/PolygonAdventure/Models/Collision/SM_Env_CampFire_01_Convex.asset
  artifactKey: Guid(d76c4f3e6cf0e494b92f19db9ec030c7) Importer(815301076,1909f56bfc062723c751e8b465ee728b)
Start importing Assets/New Folder/SyntyStudios/PolygonAdventure/Models/Collision/SM_Env_CampFire_01_Convex.asset using Guid(d76c4f3e6cf0e494b92f19db9ec030c7) Importer(815301076,1909f56bfc062723c751e8b465ee728b)  -> (artifact id: 'b1986a0aedacdfc43c7c89f9546d1805') in 0.010925 seconds
Number of updated asset objects reloaded before import = 0
Number of asset objects unloaded after import = 2
========================================================================
Received Import Request.
  Time since last request: 0.000029 seconds.
  path: Assets/New Folder/SyntyStudios/PolygonAdventure/Models/Collision/SM_Env_Flower_02_Convex 1.asset
  artifactKey: Guid(197726c6ce2420c49b57b5c8808c9ff5) Importer(815301076,1909f56bfc062723c751e8b465ee728b)
Start importing Assets/New Folder/SyntyStudios/PolygonAdventure/Models/Collision/SM_Env_Flower_02_Convex 1.asset using Guid(197726c6ce2420c49b57b5c8808c9ff5) Importer(815301076,1909f56bfc062723c751e8b465ee728b)  -> (artifact id: '22c0356c3030a71501d4836ab9664c8b') in 0.015466 seconds
Number of updated asset objects reloaded before import = 0
Number of asset objects unloaded after import = 2
========================================================================
Received Import Request.
  Time since last request: 0.000014 seconds.
  path: Assets/New Folder/SyntyStudios/PolygonAdventure/Models/Collision/SM_Env_Bridge_01_Convex 1.asset
  artifactKey: Guid(1b4081d72179bbc4396520272e962413) Importer(815301076,1909f56bfc062723c751e8b465ee728b)
Start importing Assets/New Folder/SyntyStudios/PolygonAdventure/Models/Collision/SM_Env_Bridge_01_Convex 1.asset using Guid(1b4081d72179bbc4396520272e962413) Importer(815301076,1909f56bfc062723c751e8b465ee728b)  -> (artifact id: 'edecdc5ef421b07cbcb7cfe2823379bc') in 0.052204 seconds
Number of updated asset objects reloaded before import = 0
Number of asset objects unloaded after import = 6
========================================================================
Received Import Request.
  Time since last request: 0.000027 seconds.
  path: Assets/New Folder/SyntyStudios/PolygonAdventure/Models/Collision/SM_Env_Bush_03_Convex.asset
  artifactKey: Guid(129571983e7fd1b4ba968b3bd1fd38c0) Importer(815301076,1909f56bfc062723c751e8b465ee728b)
Start importing Assets/New Folder/SyntyStudios/PolygonAdventure/Models/Collision/SM_Env_Bush_03_Convex.asset using Guid(129571983e7fd1b4ba968b3bd1fd38c0) Importer(815301076,1909f56bfc062723c751e8b465ee728b)  -> (artifact id: '31d3a89752540121347e761d75cd1549') in 0.012726 seconds
Number of updated asset objects reloaded before import = 0
Number of asset objects unloaded after import = 2
========================================================================
Received Import Request.
  Time since last request: 0.000037 seconds.
  path: Assets/New Folder/SyntyStudios/PolygonAdventure/Models/Collision/SM_Env_Flower_01_Convex.asset
  artifactKey: Guid(43dcb3488a535544698be25572139d42) Importer(815301076,1909f56bfc062723c751e8b465ee728b)
Start importing Assets/New Folder/SyntyStudios/PolygonAdventure/Models/Collision/SM_Env_Flower_01_Convex.asset using Guid(43dcb3488a535544698be25572139d42) Importer(815301076,1909f56bfc062723c751e8b465ee728b)  -> (artifact id: '118e1a16a3a19d46fd3cb08e22d58c06') in 0.009762 seconds
Number of updated asset objects reloaded before import = 0
Number of asset objects unloaded after import = 2
========================================================================
Received Import Request.
  Time since last request: 0.000018 seconds.
  path: Assets/New Folder/SyntyStudios/PolygonAdventure/Models/Collision/SM_Env_Flower_07_Convex 1.asset
  artifactKey: Guid(65fce972f12028549832f77165e71cb7) Importer(815301076,1909f56bfc062723c751e8b465ee728b)
Start importing Assets/New Folder/SyntyStudios/PolygonAdventure/Models/Collision/SM_Env_Flower_07_Convex 1.asset using Guid(65fce972f12028549832f77165e71cb7) Importer(815301076,1909f56bfc062723c751e8b465ee728b)  -> (artifact id: '9d0d7dfd648440511772f1caf49398c7') in 0.018391 seconds
Number of updated asset objects reloaded before import = 0
Number of asset objects unloaded after import = 2
========================================================================
Received Import Request.
  Time since last request: 0.000012 seconds.
  path: Assets/New Folder/SyntyStudios/PolygonAdventure/Models/Collision/SM_Bld_Stall_Cover_03_Convex 2.asset
  artifactKey: Guid(6def4cbf6d197b54085d83b53d1250d0) Importer(815301076,1909f56bfc062723c751e8b465ee728b)
Start importing Assets/New Folder/SyntyStudios/PolygonAdventure/Models/Collision/SM_Bld_Stall_Cover_03_Convex 2.asset using Guid(6def4cbf6d197b54085d83b53d1250d0) Importer(815301076,1909f56bfc062723c751e8b465ee728b)  -> (artifact id: '2e9cdecc03a8bbd04f2abb38326dd1f1') in 0.039905 seconds
Number of updated asset objects reloaded before import = 0
Number of asset objects unloaded after import = 5
========================================================================
Received Import Request.
  Time since last request: 0.000015 seconds.
  path: Assets/New Folder/SyntyStudios/PolygonAdventure/Models/Collision/SM_Env_Flower_03_Convex.asset
  artifactKey: Guid(0e93f62ad80ee884281f5702a06a103e) Importer(815301076,1909f56bfc062723c751e8b465ee728b)
Start importing Assets/New Folder/SyntyStudios/PolygonAdventure/Models/Collision/SM_Env_Flower_03_Convex.asset using Guid(0e93f62ad80ee884281f5702a06a103e) Importer(815301076,1909f56bfc062723c751e8b465ee728b)  -> (artifact id: '0419c3fe29e893d56ddf8b316af16c0a') in 0.007112 seconds
Number of updated asset objects reloaded before import = 0
Number of asset objects unloaded after import = 2
========================================================================
Received Import Request.
  Time since last request: 0.022849 seconds.
  path: Assets/New Folder/SyntyStudios/PolygonAdventure/Models/Collision/SM_Bld_Stall_02_Convex 2.asset
  artifactKey: Guid(e2cf7897ae25481479c19e437a8d74eb) Importer(815301076,1909f56bfc062723c751e8b465ee728b)
Start importing Assets/New Folder/SyntyStudios/PolygonAdventure/Models/Collision/SM_Bld_Stall_02_Convex 2.asset using Guid(e2cf7897ae25481479c19e437a8d74eb) Importer(815301076,1909f56bfc062723c751e8b465ee728b)  -> (artifact id: '76938cd4a042e6f235e0b84aca8cbb66') in 0.012889 seconds
Number of updated asset objects reloaded before import = 0
Number of asset objects unloaded after import = 3
========================================================================
Received Import Request.
  Time since last request: 0.000015 seconds.
  path: Assets/New Folder/SyntyStudios/PolygonAdventure/Models/Collision/SM_Bld_Stall_03_Convex 2.asset
  artifactKey: Guid(cddc7a78e3fda7c438445be347550aa5) Importer(815301076,1909f56bfc062723c751e8b465ee728b)
Start importing Assets/New Folder/SyntyStudios/PolygonAdventure/Models/Collision/SM_Bld_Stall_03_Convex 2.asset using Guid(cddc7a78e3fda7c438445be347550aa5) Importer(815301076,1909f56bfc062723c751e8b465ee728b)  -> (artifact id: 'a35df7ee8a9dc252cb5ba3a20d39563d') in 0.014436 seconds
Number of updated asset objects reloaded before import = 0
Number of asset objects unloaded after import = 3
========================================================================
Received Import Request.
  Time since last request: 0.113026 seconds.
  path: Assets/New Folder/SyntyStudios/PolygonAdventure/Models/Collision/SM_Bld_Fence_02_Convex 1.asset
  artifactKey: Guid(2d25ca549d50b984a99cf17c168ac395) Importer(815301076,1909f56bfc062723c751e8b465ee728b)
Start importing Assets/New Folder/SyntyStudios/PolygonAdventure/Models/Collision/SM_Bld_Fence_02_Convex 1.asset using Guid(2d25ca549d50b984a99cf17c168ac395) Importer(815301076,1909f56bfc062723c751e8b465ee728b)  -> (artifact id: '1329f5ee747938cd79cd734890ecd2e9') in 0.015486 seconds
Number of updated asset objects reloaded before import = 0
Number of asset objects unloaded after import = 3
========================================================================
Received Import Request.
  Time since last request: 1.383053 seconds.
  path: Assets/New Folder/SyntyStudios/PolygonAdventure/Models/SM_Bld_Hut_01.fbx
  artifactKey: Guid(5a3cf3a6a3e684146ad267888009b1aa) Importer(815301076,1909f56bfc062723c751e8b465ee728b)
Start importing Assets/New Folder/SyntyStudios/PolygonAdventure/Models/SM_Bld_Hut_01.fbx using Guid(5a3cf3a6a3e684146ad267888009b1aa) Importer(815301076,1909f56bfc062723c751e8b465ee728b)  -> (artifact id: 'a31f766fe4b35cadfb158b242dfe3344') in 0.029969 seconds
Number of updated asset objects reloaded before import = 0
Number of asset objects unloaded after import = 7
========================================================================
Received Import Request.
  Time since last request: 0.000012 seconds.
  path: Assets/New Folder/SyntyStudios/PolygonAdventure/Models/SM_Env_Bush_03.fbx
  artifactKey: Guid(e5297133d4f53914995544ef65c95b32) Importer(815301076,1909f56bfc062723c751e8b465ee728b)
Start importing Assets/New Folder/SyntyStudios/PolygonAdventure/Models/SM_Env_Bush_03.fbx using Guid(e5297133d4f53914995544ef65c95b32) Importer(815301076,1909f56bfc062723c751e8b465ee728b)  -> (artifact id: 'df5ec5b18676fe53fbd6fc241d70ad7e') in 0.011735 seconds
Number of updated asset objects reloaded before import = 0
Number of asset objects unloaded after import = 7
========================================================================
Received Import Request.
  Time since last request: 0.000095 seconds.
  path: Assets/New Folder/SyntyStudios/PolygonAdventure/Models/SM_Env_GroundMounds_02.fbx
  artifactKey: Guid(423c4c0e14dc7c44296e30945f1061c2) Importer(815301076,1909f56bfc062723c751e8b465ee728b)
Start importing Assets/New Folder/SyntyStudios/PolygonAdventure/Models/SM_Env_GroundMounds_02.fbx using Guid(423c4c0e14dc7c44296e30945f1061c2) Importer(815301076,1909f56bfc062723c751e8b465ee728b)  -> (artifact id: '9bbf5c85b6c12d97a2623ca941489847') in 0.010698 seconds
Number of updated asset objects reloaded before import = 0
Number of asset objects unloaded after import = 7
========================================================================
Received Import Request.
  Time since last request: 0.000050 seconds.
  path: Assets/New Folder/SyntyStudios/PolygonAdventure/Models/SM_Env_Flower_06.fbx
  artifactKey: Guid(7e11692f5b422f74e80b8e733f57ed06) Importer(815301076,1909f56bfc062723c751e8b465ee728b)
Start importing Assets/New Folder/SyntyStudios/PolygonAdventure/Models/SM_Env_Flower_06.fbx using Guid(7e11692f5b422f74e80b8e733f57ed06) Importer(815301076,1909f56bfc062723c751e8b465ee728b)  -> (artifact id: 'bce75dd8a02ac77a6708ad21bcdd55c4') in 0.011042 seconds
Number of updated asset objects reloaded before import = 0
Number of asset objects unloaded after import = 7
========================================================================
Received Import Request.
  Time since last request: 0.000012 seconds.
  path: Assets/New Folder/SyntyStudios/PolygonAdventure/Models/SM_Env_Cloud_07.fbx
  artifactKey: Guid(2e785da9f39e34c4a861e80075f863cb) Importer(815301076,1909f56bfc062723c751e8b465ee728b)
Start importing Assets/New Folder/SyntyStudios/PolygonAdventure/Models/SM_Env_Cloud_07.fbx using Guid(2e785da9f39e34c4a861e80075f863cb) Importer(815301076,1909f56bfc062723c751e8b465ee728b)  -> (artifact id: 'e1c6912f27ff77aeae7965f8a69e16c8') in 0.012542 seconds
Number of updated asset objects reloaded before import = 0
Number of asset objects unloaded after import = 7
========================================================================
Received Import Request.
  Time since last request: 0.000020 seconds.
  path: Assets/New Folder/SyntyStudios/PolygonAdventure/Models/SM_Env_GroundMounds_09.fbx
  artifactKey: Guid(dd4e46dbbfbb9334f9f860f55fd5ab8f) Importer(815301076,1909f56bfc062723c751e8b465ee728b)
Start importing Assets/New Folder/SyntyStudios/PolygonAdventure/Models/SM_Env_GroundMounds_09.fbx using Guid(dd4e46dbbfbb9334f9f860f55fd5ab8f) Importer(815301076,1909f56bfc062723c751e8b465ee728b)  -> (artifact id: '9648acad3badfe4873bfe66732484ee3') in 0.009904 seconds
Number of updated asset objects reloaded before import = 0
Number of asset objects unloaded after import = 7
========================================================================
Received Import Request.
  Time since last request: 0.000052 seconds.
  path: Assets/New Folder/SyntyStudios/PolygonAdventure/Models/SM_Env_Flower_02.fbx
  artifactKey: Guid(e74c4c9858cbf1c40afb19ed3200fbaf) Importer(815301076,1909f56bfc062723c751e8b465ee728b)
Start importing Assets/New Folder/SyntyStudios/PolygonAdventure/Models/SM_Env_Flower_02.fbx using Guid(e74c4c9858cbf1c40afb19ed3200fbaf) Importer(815301076,1909f56bfc062723c751e8b465ee728b)  -> (artifact id: '7233c530aa1b0087caf18302076b3fdc') in 0.009525 seconds
Number of updated asset objects reloaded before import = 0
Number of asset objects unloaded after import = 7
========================================================================
Received Import Request.
  Time since last request: 0.000153 seconds.
  path: Assets/New Folder/SyntyStudios/PolygonAdventure/Models/SM_Bld_Stall_03.fbx
  artifactKey: Guid(6594d25f8f1fd9840ad606d7598e68c7) Importer(815301076,1909f56bfc062723c751e8b465ee728b)
Start importing Assets/New Folder/SyntyStudios/PolygonAdventure/Models/SM_Bld_Stall_03.fbx using Guid(6594d25f8f1fd9840ad606d7598e68c7) Importer(815301076,1909f56bfc062723c751e8b465ee728b)  -> (artifact id: 'b5e3d643e77a16cbdff05a5d54ab3174') in 0.012090 seconds
Number of updated asset objects reloaded before import = 0
Number of asset objects unloaded after import = 7
========================================================================
Received Import Request.
  Time since last request: 0.000023 seconds.
  path: Assets/New Folder/SyntyStudios/PolygonAdventure/Models/SM_Bld_Village_05.fbx
  artifactKey: Guid(c6c6dfc6304edcb43a47cb7a9594dd82) Importer(815301076,1909f56bfc062723c751e8b465ee728b)
Start importing Assets/New Folder/SyntyStudios/PolygonAdventure/Models/SM_Bld_Village_05.fbx using Guid(c6c6dfc6304edcb43a47cb7a9594dd82) Importer(815301076,1909f56bfc062723c751e8b465ee728b)  -> (artifact id: '144713849fdb2d57e3d94bdfebc4b1d6') in 0.018478 seconds
Number of updated asset objects reloaded before import = 0
Number of asset objects unloaded after import = 7
========================================================================
Received Import Request.
  Time since last request: 0.000013 seconds.
  path: Assets/New Folder/SyntyStudios/PolygonAdventure/Models/SM_Env_HillSnow_03.fbx
  artifactKey: Guid(32d4d81dbb72dd54e8a6a4af130dc436) Importer(815301076,1909f56bfc062723c751e8b465ee728b)
Start importing Assets/New Folder/SyntyStudios/PolygonAdventure/Models/SM_Env_HillSnow_03.fbx using Guid(32d4d81dbb72dd54e8a6a4af130dc436) Importer(815301076,1909f56bfc062723c751e8b465ee728b)  -> (artifact id: '8f5cbd4603bb15031ca56013e609f0a1') in 0.011434 seconds
Number of updated asset objects reloaded before import = 0
Number of asset objects unloaded after import = 7
========================================================================
Received Import Request.
  Time since last request: 49.049413 seconds.
  path: Assets/New Folder/SyntyStudios/PolygonSamples/PolygonSciFiCity/Models/SM_Wep_Pistol_01.fbx
  artifactKey: Guid(c101c51491133304da83e73ce3f34062) Importer(815301076,1909f56bfc062723c751e8b465ee728b)
Start importing Assets/New Folder/SyntyStudios/PolygonSamples/PolygonSciFiCity/Models/SM_Wep_Pistol_01.fbx using Guid(c101c51491133304da83e73ce3f34062) Importer(815301076,1909f56bfc062723c751e8b465ee728b)  -> (artifact id: '4861adeb85181d7f3d5797231e74dd29') in 0.096194 seconds
Number of updated asset objects reloaded before import = 0
Number of asset objects unloaded after import = 17
========================================================================
Received Prepare
Begin MonoManager ReloadAssembly
- Loaded All Assemblies, in  0.630 seconds
Refreshing native plugins compatible for Editor in 3.47 ms, found 3 plugins.
Native extension for UWP target not found
Native extension for WindowsStandalone target not found
Native extension for iOS target not found
Native extension for Android target not found
Native extension for WebGL target not found
[Package Manager] Server::EnsureServerProcessIsRunning -- launch failed, reason: Unity was launched with the -noUpm command-line argument
[Package Manager] UpmClient::Send -- Unable to send message (not connected to UPM process).
[Package Manager] Cannot connect to Unity Package Manager local server
Mono: successfully reloaded assembly
- Finished resetting the current domain, in  1.069 seconds
Domain Reload Profiling: 1693ms
	BeginReloadAssembly (297ms)
		ExecutionOrderSort (0ms)
		DisableScriptedObjects (2ms)
		BackupInstance (0ms)
		ReleaseScriptingObjects (0ms)
		CreateAndSetChildDomain (27ms)
	RebuildCommonClasses (28ms)
	RebuildNativeTypeToScriptingClass (7ms)
	initialDomainReloadingComplete (29ms)
	LoadAllAssembliesAndSetupDomain (263ms)
		LoadAssemblies (488ms)
		RebuildTransferFunctionScriptingTraits (0ms)
		AnalyzeDomain (17ms)
			TypeCache.Refresh (8ms)
				TypeCache.ScanAssembly (0ms)
			ScanForSourceGeneratedMonoScriptInfo (0ms)
			ResolveRequiredComponents (7ms)
	FinalizeReload (1069ms)
		ReleaseScriptCaches (0ms)
		RebuildScriptCaches (0ms)
		SetupLoadedEditorAssemblies (485ms)
			LogAssemblyErrors (0ms)
			InitializePlatformSupportModulesInManaged (58ms)
			SetLoadedEditorAssemblies (5ms)
			RefreshPlugins (0ms)
			BeforeProcessingInitializeOnLoad (70ms)
			ProcessInitializeOnLoadAttributes (317ms)
			ProcessInitializeOnLoadMethodAttributes (19ms)
			AfterProcessingInitializeOnLoad (18ms)
			EditorAssembliesLoaded (0ms)
		ExecutionOrderSort2 (0ms)
		AwakeInstancesAfterBackupRestoration (73ms)
Refreshing native plugins compatible for Editor in 4.73 ms, found 3 plugins.
Preloading 0 native plugins for Editor in 0.00 ms.
Unloading 3556 Unused Serialized files (Serialized files now loaded: 0)
Unloading 24 unused Assets / (31.2 KB). Loaded Objects now: 4066.
Memory consumption went from 141.9 MB to 141.9 MB.
Total: 3.779100 ms (FindLiveObjects: 0.232000 ms CreateObjectMapping: 0.108300 ms MarkObjects: 3.387900 ms  DeleteObjects: 0.050100 ms)

Prepare: number of updated asset objects reloaded= 0
AssetImportParameters requested are different than current active one (requested -> active):
  custom:container-demuxer-ogg: 62fdf1f143b41e24485cea50d1cbac27 -> 
  custom:video-codec-MediaFoundation-h265: 746d11721c4dcdbdad8f713fa42b33f4 -> 
  custom:video-decoder-ogg-theora: a1e56fd34408186e4bbccfd4996cb3dc -> 
  custom:framework-win-MediaFoundation: 216162199b28c13a410421893ffa2e32 -> 
  custom:CustomObjectIndexerAttribute: 9a22284fe3817be447336de3de66b15e -> 
  custom:container-demuxer-webm: 4f35f7cbe854078d1ac9338744f61a02 -> 
  custom:container-muxer-webm: aa71ff27fc2769a1b78a27578f13a17b -> 
  custom:video-decoder-webm-vp8: 9c59270c3fd7afecdb556c50c9e8de78 -> 
  custom:SearchIndexIgnoredProperties: e643bd26f0fe6173181afceb89e7c659 -> 
  custom:AudioImporter_EditorPlatform: d09bf68614088b80899f8185d706f6e7 -> 
  custom:video-encoder-webm-vp8: eb34c28f22e8b96e1ab97ce403110664 -> 
  custom:audio-decoder-ogg-vorbis: bf7c407c2cedff20999df2af8eb42d56 -> 
  custom:audio-encoder-webm-vorbis: bf7c407c2cedff20999df2af8eb42d56 -> 
========================================================================
Received Import Request.
  Time since last request: 82.534185 seconds.
  path: Assets/New Folder/SyntyStudios/PolygonAdventure/Prefabs/Props
  artifactKey: Guid(2df11cdbe6aea244cad22b7b049caf19) Importer(815301076,1909f56bfc062723c751e8b465ee728b)
Start importing Assets/New Folder/SyntyStudios/PolygonAdventure/Prefabs/Props using Guid(2df11cdbe6aea244cad22b7b049caf19) Importer(815301076,1909f56bfc062723c751e8b465ee728b)  -> (artifact id: '2b82798bc8536b04c1718ee3e098cc6b') in 0.002621 seconds
Number of updated asset objects reloaded before import = 0
Number of asset objects unloaded after import = 0
========================================================================
Received Import Request.
  Time since last request: 0.058376 seconds.
  path: Assets/New Folder/SyntyStudios/PolygonAdventure/Prefabs/Props/SM_Prop_Barrel_01.prefab
  artifactKey: Guid(ea39c929a43fec843a8747fa0f34346e) Importer(815301076,1909f56bfc062723c751e8b465ee728b)
Start importing Assets/New Folder/SyntyStudios/PolygonAdventure/Prefabs/Props/SM_Prop_Barrel_01.prefab using Guid(ea39c929a43fec843a8747fa0f34346e) Importer(815301076,1909f56bfc062723c751e8b465ee728b)  -> (artifact id: 'da52dde0a719442113206696e52622e4') in 0.045565 seconds
Number of updated asset objects reloaded before import = 0
Number of asset objects unloaded after import = 11
========================================================================
Received Import Request.
  Time since last request: 0.029901 seconds.
  path: Assets/New Folder/SyntyStudios/PolygonAdventure/Prefabs/Props/SM_Prop_Basket_03.prefab
  artifactKey: Guid(d9b3a115a210dd242aec65164919e678) Importer(815301076,1909f56bfc062723c751e8b465ee728b)
Start importing Assets/New Folder/SyntyStudios/PolygonAdventure/Prefabs/Props/SM_Prop_Basket_03.prefab using Guid(d9b3a115a210dd242aec65164919e678) Importer(815301076,1909f56bfc062723c751e8b465ee728b)  -> (artifact id: 'f32077c9d5851e93dd5e5ebff1389fc6') in 0.007815 seconds
Number of updated asset objects reloaded before import = 0
Number of asset objects unloaded after import = 11
========================================================================
Received Import Request.
  Time since last request: 0.000013 seconds.
  path: Assets/New Folder/SyntyStudios/PolygonAdventure/Prefabs/Props/SM_Prop_Basket_02.prefab
  artifactKey: Guid(7c9db1abedcdc2443bde7301346f4dc3) Importer(815301076,1909f56bfc062723c751e8b465ee728b)
Start importing Assets/New Folder/SyntyStudios/PolygonAdventure/Prefabs/Props/SM_Prop_Basket_02.prefab using Guid(7c9db1abedcdc2443bde7301346f4dc3) Importer(815301076,1909f56bfc062723c751e8b465ee728b)  -> (artifact id: '0663b64bd52f097e2b4ed43625c63300') in 0.006751 seconds
Number of updated asset objects reloaded before import = 0
Number of asset objects unloaded after import = 13
========================================================================
Received Import Request.
  Time since last request: 0.000011 seconds.
  path: Assets/New Folder/SyntyStudios/PolygonAdventure/Prefabs/Props/SM_Prop_Book_01.prefab
  artifactKey: Guid(20fba2d07ecf8bf4f949e6e9c195c7b5) Importer(815301076,1909f56bfc062723c751e8b465ee728b)
Start importing Assets/New Folder/SyntyStudios/PolygonAdventure/Prefabs/Props/SM_Prop_Book_01.prefab using Guid(20fba2d07ecf8bf4f949e6e9c195c7b5) Importer(815301076,1909f56bfc062723c751e8b465ee728b)  -> (artifact id: 'cc78868dd57a85d806f2ab60044a8283') in 0.006866 seconds
Number of updated asset objects reloaded before import = 0
Number of asset objects unloaded after import = 10
========================================================================
Received Import Request.
  Time since last request: 0.000011 seconds.
  path: Assets/New Folder/SyntyStudios/PolygonAdventure/Prefabs/Props/SM_Prop_Book_03.prefab
  artifactKey: Guid(e9155916723d2f541a53f1db112851c8) Importer(815301076,1909f56bfc062723c751e8b465ee728b)
Start importing Assets/New Folder/SyntyStudios/PolygonAdventure/Prefabs/Props/SM_Prop_Book_03.prefab using Guid(e9155916723d2f541a53f1db112851c8) Importer(815301076,1909f56bfc062723c751e8b465ee728b)  -> (artifact id: '5baaa672233f255966eeb5359f2e7299') in 0.006661 seconds
Number of updated asset objects reloaded before import = 0
Number of asset objects unloaded after import = 10
========================================================================
Received Import Request.
  Time since last request: 0.002399 seconds.
  path: Assets/New Folder/SyntyStudios/PolygonAdventure/Prefabs/Props/SM_Prop_Cart_02.prefab
  artifactKey: Guid(f3fc066d1e9548f4d80eea3f373183de) Importer(815301076,1909f56bfc062723c751e8b465ee728b)
Start importing Assets/New Folder/SyntyStudios/PolygonAdventure/Prefabs/Props/SM_Prop_Cart_02.prefab using Guid(f3fc066d1e9548f4d80eea3f373183de) Importer(815301076,1909f56bfc062723c751e8b465ee728b)  -> (artifact id: 'e8c90838d7bb1e40bf4133185dc1f2ce') in 0.007412 seconds
Number of updated asset objects reloaded before import = 0
Number of asset objects unloaded after import = 17
========================================================================
Received Import Request.
  Time since last request: 0.002897 seconds.
  path: Assets/New Folder/SyntyStudios/PolygonAdventure/Prefabs/Props/SM_Prop_Cart_Wheel_01.prefab
  artifactKey: Guid(02eae6cf7b6c5d040bae88762a05569e) Importer(815301076,1909f56bfc062723c751e8b465ee728b)
Start importing Assets/New Folder/SyntyStudios/PolygonAdventure/Prefabs/Props/SM_Prop_Cart_Wheel_01.prefab using Guid(02eae6cf7b6c5d040bae88762a05569e) Importer(815301076,1909f56bfc062723c751e8b465ee728b)  -> (artifact id: '342a425e810e1b5f48076feb71a8aacc') in 0.006608 seconds
Number of updated asset objects reloaded before import = 0
Number of asset objects unloaded after import = 11
========================================================================
Received Import Request.
  Time since last request: 0.003192 seconds.
  path: Assets/New Folder/SyntyStudios/PolygonAdventure/Prefabs/Props/SM_Prop_Cheese_02.prefab
  artifactKey: Guid(419d48a3ccca1474ab18ed62c87ead45) Importer(815301076,1909f56bfc062723c751e8b465ee728b)
Start importing Assets/New Folder/SyntyStudios/PolygonAdventure/Prefabs/Props/SM_Prop_Cheese_02.prefab using Guid(419d48a3ccca1474ab18ed62c87ead45) Importer(815301076,1909f56bfc062723c751e8b465ee728b)  -> (artifact id: '10dadb3b0f5a17db8e656bd868fc729f') in 0.007031 seconds
Number of updated asset objects reloaded before import = 0
Number of asset objects unloaded after import = 11
========================================================================
Received Import Request.
  Time since last request: 0.001780 seconds.
  path: Assets/New Folder/SyntyStudios/PolygonAdventure/Prefabs/Props/SM_Prop_Chest_01.prefab
  artifactKey: Guid(1c64fbe146825d4439e21d3a3c64b4fb) Importer(815301076,1909f56bfc062723c751e8b465ee728b)
Start importing Assets/New Folder/SyntyStudios/PolygonAdventure/Prefabs/Props/SM_Prop_Chest_01.prefab using Guid(1c64fbe146825d4439e21d3a3c64b4fb) Importer(815301076,1909f56bfc062723c751e8b465ee728b)  -> (artifact id: 'cf17f5a3f5235421385f1cf431000f50') in 0.006842 seconds
Number of updated asset objects reloaded before import = 0
Number of asset objects unloaded after import = 15
========================================================================
Received Import Request.
  Time since last request: 0.003552 seconds.
  path: Assets/New Folder/SyntyStudios/PolygonAdventure/Prefabs/Props/SM_Prop_Crate_02.prefab
  artifactKey: Guid(b02bc145bce4ede4da8151c54b21e0e0) Importer(815301076,1909f56bfc062723c751e8b465ee728b)
Start importing Assets/New Folder/SyntyStudios/PolygonAdventure/Prefabs/Props/SM_Prop_Crate_02.prefab using Guid(b02bc145bce4ede4da8151c54b21e0e0) Importer(815301076,1909f56bfc062723c751e8b465ee728b)  -> (artifact id: '9fb1dc46a6b8a7ac9767eaf199d42c9c') in 0.006675 seconds
Number of updated asset objects reloaded before import = 0
Number of asset objects unloaded after import = 10
========================================================================
Received Import Request.
  Time since last request: 0.001892 seconds.
  path: Assets/New Folder/SyntyStudios/PolygonAdventure/Prefabs/Props/SM_Prop_Loghalf_02.prefab
  artifactKey: Guid(5d1af32b190f8e44690741c9848080fd) Importer(815301076,1909f56bfc062723c751e8b465ee728b)
Start importing Assets/New Folder/SyntyStudios/PolygonAdventure/Prefabs/Props/SM_Prop_Loghalf_02.prefab using Guid(5d1af32b190f8e44690741c9848080fd) Importer(815301076,1909f56bfc062723c751e8b465ee728b)  -> (artifact id: '31b4aa7a695484461d0f6200690ed41a') in 0.006445 seconds
Number of updated asset objects reloaded before import = 0
Number of asset objects unloaded after import = 11
========================================================================
Received Import Request.
  Time since last request: 0.002774 seconds.
  path: Assets/New Folder/SyntyStudios/PolygonAdventure/Prefabs/Props/SM_Prop_Meat_01.prefab
  artifactKey: Guid(bb338a73e103b3f45b0e8d1badd57ac4) Importer(815301076,1909f56bfc062723c751e8b465ee728b)
Start importing Assets/New Folder/SyntyStudios/PolygonAdventure/Prefabs/Props/SM_Prop_Meat_01.prefab using Guid(bb338a73e103b3f45b0e8d1badd57ac4) Importer(815301076,1909f56bfc062723c751e8b465ee728b)  -> (artifact id: '163de5b2755131cdaf5053c31d197469') in 0.006455 seconds
Number of updated asset objects reloaded before import = 0
Number of asset objects unloaded after import = 13
========================================================================
Received Import Request.
  Time since last request: 0.003345 seconds.
  path: Assets/New Folder/SyntyStudios/PolygonAdventure/Prefabs/Props/SM_Prop_Meat_03.prefab
  artifactKey: Guid(b4d7adf251295d348a0e35db42b6c24f) Importer(815301076,1909f56bfc062723c751e8b465ee728b)
Start importing Assets/New Folder/SyntyStudios/PolygonAdventure/Prefabs/Props/SM_Prop_Meat_03.prefab using Guid(b4d7adf251295d348a0e35db42b6c24f) Importer(815301076,1909f56bfc062723c751e8b465ee728b)  -> (artifact id: '04e509ef23ae150115e5c274ae7be1ab') in 0.007061 seconds
Number of updated asset objects reloaded before import = 0
Number of asset objects unloaded after import = 11
========================================================================
Received Import Request.
  Time since last request: 0.002651 seconds.
  path: Assets/New Folder/SyntyStudios/PolygonAdventure/Prefabs/Props/SM_Prop_Pot_02.prefab
  artifactKey: Guid(386068bed8b5c18419802b44c6cc68b3) Importer(815301076,1909f56bfc062723c751e8b465ee728b)
Start importing Assets/New Folder/SyntyStudios/PolygonAdventure/Prefabs/Props/SM_Prop_Pot_02.prefab using Guid(386068bed8b5c18419802b44c6cc68b3) Importer(815301076,1909f56bfc062723c751e8b465ee728b)  -> (artifact id: '36e6f051d51ef04cb4b67596ff6321fb') in 0.007955 seconds
Number of updated asset objects reloaded before import = 0
Number of asset objects unloaded after import = 13
========================================================================
Received Import Request.
  Time since last request: 0.002733 seconds.
  path: Assets/New Folder/SyntyStudios/PolygonAdventure/Prefabs/Props/SM_Prop_Pumpkin_01.prefab
  artifactKey: Guid(626f1b816ba1ee64a9f7cea6ceb529cd) Importer(815301076,1909f56bfc062723c751e8b465ee728b)
Start importing Assets/New Folder/SyntyStudios/PolygonAdventure/Prefabs/Props/SM_Prop_Pumpkin_01.prefab using Guid(626f1b816ba1ee64a9f7cea6ceb529cd) Importer(815301076,1909f56bfc062723c751e8b465ee728b)  -> (artifact id: '3a0a76f9916276ba3f3215b184847c50') in 0.007262 seconds
Number of updated asset objects reloaded before import = 0
Number of asset objects unloaded after import = 11
========================================================================
Received Import Request.
  Time since last request: 0.003273 seconds.
  path: Assets/New Folder/SyntyStudios/PolygonAdventure/Prefabs/Props/SM_Prop_RoadSign_01.prefab
  artifactKey: Guid(cf6871bb3104ec44c9b52e64356323d6) Importer(815301076,1909f56bfc062723c751e8b465ee728b)
Start importing Assets/New Folder/SyntyStudios/PolygonAdventure/Prefabs/Props/SM_Prop_RoadSign_01.prefab using Guid(cf6871bb3104ec44c9b52e64356323d6) Importer(815301076,1909f56bfc062723c751e8b465ee728b)  -> (artifact id: 'f03fc41b659641f79edb37def0da2678') in 0.007222 seconds
Number of updated asset objects reloaded before import = 0
Number of asset objects unloaded after import = 13
========================================================================
Received Import Request.
  Time since last request: 0.004778 seconds.
  path: Assets/New Folder/SyntyStudios/PolygonAdventure/Prefabs/Props/SM_Prop_Sack_02.prefab
  artifactKey: Guid(092ae17ef10fe5a41a76f5f4549496de) Importer(815301076,1909f56bfc062723c751e8b465ee728b)
Start importing Assets/New Folder/SyntyStudios/PolygonAdventure/Prefabs/Props/SM_Prop_Sack_02.prefab using Guid(092ae17ef10fe5a41a76f5f4549496de) Importer(815301076,1909f56bfc062723c751e8b465ee728b)  -> (artifact id: '52bb446c91a6fc1baab7f546f9e816e3') in 0.006199 seconds
Number of updated asset objects reloaded before import = 0
Number of asset objects unloaded after import = 11
========================================================================
Received Import Request.
  Time since last request: 0.003370 seconds.
  path: Assets/New Folder/SyntyStudios/PolygonAdventure/Prefabs/Props/SM_Prop_Sack_04.prefab
  artifactKey: Guid(ab6ea215bbf83ba4b83fb52db15d1cc3) Importer(815301076,1909f56bfc062723c751e8b465ee728b)
Start importing Assets/New Folder/SyntyStudios/PolygonAdventure/Prefabs/Props/SM_Prop_Sack_04.prefab using Guid(ab6ea215bbf83ba4b83fb52db15d1cc3) Importer(815301076,1909f56bfc062723c751e8b465ee728b)  -> (artifact id: 'ea4e77adcb2989e6319e0a828f6845b2') in 0.006514 seconds
Number of updated asset objects reloaded before import = 0
Number of asset objects unloaded after import = 11
========================================================================
Received Import Request.
  Time since last request: 0.004571 seconds.
  path: Assets/New Folder/SyntyStudios/PolygonAdventure/Prefabs/Props/SM_Prop_Scroll_02.prefab
  artifactKey: Guid(72aa2efe8b551544cb5146ddebd8cfde) Importer(815301076,1909f56bfc062723c751e8b465ee728b)
Start importing Assets/New Folder/SyntyStudios/PolygonAdventure/Prefabs/Props/SM_Prop_Scroll_02.prefab using Guid(72aa2efe8b551544cb5146ddebd8cfde) Importer(815301076,1909f56bfc062723c751e8b465ee728b)  -> (artifact id: '74f1fd4dc7aa3676c46a86cca17c4dfd') in 0.006367 seconds
Number of updated asset objects reloaded before import = 0
Number of asset objects unloaded after import = 13
========================================================================
Received Import Request.
  Time since last request: 0.003870 seconds.
  path: Assets/New Folder/SyntyStudios/PolygonAdventure/Prefabs/Props/SM_Prop_StoneBlock_01.prefab
  artifactKey: Guid(769a4c83e09c8fb4c93fd2b1eff616f7) Importer(815301076,1909f56bfc062723c751e8b465ee728b)
Start importing Assets/New Folder/SyntyStudios/PolygonAdventure/Prefabs/Props/SM_Prop_StoneBlock_01.prefab using Guid(769a4c83e09c8fb4c93fd2b1eff616f7) Importer(815301076,1909f56bfc062723c751e8b465ee728b)  -> (artifact id: '22621e0175446f17bca6b5e9df5b50cd') in 0.006364 seconds
Number of updated asset objects reloaded before import = 0
Number of asset objects unloaded after import = 10
========================================================================
Received Import Request.
  Time since last request: 0.004258 seconds.
  path: Assets/New Folder/SyntyStudios/PolygonAdventure/Prefabs/Props/SM_Prop_Washingline_02.prefab
  artifactKey: Guid(943c0f8dc3578984b84661a400c512f0) Importer(815301076,1909f56bfc062723c751e8b465ee728b)
Start importing Assets/New Folder/SyntyStudios/PolygonAdventure/Prefabs/Props/SM_Prop_Washingline_02.prefab using Guid(943c0f8dc3578984b84661a400c512f0) Importer(815301076,1909f56bfc062723c751e8b465ee728b)  -> (artifact id: 'f978d4221bf14af425426251f1c755a3') in 0.006716 seconds
Number of updated asset objects reloaded before import = 0
Number of asset objects unloaded after import = 13
========================================================================
Received Import Request.
  Time since last request: 3.184016 seconds.
  path: Assets/New Folder/SyntyStudios/PolygonAdventure/Prefabs/Items
  artifactKey: Guid(9723f8fec00d69d478f61d8d06156d19) Importer(815301076,1909f56bfc062723c751e8b465ee728b)
Start importing Assets/New Folder/SyntyStudios/PolygonAdventure/Prefabs/Items using Guid(9723f8fec00d69d478f61d8d06156d19) Importer(815301076,1909f56bfc062723c751e8b465ee728b)  -> (artifact id: 'd20583d7a35dbb9a8a7605258e944229') in 0.000389 seconds
Number of updated asset objects reloaded before import = 0
Number of asset objects unloaded after import = 0
========================================================================
Received Import Request.
  Time since last request: 0.064994 seconds.
  path: Assets/New Folder/SyntyStudios/PolygonAdventure/Prefabs/Items/SM_Item_Canteen_01.prefab
  artifactKey: Guid(7f2d17faeec5e784e83bf7070475e4c5) Importer(815301076,1909f56bfc062723c751e8b465ee728b)
Start importing Assets/New Folder/SyntyStudios/PolygonAdventure/Prefabs/Items/SM_Item_Canteen_01.prefab using Guid(7f2d17faeec5e784e83bf7070475e4c5) Importer(815301076,1909f56bfc062723c751e8b465ee728b)  -> (artifact id: 'dd04e9f1016a0c1e067ecfffef6eec36') in 0.008144 seconds
Number of updated asset objects reloaded before import = 0
Number of asset objects unloaded after import = 11
========================================================================
Received Import Request.
  Time since last request: 0.003613 seconds.
  path: Assets/New Folder/SyntyStudios/PolygonAdventure/Prefabs/Items/SM_Item_Fruit_02.prefab
  artifactKey: Guid(13bc7e8dc4a1fce4fb5bd7665ebc3013) Importer(815301076,1909f56bfc062723c751e8b465ee728b)
Start importing Assets/New Folder/SyntyStudios/PolygonAdventure/Prefabs/Items/SM_Item_Fruit_02.prefab using Guid(13bc7e8dc4a1fce4fb5bd7665ebc3013) Importer(815301076,1909f56bfc062723c751e8b465ee728b)  -> (artifact id: 'c52ae2797c8365c326382c6dbb4f8860') in 0.006921 seconds
Number of updated asset objects reloaded before import = 0
Number of asset objects unloaded after import = 11
========================================================================
Received Import Request.
  Time since last request: 0.004433 seconds.
  path: Assets/New Folder/SyntyStudios/PolygonAdventure/Prefabs/Items/SM_Item_Gourd_01.prefab
  artifactKey: Guid(3d7bdd799a8760f4d81f2adf2391268c) Importer(815301076,1909f56bfc062723c751e8b465ee728b)
Start importing Assets/New Folder/SyntyStudios/PolygonAdventure/Prefabs/Items/SM_Item_Gourd_01.prefab using Guid(3d7bdd799a8760f4d81f2adf2391268c) Importer(815301076,1909f56bfc062723c751e8b465ee728b)  -> (artifact id: '04d734afc778267dc0dff80bedb934a1') in 0.007218 seconds
Number of updated asset objects reloaded before import = 0
Number of asset objects unloaded after import = 11
========================================================================
Received Import Request.
  Time since last request: 0.005281 seconds.
  path: Assets/New Folder/SyntyStudios/PolygonAdventure/Prefabs/Items/SM_Item_Lantern_02.prefab
  artifactKey: Guid(4584be541115cdc4bbf6147fe22347b2) Importer(815301076,1909f56bfc062723c751e8b465ee728b)
Start importing Assets/New Folder/SyntyStudios/PolygonAdventure/Prefabs/Items/SM_Item_Lantern_02.prefab using Guid(4584be541115cdc4bbf6147fe22347b2) Importer(815301076,1909f56bfc062723c751e8b465ee728b)  -> (artifact id: '0069d2eaa8e2ae94064c995fde1e208c') in 0.007352 seconds
Number of updated asset objects reloaded before import = 0
Number of asset objects unloaded after import = 11
========================================================================
Received Import Request.
  Time since last request: 0.004020 seconds.
  path: Assets/New Folder/SyntyStudios/PolygonAdventure/Prefabs/Items/SM_Item_Potion_02.prefab
  artifactKey: Guid(aaf66617a9239884aa44a5f00e14bfc5) Importer(815301076,1909f56bfc062723c751e8b465ee728b)
Start importing Assets/New Folder/SyntyStudios/PolygonAdventure/Prefabs/Items/SM_Item_Potion_02.prefab using Guid(aaf66617a9239884aa44a5f00e14bfc5) Importer(815301076,1909f56bfc062723c751e8b465ee728b)  -> (artifact id: '326b4d736ae3e94c94ba2f74f5ddfb70') in 0.006848 seconds
Number of updated asset objects reloaded before import = 0
Number of asset objects unloaded after import = 11
========================================================================
Received Import Request.
  Time since last request: 0.002569 seconds.
  path: Assets/New Folder/SyntyStudios/PolygonAdventure/Prefabs/Items/SM_Item_Potion_04.prefab
  artifactKey: Guid(a23fb293000fa8e4c80503409c5c14dc) Importer(815301076,1909f56bfc062723c751e8b465ee728b)
Start importing Assets/New Folder/SyntyStudios/PolygonAdventure/Prefabs/Items/SM_Item_Potion_04.prefab using Guid(a23fb293000fa8e4c80503409c5c14dc) Importer(815301076,1909f56bfc062723c751e8b465ee728b)  -> (artifact id: 'bb465fde2756d477c9de69fef6a57e8b') in 0.007349 seconds
Number of updated asset objects reloaded before import = 0
Number of asset objects unloaded after import = 11
========================================================================
Received Import Request.
  Time since last request: 0.003914 seconds.
  path: Assets/New Folder/SyntyStudios/PolygonAdventure/Prefabs/Items/SM_Item_Potion_06.prefab
  artifactKey: Guid(b373728dd20868a4984b51608d54225b) Importer(815301076,1909f56bfc062723c751e8b465ee728b)
Start importing Assets/New Folder/SyntyStudios/PolygonAdventure/Prefabs/Items/SM_Item_Potion_06.prefab using Guid(b373728dd20868a4984b51608d54225b) Importer(815301076,1909f56bfc062723c751e8b465ee728b)  -> (artifact id: 'edaa8e6253eaffbb9fffbc3bd83c7965') in 0.006587 seconds
Number of updated asset objects reloaded before import = 0
Number of asset objects unloaded after import = 11
========================================================================
Received Import Request.
  Time since last request: 0.004534 seconds.
  path: Assets/New Folder/SyntyStudios/PolygonAdventure/Prefabs/Items/SM_Item_Waterskin_01.prefab
  artifactKey: Guid(bddadfa1910975c49913f0e7de5f535e) Importer(815301076,1909f56bfc062723c751e8b465ee728b)
Start importing Assets/New Folder/SyntyStudios/PolygonAdventure/Prefabs/Items/SM_Item_Waterskin_01.prefab using Guid(bddadfa1910975c49913f0e7de5f535e) Importer(815301076,1909f56bfc062723c751e8b465ee728b)  -> (artifact id: '911aac3e2f17ff9f6d99b0bdb9c9ad3b') in 0.007820 seconds
Number of updated asset objects reloaded before import = 0
Number of asset objects unloaded after import = 11
========================================================================
Received Import Request.
  Time since last request: 0.002220 seconds.
  path: Assets/New Folder/SyntyStudios/PolygonAdventure/Prefabs/Items/SM_Item_Wine_02.prefab
  artifactKey: Guid(0e356c1cc31375f45b1544c3dab4f5cf) Importer(815301076,1909f56bfc062723c751e8b465ee728b)
Start importing Assets/New Folder/SyntyStudios/PolygonAdventure/Prefabs/Items/SM_Item_Wine_02.prefab using Guid(0e356c1cc31375f45b1544c3dab4f5cf) Importer(815301076,1909f56bfc062723c751e8b465ee728b)  -> (artifact id: '5fbad1ff9cf32aa298b9456a8b0e34be') in 0.008044 seconds
Number of updated asset objects reloaded before import = 0
Number of asset objects unloaded after import = 11
========================================================================
Received Import Request.
  Time since last request: 10.846778 seconds.
  path: Assets/New Folder/SyntyStudios/PolygonAdventure/Scenes
  artifactKey: Guid(304624cd77e81b142a89f7c3158c1bbf) Importer(815301076,1909f56bfc062723c751e8b465ee728b)
Start importing Assets/New Folder/SyntyStudios/PolygonAdventure/Scenes using Guid(304624cd77e81b142a89f7c3158c1bbf) Importer(815301076,1909f56bfc062723c751e8b465ee728b)  -> (artifact id: '1e4ac3d5cbd682c83a207f184edd2064') in 0.000454 seconds
Number of updated asset objects reloaded before import = 0
Number of asset objects unloaded after import = 0
========================================================================
Received Import Request.
  Time since last request: 4.588740 seconds.
  path: Assets/New Folder/SyntyStudios/PolygonAdventure/Scenes/Demo.unity
  artifactKey: Guid(e120d0e37ab427a4cb1c20085b85c472) Importer(815301076,1909f56bfc062723c751e8b465ee728b)
Start importing Assets/New Folder/SyntyStudios/PolygonAdventure/Scenes/Demo.unity using Guid(e120d0e37ab427a4cb1c20085b85c472) Importer(815301076,1909f56bfc062723c751e8b465ee728b)  -> (artifact id: '1d3425b127cee7ab19535a571d873052') in 0.000302 seconds
Number of updated asset objects reloaded before import = 0
Number of asset objects unloaded after import = 0
========================================================================
Received Prepare
Begin MonoManager ReloadAssembly
- Loaded All Assemblies, in  0.364 seconds
Refreshing native plugins compatible for Editor in 2.17 ms, found 3 plugins.
Native extension for UWP target not found
Native extension for WindowsStandalone target not found
Native extension for iOS target not found
Native extension for Android target not found
Native extension for WebGL target not found
[Package Manager] Server::EnsureServerProcessIsRunning -- launch failed, reason: Unity was launched with the -noUpm command-line argument
[Package Manager] UpmClient::Send -- Unable to send message (not connected to UPM process).
[Package Manager] Cannot connect to Unity Package Manager local server
Mono: successfully reloaded assembly
- Finished resetting the current domain, in  0.775 seconds
Domain Reload Profiling: 1136ms
	BeginReloadAssembly (135ms)
		ExecutionOrderSort (0ms)
		DisableScriptedObjects (3ms)
		BackupInstance (0ms)
		ReleaseScriptingObjects (0ms)
		CreateAndSetChildDomain (22ms)
	RebuildCommonClasses (21ms)
	RebuildNativeTypeToScriptingClass (6ms)
	initialDomainReloadingComplete (25ms)
	LoadAllAssembliesAndSetupDomain (173ms)
		LoadAssemblies (248ms)
		RebuildTransferFunctionScriptingTraits (0ms)
		AnalyzeDomain (9ms)
			TypeCache.Refresh (4ms)
				TypeCache.ScanAssembly (0ms)
			ScanForSourceGeneratedMonoScriptInfo (0ms)
			ResolveRequiredComponents (4ms)
	FinalizeReload (776ms)
		ReleaseScriptCaches (0ms)
		RebuildScriptCaches (0ms)
		SetupLoadedEditorAssemblies (375ms)
			LogAssemblyErrors (0ms)
			InitializePlatformSupportModulesInManaged (43ms)
			SetLoadedEditorAssemblies (4ms)
			RefreshPlugins (0ms)
			BeforeProcessingInitializeOnLoad (51ms)
			ProcessInitializeOnLoadAttributes (249ms)
			ProcessInitializeOnLoadMethodAttributes (15ms)
			AfterProcessingInitializeOnLoad (14ms)
			EditorAssembliesLoaded (0ms)
		ExecutionOrderSort2 (0ms)
		AwakeInstancesAfterBackupRestoration (42ms)
Refreshing native plugins compatible for Editor in 3.59 ms, found 3 plugins.
Preloading 0 native plugins for Editor in 0.00 ms.
Unloading 3556 Unused Serialized files (Serialized files now loaded: 0)
Unloading 24 unused Assets / (31.2 KB). Loaded Objects now: 4069.
Memory consumption went from 141.9 MB to 141.9 MB.
Total: 2.586000 ms (FindLiveObjects: 0.186200 ms CreateObjectMapping: 0.085500 ms MarkObjects: 2.260600 ms  DeleteObjects: 0.052900 ms)

Prepare: number of updated asset objects reloaded= 0
AssetImportParameters requested are different than current active one (requested -> active):
  custom:container-demuxer-ogg: 62fdf1f143b41e24485cea50d1cbac27 -> 
  custom:video-codec-MediaFoundation-h265: 746d11721c4dcdbdad8f713fa42b33f4 -> 
  custom:video-decoder-ogg-theora: a1e56fd34408186e4bbccfd4996cb3dc -> 
  custom:framework-win-MediaFoundation: 216162199b28c13a410421893ffa2e32 -> 
  custom:CustomObjectIndexerAttribute: 9a22284fe3817be447336de3de66b15e -> 
  custom:container-demuxer-webm: 4f35f7cbe854078d1ac9338744f61a02 -> 
  custom:container-muxer-webm: aa71ff27fc2769a1b78a27578f13a17b -> 
  custom:video-decoder-webm-vp8: 9c59270c3fd7afecdb556c50c9e8de78 -> 
  custom:SearchIndexIgnoredProperties: e643bd26f0fe6173181afceb89e7c659 -> 
  custom:AudioImporter_EditorPlatform: d09bf68614088b80899f8185d706f6e7 -> 
  custom:video-encoder-webm-vp8: eb34c28f22e8b96e1ab97ce403110664 -> 
  custom:audio-decoder-ogg-vorbis: bf7c407c2cedff20999df2af8eb42d56 -> 
  custom:audio-encoder-webm-vorbis: bf7c407c2cedff20999df2af8eb42d56 -> 
========================================================================
Received Import Request.
  Time since last request: 111.758492 seconds.
  path: Assets/Scenes/Level1.unity
  artifactKey: Guid(101f91b88765dab49ad0bec889452869) Importer(815301076,1909f56bfc062723c751e8b465ee728b)
Start importing Assets/Scenes/Level1.unity using Guid(101f91b88765dab49ad0bec889452869) Importer(815301076,1909f56bfc062723c751e8b465ee728b)  -> (artifact id: '21204adc1a88cf4ca00112901928471e') in 0.002666 seconds
Number of updated asset objects reloaded before import = 0
Number of asset objects unloaded after import = 0
