Using pre-set license
Built from '2022.3/staging' branch; Version is '2022.3.26f1 (ec6cd8118806) revision 15494360'; Using compiler version '192829333'; Build Type 'Release'
OS: 'Windows 11  (10.0.22631) 64bit Core' Language: 'en' Physical Memory: 32469 MB
BatchMode: 1, IsHumanControllingUs: 0, StartBugReporterOnCrash: 0, Is64bit: 1, IsPro: 1

COMMAND LINE ARGUMENTS:
C:\Program Files\Unity\Hub\Editor\2022.3.26f1\Editor\Unity.exe
-adb2
-batchMode
-noUpm
-name
AssetImportWorker13
-projectPath
D:/pppp/the game/My project
-logFile
Logs/AssetImportWorker13.log
-srvPort
62585
Successfully changed project path to: D:/pppp/the game/My project
D:/pppp/the game/My project
[UnityMemory] Configuration Parameters - Can be set up in boot.config
    "memorysetup-bucket-allocator-granularity=16"
    "memorysetup-bucket-allocator-bucket-count=8"
    "memorysetup-bucket-allocator-block-size=33554432"
    "memorysetup-bucket-allocator-block-count=8"
    "memorysetup-main-allocator-block-size=16777216"
    "memorysetup-thread-allocator-block-size=16777216"
    "memorysetup-gfx-main-allocator-block-size=16777216"
    "memorysetup-gfx-thread-allocator-block-size=16777216"
    "memorysetup-cache-allocator-block-size=4194304"
    "memorysetup-typetree-allocator-block-size=2097152"
    "memorysetup-profiler-bucket-allocator-granularity=16"
    "memorysetup-profiler-bucket-allocator-bucket-count=8"
    "memorysetup-profiler-bucket-allocator-block-size=33554432"
    "memorysetup-profiler-bucket-allocator-block-count=8"
    "memorysetup-profiler-allocator-block-size=16777216"
    "memorysetup-profiler-editor-allocator-block-size=1048576"
    "memorysetup-temp-allocator-size-main=16777216"
    "memorysetup-job-temp-allocator-block-size=2097152"
    "memorysetup-job-temp-allocator-block-size-background=1048576"
    "memorysetup-job-temp-allocator-reduction-small-platforms=262144"
    "memorysetup-allocator-temp-initial-block-size-main=262144"
    "memorysetup-allocator-temp-initial-block-size-worker=262144"
    "memorysetup-temp-allocator-size-background-worker=32768"
    "memorysetup-temp-allocator-size-job-worker=262144"
    "memorysetup-temp-allocator-size-preload-manager=33554432"
    "memorysetup-temp-allocator-size-nav-mesh-worker=65536"
    "memorysetup-temp-allocator-size-audio-worker=65536"
    "memorysetup-temp-allocator-size-cloud-worker=32768"
    "memorysetup-temp-allocator-size-gi-baking-worker=262144"
    "memorysetup-temp-allocator-size-gfx=262144"
Player connection [40172] Host "[IP] 192.168.1.159 [Port] 0 [Flags] 2 [Guid] 268520858 [EditorId] 268520858 [Version] 1048832 [Id] WindowsEditor(7,MSI) [Debug] 1 [PackageName] WindowsEditor [ProjectName] Editor" joined multi-casting on [225.0.0.222:54997]...

Player connection [40172] Host "[IP] 192.168.1.159 [Port] 0 [Flags] 2 [Guid] 268520858 [EditorId] 268520858 [Version] 1048832 [Id] WindowsEditor(7,MSI) [Debug] 1 [PackageName] WindowsEditor [ProjectName] Editor" joined alternative multi-casting on [225.0.0.222:34997]...

[Physics::Module] Initialized MultithreadedJobDispatcher with 31 workers.
Refreshing native plugins compatible for Editor in 10.17 ms, found 3 plugins.
Preloading 0 native plugins for Editor in 0.00 ms.
Initialize engine version: 2022.3.26f1 (ec6cd8118806)
[Subsystems] Discovering subsystems at path C:/Program Files/Unity/Hub/Editor/2022.3.26f1/Editor/Data/Resources/UnitySubsystems
[Subsystems] Discovering subsystems at path D:/pppp/the game/My project/Assets
GfxDevice: creating device client; threaded=0; jobified=0
Direct3D:
    Version:  Direct3D 11.0 [level 11.1]
    Renderer: NVIDIA GeForce RTX 4080 Laptop GPU (ID=0x27a0)
    Vendor:   NVIDIA
    VRAM:     11997 MB
    Driver:   32.0.15.5585
Initialize mono
Mono path[0] = 'C:/Program Files/Unity/Hub/Editor/2022.3.26f1/Editor/Data/Managed'
Mono path[1] = 'C:/Program Files/Unity/Hub/Editor/2022.3.26f1/Editor/Data/MonoBleedingEdge/lib/mono/unityjit-win32'
Mono config path = 'C:/Program Files/Unity/Hub/Editor/2022.3.26f1/Editor/Data/MonoBleedingEdge/etc'
Using monoOptions --debugger-agent=transport=dt_socket,embedding=1,server=y,suspend=n,address=127.0.0.1:56348
Begin MonoManager ReloadAssembly
Registering precompiled unity dll's ...
Register platform support module: C:/Program Files/Unity/Hub/Editor/2022.3.26f1/Editor/Data/PlaybackEngines/WebGLSupport/UnityEditor.WebGL.Extensions.dll
Register platform support module: C:/Program Files/Unity/Hub/Editor/2022.3.26f1/Editor/Data/PlaybackEngines/AndroidPlayer/UnityEditor.Android.Extensions.dll
Register platform support module: C:/Program Files/Unity/Hub/Editor/2022.3.26f1/Editor/Data/PlaybackEngines/iOSSupport/UnityEditor.iOS.Extensions.dll
Register platform support module: C:/Program Files/Unity/Hub/Editor/2022.3.26f1/Editor/Data/PlaybackEngines/WindowsStandaloneSupport/UnityEditor.WindowsStandalone.Extensions.dll
Register platform support module: C:/Program Files/Unity/Hub/Editor/2022.3.26f1/Editor/Data/PlaybackEngines/MetroSupport/UnityEditor.UWP.Extensions.dll
Registered in 0.025787 seconds.
- Loaded All Assemblies, in  0.324 seconds
Native extension for UWP target not found
Native extension for WindowsStandalone target not found
[usbmuxd] Start listen thread
[usbmuxd] Listen thread started
Native extension for iOS target not found
Native extension for Android target not found
Android Extension - Scanning For ADB Devices 1589 ms
Native extension for WebGL target not found
Mono: successfully reloaded assembly
- Finished resetting the current domain, in  1.867 seconds
Domain Reload Profiling: 2188ms
	BeginReloadAssembly (110ms)
		ExecutionOrderSort (0ms)
		DisableScriptedObjects (0ms)
		BackupInstance (0ms)
		ReleaseScriptingObjects (0ms)
		CreateAndSetChildDomain (0ms)
	RebuildCommonClasses (25ms)
	RebuildNativeTypeToScriptingClass (6ms)
	initialDomainReloadingComplete (69ms)
	LoadAllAssembliesAndSetupDomain (110ms)
		LoadAssemblies (109ms)
		RebuildTransferFunctionScriptingTraits (0ms)
		AnalyzeDomain (106ms)
			TypeCache.Refresh (105ms)
				TypeCache.ScanAssembly (95ms)
			ScanForSourceGeneratedMonoScriptInfo (0ms)
			ResolveRequiredComponents (0ms)
	FinalizeReload (1867ms)
		ReleaseScriptCaches (0ms)
		RebuildScriptCaches (0ms)
		SetupLoadedEditorAssemblies (1827ms)
			LogAssemblyErrors (0ms)
			InitializePlatformSupportModulesInManaged (1698ms)
			SetLoadedEditorAssemblies (4ms)
			RefreshPlugins (0ms)
			BeforeProcessingInitializeOnLoad (1ms)
			ProcessInitializeOnLoadAttributes (69ms)
			ProcessInitializeOnLoadMethodAttributes (55ms)
			AfterProcessingInitializeOnLoad (0ms)
			EditorAssembliesLoaded (0ms)
		ExecutionOrderSort2 (0ms)
		AwakeInstancesAfterBackupRestoration (0ms)
========================================================================
Worker process is ready to serve import requests
Begin MonoManager ReloadAssembly
- Loaded All Assemblies, in  0.551 seconds
Refreshing native plugins compatible for Editor in 2.65 ms, found 3 plugins.
Native extension for UWP target not found
Native extension for WindowsStandalone target not found
Native extension for iOS target not found
Native extension for Android target not found
Native extension for WebGL target not found
Package Manager log level set to [2]
[Package Manager] Server::EnsureServerProcessIsRunning -- launch failed, reason: Unity was launched with the -noUpm command-line argument
[Package Manager] UpmClient::Send -- Unable to send message (not connected to UPM process).
[Package Manager] Cannot connect to Unity Package Manager local server
Mono: successfully reloaded assembly
- Finished resetting the current domain, in  0.481 seconds
Domain Reload Profiling: 1027ms
	BeginReloadAssembly (141ms)
		ExecutionOrderSort (0ms)
		DisableScriptedObjects (3ms)
		BackupInstance (0ms)
		ReleaseScriptingObjects (0ms)
		CreateAndSetChildDomain (14ms)
	RebuildCommonClasses (24ms)
	RebuildNativeTypeToScriptingClass (6ms)
	initialDomainReloadingComplete (35ms)
	LoadAllAssembliesAndSetupDomain (340ms)
		LoadAssemblies (310ms)
		RebuildTransferFunctionScriptingTraits (0ms)
		AnalyzeDomain (132ms)
			TypeCache.Refresh (117ms)
				TypeCache.ScanAssembly (104ms)
			ScanForSourceGeneratedMonoScriptInfo (10ms)
			ResolveRequiredComponents (4ms)
	FinalizeReload (481ms)
		ReleaseScriptCaches (0ms)
		RebuildScriptCaches (0ms)
		SetupLoadedEditorAssemblies (354ms)
			LogAssemblyErrors (0ms)
			InitializePlatformSupportModulesInManaged (35ms)
			SetLoadedEditorAssemblies (2ms)
			RefreshPlugins (0ms)
			BeforeProcessingInitializeOnLoad (46ms)
			ProcessInitializeOnLoadAttributes (247ms)
			ProcessInitializeOnLoadMethodAttributes (13ms)
			AfterProcessingInitializeOnLoad (11ms)
			EditorAssembliesLoaded (0ms)
		ExecutionOrderSort2 (0ms)
		AwakeInstancesAfterBackupRestoration (11ms)
Launched and connected shader compiler UnityShaderCompiler.exe after 0.08 seconds
Refreshing native plugins compatible for Editor in 4.14 ms, found 3 plugins.
Preloading 0 native plugins for Editor in 0.00 ms.
Unloading 3582 Unused Serialized files (Serialized files now loaded: 0)
Unloading 40 unused Assets / (58.3 KB). Loaded Objects now: 4052.
Memory consumption went from 148.0 MB to 147.9 MB.
Total: 2.395500 ms (FindLiveObjects: 0.182300 ms CreateObjectMapping: 0.046300 ms MarkObjects: 2.067100 ms  DeleteObjects: 0.099000 ms)

AssetImportParameters requested are different than current active one (requested -> active):
  custom:container-demuxer-ogg: 62fdf1f143b41e24485cea50d1cbac27 -> 
  custom:video-codec-MediaFoundation-h265: 746d11721c4dcdbdad8f713fa42b33f4 -> 
  custom:video-decoder-ogg-theora: a1e56fd34408186e4bbccfd4996cb3dc -> 
  custom:framework-win-MediaFoundation: 216162199b28c13a410421893ffa2e32 -> 
  custom:CustomObjectIndexerAttribute: 9a22284fe3817be447336de3de66b15e -> 
  custom:container-demuxer-webm: 4f35f7cbe854078d1ac9338744f61a02 -> 
  custom:container-muxer-webm: aa71ff27fc2769a1b78a27578f13a17b -> 
  custom:video-decoder-webm-vp8: 9c59270c3fd7afecdb556c50c9e8de78 -> 
  custom:SearchIndexIgnoredProperties: e643bd26f0fe6173181afceb89e7c659 -> 
  custom:AudioImporter_EditorPlatform: d09bf68614088b80899f8185d706f6e7 -> 
  custom:video-encoder-webm-vp8: eb34c28f22e8b96e1ab97ce403110664 -> 
  custom:audio-decoder-ogg-vorbis: bf7c407c2cedff20999df2af8eb42d56 -> 
  custom:audio-encoder-webm-vorbis: bf7c407c2cedff20999df2af8eb42d56 -> 
========================================================================
Received Import Request.
  Time since last request: 69234.078738 seconds.
  path: Assets/AssetPackages/SyntyStudios/PolygonAdventure/Prefabs/Buildings/SM_Bld_Hut_01_Snow.prefab
  artifactKey: Guid(970346f953bb5014ab233dc57c73bafb) Importer(815301076,1909f56bfc062723c751e8b465ee728b)
Start importing Assets/AssetPackages/SyntyStudios/PolygonAdventure/Prefabs/Buildings/SM_Bld_Hut_01_Snow.prefab using Guid(970346f953bb5014ab233dc57c73bafb) Importer(815301076,1909f56bfc062723c751e8b465ee728b)  -> (artifact id: '1efd5dfaefb02906c41e100d68f89650') in 0.072592 seconds
Number of updated asset objects reloaded before import = 0
Number of asset objects unloaded after import = 13
========================================================================
Received Import Request.
  Time since last request: 0.000013 seconds.
  path: Assets/AssetPackages/SyntyStudios/PolygonAdventure/Prefabs/Buildings/SM_Bld_Wall_01.prefab
  artifactKey: Guid(76d0990ce6d878544bdb1bc9f388dbce) Importer(815301076,1909f56bfc062723c751e8b465ee728b)
Start importing Assets/AssetPackages/SyntyStudios/PolygonAdventure/Prefabs/Buildings/SM_Bld_Wall_01.prefab using Guid(76d0990ce6d878544bdb1bc9f388dbce) Importer(815301076,1909f56bfc062723c751e8b465ee728b)  -> (artifact id: 'c6848a31100a8352235314b5089ff141') in 0.008604 seconds
Number of updated asset objects reloaded before import = 0
Number of asset objects unloaded after import = 11
========================================================================
Received Import Request.
  Time since last request: 958.171184 seconds.
  path: Assets/AssetPackages/SyntyStudios/PolygonKnights
  artifactKey: Guid(ac6578e844140674e8c14fa859b26b6c) Importer(815301076,1909f56bfc062723c751e8b465ee728b)
Start importing Assets/AssetPackages/SyntyStudios/PolygonKnights using Guid(ac6578e844140674e8c14fa859b26b6c) Importer(815301076,1909f56bfc062723c751e8b465ee728b)  -> (artifact id: '4c90188911fc8d8076b396308a0ed560') in 0.000804 seconds
Number of updated asset objects reloaded before import = 0
Number of asset objects unloaded after import = 0
========================================================================
Received Import Request.
  Time since last request: 1.866123 seconds.
  path: Assets/AssetPackages/SyntyStudios/PolygonKnights/Prefabs
  artifactKey: Guid(4e52f214e54e70c4b9f8bd8ddd19b61f) Importer(815301076,1909f56bfc062723c751e8b465ee728b)
Start importing Assets/AssetPackages/SyntyStudios/PolygonKnights/Prefabs using Guid(4e52f214e54e70c4b9f8bd8ddd19b61f) Importer(815301076,1909f56bfc062723c751e8b465ee728b)  -> (artifact id: '697ff605e97c49c77279e85ad19854e8') in 0.000292 seconds
Number of updated asset objects reloaded before import = 0
Number of asset objects unloaded after import = 0
========================================================================
Received Import Request.
  Time since last request: 1.734517 seconds.
  path: Assets/AssetPackages/SyntyStudios/PolygonKnights/Prefabs/Buildings
  artifactKey: Guid(78f51ef4f0e9564489d2cc46de3480e7) Importer(815301076,1909f56bfc062723c751e8b465ee728b)
Start importing Assets/AssetPackages/SyntyStudios/PolygonKnights/Prefabs/Buildings using Guid(78f51ef4f0e9564489d2cc46de3480e7) Importer(815301076,1909f56bfc062723c751e8b465ee728b)  -> (artifact id: '668b3ee440556c62be09fc916f5dcd9e') in 0.000305 seconds
Number of updated asset objects reloaded before import = 0
Number of asset objects unloaded after import = 0
========================================================================
Received Import Request.
  Time since last request: 0.095512 seconds.
  path: Assets/AssetPackages/SyntyStudios/PolygonKnights/Prefabs/Buildings/SM_Bld_ArrowSlit_01.prefab
  artifactKey: Guid(ab129feaa0ed57d48bb75ae596344439) Importer(815301076,1909f56bfc062723c751e8b465ee728b)
Start importing Assets/AssetPackages/SyntyStudios/PolygonKnights/Prefabs/Buildings/SM_Bld_ArrowSlit_01.prefab using Guid(ab129feaa0ed57d48bb75ae596344439) Importer(815301076,1909f56bfc062723c751e8b465ee728b)  -> (artifact id: 'fa923e1b87526ee52ac32c3cc78d5f50') in 0.016996 seconds
Number of updated asset objects reloaded before import = 0
Number of asset objects unloaded after import = 11
========================================================================
Received Import Request.
  Time since last request: 0.000606 seconds.
  path: Assets/AssetPackages/SyntyStudios/PolygonKnights/Prefabs/Buildings/SM_Bld_Castle_Door_01.prefab
  artifactKey: Guid(89ece42cbeee51544aacc46371afce2a) Importer(815301076,1909f56bfc062723c751e8b465ee728b)
Start importing Assets/AssetPackages/SyntyStudios/PolygonKnights/Prefabs/Buildings/SM_Bld_Castle_Door_01.prefab using Guid(89ece42cbeee51544aacc46371afce2a) Importer(815301076,1909f56bfc062723c751e8b465ee728b)  -> (artifact id: 'bf3fad6edda17e51549771b20afeab1c') in 0.008073 seconds
Number of updated asset objects reloaded before import = 0
Number of asset objects unloaded after import = 21
========================================================================
Received Import Request.
  Time since last request: 0.003889 seconds.
  path: Assets/AssetPackages/SyntyStudios/PolygonKnights/Prefabs/Buildings/SM_Bld_Castle_Flagpole_01.prefab
  artifactKey: Guid(d27315a8551b44044a8042a19932c483) Importer(815301076,1909f56bfc062723c751e8b465ee728b)
Start importing Assets/AssetPackages/SyntyStudios/PolygonKnights/Prefabs/Buildings/SM_Bld_Castle_Flagpole_01.prefab using Guid(d27315a8551b44044a8042a19932c483) Importer(815301076,1909f56bfc062723c751e8b465ee728b)  -> (artifact id: '060d0d25ab7928d19105ef0c7b2ec97d') in 0.007828 seconds
Number of updated asset objects reloaded before import = 0
Number of asset objects unloaded after import = 11
========================================================================
Received Import Request.
  Time since last request: 0.004099 seconds.
  path: Assets/AssetPackages/SyntyStudios/PolygonKnights/Prefabs/Buildings/SM_Bld_Castle_Pillar_01.prefab
  artifactKey: Guid(c62ebd6969ff1124792ffb1a88aa399a) Importer(815301076,1909f56bfc062723c751e8b465ee728b)
Start importing Assets/AssetPackages/SyntyStudios/PolygonKnights/Prefabs/Buildings/SM_Bld_Castle_Pillar_01.prefab using Guid(c62ebd6969ff1124792ffb1a88aa399a) Importer(815301076,1909f56bfc062723c751e8b465ee728b)  -> (artifact id: '5baf96eef2eb7cdc45cc219112a5c748') in 0.007699 seconds
Number of updated asset objects reloaded before import = 0
Number of asset objects unloaded after import = 11
========================================================================
Received Import Request.
  Time since last request: 0.003934 seconds.
  path: Assets/AssetPackages/SyntyStudios/PolygonKnights/Prefabs/Buildings/SM_Bld_Castle_Tower_01.prefab
  artifactKey: Guid(b1ad8ef6890687249a641abef8e26baf) Importer(815301076,1909f56bfc062723c751e8b465ee728b)
Start importing Assets/AssetPackages/SyntyStudios/PolygonKnights/Prefabs/Buildings/SM_Bld_Castle_Tower_01.prefab using Guid(b1ad8ef6890687249a641abef8e26baf) Importer(815301076,1909f56bfc062723c751e8b465ee728b)  -> (artifact id: 'cc42f6bc14535b22ba91f6d52ec5cf79') in 0.009186 seconds
Number of updated asset objects reloaded before import = 0
Number of asset objects unloaded after import = 11
========================================================================
Received Import Request.
  Time since last request: 0.000489 seconds.
  path: Assets/AssetPackages/SyntyStudios/PolygonKnights/Prefabs/Buildings/SM_Bld_Castle_Tower_02.prefab
  artifactKey: Guid(092595d39c7f3fe40bc19e13323f824d) Importer(815301076,1909f56bfc062723c751e8b465ee728b)
Start importing Assets/AssetPackages/SyntyStudios/PolygonKnights/Prefabs/Buildings/SM_Bld_Castle_Tower_02.prefab using Guid(092595d39c7f3fe40bc19e13323f824d) Importer(815301076,1909f56bfc062723c751e8b465ee728b)  -> (artifact id: 'db67f28ee698652aaf85b474699f34c9') in 0.007127 seconds
Number of updated asset objects reloaded before import = 0
Number of asset objects unloaded after import = 11
========================================================================
Received Import Request.
  Time since last request: 0.002636 seconds.
  path: Assets/AssetPackages/SyntyStudios/PolygonKnights/Prefabs/Buildings/SM_Bld_Castle_Tower_03.prefab
  artifactKey: Guid(5a16fbe844697354eaafd84247d55985) Importer(815301076,1909f56bfc062723c751e8b465ee728b)
Start importing Assets/AssetPackages/SyntyStudios/PolygonKnights/Prefabs/Buildings/SM_Bld_Castle_Tower_03.prefab using Guid(5a16fbe844697354eaafd84247d55985) Importer(815301076,1909f56bfc062723c751e8b465ee728b)  -> (artifact id: 'fedbefb9366546ccf0903f5cb6f2d86e') in 0.007611 seconds
Number of updated asset objects reloaded before import = 0
Number of asset objects unloaded after import = 11
========================================================================
Received Import Request.
  Time since last request: 0.003214 seconds.
  path: Assets/AssetPackages/SyntyStudios/PolygonKnights/Prefabs/Buildings/SM_Bld_Castle_Tower_04.prefab
  artifactKey: Guid(6cc63cba898ace244bba643423dfda2e) Importer(815301076,1909f56bfc062723c751e8b465ee728b)
Start importing Assets/AssetPackages/SyntyStudios/PolygonKnights/Prefabs/Buildings/SM_Bld_Castle_Tower_04.prefab using Guid(6cc63cba898ace244bba643423dfda2e) Importer(815301076,1909f56bfc062723c751e8b465ee728b)  -> (artifact id: '40d0d8681e032732943f2ad095daaba3') in 0.007628 seconds
Number of updated asset objects reloaded before import = 0
Number of asset objects unloaded after import = 11
========================================================================
Received Import Request.
  Time since last request: 0.001720 seconds.
  path: Assets/AssetPackages/SyntyStudios/PolygonKnights/Prefabs/Buildings/SM_Bld_Castle_Tower_Base_01.prefab
  artifactKey: Guid(b6f3dfbb5c58a34489071b09c45b8f94) Importer(815301076,1909f56bfc062723c751e8b465ee728b)
Start importing Assets/AssetPackages/SyntyStudios/PolygonKnights/Prefabs/Buildings/SM_Bld_Castle_Tower_Base_01.prefab using Guid(b6f3dfbb5c58a34489071b09c45b8f94) Importer(815301076,1909f56bfc062723c751e8b465ee728b)  -> (artifact id: '1a60f83d1ddd50ecf524785e3f8ad22c') in 0.007619 seconds
Number of updated asset objects reloaded before import = 0
Number of asset objects unloaded after import = 11
========================================================================
Received Import Request.
  Time since last request: 0.001491 seconds.
  path: Assets/AssetPackages/SyntyStudios/PolygonKnights/Prefabs/Buildings/SM_Bld_Castle_Tower_Mini_01.prefab
  artifactKey: Guid(98ab284b689f29148afb10f5b7f09992) Importer(815301076,1909f56bfc062723c751e8b465ee728b)
Start importing Assets/AssetPackages/SyntyStudios/PolygonKnights/Prefabs/Buildings/SM_Bld_Castle_Tower_Mini_01.prefab using Guid(98ab284b689f29148afb10f5b7f09992) Importer(815301076,1909f56bfc062723c751e8b465ee728b)  -> (artifact id: '6e561e58a6779d0df4ffa558ad22d673') in 0.007432 seconds
Number of updated asset objects reloaded before import = 0
Number of asset objects unloaded after import = 11
========================================================================
Received Import Request.
  Time since last request: 0.001988 seconds.
  path: Assets/AssetPackages/SyntyStudios/PolygonKnights/Prefabs/Buildings/SM_Bld_Castle_Tower_Mini_02.prefab
  artifactKey: Guid(858952fd9f8e74140bf57e65ddc472ed) Importer(815301076,1909f56bfc062723c751e8b465ee728b)
Start importing Assets/AssetPackages/SyntyStudios/PolygonKnights/Prefabs/Buildings/SM_Bld_Castle_Tower_Mini_02.prefab using Guid(858952fd9f8e74140bf57e65ddc472ed) Importer(815301076,1909f56bfc062723c751e8b465ee728b)  -> (artifact id: '2fffc41f3c75d55bba6704d5ff8eb26e') in 0.007565 seconds
Number of updated asset objects reloaded before import = 0
Number of asset objects unloaded after import = 11
========================================================================
Received Import Request.
  Time since last request: 0.003504 seconds.
  path: Assets/AssetPackages/SyntyStudios/PolygonKnights/Prefabs/Buildings/SM_Bld_Castle_Tower_Round_01.prefab
  artifactKey: Guid(a403260d581bded4d85f723fd39eb456) Importer(815301076,1909f56bfc062723c751e8b465ee728b)
Start importing Assets/AssetPackages/SyntyStudios/PolygonKnights/Prefabs/Buildings/SM_Bld_Castle_Tower_Round_01.prefab using Guid(a403260d581bded4d85f723fd39eb456) Importer(815301076,1909f56bfc062723c751e8b465ee728b)  -> (artifact id: '19cd7a809d722f0028b9e494c0012ddc') in 0.007934 seconds
Number of updated asset objects reloaded before import = 0
Number of asset objects unloaded after import = 11
========================================================================
Received Import Request.
  Time since last request: 0.002590 seconds.
  path: Assets/AssetPackages/SyntyStudios/PolygonKnights/Prefabs/Buildings/SM_Bld_Castle_Tower_Round_02.prefab
  artifactKey: Guid(a6904f5656dfe8e49bd1fae1497ddf07) Importer(815301076,1909f56bfc062723c751e8b465ee728b)
Start importing Assets/AssetPackages/SyntyStudios/PolygonKnights/Prefabs/Buildings/SM_Bld_Castle_Tower_Round_02.prefab using Guid(a6904f5656dfe8e49bd1fae1497ddf07) Importer(815301076,1909f56bfc062723c751e8b465ee728b)  -> (artifact id: '43335eb37755ece5b6ad553faa963dc1') in 0.007029 seconds
Number of updated asset objects reloaded before import = 0
Number of asset objects unloaded after import = 11
========================================================================
Received Import Request.
  Time since last request: 0.002312 seconds.
  path: Assets/AssetPackages/SyntyStudios/PolygonKnights/Prefabs/Buildings/SM_Bld_Castle_Tower_Round_Top_01.prefab
  artifactKey: Guid(fa993d692bbb7fe4eadefb231970e8b7) Importer(815301076,1909f56bfc062723c751e8b465ee728b)
Start importing Assets/AssetPackages/SyntyStudios/PolygonKnights/Prefabs/Buildings/SM_Bld_Castle_Tower_Round_Top_01.prefab using Guid(fa993d692bbb7fe4eadefb231970e8b7) Importer(815301076,1909f56bfc062723c751e8b465ee728b)  -> (artifact id: 'b5e57fc7a593c81cc6497d5e1c244445') in 0.007545 seconds
Number of updated asset objects reloaded before import = 0
Number of asset objects unloaded after import = 11
========================================================================
Received Import Request.
  Time since last request: 0.002668 seconds.
  path: Assets/AssetPackages/SyntyStudios/PolygonKnights/Prefabs/Buildings/SM_Bld_Castle_Tower_Top_01.prefab
  artifactKey: Guid(20980883898f4704f86e6d74b75682ef) Importer(815301076,1909f56bfc062723c751e8b465ee728b)
Start importing Assets/AssetPackages/SyntyStudios/PolygonKnights/Prefabs/Buildings/SM_Bld_Castle_Tower_Top_01.prefab using Guid(20980883898f4704f86e6d74b75682ef) Importer(815301076,1909f56bfc062723c751e8b465ee728b)  -> (artifact id: '79c320d70caaaa8af96c965a44726c84') in 0.007940 seconds
Number of updated asset objects reloaded before import = 0
Number of asset objects unloaded after import = 11
========================================================================
Received Import Request.
  Time since last request: 0.000541 seconds.
  path: Assets/AssetPackages/SyntyStudios/PolygonKnights/Prefabs/Buildings/SM_Bld_Castle_Tower_Wall_Top_01.prefab
  artifactKey: Guid(576b6d70e3da01b489b5b99e260ddc93) Importer(815301076,1909f56bfc062723c751e8b465ee728b)
Start importing Assets/AssetPackages/SyntyStudios/PolygonKnights/Prefabs/Buildings/SM_Bld_Castle_Tower_Wall_Top_01.prefab using Guid(576b6d70e3da01b489b5b99e260ddc93) Importer(815301076,1909f56bfc062723c751e8b465ee728b)  -> (artifact id: 'b6c5a0f89aaad79115bd5bbb0f223e7f') in 0.007402 seconds
Number of updated asset objects reloaded before import = 0
Number of asset objects unloaded after import = 15
========================================================================
Received Import Request.
  Time since last request: 0.003186 seconds.
  path: Assets/AssetPackages/SyntyStudios/PolygonKnights/Prefabs/Buildings/SM_Bld_Castle_Wall_01.prefab
  artifactKey: Guid(77ad9661321c6e84280c8fbe32492c06) Importer(815301076,1909f56bfc062723c751e8b465ee728b)
Start importing Assets/AssetPackages/SyntyStudios/PolygonKnights/Prefabs/Buildings/SM_Bld_Castle_Wall_01.prefab using Guid(77ad9661321c6e84280c8fbe32492c06) Importer(815301076,1909f56bfc062723c751e8b465ee728b)  -> (artifact id: '942c3d96c792f597f71472a6c56f9f3d') in 0.008672 seconds
Number of updated asset objects reloaded before import = 0
Number of asset objects unloaded after import = 11
========================================================================
Received Import Request.
  Time since last request: 0.003609 seconds.
  path: Assets/AssetPackages/SyntyStudios/PolygonKnights/Prefabs/Buildings/SM_Bld_Castle_Wall_Gate_01.prefab
  artifactKey: Guid(a342473935e669649a9be973cda516c1) Importer(815301076,1909f56bfc062723c751e8b465ee728b)
Start importing Assets/AssetPackages/SyntyStudios/PolygonKnights/Prefabs/Buildings/SM_Bld_Castle_Wall_Gate_01.prefab using Guid(a342473935e669649a9be973cda516c1) Importer(815301076,1909f56bfc062723c751e8b465ee728b)  -> (artifact id: '9a9a7ccfc595996ec6750cbc0d68d359') in 0.007834 seconds
Number of updated asset objects reloaded before import = 0
Number of asset objects unloaded after import = 17
========================================================================
Received Import Request.
  Time since last request: 0.002528 seconds.
  path: Assets/AssetPackages/SyntyStudios/PolygonKnights/Prefabs/Buildings/SM_Bld_Castle_Wood_Battlement_01.prefab
  artifactKey: Guid(a002656da6afcd3458186e57b083c403) Importer(815301076,1909f56bfc062723c751e8b465ee728b)
Start importing Assets/AssetPackages/SyntyStudios/PolygonKnights/Prefabs/Buildings/SM_Bld_Castle_Wood_Battlement_01.prefab using Guid(a002656da6afcd3458186e57b083c403) Importer(815301076,1909f56bfc062723c751e8b465ee728b)  -> (artifact id: 'f6f29290f00d3f2715fd7de24c4ff298') in 0.009501 seconds
Number of updated asset objects reloaded before import = 0
Number of asset objects unloaded after import = 11
========================================================================
Received Import Request.
  Time since last request: 0.001730 seconds.
  path: Assets/AssetPackages/SyntyStudios/PolygonKnights/Prefabs/Buildings/SM_Bld_Castle_Wood_Battlement_03.prefab
  artifactKey: Guid(67a1b5b881e15fd41bc03579410eb37a) Importer(815301076,1909f56bfc062723c751e8b465ee728b)
Start importing Assets/AssetPackages/SyntyStudios/PolygonKnights/Prefabs/Buildings/SM_Bld_Castle_Wood_Battlement_03.prefab using Guid(67a1b5b881e15fd41bc03579410eb37a) Importer(815301076,1909f56bfc062723c751e8b465ee728b)  -> (artifact id: '0b0d75ee8f0bdedf2fa9bc200337fa3c') in 0.008031 seconds
Number of updated asset objects reloaded before import = 0
Number of asset objects unloaded after import = 11
========================================================================
Received Import Request.
  Time since last request: 0.002718 seconds.
  path: Assets/AssetPackages/SyntyStudios/PolygonKnights/Prefabs/Buildings/SM_Bld_Castle_Wood_Detal_01.prefab
  artifactKey: Guid(c74652422eeb7e14088334d69d323aa2) Importer(815301076,1909f56bfc062723c751e8b465ee728b)
Start importing Assets/AssetPackages/SyntyStudios/PolygonKnights/Prefabs/Buildings/SM_Bld_Castle_Wood_Detal_01.prefab using Guid(c74652422eeb7e14088334d69d323aa2) Importer(815301076,1909f56bfc062723c751e8b465ee728b)  -> (artifact id: 'bdd0e162b60707e1a4f7ade316087274') in 0.007184 seconds
Number of updated asset objects reloaded before import = 0
Number of asset objects unloaded after import = 11
========================================================================
Received Import Request.
  Time since last request: 0.002995 seconds.
  path: Assets/AssetPackages/SyntyStudios/PolygonKnights/Prefabs/Buildings/SM_Bld_Church_Extension_01.prefab
  artifactKey: Guid(43211a28ff3644442bed0e535a58c84f) Importer(815301076,1909f56bfc062723c751e8b465ee728b)
Start importing Assets/AssetPackages/SyntyStudios/PolygonKnights/Prefabs/Buildings/SM_Bld_Church_Extension_01.prefab using Guid(43211a28ff3644442bed0e535a58c84f) Importer(815301076,1909f56bfc062723c751e8b465ee728b)  -> (artifact id: '1cfb9cbf433fb069f4a9e2ef529f7295') in 0.006876 seconds
Number of updated asset objects reloaded before import = 0
Number of asset objects unloaded after import = 11
========================================================================
Received Import Request.
  Time since last request: 0.003068 seconds.
  path: Assets/AssetPackages/SyntyStudios/PolygonKnights/Prefabs/Buildings/SM_Bld_Church_Room_01.prefab
  artifactKey: Guid(a72279e3b12169c46bafba06303acf4b) Importer(815301076,1909f56bfc062723c751e8b465ee728b)
Start importing Assets/AssetPackages/SyntyStudios/PolygonKnights/Prefabs/Buildings/SM_Bld_Church_Room_01.prefab using Guid(a72279e3b12169c46bafba06303acf4b) Importer(815301076,1909f56bfc062723c751e8b465ee728b)  -> (artifact id: '6eb5daebfbd2b12f87e7029126fda7cb') in 0.010864 seconds
Number of updated asset objects reloaded before import = 0
Number of asset objects unloaded after import = 11
========================================================================
Received Import Request.
  Time since last request: 0.000010 seconds.
  path: Assets/AssetPackages/SyntyStudios/PolygonKnights/Prefabs/Buildings/SM_Bld_Church_Room_02.prefab
  artifactKey: Guid(9a16735a8eacd8b48933ccdf6dfffe45) Importer(815301076,1909f56bfc062723c751e8b465ee728b)
Start importing Assets/AssetPackages/SyntyStudios/PolygonKnights/Prefabs/Buildings/SM_Bld_Church_Room_02.prefab using Guid(9a16735a8eacd8b48933ccdf6dfffe45) Importer(815301076,1909f56bfc062723c751e8b465ee728b)  -> (artifact id: '83645b3d5d96a8470d076a48efcc6ffa') in 0.008778 seconds
Number of updated asset objects reloaded before import = 0
Number of asset objects unloaded after import = 11
========================================================================
Received Import Request.
  Time since last request: 0.001690 seconds.
  path: Assets/AssetPackages/SyntyStudios/PolygonKnights/Prefabs/Buildings/SM_Bld_Church_Room_03.prefab
  artifactKey: Guid(8ce17871b57b4444e82648af76f17f0e) Importer(815301076,1909f56bfc062723c751e8b465ee728b)
Start importing Assets/AssetPackages/SyntyStudios/PolygonKnights/Prefabs/Buildings/SM_Bld_Church_Room_03.prefab using Guid(8ce17871b57b4444e82648af76f17f0e) Importer(815301076,1909f56bfc062723c751e8b465ee728b)  -> (artifact id: '812d26f3e366c658b8e1aeda64289a59') in 0.008593 seconds
Number of updated asset objects reloaded before import = 0
Number of asset objects unloaded after import = 11
========================================================================
Received Import Request.
  Time since last request: 0.000913 seconds.
  path: Assets/AssetPackages/SyntyStudios/PolygonKnights/Prefabs/Buildings/SM_Bld_Church_Tower_01.prefab
  artifactKey: Guid(594d2b648448ef1458c5263b32ba1e1f) Importer(815301076,1909f56bfc062723c751e8b465ee728b)
Start importing Assets/AssetPackages/SyntyStudios/PolygonKnights/Prefabs/Buildings/SM_Bld_Church_Tower_01.prefab using Guid(594d2b648448ef1458c5263b32ba1e1f) Importer(815301076,1909f56bfc062723c751e8b465ee728b)  -> (artifact id: '487fc30b5f730140e3a4cf501feda469') in 0.008637 seconds
Number of updated asset objects reloaded before import = 0
Number of asset objects unloaded after import = 11
========================================================================
Received Import Request.
  Time since last request: 0.001695 seconds.
  path: Assets/AssetPackages/SyntyStudios/PolygonKnights/Prefabs/Buildings/SM_Bld_Church_Tower_02.prefab
  artifactKey: Guid(c2aeb3b938cb0f540a7cc83906bea6b0) Importer(815301076,1909f56bfc062723c751e8b465ee728b)
Start importing Assets/AssetPackages/SyntyStudios/PolygonKnights/Prefabs/Buildings/SM_Bld_Church_Tower_02.prefab using Guid(c2aeb3b938cb0f540a7cc83906bea6b0) Importer(815301076,1909f56bfc062723c751e8b465ee728b)  -> (artifact id: '848c66349835ae5326ced69c926db991') in 0.008084 seconds
Number of updated asset objects reloaded before import = 0
Number of asset objects unloaded after import = 11
========================================================================
Received Import Request.
  Time since last request: 0.002135 seconds.
  path: Assets/AssetPackages/SyntyStudios/PolygonKnights/Prefabs/Buildings/SM_Bld_Church_Tower_03.prefab
  artifactKey: Guid(4f328f4bcf5587a4990005283056020f) Importer(815301076,1909f56bfc062723c751e8b465ee728b)
Start importing Assets/AssetPackages/SyntyStudios/PolygonKnights/Prefabs/Buildings/SM_Bld_Church_Tower_03.prefab using Guid(4f328f4bcf5587a4990005283056020f) Importer(815301076,1909f56bfc062723c751e8b465ee728b)  -> (artifact id: '44eb91301a666755947cdebd9e20fb8c') in 0.008746 seconds
Number of updated asset objects reloaded before import = 0
Number of asset objects unloaded after import = 11
========================================================================
Received Import Request.
  Time since last request: 0.000770 seconds.
  path: Assets/AssetPackages/SyntyStudios/PolygonKnights/Prefabs/Buildings/SM_Bld_Church_TowerBase_01.prefab
  artifactKey: Guid(2f9b863cf6cd6dc4f8e6a563c25a8bb5) Importer(815301076,1909f56bfc062723c751e8b465ee728b)
Start importing Assets/AssetPackages/SyntyStudios/PolygonKnights/Prefabs/Buildings/SM_Bld_Church_TowerBase_01.prefab using Guid(2f9b863cf6cd6dc4f8e6a563c25a8bb5) Importer(815301076,1909f56bfc062723c751e8b465ee728b)  -> (artifact id: '8e0a9817051fc58c465475106e4efdac') in 0.008178 seconds
Number of updated asset objects reloaded before import = 0
Number of asset objects unloaded after import = 11
========================================================================
Received Import Request.
  Time since last request: 0.002264 seconds.
  path: Assets/AssetPackages/SyntyStudios/PolygonKnights/Prefabs/Buildings/SM_Bld_Church_Window_01.prefab
  artifactKey: Guid(e1a24f1e07bfc1e4aabb387f71ec575e) Importer(815301076,1909f56bfc062723c751e8b465ee728b)
Start importing Assets/AssetPackages/SyntyStudios/PolygonKnights/Prefabs/Buildings/SM_Bld_Church_Window_01.prefab using Guid(e1a24f1e07bfc1e4aabb387f71ec575e) Importer(815301076,1909f56bfc062723c751e8b465ee728b)  -> (artifact id: 'cf39fb9e383cf391ffc88cc9e58227f5') in 0.007709 seconds
Number of updated asset objects reloaded before import = 0
Number of asset objects unloaded after import = 11
========================================================================
Received Import Request.
  Time since last request: 0.001830 seconds.
  path: Assets/AssetPackages/SyntyStudios/PolygonKnights/Prefabs/Buildings/SM_Bld_House_Chimney_02.prefab
  artifactKey: Guid(9798020b643705e438eaa01ca7ae48d3) Importer(815301076,1909f56bfc062723c751e8b465ee728b)
Start importing Assets/AssetPackages/SyntyStudios/PolygonKnights/Prefabs/Buildings/SM_Bld_House_Chimney_02.prefab using Guid(9798020b643705e438eaa01ca7ae48d3) Importer(815301076,1909f56bfc062723c751e8b465ee728b)  -> (artifact id: '68c6531898f8f7225d12eacc577d48ee') in 0.006940 seconds
Number of updated asset objects reloaded before import = 0
Number of asset objects unloaded after import = 11
========================================================================
Received Import Request.
  Time since last request: 0.003073 seconds.
  path: Assets/AssetPackages/SyntyStudios/PolygonKnights/Prefabs/Buildings/SM_Bld_House_Chimney_04.prefab
  artifactKey: Guid(8a198cb1ec9006347b4721ff22ac681e) Importer(815301076,1909f56bfc062723c751e8b465ee728b)
Start importing Assets/AssetPackages/SyntyStudios/PolygonKnights/Prefabs/Buildings/SM_Bld_House_Chimney_04.prefab using Guid(8a198cb1ec9006347b4721ff22ac681e) Importer(815301076,1909f56bfc062723c751e8b465ee728b)  -> (artifact id: '8a171ec629907388e09150c966a0a506') in 0.007219 seconds
Number of updated asset objects reloaded before import = 0
Number of asset objects unloaded after import = 11
========================================================================
Received Import Request.
  Time since last request: 0.001664 seconds.
  path: Assets/AssetPackages/SyntyStudios/PolygonKnights/Prefabs/Buildings/SM_Bld_House_Door_01.prefab
  artifactKey: Guid(b4da227c9b849fe42ae5257c25064f33) Importer(815301076,1909f56bfc062723c751e8b465ee728b)
Start importing Assets/AssetPackages/SyntyStudios/PolygonKnights/Prefabs/Buildings/SM_Bld_House_Door_01.prefab using Guid(b4da227c9b849fe42ae5257c25064f33) Importer(815301076,1909f56bfc062723c751e8b465ee728b)  -> (artifact id: '7a96bbfc2abc9d1178f13c14a97c2ec7') in 0.006642 seconds
Number of updated asset objects reloaded before import = 0
Number of asset objects unloaded after import = 11
========================================================================
Received Import Request.
  Time since last request: 0.002137 seconds.
  path: Assets/AssetPackages/SyntyStudios/PolygonKnights/Prefabs/Buildings/SM_Bld_House_Door_03.prefab
  artifactKey: Guid(1018a369bf1e2304693a74ea94205090) Importer(815301076,1909f56bfc062723c751e8b465ee728b)
Start importing Assets/AssetPackages/SyntyStudios/PolygonKnights/Prefabs/Buildings/SM_Bld_House_Door_03.prefab using Guid(1018a369bf1e2304693a74ea94205090) Importer(815301076,1909f56bfc062723c751e8b465ee728b)  -> (artifact id: 'ec71fd7fbac70a432b4f06426ab84e8e') in 0.007484 seconds
Number of updated asset objects reloaded before import = 0
Number of asset objects unloaded after import = 15
========================================================================
Received Import Request.
  Time since last request: 0.002512 seconds.
  path: Assets/AssetPackages/SyntyStudios/PolygonKnights/Prefabs/Buildings/SM_Bld_House_Extension_01.prefab
  artifactKey: Guid(6479a2e283e1d2649887b8c947fcc826) Importer(815301076,1909f56bfc062723c751e8b465ee728b)
Start importing Assets/AssetPackages/SyntyStudios/PolygonKnights/Prefabs/Buildings/SM_Bld_House_Extension_01.prefab using Guid(6479a2e283e1d2649887b8c947fcc826) Importer(815301076,1909f56bfc062723c751e8b465ee728b)  -> (artifact id: '5c72e81468621df9b8014dad71f19726') in 0.008828 seconds
Number of updated asset objects reloaded before import = 0
Number of asset objects unloaded after import = 15
========================================================================
Received Import Request.
  Time since last request: 0.000482 seconds.
  path: Assets/AssetPackages/SyntyStudios/PolygonKnights/Prefabs/Buildings/SM_Bld_House_Foundation_01.prefab
  artifactKey: Guid(1d4405cf69adec64a97df561b9f3661a) Importer(815301076,1909f56bfc062723c751e8b465ee728b)
Start importing Assets/AssetPackages/SyntyStudios/PolygonKnights/Prefabs/Buildings/SM_Bld_House_Foundation_01.prefab using Guid(1d4405cf69adec64a97df561b9f3661a) Importer(815301076,1909f56bfc062723c751e8b465ee728b)  -> (artifact id: '1ca9b66546a44a6d3b2f93cec205d2b7') in 0.008269 seconds
Number of updated asset objects reloaded before import = 0
Number of asset objects unloaded after import = 13
========================================================================
Received Import Request.
  Time since last request: 0.001983 seconds.
  path: Assets/AssetPackages/SyntyStudios/PolygonKnights/Prefabs/Buildings/SM_Bld_House_Foundation_03.prefab
  artifactKey: Guid(4cecd3ee2e6a59e42b606f8b165f43b2) Importer(815301076,1909f56bfc062723c751e8b465ee728b)
Start importing Assets/AssetPackages/SyntyStudios/PolygonKnights/Prefabs/Buildings/SM_Bld_House_Foundation_03.prefab using Guid(4cecd3ee2e6a59e42b606f8b165f43b2) Importer(815301076,1909f56bfc062723c751e8b465ee728b)  -> (artifact id: 'dc77b848aaa24ce996b6d436a3ba0364') in 0.009289 seconds
Number of updated asset objects reloaded before import = 0
Number of asset objects unloaded after import = 13
========================================================================
Received Import Request.
  Time since last request: 0.001220 seconds.
  path: Assets/AssetPackages/SyntyStudios/PolygonKnights/Prefabs/Buildings/SM_Bld_House_Foundation_05.prefab
  artifactKey: Guid(718ea5c67c197f54f8b02a9e57c8d21e) Importer(815301076,1909f56bfc062723c751e8b465ee728b)
Start importing Assets/AssetPackages/SyntyStudios/PolygonKnights/Prefabs/Buildings/SM_Bld_House_Foundation_05.prefab using Guid(718ea5c67c197f54f8b02a9e57c8d21e) Importer(815301076,1909f56bfc062723c751e8b465ee728b)  -> (artifact id: '11dcf197b29aa847c86f56ef73b74949') in 0.008055 seconds
Number of updated asset objects reloaded before import = 0
Number of asset objects unloaded after import = 13
========================================================================
Received Import Request.
  Time since last request: 0.002613 seconds.
  path: Assets/AssetPackages/SyntyStudios/PolygonKnights/Prefabs/Buildings/SM_Bld_House_Foundation_07.prefab
  artifactKey: Guid(46446b93c123716498506636ebe9ef68) Importer(815301076,1909f56bfc062723c751e8b465ee728b)
Start importing Assets/AssetPackages/SyntyStudios/PolygonKnights/Prefabs/Buildings/SM_Bld_House_Foundation_07.prefab using Guid(46446b93c123716498506636ebe9ef68) Importer(815301076,1909f56bfc062723c751e8b465ee728b)  -> (artifact id: 'f5372057d5b6eccb943baeb407ed8c43') in 0.007564 seconds
Number of updated asset objects reloaded before import = 0
Number of asset objects unloaded after import = 13
========================================================================
Received Import Request.
  Time since last request: 0.002686 seconds.
  path: Assets/AssetPackages/SyntyStudios/PolygonKnights/Prefabs/Buildings/SM_Bld_House_FoundationRock_01.prefab
  artifactKey: Guid(2cbe4111caaa52243a97077dfc33593c) Importer(815301076,1909f56bfc062723c751e8b465ee728b)
Start importing Assets/AssetPackages/SyntyStudios/PolygonKnights/Prefabs/Buildings/SM_Bld_House_FoundationRock_01.prefab using Guid(2cbe4111caaa52243a97077dfc33593c) Importer(815301076,1909f56bfc062723c751e8b465ee728b)  -> (artifact id: '2cca64215a5fbadb4ce64e202062b542') in 0.009679 seconds
Number of updated asset objects reloaded before import = 0
Number of asset objects unloaded after import = 13
========================================================================
Received Import Request.
  Time since last request: 0.000312 seconds.
  path: Assets/AssetPackages/SyntyStudios/PolygonKnights/Prefabs/Buildings/SM_Bld_House_Room_02.prefab
  artifactKey: Guid(53a1fad510b98f74c96763872cbd652f) Importer(815301076,1909f56bfc062723c751e8b465ee728b)
Start importing Assets/AssetPackages/SyntyStudios/PolygonKnights/Prefabs/Buildings/SM_Bld_House_Room_02.prefab using Guid(53a1fad510b98f74c96763872cbd652f) Importer(815301076,1909f56bfc062723c751e8b465ee728b)  -> (artifact id: '6d2093af222abe2f10c5f371c8af9c5d') in 0.008790 seconds
Number of updated asset objects reloaded before import = 0
Number of asset objects unloaded after import = 13
========================================================================
Received Import Request.
  Time since last request: 0.000831 seconds.
  path: Assets/AssetPackages/SyntyStudios/PolygonKnights/Prefabs/Buildings/SM_Bld_House_Room_04.prefab
  artifactKey: Guid(6552478e29ecebe4b9fa6b4e41f43a81) Importer(815301076,1909f56bfc062723c751e8b465ee728b)
Start importing Assets/AssetPackages/SyntyStudios/PolygonKnights/Prefabs/Buildings/SM_Bld_House_Room_04.prefab using Guid(6552478e29ecebe4b9fa6b4e41f43a81) Importer(815301076,1909f56bfc062723c751e8b465ee728b)  -> (artifact id: 'df78ece595ec518bcaebf571dcbc0be1') in 0.009277 seconds
Number of updated asset objects reloaded before import = 0
Number of asset objects unloaded after import = 13
========================================================================
Received Import Request.
  Time since last request: 0.000467 seconds.
  path: Assets/AssetPackages/SyntyStudios/PolygonKnights/Prefabs/Buildings/SM_Bld_House_Room_06.prefab
  artifactKey: Guid(7b4a57ebbd1f0564d95d520ab4703141) Importer(815301076,1909f56bfc062723c751e8b465ee728b)
Start importing Assets/AssetPackages/SyntyStudios/PolygonKnights/Prefabs/Buildings/SM_Bld_House_Room_06.prefab using Guid(7b4a57ebbd1f0564d95d520ab4703141) Importer(815301076,1909f56bfc062723c751e8b465ee728b)  -> (artifact id: '5bb1815b80a4bc48e46b237205de4a28') in 0.008158 seconds
Number of updated asset objects reloaded before import = 0
Number of asset objects unloaded after import = 13
========================================================================
Received Import Request.
  Time since last request: 0.002341 seconds.
  path: Assets/AssetPackages/SyntyStudios/PolygonKnights/Prefabs/Buildings/SM_Bld_House_RoomRound_01.prefab
  artifactKey: Guid(bd10d173afce986489058a8e31f1be04) Importer(815301076,1909f56bfc062723c751e8b465ee728b)
Start importing Assets/AssetPackages/SyntyStudios/PolygonKnights/Prefabs/Buildings/SM_Bld_House_RoomRound_01.prefab using Guid(bd10d173afce986489058a8e31f1be04) Importer(815301076,1909f56bfc062723c751e8b465ee728b)  -> (artifact id: 'e1791f1ecb39de9badd18a60ff8a5c10') in 0.007814 seconds
Number of updated asset objects reloaded before import = 0
Number of asset objects unloaded after import = 15
========================================================================
Received Import Request.
  Time since last request: 0.002315 seconds.
  path: Assets/AssetPackages/SyntyStudios/PolygonKnights/Prefabs/Buildings/SM_Bld_House_RoomTall_01.prefab
  artifactKey: Guid(8ab75cde856d2dc47a983c101385d00b) Importer(815301076,1909f56bfc062723c751e8b465ee728b)
Start importing Assets/AssetPackages/SyntyStudios/PolygonKnights/Prefabs/Buildings/SM_Bld_House_RoomTall_01.prefab using Guid(8ab75cde856d2dc47a983c101385d00b) Importer(815301076,1909f56bfc062723c751e8b465ee728b)  -> (artifact id: '1abc8559b67773bbb3740571a3c65320') in 0.008034 seconds
Number of updated asset objects reloaded before import = 0
Number of asset objects unloaded after import = 13
========================================================================
Received Import Request.
  Time since last request: 2.835101 seconds.
  path: Assets/AssetPackages/SyntyStudios/PolygonKnights/Prefabs/Buildings/SM_Bld_House_RoomTall_03.prefab
  artifactKey: Guid(00493817ea46851478eedace9c7071aa) Importer(815301076,1909f56bfc062723c751e8b465ee728b)
Start importing Assets/AssetPackages/SyntyStudios/PolygonKnights/Prefabs/Buildings/SM_Bld_House_RoomTall_03.prefab using Guid(00493817ea46851478eedace9c7071aa) Importer(815301076,1909f56bfc062723c751e8b465ee728b)  -> (artifact id: 'b088cf153e9f8b24a06d15f563259c2a') in 0.009194 seconds
Number of updated asset objects reloaded before import = 0
Number of asset objects unloaded after import = 13
========================================================================
Received Import Request.
  Time since last request: 0.001769 seconds.
  path: Assets/AssetPackages/SyntyStudios/PolygonKnights/Prefabs/Buildings/SM_Bld_House_RoomTall_05.prefab
  artifactKey: Guid(206a1341ecd94df4a85d1e16fb43fd5d) Importer(815301076,1909f56bfc062723c751e8b465ee728b)
Start importing Assets/AssetPackages/SyntyStudios/PolygonKnights/Prefabs/Buildings/SM_Bld_House_RoomTall_05.prefab using Guid(206a1341ecd94df4a85d1e16fb43fd5d) Importer(815301076,1909f56bfc062723c751e8b465ee728b)  -> (artifact id: '55296675d56c498c81c4036ae4d47a75') in 0.009340 seconds
Number of updated asset objects reloaded before import = 0
Number of asset objects unloaded after import = 13
========================================================================
Received Import Request.
  Time since last request: 0.002014 seconds.
  path: Assets/AssetPackages/SyntyStudios/PolygonKnights/Prefabs/Buildings/SM_Bld_House_RoomTop_01.prefab
  artifactKey: Guid(58fcef91f30c8c14b8ebb0165c76c637) Importer(815301076,1909f56bfc062723c751e8b465ee728b)
Start importing Assets/AssetPackages/SyntyStudios/PolygonKnights/Prefabs/Buildings/SM_Bld_House_RoomTop_01.prefab using Guid(58fcef91f30c8c14b8ebb0165c76c637) Importer(815301076,1909f56bfc062723c751e8b465ee728b)  -> (artifact id: '14acf9a683c05116dc09c217e1be432d') in 0.007922 seconds
Number of updated asset objects reloaded before import = 0
Number of asset objects unloaded after import = 13
========================================================================
Received Import Request.
  Time since last request: 0.004124 seconds.
  path: Assets/AssetPackages/SyntyStudios/PolygonKnights/Prefabs/Buildings/SM_Bld_House_RoomTop_03.prefab
  artifactKey: Guid(51aef4a8ca8fd3e44b697a916eb2325a) Importer(815301076,1909f56bfc062723c751e8b465ee728b)
Start importing Assets/AssetPackages/SyntyStudios/PolygonKnights/Prefabs/Buildings/SM_Bld_House_RoomTop_03.prefab using Guid(51aef4a8ca8fd3e44b697a916eb2325a) Importer(815301076,1909f56bfc062723c751e8b465ee728b)  -> (artifact id: 'a409a78ecfd9d82d0d21eb9f4cebda05') in 0.008989 seconds
Number of updated asset objects reloaded before import = 0
Number of asset objects unloaded after import = 13
========================================================================
Received Import Request.
  Time since last request: 0.001429 seconds.
  path: Assets/AssetPackages/SyntyStudios/PolygonKnights/Prefabs/Buildings/SM_Bld_House_RoomTop_05.prefab
  artifactKey: Guid(c44fc839a1c58f94b8cd238bd252c981) Importer(815301076,1909f56bfc062723c751e8b465ee728b)
Start importing Assets/AssetPackages/SyntyStudios/PolygonKnights/Prefabs/Buildings/SM_Bld_House_RoomTop_05.prefab using Guid(c44fc839a1c58f94b8cd238bd252c981) Importer(815301076,1909f56bfc062723c751e8b465ee728b)  -> (artifact id: '40b82c626ca32a3dfb2a704b246a11d8') in 0.009831 seconds
Number of updated asset objects reloaded before import = 0
Number of asset objects unloaded after import = 13
========================================================================
Received Import Request.
  Time since last request: 0.002663 seconds.
  path: Assets/AssetPackages/SyntyStudios/PolygonKnights/Prefabs/Buildings/SM_Bld_House_RoomTop_07.prefab
  artifactKey: Guid(3c171231ad46a50489587984eef66679) Importer(815301076,1909f56bfc062723c751e8b465ee728b)
Start importing Assets/AssetPackages/SyntyStudios/PolygonKnights/Prefabs/Buildings/SM_Bld_House_RoomTop_07.prefab using Guid(3c171231ad46a50489587984eef66679) Importer(815301076,1909f56bfc062723c751e8b465ee728b)  -> (artifact id: '0e38c37d3bbede0bcc3232ff1aadcd7a') in 0.009008 seconds
Number of updated asset objects reloaded before import = 0
Number of asset objects unloaded after import = 13
========================================================================
Received Import Request.
  Time since last request: 0.001013 seconds.
  path: Assets/AssetPackages/SyntyStudios/PolygonKnights/Prefabs/Buildings/SM_Bld_House_TopRoomSmall_01.prefab
  artifactKey: Guid(af056f47e8a2c444ea2536d3bc4303ab) Importer(815301076,1909f56bfc062723c751e8b465ee728b)
Start importing Assets/AssetPackages/SyntyStudios/PolygonKnights/Prefabs/Buildings/SM_Bld_House_TopRoomSmall_01.prefab using Guid(af056f47e8a2c444ea2536d3bc4303ab) Importer(815301076,1909f56bfc062723c751e8b465ee728b)  -> (artifact id: '7af40cb6c692ced2a1d9c71f4da4260c') in 0.008410 seconds
Number of updated asset objects reloaded before import = 0
Number of asset objects unloaded after import = 15
========================================================================
Received Import Request.
  Time since last request: 0.002259 seconds.
  path: Assets/AssetPackages/SyntyStudios/PolygonKnights/Prefabs/Buildings/SM_Bld_House_TopRoomSmall_03.prefab
  artifactKey: Guid(9a48db7e16e60d64796239df3fc0b963) Importer(815301076,1909f56bfc062723c751e8b465ee728b)
Start importing Assets/AssetPackages/SyntyStudios/PolygonKnights/Prefabs/Buildings/SM_Bld_House_TopRoomSmall_03.prefab using Guid(9a48db7e16e60d64796239df3fc0b963) Importer(815301076,1909f56bfc062723c751e8b465ee728b)  -> (artifact id: '1d9d925c394a2288b6a36ea06451a7dc') in 0.015043 seconds
Number of updated asset objects reloaded before import = 0
Number of asset objects unloaded after import = 15
========================================================================
Received Import Request.
  Time since last request: 0.044383 seconds.
  path: Assets/AssetPackages/SyntyStudios/PolygonKnights/Prefabs/Buildings/SM_Bld_House_TopRoomSmall_04.prefab
  artifactKey: Guid(f101780f32b5af64bb3c14fbf09b1771) Importer(815301076,1909f56bfc062723c751e8b465ee728b)
Start importing Assets/AssetPackages/SyntyStudios/PolygonKnights/Prefabs/Buildings/SM_Bld_House_TopRoomSmall_04.prefab using Guid(f101780f32b5af64bb3c14fbf09b1771) Importer(815301076,1909f56bfc062723c751e8b465ee728b)  -> (artifact id: '962f3c643f7c25f3ca27738f56dd2147') in 0.008679 seconds
Number of updated asset objects reloaded before import = 0
Number of asset objects unloaded after import = 15
========================================================================
Received Import Request.
  Time since last request: 0.002552 seconds.
  path: Assets/AssetPackages/SyntyStudios/PolygonKnights/Prefabs/Buildings/SM_Bld_House_TopRoomSmall_06.prefab
  artifactKey: Guid(7b0042f066fa9f64faf14546517ef9c0) Importer(815301076,1909f56bfc062723c751e8b465ee728b)
Start importing Assets/AssetPackages/SyntyStudios/PolygonKnights/Prefabs/Buildings/SM_Bld_House_TopRoomSmall_06.prefab using Guid(7b0042f066fa9f64faf14546517ef9c0) Importer(815301076,1909f56bfc062723c751e8b465ee728b)  -> (artifact id: 'e6faa668af64ae377183444b1b30623c') in 0.008050 seconds
Number of updated asset objects reloaded before import = 0
Number of asset objects unloaded after import = 15
========================================================================
Received Import Request.
  Time since last request: 0.002001 seconds.
  path: Assets/AssetPackages/SyntyStudios/PolygonKnights/Prefabs/Buildings/SM_Bld_House_Tower_01.prefab
  artifactKey: Guid(141aa4408d61bc244a29ea886cc08ae3) Importer(815301076,1909f56bfc062723c751e8b465ee728b)
Start importing Assets/AssetPackages/SyntyStudios/PolygonKnights/Prefabs/Buildings/SM_Bld_House_Tower_01.prefab using Guid(141aa4408d61bc244a29ea886cc08ae3) Importer(815301076,1909f56bfc062723c751e8b465ee728b)  -> (artifact id: '2c10ee7c62d12cff6513145aa41e9ac2') in 0.008080 seconds
Number of updated asset objects reloaded before import = 0
Number of asset objects unloaded after import = 15
========================================================================
Received Import Request.
  Time since last request: 0.002206 seconds.
  path: Assets/AssetPackages/SyntyStudios/PolygonKnights/Prefabs/Buildings/SM_Bld_House_Window_02.prefab
  artifactKey: Guid(b7e343cacbde5c4488226745ed8f7db8) Importer(815301076,1909f56bfc062723c751e8b465ee728b)
Start importing Assets/AssetPackages/SyntyStudios/PolygonKnights/Prefabs/Buildings/SM_Bld_House_Window_02.prefab using Guid(b7e343cacbde5c4488226745ed8f7db8) Importer(815301076,1909f56bfc062723c751e8b465ee728b)  -> (artifact id: 'bc8692938eaf39de9c3f847c64bd4056') in 0.007939 seconds
Number of updated asset objects reloaded before import = 0
Number of asset objects unloaded after import = 15
========================================================================
Received Import Request.
  Time since last request: 0.001989 seconds.
  path: Assets/AssetPackages/SyntyStudios/PolygonKnights/Prefabs/Buildings/SM_Bld_House_Window_04.prefab
  artifactKey: Guid(091ea372da794714aacb7b7a6fbd5f58) Importer(815301076,1909f56bfc062723c751e8b465ee728b)
Start importing Assets/AssetPackages/SyntyStudios/PolygonKnights/Prefabs/Buildings/SM_Bld_House_Window_04.prefab using Guid(091ea372da794714aacb7b7a6fbd5f58) Importer(815301076,1909f56bfc062723c751e8b465ee728b)  -> (artifact id: 'ce767611014a4b0d1dbe1f64273e4e23') in 0.007880 seconds
Number of updated asset objects reloaded before import = 0
Number of asset objects unloaded after import = 11
========================================================================
Received Import Request.
  Time since last request: 0.003387 seconds.
  path: Assets/AssetPackages/SyntyStudios/PolygonKnights/Prefabs/Buildings/SM_Bld_Leanto_01.prefab
  artifactKey: Guid(c34c166783f3c744686ef9143de6e3fe) Importer(815301076,1909f56bfc062723c751e8b465ee728b)
Start importing Assets/AssetPackages/SyntyStudios/PolygonKnights/Prefabs/Buildings/SM_Bld_Leanto_01.prefab using Guid(c34c166783f3c744686ef9143de6e3fe) Importer(815301076,1909f56bfc062723c751e8b465ee728b)  -> (artifact id: '2f9dbd36764a8d927d3b43526df14dad') in 0.007317 seconds
Number of updated asset objects reloaded before import = 0
Number of asset objects unloaded after import = 11
========================================================================
Received Import Request.
  Time since last request: 0.003632 seconds.
  path: Assets/AssetPackages/SyntyStudios/PolygonKnights/Prefabs/Buildings/SM_Bld_Rockwall_StairArchway_01.prefab
  artifactKey: Guid(3040add481816674e8d54cd9e3a78aac) Importer(815301076,1909f56bfc062723c751e8b465ee728b)
Start importing Assets/AssetPackages/SyntyStudios/PolygonKnights/Prefabs/Buildings/SM_Bld_Rockwall_StairArchway_01.prefab using Guid(3040add481816674e8d54cd9e3a78aac) Importer(815301076,1909f56bfc062723c751e8b465ee728b)  -> (artifact id: 'f1574e2bb44184046bd42fa448de928b') in 0.007417 seconds
Number of updated asset objects reloaded before import = 0
Number of asset objects unloaded after import = 15
========================================================================
Received Import Request.
  Time since last request: 0.003804 seconds.
  path: Assets/AssetPackages/SyntyStudios/PolygonKnights/Prefabs/Buildings/SM_Bld_Rockwall_Straight_01.prefab
  artifactKey: Guid(a5bb8fdb18a5fce4a934aac86e8ec191) Importer(815301076,1909f56bfc062723c751e8b465ee728b)
Start importing Assets/AssetPackages/SyntyStudios/PolygonKnights/Prefabs/Buildings/SM_Bld_Rockwall_Straight_01.prefab using Guid(a5bb8fdb18a5fce4a934aac86e8ec191) Importer(815301076,1909f56bfc062723c751e8b465ee728b)  -> (artifact id: '7717eff2818ef6694736201f8ffc21e6') in 0.016467 seconds
Number of updated asset objects reloaded before import = 0
Number of asset objects unloaded after import = 11
========================================================================
Received Import Request.
  Time since last request: 0.002262 seconds.
  path: Assets/AssetPackages/SyntyStudios/PolygonKnights/Prefabs/Buildings/SM_Bld_StairsLarge_02.prefab
  artifactKey: Guid(9d512b24ffbedb841a3b360fd5f32d6c) Importer(815301076,1909f56bfc062723c751e8b465ee728b)
Start importing Assets/AssetPackages/SyntyStudios/PolygonKnights/Prefabs/Buildings/SM_Bld_StairsLarge_02.prefab using Guid(9d512b24ffbedb841a3b360fd5f32d6c) Importer(815301076,1909f56bfc062723c751e8b465ee728b)  -> (artifact id: 'c902c80012ab7567dc5bd5d13f44378c') in 0.010518 seconds
Number of updated asset objects reloaded before import = 0
Number of asset objects unloaded after import = 11
========================================================================
Received Import Request.
  Time since last request: 0.000011 seconds.
  path: Assets/AssetPackages/SyntyStudios/PolygonKnights/Prefabs/Buildings/SM_Bld_StairsLarge_Corner_02.prefab
  artifactKey: Guid(a376f41ee08c8f14491774192b7dad79) Importer(815301076,1909f56bfc062723c751e8b465ee728b)
Start importing Assets/AssetPackages/SyntyStudios/PolygonKnights/Prefabs/Buildings/SM_Bld_StairsLarge_Corner_02.prefab using Guid(a376f41ee08c8f14491774192b7dad79) Importer(815301076,1909f56bfc062723c751e8b465ee728b)  -> (artifact id: '2c0670445a4cdfdb01eba002fea8762e') in 0.006771 seconds
Number of updated asset objects reloaded before import = 0
Number of asset objects unloaded after import = 11
========================================================================
Received Import Request.
  Time since last request: 0.003056 seconds.
  path: Assets/AssetPackages/SyntyStudios/PolygonKnights/Prefabs/Buildings/SM_Bld_Tent_02.prefab
  artifactKey: Guid(d8e888ed02072774198f7f7ce47d5f50) Importer(815301076,1909f56bfc062723c751e8b465ee728b)
Start importing Assets/AssetPackages/SyntyStudios/PolygonKnights/Prefabs/Buildings/SM_Bld_Tent_02.prefab using Guid(d8e888ed02072774198f7f7ce47d5f50) Importer(815301076,1909f56bfc062723c751e8b465ee728b)  -> (artifact id: 'cafbdf6dc7fd3b7d4e3909042f505a85') in 0.008035 seconds
Number of updated asset objects reloaded before import = 0
Number of asset objects unloaded after import = 19
========================================================================
Received Import Request.
  Time since last request: 0.001691 seconds.
  path: Assets/AssetPackages/SyntyStudios/PolygonKnights/Prefabs/Buildings/SM_Bld_Village_Well_01.prefab
  artifactKey: Guid(fd4bfd190fdf71945b39f635e2671b97) Importer(815301076,1909f56bfc062723c751e8b465ee728b)
Start importing Assets/AssetPackages/SyntyStudios/PolygonKnights/Prefabs/Buildings/SM_Bld_Village_Well_01.prefab using Guid(fd4bfd190fdf71945b39f635e2671b97) Importer(815301076,1909f56bfc062723c751e8b465ee728b)  -> (artifact id: '23003d45da94c629b4176cb82a0aa150') in 0.011541 seconds
Number of updated asset objects reloaded before import = 0
Number of asset objects unloaded after import = 13
========================================================================
Received Import Request.
  Time since last request: 9.243090 seconds.
  path: Assets/AssetPackages/SyntyStudios/PolygonKnights/Prefabs/Props
  artifactKey: Guid(5c097f3cea5ed5140bf4d9be4ee42ca3) Importer(815301076,1909f56bfc062723c751e8b465ee728b)
Start importing Assets/AssetPackages/SyntyStudios/PolygonKnights/Prefabs/Props using Guid(5c097f3cea5ed5140bf4d9be4ee42ca3) Importer(815301076,1909f56bfc062723c751e8b465ee728b)  -> (artifact id: '02e578398686abc42e8d73936279d360') in 0.000370 seconds
Number of updated asset objects reloaded before import = 0
Number of asset objects unloaded after import = 0
========================================================================
Received Import Request.
  Time since last request: 0.069962 seconds.
  path: Assets/AssetPackages/SyntyStudios/PolygonKnights/Prefabs/Props/SM_Prop_Banner_01.prefab
  artifactKey: Guid(8f2cbf2ae2d496b44ba72882a3c6d4c9) Importer(815301076,1909f56bfc062723c751e8b465ee728b)
Start importing Assets/AssetPackages/SyntyStudios/PolygonKnights/Prefabs/Props/SM_Prop_Banner_01.prefab using Guid(8f2cbf2ae2d496b44ba72882a3c6d4c9) Importer(815301076,1909f56bfc062723c751e8b465ee728b)  -> (artifact id: '489947dd3b8948100cc636480d26cb75') in 0.008814 seconds
Number of updated asset objects reloaded before import = 0
Number of asset objects unloaded after import = 11
========================================================================
Received Import Request.
  Time since last request: 0.001200 seconds.
  path: Assets/AssetPackages/SyntyStudios/PolygonKnights/Prefabs/Props/SM_Prop_Banner_02.prefab
  artifactKey: Guid(d9d95bd4aa86d86448ff3c157b7bb366) Importer(815301076,1909f56bfc062723c751e8b465ee728b)
Start importing Assets/AssetPackages/SyntyStudios/PolygonKnights/Prefabs/Props/SM_Prop_Banner_02.prefab using Guid(d9d95bd4aa86d86448ff3c157b7bb366) Importer(815301076,1909f56bfc062723c751e8b465ee728b)  -> (artifact id: 'c526ac9b9e5bcec5b9732d3155f68ca0') in 0.006275 seconds
Number of updated asset objects reloaded before import = 0
Number of asset objects unloaded after import = 11
========================================================================
Received Import Request.
  Time since last request: 0.000143 seconds.
  path: Assets/AssetPackages/SyntyStudios/PolygonKnights/Prefabs/Props/SM_Prop_Banner_03.prefab
  artifactKey: Guid(c0b5622ce34bb094cb5eb8145c93566d) Importer(815301076,1909f56bfc062723c751e8b465ee728b)
Start importing Assets/AssetPackages/SyntyStudios/PolygonKnights/Prefabs/Props/SM_Prop_Banner_03.prefab using Guid(c0b5622ce34bb094cb5eb8145c93566d) Importer(815301076,1909f56bfc062723c751e8b465ee728b)  -> (artifact id: '51745f7da25f3619abb3f48bf0129b5d') in 0.006934 seconds
Number of updated asset objects reloaded before import = 0
Number of asset objects unloaded after import = 11
========================================================================
Received Import Request.
  Time since last request: 0.000202 seconds.
  path: Assets/AssetPackages/SyntyStudios/PolygonKnights/Prefabs/Props/SM_Prop_Beam_01.prefab
  artifactKey: Guid(67e45b9aed9a8fb4e86029884b2c05a4) Importer(815301076,1909f56bfc062723c751e8b465ee728b)
Start importing Assets/AssetPackages/SyntyStudios/PolygonKnights/Prefabs/Props/SM_Prop_Beam_01.prefab using Guid(67e45b9aed9a8fb4e86029884b2c05a4) Importer(815301076,1909f56bfc062723c751e8b465ee728b)  -> (artifact id: '41937cf6399bb1cf38e918e641a5697b') in 0.006646 seconds
Number of updated asset objects reloaded before import = 0
Number of asset objects unloaded after import = 11
========================================================================
Received Import Request.
  Time since last request: 0.005738 seconds.
  path: Assets/AssetPackages/SyntyStudios/PolygonKnights/Prefabs/Props/SM_Prop_CampFire_01.prefab
  artifactKey: Guid(bddb857dccb8156419a78be08cb4b651) Importer(815301076,1909f56bfc062723c751e8b465ee728b)
Start importing Assets/AssetPackages/SyntyStudios/PolygonKnights/Prefabs/Props/SM_Prop_CampFire_01.prefab using Guid(bddb857dccb8156419a78be08cb4b651) Importer(815301076,1909f56bfc062723c751e8b465ee728b)  -> (artifact id: '97102c21ba4bdf800e8264441445f27a') in 0.007117 seconds
Number of updated asset objects reloaded before import = 0
Number of asset objects unloaded after import = 11
========================================================================
Received Import Request.
  Time since last request: 0.005062 seconds.
  path: Assets/AssetPackages/SyntyStudios/PolygonKnights/Prefabs/Props/SM_Prop_CartHay_01.prefab
  artifactKey: Guid(132d1de61c7a2714f9cff49ced16356d) Importer(815301076,1909f56bfc062723c751e8b465ee728b)
Start importing Assets/AssetPackages/SyntyStudios/PolygonKnights/Prefabs/Props/SM_Prop_CartHay_01.prefab using Guid(132d1de61c7a2714f9cff49ced16356d) Importer(815301076,1909f56bfc062723c751e8b465ee728b)  -> (artifact id: 'ab0d9fd4d4c69cbe4ea4cfe0ea7f6c81') in 0.008114 seconds
Number of updated asset objects reloaded before import = 0
Number of asset objects unloaded after import = 11
========================================================================
Received Import Request.
  Time since last request: 0.003637 seconds.
  path: Assets/AssetPackages/SyntyStudios/PolygonKnights/Prefabs/Props/SM_Prop_Crate_01.prefab
  artifactKey: Guid(f028244a47462e3449e09903dedd7955) Importer(815301076,1909f56bfc062723c751e8b465ee728b)
Start importing Assets/AssetPackages/SyntyStudios/PolygonKnights/Prefabs/Props/SM_Prop_Crate_01.prefab using Guid(f028244a47462e3449e09903dedd7955) Importer(815301076,1909f56bfc062723c751e8b465ee728b)  -> (artifact id: '4e7f2a53f849fa50ee7a0fe148b379e4') in 0.006799 seconds
Number of updated asset objects reloaded before import = 0
Number of asset objects unloaded after import = 11
========================================================================
Received Import Request.
  Time since last request: 0.004647 seconds.
  path: Assets/AssetPackages/SyntyStudios/PolygonKnights/Prefabs/Props/SM_Prop_Fence_02.prefab
  artifactKey: Guid(7360d30a05af7804195e76840febbe6e) Importer(815301076,1909f56bfc062723c751e8b465ee728b)
Start importing Assets/AssetPackages/SyntyStudios/PolygonKnights/Prefabs/Props/SM_Prop_Fence_02.prefab using Guid(7360d30a05af7804195e76840febbe6e) Importer(815301076,1909f56bfc062723c751e8b465ee728b)  -> (artifact id: 'd05d4c60a051db20d3f2c80099cb19c6') in 0.007729 seconds
Number of updated asset objects reloaded before import = 0
Number of asset objects unloaded after import = 11
========================================================================
Received Import Request.
  Time since last request: 0.003895 seconds.
  path: Assets/AssetPackages/SyntyStudios/PolygonKnights/Prefabs/Props/SM_Prop_Gravestone_01.prefab
  artifactKey: Guid(a6cb2939c27644a4fb2c7ccfaeb7f585) Importer(815301076,1909f56bfc062723c751e8b465ee728b)
Start importing Assets/AssetPackages/SyntyStudios/PolygonKnights/Prefabs/Props/SM_Prop_Gravestone_01.prefab using Guid(a6cb2939c27644a4fb2c7ccfaeb7f585) Importer(815301076,1909f56bfc062723c751e8b465ee728b)  -> (artifact id: '5dbff2ec4afec09dd8a74e3eeb0e9eeb') in 0.006649 seconds
Number of updated asset objects reloaded before import = 0
Number of asset objects unloaded after import = 11
========================================================================
Received Import Request.
  Time since last request: 0.004206 seconds.
  path: Assets/AssetPackages/SyntyStudios/PolygonKnights/Prefabs/Props/SM_Prop_Guillotine_01.prefab
  artifactKey: Guid(df9f1d2dab4510b4d8d47ec43af7f7ed) Importer(815301076,1909f56bfc062723c751e8b465ee728b)
Start importing Assets/AssetPackages/SyntyStudios/PolygonKnights/Prefabs/Props/SM_Prop_Guillotine_01.prefab using Guid(df9f1d2dab4510b4d8d47ec43af7f7ed) Importer(815301076,1909f56bfc062723c751e8b465ee728b)  -> (artifact id: '9b4a7b603d243f7e3e00420d6dcbd6c4') in 0.006745 seconds
Number of updated asset objects reloaded before import = 0
Number of asset objects unloaded after import = 11
========================================================================
Received Import Request.
  Time since last request: 0.003988 seconds.
  path: Assets/AssetPackages/SyntyStudios/PolygonKnights/Prefabs/Props/SM_Prop_Plinth_01.prefab
  artifactKey: Guid(8a0ac44a0009f534c81764924bb79dcd) Importer(815301076,1909f56bfc062723c751e8b465ee728b)
Start importing Assets/AssetPackages/SyntyStudios/PolygonKnights/Prefabs/Props/SM_Prop_Plinth_01.prefab using Guid(8a0ac44a0009f534c81764924bb79dcd) Importer(815301076,1909f56bfc062723c751e8b465ee728b)  -> (artifact id: '2c856b04cacfcd56e8a81bd849816e2a') in 0.007072 seconds
Number of updated asset objects reloaded before import = 0
Number of asset objects unloaded after import = 11
========================================================================
Received Import Request.
  Time since last request: 0.003903 seconds.
  path: Assets/AssetPackages/SyntyStudios/PolygonKnights/Prefabs/Props/SM_Prop_Rowboat_01.prefab
  artifactKey: Guid(4b52ac9f710a9a24bb72344a8ed0986e) Importer(815301076,1909f56bfc062723c751e8b465ee728b)
Start importing Assets/AssetPackages/SyntyStudios/PolygonKnights/Prefabs/Props/SM_Prop_Rowboat_01.prefab using Guid(4b52ac9f710a9a24bb72344a8ed0986e) Importer(815301076,1909f56bfc062723c751e8b465ee728b)  -> (artifact id: 'b38a4d3e730c9ba7111bb9c20b850098') in 0.006626 seconds
Number of updated asset objects reloaded before import = 0
Number of asset objects unloaded after import = 11
========================================================================
Received Import Request.
  Time since last request: 0.003075 seconds.
  path: Assets/AssetPackages/SyntyStudios/PolygonKnights/Prefabs/Props/SM_Prop_Statue_01.prefab
  artifactKey: Guid(015f23238a8ca9f4d80f824581484228) Importer(815301076,1909f56bfc062723c751e8b465ee728b)
Start importing Assets/AssetPackages/SyntyStudios/PolygonKnights/Prefabs/Props/SM_Prop_Statue_01.prefab using Guid(015f23238a8ca9f4d80f824581484228) Importer(815301076,1909f56bfc062723c751e8b465ee728b)  -> (artifact id: '7633838fe3dffecdde9802e20e800e8e') in 0.007231 seconds
Number of updated asset objects reloaded before import = 0
Number of asset objects unloaded after import = 15
========================================================================
Received Import Request.
  Time since last request: 0.003557 seconds.
  path: Assets/AssetPackages/SyntyStudios/PolygonKnights/Prefabs/Props/SM_Prop_Trapdoor_01.prefab
  artifactKey: Guid(decd5016c0f9a6744aecb456c0c2913e) Importer(815301076,1909f56bfc062723c751e8b465ee728b)
Start importing Assets/AssetPackages/SyntyStudios/PolygonKnights/Prefabs/Props/SM_Prop_Trapdoor_01.prefab using Guid(decd5016c0f9a6744aecb456c0c2913e) Importer(815301076,1909f56bfc062723c751e8b465ee728b)  -> (artifact id: '3fecb5dfa5541a15a428dabd051b45f4') in 0.006226 seconds
Number of updated asset objects reloaded before import = 0
Number of asset objects unloaded after import = 11
========================================================================
Received Import Request.
  Time since last request: 0.003968 seconds.
  path: Assets/AssetPackages/SyntyStudios/PolygonKnights/Prefabs/Props/SM_Prop_WaterWheel_Support_01.prefab
  artifactKey: Guid(66ddb10137ec9f04caa60cd7f5c3b5e3) Importer(815301076,1909f56bfc062723c751e8b465ee728b)
Start importing Assets/AssetPackages/SyntyStudios/PolygonKnights/Prefabs/Props/SM_Prop_WaterWheel_Support_01.prefab using Guid(66ddb10137ec9f04caa60cd7f5c3b5e3) Importer(815301076,1909f56bfc062723c751e8b465ee728b)  -> (artifact id: '8c9c962f246d72909b40e6b263b4866f') in 0.006874 seconds
Number of updated asset objects reloaded before import = 0
Number of asset objects unloaded after import = 11
========================================================================
Received Import Request.
  Time since last request: 92.163224 seconds.
  path: Assets/AssetPackages/SyntyStudios/PolygonSamples/PolygonSciFiCity/Prefabs
  artifactKey: Guid(67de860a007dbef48a16af749f4fc62a) Importer(815301076,1909f56bfc062723c751e8b465ee728b)
Start importing Assets/AssetPackages/SyntyStudios/PolygonSamples/PolygonSciFiCity/Prefabs using Guid(67de860a007dbef48a16af749f4fc62a) Importer(815301076,1909f56bfc062723c751e8b465ee728b)  -> (artifact id: 'b75d498f8a6126153625e1013186b47b') in 0.000553 seconds
Number of updated asset objects reloaded before import = 0
Number of asset objects unloaded after import = 0
========================================================================
Received Import Request.
  Time since last request: 0.087245 seconds.
  path: Assets/AssetPackages/SyntyStudios/PolygonSamples/PolygonSciFiCity/Prefabs/Character_Augmented_Male_01.prefab
  artifactKey: Guid(568900de41fc3c6439f6a95cff422d4d) Importer(815301076,1909f56bfc062723c751e8b465ee728b)
Start importing Assets/AssetPackages/SyntyStudios/PolygonSamples/PolygonSciFiCity/Prefabs/Character_Augmented_Male_01.prefab using Guid(568900de41fc3c6439f6a95cff422d4d) Importer(815301076,1909f56bfc062723c751e8b465ee728b)  -> (artifact id: 'a858b2941ae98804cbf57ae524986297') in 0.017218 seconds
Number of updated asset objects reloaded before import = 0
Number of asset objects unloaded after import = 110
========================================================================
Received Import Request.
  Time since last request: 0.000010 seconds.
  path: Assets/AssetPackages/SyntyStudios/PolygonSamples/PolygonSciFiCity/Prefabs/SM_Bld_Large_06.prefab
  artifactKey: Guid(06495a71460b0ba41a3bf455616d92e7) Importer(815301076,1909f56bfc062723c751e8b465ee728b)
Start importing Assets/AssetPackages/SyntyStudios/PolygonSamples/PolygonSciFiCity/Prefabs/SM_Bld_Large_06.prefab using Guid(06495a71460b0ba41a3bf455616d92e7) Importer(815301076,1909f56bfc062723c751e8b465ee728b)  -> (artifact id: 'b3ceb4d9e247a3b632fec4eea2698796') in 0.007171 seconds
Number of updated asset objects reloaded before import = 0
Number of asset objects unloaded after import = 10
========================================================================
Received Import Request.
  Time since last request: 0.003445 seconds.
  path: Assets/AssetPackages/SyntyStudios/PolygonSamples/PolygonSciFiCity/Prefabs/SM_Wep_Pistol_01.prefab
  artifactKey: Guid(3d53158324d0d90449744584cef6b151) Importer(815301076,1909f56bfc062723c751e8b465ee728b)
Start importing Assets/AssetPackages/SyntyStudios/PolygonSamples/PolygonSciFiCity/Prefabs/SM_Wep_Pistol_01.prefab using Guid(3d53158324d0d90449744584cef6b151) Importer(815301076,1909f56bfc062723c751e8b465ee728b)  -> (artifact id: 'c98226926636dfd796ac14224e0f500d') in 0.007448 seconds
Number of updated asset objects reloaded before import = 0
Number of asset objects unloaded after import = 20
========================================================================
Received Import Request.
  Time since last request: 4.249726 seconds.
  path: Assets/AssetPackages/SyntyStudios/PolygonAdventure/Materials
  artifactKey: Guid(e81b1aab05a881f46bb1daf938b46c5d) Importer(815301076,1909f56bfc062723c751e8b465ee728b)
Start importing Assets/AssetPackages/SyntyStudios/PolygonAdventure/Materials using Guid(e81b1aab05a881f46bb1daf938b46c5d) Importer(815301076,1909f56bfc062723c751e8b465ee728b)  -> (artifact id: 'c9d79e4983cc9607f98d0dd1cc10aa0a') in 0.000611 seconds
Number of updated asset objects reloaded before import = 0
Number of asset objects unloaded after import = 0
========================================================================
Received Import Request.
  Time since last request: 0.071694 seconds.
  path: Assets/AssetPackages/SyntyStudios/PolygonAdventure/Materials/Characters_Black.mat
  artifactKey: Guid(8c48e6085fe7e7f42be493f6ba01c6f3) Importer(815301076,1909f56bfc062723c751e8b465ee728b)
Start importing Assets/AssetPackages/SyntyStudios/PolygonAdventure/Materials/Characters_Black.mat using Guid(8c48e6085fe7e7f42be493f6ba01c6f3) Importer(815301076,1909f56bfc062723c751e8b465ee728b)  -> (artifact id: '9b454ea73fa0518a1dc9751050e0d3f7') in 0.024602 seconds
Number of updated asset objects reloaded before import = 0
Number of asset objects unloaded after import = 2
========================================================================
Received Import Request.
  Time since last request: 0.017275 seconds.
  path: Assets/AssetPackages/SyntyStudios/PolygonAdventure/Materials/PolyAdventureMaterial_02.mat
  artifactKey: Guid(880f89810f43de443898ff2ccd0fb5f3) Importer(815301076,1909f56bfc062723c751e8b465ee728b)
Start importing Assets/AssetPackages/SyntyStudios/PolygonAdventure/Materials/PolyAdventureMaterial_02.mat using Guid(880f89810f43de443898ff2ccd0fb5f3) Importer(815301076,1909f56bfc062723c751e8b465ee728b)  -> (artifact id: '57a95c08290612bb81f40f2185146b7f') in 0.008357 seconds
Number of updated asset objects reloaded before import = 0
Number of asset objects unloaded after import = 2
========================================================================
Received Import Request.
  Time since last request: 0.025313 seconds.
  path: Assets/AssetPackages/SyntyStudios/PolygonAdventure/Materials/PolyAdventureMaterial_Dark_02.mat
  artifactKey: Guid(b437f558bb1a803499e54f549c2bda92) Importer(815301076,1909f56bfc062723c751e8b465ee728b)
Start importing Assets/AssetPackages/SyntyStudios/PolygonAdventure/Materials/PolyAdventureMaterial_Dark_02.mat using Guid(b437f558bb1a803499e54f549c2bda92) Importer(815301076,1909f56bfc062723c751e8b465ee728b)  -> (artifact id: '746866382b9bb641108982d290efe193') in 0.011012 seconds
Number of updated asset objects reloaded before import = 0
Number of asset objects unloaded after import = 2
========================================================================
Received Import Request.
  Time since last request: 0.000012 seconds.
  path: Assets/AssetPackages/SyntyStudios/PolygonAdventure/Materials/PolyAdventureMaterial_Snow_01.mat
  artifactKey: Guid(fe202229726379c42adb32cce7658ce6) Importer(815301076,1909f56bfc062723c751e8b465ee728b)
Start importing Assets/AssetPackages/SyntyStudios/PolygonAdventure/Materials/PolyAdventureMaterial_Snow_01.mat using Guid(fe202229726379c42adb32cce7658ce6) Importer(815301076,1909f56bfc062723c751e8b465ee728b)  -> (artifact id: '9f21b82aca50faa8c3114645ed3d5bf7') in 0.009361 seconds
Number of updated asset objects reloaded before import = 0
Number of asset objects unloaded after import = 2
========================================================================
Received Import Request.
  Time since last request: 0.000012 seconds.
  path: Assets/AssetPackages/SyntyStudios/PolygonAdventure/Materials/PolyAdventureMaterial_Dark_01.mat
  artifactKey: Guid(37b168582e3c39e4f8a706d91e01c206) Importer(815301076,1909f56bfc062723c751e8b465ee728b)
Start importing Assets/AssetPackages/SyntyStudios/PolygonAdventure/Materials/PolyAdventureMaterial_Dark_01.mat using Guid(37b168582e3c39e4f8a706d91e01c206) Importer(815301076,1909f56bfc062723c751e8b465ee728b)  -> (artifact id: '26b51eccab7e1ecf935cb2e1fab39778') in 0.010199 seconds
Number of updated asset objects reloaded before import = 0
Number of asset objects unloaded after import = 2
Editor requested this worker to shutdown with reason: Scaling down because of idle timeout
TcpMessagingSession - receive error: operation aborted. errorcode: 995, details: The I/O operation has been aborted because of either a thread exit or an application request.
AssetImportWorker is now disconnected from the server
Process exiting
Exiting without the bug reporter. Application will terminate with return code 0