Using pre-set license
Built from '2022.3/staging' branch; Version is '2022.3.26f1 (ec6cd8118806) revision 15494360'; Using compiler version '192829333'; Build Type 'Release'
OS: 'Windows 11  (10.0.22631) 64bit Core' Language: 'en' Physical Memory: 32469 MB
BatchMode: 1, IsHumanControllingUs: 0, StartBugReporterOnCrash: 0, Is64bit: 1, IsPro: 1

COMMAND LINE ARGUMENTS:
C:\Program Files\Unity\Hub\Editor\2022.3.26f1\Editor\Unity.exe
-adb2
-batchMode
-noUpm
-name
AssetImportWorker25
-projectPath
D:/pppp/the game/My project
-logFile
Logs/AssetImportWorker25.log
-srvPort
62585
Successfully changed project path to: D:/pppp/the game/My project
D:/pppp/the game/My project
[UnityMemory] Configuration Parameters - Can be set up in boot.config
    "memorysetup-bucket-allocator-granularity=16"
    "memorysetup-bucket-allocator-bucket-count=8"
    "memorysetup-bucket-allocator-block-size=33554432"
    "memorysetup-bucket-allocator-block-count=8"
    "memorysetup-main-allocator-block-size=16777216"
    "memorysetup-thread-allocator-block-size=16777216"
    "memorysetup-gfx-main-allocator-block-size=16777216"
    "memorysetup-gfx-thread-allocator-block-size=16777216"
    "memorysetup-cache-allocator-block-size=4194304"
    "memorysetup-typetree-allocator-block-size=2097152"
    "memorysetup-profiler-bucket-allocator-granularity=16"
    "memorysetup-profiler-bucket-allocator-bucket-count=8"
    "memorysetup-profiler-bucket-allocator-block-size=33554432"
    "memorysetup-profiler-bucket-allocator-block-count=8"
    "memorysetup-profiler-allocator-block-size=16777216"
    "memorysetup-profiler-editor-allocator-block-size=1048576"
    "memorysetup-temp-allocator-size-main=16777216"
    "memorysetup-job-temp-allocator-block-size=2097152"
    "memorysetup-job-temp-allocator-block-size-background=1048576"
    "memorysetup-job-temp-allocator-reduction-small-platforms=262144"
    "memorysetup-allocator-temp-initial-block-size-main=262144"
    "memorysetup-allocator-temp-initial-block-size-worker=262144"
    "memorysetup-temp-allocator-size-background-worker=32768"
    "memorysetup-temp-allocator-size-job-worker=262144"
    "memorysetup-temp-allocator-size-preload-manager=33554432"
    "memorysetup-temp-allocator-size-nav-mesh-worker=65536"
    "memorysetup-temp-allocator-size-audio-worker=65536"
    "memorysetup-temp-allocator-size-cloud-worker=32768"
    "memorysetup-temp-allocator-size-gi-baking-worker=262144"
    "memorysetup-temp-allocator-size-gfx=262144"
Player connection [33636] Host "[IP] 192.168.1.159 [Port] 0 [Flags] 2 [Guid] 399954300 [EditorId] 399954300 [Version] 1048832 [Id] WindowsEditor(7,MSI) [Debug] 1 [PackageName] WindowsEditor [ProjectName] Editor" joined multi-casting on [225.0.0.222:54997]...

Player connection [33636] Host "[IP] 192.168.1.159 [Port] 0 [Flags] 2 [Guid] 399954300 [EditorId] 399954300 [Version] 1048832 [Id] WindowsEditor(7,MSI) [Debug] 1 [PackageName] WindowsEditor [ProjectName] Editor" joined alternative multi-casting on [225.0.0.222:34997]...

[Physics::Module] Initialized MultithreadedJobDispatcher with 31 workers.
Refreshing native plugins compatible for Editor in 10.74 ms, found 3 plugins.
Preloading 0 native plugins for Editor in 0.00 ms.
Initialize engine version: 2022.3.26f1 (ec6cd8118806)
[Subsystems] Discovering subsystems at path C:/Program Files/Unity/Hub/Editor/2022.3.26f1/Editor/Data/Resources/UnitySubsystems
[Subsystems] Discovering subsystems at path D:/pppp/the game/My project/Assets
GfxDevice: creating device client; threaded=0; jobified=0
Direct3D:
    Version:  Direct3D 11.0 [level 11.1]
    Renderer: NVIDIA GeForce RTX 4080 Laptop GPU (ID=0x27a0)
    Vendor:   NVIDIA
    VRAM:     11997 MB
    Driver:   32.0.15.5585
Initialize mono
Mono path[0] = 'C:/Program Files/Unity/Hub/Editor/2022.3.26f1/Editor/Data/Managed'
Mono path[1] = 'C:/Program Files/Unity/Hub/Editor/2022.3.26f1/Editor/Data/MonoBleedingEdge/lib/mono/unityjit-win32'
Mono config path = 'C:/Program Files/Unity/Hub/Editor/2022.3.26f1/Editor/Data/MonoBleedingEdge/etc'
Using monoOptions --debugger-agent=transport=dt_socket,embedding=1,server=y,suspend=n,address=127.0.0.1:56040
Begin MonoManager ReloadAssembly
Registering precompiled unity dll's ...
Register platform support module: C:/Program Files/Unity/Hub/Editor/2022.3.26f1/Editor/Data/PlaybackEngines/WebGLSupport/UnityEditor.WebGL.Extensions.dll
Register platform support module: C:/Program Files/Unity/Hub/Editor/2022.3.26f1/Editor/Data/PlaybackEngines/AndroidPlayer/UnityEditor.Android.Extensions.dll
Register platform support module: C:/Program Files/Unity/Hub/Editor/2022.3.26f1/Editor/Data/PlaybackEngines/iOSSupport/UnityEditor.iOS.Extensions.dll
Register platform support module: C:/Program Files/Unity/Hub/Editor/2022.3.26f1/Editor/Data/PlaybackEngines/WindowsStandaloneSupport/UnityEditor.WindowsStandalone.Extensions.dll
Register platform support module: C:/Program Files/Unity/Hub/Editor/2022.3.26f1/Editor/Data/PlaybackEngines/MetroSupport/UnityEditor.UWP.Extensions.dll
Registered in 0.020112 seconds.
- Loaded All Assemblies, in  0.292 seconds
Native extension for UWP target not found
Native extension for WindowsStandalone target not found
[usbmuxd] Start listen thread
[usbmuxd] Listen thread started
Native extension for iOS target not found
Native extension for Android target not found
Android Extension - Scanning For ADB Devices 1364 ms
Native extension for WebGL target not found
Mono: successfully reloaded assembly
- Finished resetting the current domain, in  1.635 seconds
Domain Reload Profiling: 1924ms
	BeginReloadAssembly (98ms)
		ExecutionOrderSort (0ms)
		DisableScriptedObjects (0ms)
		BackupInstance (0ms)
		ReleaseScriptingObjects (0ms)
		CreateAndSetChildDomain (1ms)
	RebuildCommonClasses (22ms)
	RebuildNativeTypeToScriptingClass (6ms)
	initialDomainReloadingComplete (58ms)
	LoadAllAssembliesAndSetupDomain (105ms)
		LoadAssemblies (97ms)
		RebuildTransferFunctionScriptingTraits (0ms)
		AnalyzeDomain (102ms)
			TypeCache.Refresh (101ms)
				TypeCache.ScanAssembly (92ms)
			ScanForSourceGeneratedMonoScriptInfo (0ms)
			ResolveRequiredComponents (0ms)
	FinalizeReload (1635ms)
		ReleaseScriptCaches (0ms)
		RebuildScriptCaches (0ms)
		SetupLoadedEditorAssemblies (1596ms)
			LogAssemblyErrors (0ms)
			InitializePlatformSupportModulesInManaged (1491ms)
			SetLoadedEditorAssemblies (3ms)
			RefreshPlugins (0ms)
			BeforeProcessingInitializeOnLoad (2ms)
			ProcessInitializeOnLoadAttributes (67ms)
			ProcessInitializeOnLoadMethodAttributes (34ms)
			AfterProcessingInitializeOnLoad (0ms)
			EditorAssembliesLoaded (0ms)
		ExecutionOrderSort2 (0ms)
		AwakeInstancesAfterBackupRestoration (0ms)
========================================================================
Worker process is ready to serve import requests
Begin MonoManager ReloadAssembly
- Loaded All Assemblies, in  0.530 seconds
Refreshing native plugins compatible for Editor in 2.21 ms, found 3 plugins.
Native extension for UWP target not found
Native extension for WindowsStandalone target not found
Native extension for iOS target not found
Native extension for Android target not found
Native extension for WebGL target not found
Package Manager log level set to [2]
[Package Manager] Server::EnsureServerProcessIsRunning -- launch failed, reason: Unity was launched with the -noUpm command-line argument
[Package Manager] UpmClient::Send -- Unable to send message (not connected to UPM process).
[Package Manager] Cannot connect to Unity Package Manager local server
Mono: successfully reloaded assembly
- Finished resetting the current domain, in  0.452 seconds
Domain Reload Profiling: 978ms
	BeginReloadAssembly (136ms)
		ExecutionOrderSort (0ms)
		DisableScriptedObjects (3ms)
		BackupInstance (0ms)
		ReleaseScriptingObjects (0ms)
		CreateAndSetChildDomain (14ms)
	RebuildCommonClasses (32ms)
	RebuildNativeTypeToScriptingClass (9ms)
	initialDomainReloadingComplete (38ms)
	LoadAllAssembliesAndSetupDomain (310ms)
		LoadAssemblies (269ms)
		RebuildTransferFunctionScriptingTraits (0ms)
		AnalyzeDomain (129ms)
			TypeCache.Refresh (115ms)
				TypeCache.ScanAssembly (104ms)
			ScanForSourceGeneratedMonoScriptInfo (10ms)
			ResolveRequiredComponents (3ms)
	FinalizeReload (452ms)
		ReleaseScriptCaches (0ms)
		RebuildScriptCaches (0ms)
		SetupLoadedEditorAssemblies (328ms)
			LogAssemblyErrors (0ms)
			InitializePlatformSupportModulesInManaged (33ms)
			SetLoadedEditorAssemblies (3ms)
			RefreshPlugins (0ms)
			BeforeProcessingInitializeOnLoad (45ms)
			ProcessInitializeOnLoadAttributes (226ms)
			ProcessInitializeOnLoadMethodAttributes (13ms)
			AfterProcessingInitializeOnLoad (10ms)
			EditorAssembliesLoaded (0ms)
		ExecutionOrderSort2 (0ms)
		AwakeInstancesAfterBackupRestoration (25ms)
Launched and connected shader compiler UnityShaderCompiler.exe after 0.12 seconds
Refreshing native plugins compatible for Editor in 3.85 ms, found 3 plugins.
Preloading 0 native plugins for Editor in 0.00 ms.
Unloading 3582 Unused Serialized files (Serialized files now loaded: 0)
Unloading 40 unused Assets / (58.1 KB). Loaded Objects now: 4052.
Memory consumption went from 147.9 MB to 147.9 MB.
Total: 3.663000 ms (FindLiveObjects: 0.233300 ms CreateObjectMapping: 0.083900 ms MarkObjects: 3.230700 ms  DeleteObjects: 0.113600 ms)

AssetImportParameters requested are different than current active one (requested -> active):
  custom:container-demuxer-ogg: 62fdf1f143b41e24485cea50d1cbac27 -> 
  custom:video-codec-MediaFoundation-h265: 746d11721c4dcdbdad8f713fa42b33f4 -> 
  custom:video-decoder-ogg-theora: a1e56fd34408186e4bbccfd4996cb3dc -> 
  custom:framework-win-MediaFoundation: 216162199b28c13a410421893ffa2e32 -> 
  custom:CustomObjectIndexerAttribute: 9a22284fe3817be447336de3de66b15e -> 
  custom:container-demuxer-webm: 4f35f7cbe854078d1ac9338744f61a02 -> 
  custom:container-muxer-webm: aa71ff27fc2769a1b78a27578f13a17b -> 
  custom:video-decoder-webm-vp8: 9c59270c3fd7afecdb556c50c9e8de78 -> 
  custom:SearchIndexIgnoredProperties: e643bd26f0fe6173181afceb89e7c659 -> 
  custom:AudioImporter_EditorPlatform: d09bf68614088b80899f8185d706f6e7 -> 
  custom:video-encoder-webm-vp8: eb34c28f22e8b96e1ab97ce403110664 -> 
  custom:audio-decoder-ogg-vorbis: bf7c407c2cedff20999df2af8eb42d56 -> 
  custom:audio-encoder-webm-vorbis: bf7c407c2cedff20999df2af8eb42d56 -> 
========================================================================
Received Import Request.
  Time since last request: 81514.416969 seconds.
  path: Assets/AssetPackages/SyntyStudios/PolygonPrototype/Prefabs/FX/Fire_01_FX.prefab
  artifactKey: Guid(118e3f56a5212e849882f9a2fccadda7) Importer(815301076,1909f56bfc062723c751e8b465ee728b)
Start importing Assets/AssetPackages/SyntyStudios/PolygonPrototype/Prefabs/FX/Fire_01_FX.prefab using Guid(118e3f56a5212e849882f9a2fccadda7) Importer(815301076,1909f56bfc062723c751e8b465ee728b)  -> (artifact id: '487d06246d74cd793f1b9c77d196083c') in 0.174835 seconds
Number of updated asset objects reloaded before import = 0
Number of asset objects unloaded after import = 7
========================================================================
Received Import Request.
  Time since last request: 3.964090 seconds.
  path: Assets/AssetPackages/SyntyStudios/PolygonPrototype/Prefabs/Characters/Character_Dummy_Male_01.prefab
  artifactKey: Guid(2f3e27eecb190e44a9af50723c394274) Importer(815301076,1909f56bfc062723c751e8b465ee728b)
Start importing Assets/AssetPackages/SyntyStudios/PolygonPrototype/Prefabs/Characters/Character_Dummy_Male_01.prefab using Guid(2f3e27eecb190e44a9af50723c394274) Importer(815301076,1909f56bfc062723c751e8b465ee728b)  -> (artifact id: 'edeb78e02c15acf1a0c4785679f55520') in 0.062687 seconds
Number of updated asset objects reloaded before import = 0
Number of asset objects unloaded after import = 130
========================================================================
Received Import Request.
  Time since last request: 16.357032 seconds.
  path: Assets/AssetPackages/SyntyStudios/PolygonSamples/PolygonDungeons/Prefabs/SM_Env_Wall_01.prefab
  artifactKey: Guid(e2640158a51d3f140b9a300b124fee3c) Importer(815301076,1909f56bfc062723c751e8b465ee728b)
Start importing Assets/AssetPackages/SyntyStudios/PolygonSamples/PolygonDungeons/Prefabs/SM_Env_Wall_01.prefab using Guid(e2640158a51d3f140b9a300b124fee3c) Importer(815301076,1909f56bfc062723c751e8b465ee728b)  -> (artifact id: 'ee5dc6d39aecc335941de2da32530c7d') in 0.011972 seconds
Number of updated asset objects reloaded before import = 0
Number of asset objects unloaded after import = 10
========================================================================
Received Import Request.
  Time since last request: 11.624109 seconds.
  path: Assets/AssetPackages/SyntyStudios/PolygonStarter/Prefabs/SM_Generic_CloudRing_01.prefab
  artifactKey: Guid(280053154239720458c4b6093bfea66a) Importer(815301076,1909f56bfc062723c751e8b465ee728b)
Start importing Assets/AssetPackages/SyntyStudios/PolygonStarter/Prefabs/SM_Generic_CloudRing_01.prefab using Guid(280053154239720458c4b6093bfea66a) Importer(815301076,1909f56bfc062723c751e8b465ee728b)  -> (artifact id: '43b008018c67f00b03c55587823f6b0e') in 0.014046 seconds
Number of updated asset objects reloaded before import = 0
Number of asset objects unloaded after import = 9
========================================================================
Received Import Request.
  Time since last request: 0.007878 seconds.
  path: Assets/AssetPackages/SyntyStudios/PolygonStarter/Prefabs/SM_Generic_Ground_03.prefab
  artifactKey: Guid(03b298e339be8c8428fc06f3fc1d627a) Importer(815301076,1909f56bfc062723c751e8b465ee728b)
Start importing Assets/AssetPackages/SyntyStudios/PolygonStarter/Prefabs/SM_Generic_Ground_03.prefab using Guid(03b298e339be8c8428fc06f3fc1d627a) Importer(815301076,1909f56bfc062723c751e8b465ee728b)  -> (artifact id: '08af6939a9f99dba491961ec83910beb') in 0.007878 seconds
Number of updated asset objects reloaded before import = 0
Number of asset objects unloaded after import = 10
========================================================================
Received Import Request.
  Time since last request: 0.002911 seconds.
  path: Assets/AssetPackages/SyntyStudios/PolygonStarter/Prefabs/SM_Generic_Ground_Flat_01.prefab
  artifactKey: Guid(e484c7ad7b1274b4c847940d3eb54d14) Importer(815301076,1909f56bfc062723c751e8b465ee728b)
Start importing Assets/AssetPackages/SyntyStudios/PolygonStarter/Prefabs/SM_Generic_Ground_Flat_01.prefab using Guid(e484c7ad7b1274b4c847940d3eb54d14) Importer(815301076,1909f56bfc062723c751e8b465ee728b)  -> (artifact id: '2e63c25e0018d2f6acd2960f9fa2a7c2') in 0.007669 seconds
Number of updated asset objects reloaded before import = 0
Number of asset objects unloaded after import = 10
========================================================================
Received Import Request.
  Time since last request: 0.004545 seconds.
  path: Assets/AssetPackages/SyntyStudios/PolygonStarter/Prefabs/SM_Generic_Mountains_Soft_01.prefab
  artifactKey: Guid(a114301c17a8f9d4e87a828e20f894a2) Importer(815301076,1909f56bfc062723c751e8b465ee728b)
Start importing Assets/AssetPackages/SyntyStudios/PolygonStarter/Prefabs/SM_Generic_Mountains_Soft_01.prefab using Guid(a114301c17a8f9d4e87a828e20f894a2) Importer(815301076,1909f56bfc062723c751e8b465ee728b)  -> (artifact id: '3a74e1441e4b56fed1bf152c6b57b401') in 0.007468 seconds
Number of updated asset objects reloaded before import = 0
Number of asset objects unloaded after import = 10
========================================================================
Received Import Request.
  Time since last request: 0.003467 seconds.
  path: Assets/AssetPackages/SyntyStudios/PolygonStarter/Prefabs/SM_Generic_Small_Rocks_02.prefab
  artifactKey: Guid(a76742b3f592d834ca1e03ad08301998) Importer(815301076,1909f56bfc062723c751e8b465ee728b)
Start importing Assets/AssetPackages/SyntyStudios/PolygonStarter/Prefabs/SM_Generic_Small_Rocks_02.prefab using Guid(a76742b3f592d834ca1e03ad08301998) Importer(815301076,1909f56bfc062723c751e8b465ee728b)  -> (artifact id: '03043fa61af2a7b942673a31750acaf9') in 0.006337 seconds
Number of updated asset objects reloaded before import = 0
Number of asset objects unloaded after import = 9
========================================================================
Received Import Request.
  Time since last request: 0.003388 seconds.
  path: Assets/AssetPackages/SyntyStudios/PolygonStarter/Prefabs/SM_Generic_Small_Rocks_04.prefab
  artifactKey: Guid(097c26aede8f73e41a32d546bd00e97f) Importer(815301076,1909f56bfc062723c751e8b465ee728b)
Start importing Assets/AssetPackages/SyntyStudios/PolygonStarter/Prefabs/SM_Generic_Small_Rocks_04.prefab using Guid(097c26aede8f73e41a32d546bd00e97f) Importer(815301076,1909f56bfc062723c751e8b465ee728b)  -> (artifact id: '153d086bae0bb72bb020d4c29eedd7ed') in 0.007229 seconds
Number of updated asset objects reloaded before import = 0
Number of asset objects unloaded after import = 9
========================================================================
Received Import Request.
  Time since last request: 0.002747 seconds.
  path: Assets/AssetPackages/SyntyStudios/PolygonStarter/Prefabs/SM_Generic_Tree_01.prefab
  artifactKey: Guid(ab36f4e752fd5d74d8e9f8f24c8864f2) Importer(815301076,1909f56bfc062723c751e8b465ee728b)
Start importing Assets/AssetPackages/SyntyStudios/PolygonStarter/Prefabs/SM_Generic_Tree_01.prefab using Guid(ab36f4e752fd5d74d8e9f8f24c8864f2) Importer(815301076,1909f56bfc062723c751e8b465ee728b)  -> (artifact id: 'be4a7b8c8c0844726c1da351d2f638d3') in 0.010051 seconds
Number of updated asset objects reloaded before import = 0
Number of asset objects unloaded after import = 10
========================================================================
Received Import Request.
  Time since last request: 0.011008 seconds.
  path: Assets/AssetPackages/SyntyStudios/PolygonStarter/Prefabs/SM_Generic_TreeDead_01.prefab
  artifactKey: Guid(e30b3aeaaf8ec804198090a10eca14d8) Importer(815301076,1909f56bfc062723c751e8b465ee728b)
Start importing Assets/AssetPackages/SyntyStudios/PolygonStarter/Prefabs/SM_Generic_TreeDead_01.prefab using Guid(e30b3aeaaf8ec804198090a10eca14d8) Importer(815301076,1909f56bfc062723c751e8b465ee728b)  -> (artifact id: '20dcd90592948c2e0992cf299cf109f7') in 0.006965 seconds
Number of updated asset objects reloaded before import = 0
Number of asset objects unloaded after import = 10
========================================================================
Received Import Request.
  Time since last request: 0.003659 seconds.
  path: Assets/AssetPackages/SyntyStudios/PolygonStarter/Prefabs/SM_PolygonApocalypse_Bld_House_01.prefab
  artifactKey: Guid(09135c03210603f42b4207ff66b56781) Importer(815301076,1909f56bfc062723c751e8b465ee728b)
Start importing Assets/AssetPackages/SyntyStudios/PolygonStarter/Prefabs/SM_PolygonApocalypse_Bld_House_01.prefab using Guid(09135c03210603f42b4207ff66b56781) Importer(815301076,1909f56bfc062723c751e8b465ee728b)  -> (artifact id: 'e148cb14aa38dc00cd35c751f4d09fad') in 0.008729 seconds
Number of updated asset objects reloaded before import = 0
Number of asset objects unloaded after import = 11
========================================================================
Received Import Request.
  Time since last request: 0.002138 seconds.
  path: Assets/AssetPackages/SyntyStudios/PolygonStarter/Prefabs/SM_PolygonPrototype_Buildings_Block_1x1_01P.prefab
  artifactKey: Guid(bbc12ae2f967ec04e8c3c39eeb92733b) Importer(815301076,1909f56bfc062723c751e8b465ee728b)
Start importing Assets/AssetPackages/SyntyStudios/PolygonStarter/Prefabs/SM_PolygonPrototype_Buildings_Block_1x1_01P.prefab using Guid(bbc12ae2f967ec04e8c3c39eeb92733b) Importer(815301076,1909f56bfc062723c751e8b465ee728b)  -> (artifact id: '1a8c5739d4d80081a321861aa942e1fa') in 0.007593 seconds
Number of updated asset objects reloaded before import = 0
Number of asset objects unloaded after import = 10
========================================================================
Received Import Request.
  Time since last request: 0.008518 seconds.
  path: Assets/AssetPackages/SyntyStudios/PolygonStarter/Prefabs/SM_PolygonPrototype_Buildings_Floor_1x1_01P.prefab
  artifactKey: Guid(af1ac26269830d347859c2c45ef72494) Importer(815301076,1909f56bfc062723c751e8b465ee728b)
Start importing Assets/AssetPackages/SyntyStudios/PolygonStarter/Prefabs/SM_PolygonPrototype_Buildings_Floor_1x1_01P.prefab using Guid(af1ac26269830d347859c2c45ef72494) Importer(815301076,1909f56bfc062723c751e8b465ee728b)  -> (artifact id: '9f689815cfc0a93fe235ee6935318c67') in 0.008120 seconds
Number of updated asset objects reloaded before import = 0
Number of asset objects unloaded after import = 10
========================================================================
Received Import Request.
  Time since last request: 0.001734 seconds.
  path: Assets/AssetPackages/SyntyStudios/PolygonStarter/Prefabs/SM_PolygonPrototype_Buildings_Ramp_25_1x1_01P.prefab
  artifactKey: Guid(35b4129ac994d4e49a7699deb68ac65b) Importer(815301076,1909f56bfc062723c751e8b465ee728b)
Start importing Assets/AssetPackages/SyntyStudios/PolygonStarter/Prefabs/SM_PolygonPrototype_Buildings_Ramp_25_1x1_01P.prefab using Guid(35b4129ac994d4e49a7699deb68ac65b) Importer(815301076,1909f56bfc062723c751e8b465ee728b)  -> (artifact id: 'cd0ff039c6c07a0bd60536b0632b89f8') in 0.007795 seconds
Number of updated asset objects reloaded before import = 0
Number of asset objects unloaded after import = 10
========================================================================
Received Import Request.
  Time since last request: 0.000561 seconds.
  path: Assets/AssetPackages/SyntyStudios/PolygonStarter/Prefabs/SM_PolygonPrototype_Buildings_Stairs_1x1_01P.prefab
  artifactKey: Guid(f675c07d915406144ae3100b985c0abc) Importer(815301076,1909f56bfc062723c751e8b465ee728b)
Start importing Assets/AssetPackages/SyntyStudios/PolygonStarter/Prefabs/SM_PolygonPrototype_Buildings_Stairs_1x1_01P.prefab using Guid(f675c07d915406144ae3100b985c0abc) Importer(815301076,1909f56bfc062723c751e8b465ee728b)  -> (artifact id: '252a4872ffc5636eb22af24b703e34c3') in 0.007654 seconds
Number of updated asset objects reloaded before import = 0
Number of asset objects unloaded after import = 10
========================================================================
Received Import Request.
  Time since last request: 0.002733 seconds.
  path: Assets/AssetPackages/SyntyStudios/PolygonStarter/Prefabs/SM_PolygonPrototype_Buildings_WallDoor_2x3_01P.prefab
  artifactKey: Guid(dc7c84106cc461e4f8dac748879dbe72) Importer(815301076,1909f56bfc062723c751e8b465ee728b)
Start importing Assets/AssetPackages/SyntyStudios/PolygonStarter/Prefabs/SM_PolygonPrototype_Buildings_WallDoor_2x3_01P.prefab using Guid(dc7c84106cc461e4f8dac748879dbe72) Importer(815301076,1909f56bfc062723c751e8b465ee728b)  -> (artifact id: '27d391a38fadf26321ab775712ccb7f3') in 0.007347 seconds
Number of updated asset objects reloaded before import = 0
Number of asset objects unloaded after import = 11
========================================================================
Received Import Request.
  Time since last request: 0.002698 seconds.
  path: Assets/AssetPackages/SyntyStudios/PolygonStarter/Prefabs/SM_PolygonPrototype_Icon_Arrow_Small_01.prefab
  artifactKey: Guid(f0371e756e6017b4c84e42073506be40) Importer(815301076,1909f56bfc062723c751e8b465ee728b)
Start importing Assets/AssetPackages/SyntyStudios/PolygonStarter/Prefabs/SM_PolygonPrototype_Icon_Arrow_Small_01.prefab using Guid(f0371e756e6017b4c84e42073506be40) Importer(815301076,1909f56bfc062723c751e8b465ee728b)  -> (artifact id: 'd256838b0d5b5cf4226f2b8683eccfa4') in 0.007154 seconds
Number of updated asset objects reloaded before import = 0
Number of asset objects unloaded after import = 10
========================================================================
Received Import Request.
  Time since last request: 0.002820 seconds.
  path: Assets/AssetPackages/SyntyStudios/PolygonStarter/Prefabs/SM_PolygonPrototype_Icon_Letter_Question_01.prefab
  artifactKey: Guid(0a38eb871bfa7c646bc59c4f2eeea64b) Importer(815301076,1909f56bfc062723c751e8b465ee728b)
Start importing Assets/AssetPackages/SyntyStudios/PolygonStarter/Prefabs/SM_PolygonPrototype_Icon_Letter_Question_01.prefab using Guid(0a38eb871bfa7c646bc59c4f2eeea64b) Importer(815301076,1909f56bfc062723c751e8b465ee728b)  -> (artifact id: '39b2baed39b1237bef5b93eb9737ed44') in 0.007656 seconds
Number of updated asset objects reloaded before import = 0
Number of asset objects unloaded after import = 10
========================================================================
Received Import Request.
  Time since last request: 0.001678 seconds.
  path: Assets/AssetPackages/SyntyStudios/PolygonStarter/Prefabs/SM_PolygonPrototype_Primitive_Cylander_01P.prefab
  artifactKey: Guid(4ec4cfadebd96154690192fbd49e28b8) Importer(815301076,1909f56bfc062723c751e8b465ee728b)
Start importing Assets/AssetPackages/SyntyStudios/PolygonStarter/Prefabs/SM_PolygonPrototype_Primitive_Cylander_01P.prefab using Guid(4ec4cfadebd96154690192fbd49e28b8) Importer(815301076,1909f56bfc062723c751e8b465ee728b)  -> (artifact id: 'c2c877bc40194e4fb8051cf1bf7b74af') in 0.007834 seconds
Number of updated asset objects reloaded before import = 0
Number of asset objects unloaded after import = 10
========================================================================
Received Import Request.
  Time since last request: 0.003570 seconds.
  path: Assets/AssetPackages/SyntyStudios/PolygonStarter/Prefabs/SM_PolygonPrototype_Primitive_Tube_01P.prefab
  artifactKey: Guid(6fb840e833a0f2049b655aba4bf98513) Importer(815301076,1909f56bfc062723c751e8b465ee728b)
Start importing Assets/AssetPackages/SyntyStudios/PolygonStarter/Prefabs/SM_PolygonPrototype_Primitive_Tube_01P.prefab using Guid(6fb840e833a0f2049b655aba4bf98513) Importer(815301076,1909f56bfc062723c751e8b465ee728b)  -> (artifact id: '513281f81ab7f10868d3ee154270eaf9') in 0.007339 seconds
Number of updated asset objects reloaded before import = 0
Number of asset objects unloaded after import = 11
========================================================================
Received Import Request.
  Time since last request: 0.001207 seconds.
  path: Assets/AssetPackages/SyntyStudios/PolygonStarter/Prefabs/SM_PolygonPrototype_Prop_Crate_03.prefab
  artifactKey: Guid(5527826a6315a224d850675a730c4f62) Importer(815301076,1909f56bfc062723c751e8b465ee728b)
Start importing Assets/AssetPackages/SyntyStudios/PolygonStarter/Prefabs/SM_PolygonPrototype_Prop_Crate_03.prefab using Guid(5527826a6315a224d850675a730c4f62) Importer(815301076,1909f56bfc062723c751e8b465ee728b)  -> (artifact id: '6b5af9a997bc7fb83ca404ab29242628') in 0.007534 seconds
Number of updated asset objects reloaded before import = 0
Number of asset objects unloaded after import = 10
========================================================================
Received Import Request.
  Time since last request: 0.005773 seconds.
  path: Assets/AssetPackages/SyntyStudios/PolygonStarter/Prefabs/SM_PolygonPrototype_Prop_Target_03.prefab
  artifactKey: Guid(e0d3f8289f60e1e49a5d66d5eb8582f3) Importer(815301076,1909f56bfc062723c751e8b465ee728b)
Start importing Assets/AssetPackages/SyntyStudios/PolygonStarter/Prefabs/SM_PolygonPrototype_Prop_Target_03.prefab using Guid(e0d3f8289f60e1e49a5d66d5eb8582f3) Importer(815301076,1909f56bfc062723c751e8b465ee728b)  -> (artifact id: '4f266f1ca853767f94562370d02569d7') in 0.010190 seconds
Number of updated asset objects reloaded before import = 0
Number of asset objects unloaded after import = 10
========================================================================
Received Import Request.
  Time since last request: 0.009093 seconds.
  path: Assets/AssetPackages/SyntyStudios/PolygonStarter/Prefabs/SM_Wep_Shield_04.prefab
  artifactKey: Guid(90fb214880065ca44be9cb53bcbd6780) Importer(815301076,1909f56bfc062723c751e8b465ee728b)
Start importing Assets/AssetPackages/SyntyStudios/PolygonStarter/Prefabs/SM_Wep_Shield_04.prefab using Guid(90fb214880065ca44be9cb53bcbd6780) Importer(815301076,1909f56bfc062723c751e8b465ee728b)  -> (artifact id: '61f236e7e9ad9950def19aa5fc889fb6') in 0.009135 seconds
Number of updated asset objects reloaded before import = 0
Number of asset objects unloaded after import = 10
========================================================================
Received Import Request.
  Time since last request: 0.000285 seconds.
  path: Assets/AssetPackages/SyntyStudios/PolygonStarter/Prefabs/SM_Wep_Watergun_02.prefab
  artifactKey: Guid(787a31f2409a3f64c987faeb2a72ab86) Importer(815301076,1909f56bfc062723c751e8b465ee728b)
Start importing Assets/AssetPackages/SyntyStudios/PolygonStarter/Prefabs/SM_Wep_Watergun_02.prefab using Guid(787a31f2409a3f64c987faeb2a72ab86) Importer(815301076,1909f56bfc062723c751e8b465ee728b)  -> (artifact id: '9e348a843811839742a00124d7a80daf') in 0.007117 seconds
Number of updated asset objects reloaded before import = 0
Number of asset objects unloaded after import = 26
========================================================================
Received Import Request.
  Time since last request: 12.420788 seconds.
  path: Assets/AssetPackages/SyntyStudios/PolygonKnights/Prefabs/Environments/SM_Env_Canal_02.prefab
  artifactKey: Guid(d150e6d2d6589744e86c10c51120cbd5) Importer(815301076,1909f56bfc062723c751e8b465ee728b)
Start importing Assets/AssetPackages/SyntyStudios/PolygonKnights/Prefabs/Environments/SM_Env_Canal_02.prefab using Guid(d150e6d2d6589744e86c10c51120cbd5) Importer(815301076,1909f56bfc062723c751e8b465ee728b)  -> (artifact id: 'b3196399ecf0c2b93de5d347b1511ec6') in 0.009266 seconds
Number of updated asset objects reloaded before import = 0
Number of asset objects unloaded after import = 17
========================================================================
Received Import Request.
  Time since last request: 0.001291 seconds.
  path: Assets/AssetPackages/SyntyStudios/PolygonKnights/Prefabs/Environments/SM_Env_Canal_Block_01.prefab
  artifactKey: Guid(eab6386de63d51d408e876937feb97c8) Importer(815301076,1909f56bfc062723c751e8b465ee728b)
Start importing Assets/AssetPackages/SyntyStudios/PolygonKnights/Prefabs/Environments/SM_Env_Canal_Block_01.prefab using Guid(eab6386de63d51d408e876937feb97c8) Importer(815301076,1909f56bfc062723c751e8b465ee728b)  -> (artifact id: '2d0a4b21920ad15f8cb21872e336e553') in 0.006366 seconds
Number of updated asset objects reloaded before import = 0
Number of asset objects unloaded after import = 9
========================================================================
Received Import Request.
  Time since last request: 0.004840 seconds.
  path: Assets/AssetPackages/SyntyStudios/PolygonKnights/Prefabs/Environments/SM_Env_Cliff_01.prefab
  artifactKey: Guid(b1c5ebf76ee684f4d9c641a1fc1523cf) Importer(815301076,1909f56bfc062723c751e8b465ee728b)
Start importing Assets/AssetPackages/SyntyStudios/PolygonKnights/Prefabs/Environments/SM_Env_Cliff_01.prefab using Guid(b1c5ebf76ee684f4d9c641a1fc1523cf) Importer(815301076,1909f56bfc062723c751e8b465ee728b)  -> (artifact id: '60c1aff7abe87128f9ddc42207713661') in 0.008092 seconds
Number of updated asset objects reloaded before import = 0
Number of asset objects unloaded after import = 10
========================================================================
Received Import Request.
  Time since last request: 0.002836 seconds.
  path: Assets/AssetPackages/SyntyStudios/PolygonKnights/Prefabs/Environments/SM_Env_Cloud_06.prefab
  artifactKey: Guid(446f7ff8ef8707242a32cac44fec75f6) Importer(815301076,1909f56bfc062723c751e8b465ee728b)
Start importing Assets/AssetPackages/SyntyStudios/PolygonKnights/Prefabs/Environments/SM_Env_Cloud_06.prefab using Guid(446f7ff8ef8707242a32cac44fec75f6) Importer(815301076,1909f56bfc062723c751e8b465ee728b)  -> (artifact id: '94b7514a4f5d7871aeb16b52cde4d733') in 0.006538 seconds
Number of updated asset objects reloaded before import = 0
Number of asset objects unloaded after import = 9
========================================================================
Received Import Request.
  Time since last request: 0.004050 seconds.
  path: Assets/AssetPackages/SyntyStudios/PolygonKnights/Prefabs/Environments/SM_Env_Grass_01.prefab
  artifactKey: Guid(f21c48374d4fdc4489f7894214718503) Importer(815301076,1909f56bfc062723c751e8b465ee728b)
Start importing Assets/AssetPackages/SyntyStudios/PolygonKnights/Prefabs/Environments/SM_Env_Grass_01.prefab using Guid(f21c48374d4fdc4489f7894214718503) Importer(815301076,1909f56bfc062723c751e8b465ee728b)  -> (artifact id: 'cb0cde8c6c780bdc89e164a5fedd5bdd') in 0.006350 seconds
Number of updated asset objects reloaded before import = 0
Number of asset objects unloaded after import = 9
========================================================================
Received Import Request.
  Time since last request: 0.003663 seconds.
  path: Assets/AssetPackages/SyntyStudios/PolygonKnights/Prefabs/Environments/SM_Env_GroundMound_02.prefab
  artifactKey: Guid(38e9f74e7ad2817489313b84c0695d34) Importer(815301076,1909f56bfc062723c751e8b465ee728b)
Start importing Assets/AssetPackages/SyntyStudios/PolygonKnights/Prefabs/Environments/SM_Env_GroundMound_02.prefab using Guid(38e9f74e7ad2817489313b84c0695d34) Importer(815301076,1909f56bfc062723c751e8b465ee728b)  -> (artifact id: 'a3a24b5e957daaf7f7d30b9f35efee5a') in 0.006084 seconds
Number of updated asset objects reloaded before import = 0
Number of asset objects unloaded after import = 10
========================================================================
Received Import Request.
  Time since last request: 0.004403 seconds.
  path: Assets/AssetPackages/SyntyStudios/PolygonKnights/Prefabs/Environments/SM_Env_MountainGrass_02.prefab
  artifactKey: Guid(4a6556da5abedc44594c45ac4a2cf5fe) Importer(815301076,1909f56bfc062723c751e8b465ee728b)
Start importing Assets/AssetPackages/SyntyStudios/PolygonKnights/Prefabs/Environments/SM_Env_MountainGrass_02.prefab using Guid(4a6556da5abedc44594c45ac4a2cf5fe) Importer(815301076,1909f56bfc062723c751e8b465ee728b)  -> (artifact id: '7a13596286fc9451b7252f0a2038f89b') in 0.007097 seconds
Number of updated asset objects reloaded before import = 0
Number of asset objects unloaded after import = 10
========================================================================
Received Import Request.
  Time since last request: 0.002851 seconds.
  path: Assets/AssetPackages/SyntyStudios/PolygonKnights/Prefabs/Environments/SM_Env_MountainSnow_02.prefab
  artifactKey: Guid(379aef8e43219a14ebef74d9cdd557e8) Importer(815301076,1909f56bfc062723c751e8b465ee728b)
Start importing Assets/AssetPackages/SyntyStudios/PolygonKnights/Prefabs/Environments/SM_Env_MountainSnow_02.prefab using Guid(379aef8e43219a14ebef74d9cdd557e8) Importer(815301076,1909f56bfc062723c751e8b465ee728b)  -> (artifact id: '1905b2f9eb466ee5cf69d876ac2158ea') in 0.006764 seconds
Number of updated asset objects reloaded before import = 0
Number of asset objects unloaded after import = 10
========================================================================
Received Import Request.
  Time since last request: 0.002768 seconds.
  path: Assets/AssetPackages/SyntyStudios/PolygonKnights/Prefabs/Environments/SM_Env_Path_Cobble_02.prefab
  artifactKey: Guid(f19c957688bdf7849aa321d60569a6b2) Importer(815301076,1909f56bfc062723c751e8b465ee728b)
Start importing Assets/AssetPackages/SyntyStudios/PolygonKnights/Prefabs/Environments/SM_Env_Path_Cobble_02.prefab using Guid(f19c957688bdf7849aa321d60569a6b2) Importer(815301076,1909f56bfc062723c751e8b465ee728b)  -> (artifact id: 'a47ccec345bc019f78b812318dd18e63') in 0.006445 seconds
Number of updated asset objects reloaded before import = 0
Number of asset objects unloaded after import = 10
========================================================================
Received Import Request.
  Time since last request: 0.002601 seconds.
  path: Assets/AssetPackages/SyntyStudios/PolygonKnights/Prefabs/Environments/SM_Env_Path_Dirt_01.prefab
  artifactKey: Guid(c4ea6c556c8f2064a877d7f0982758f3) Importer(815301076,1909f56bfc062723c751e8b465ee728b)
Start importing Assets/AssetPackages/SyntyStudios/PolygonKnights/Prefabs/Environments/SM_Env_Path_Dirt_01.prefab using Guid(c4ea6c556c8f2064a877d7f0982758f3) Importer(815301076,1909f56bfc062723c751e8b465ee728b)  -> (artifact id: 'f2eb95ddcc70cb8a9d23dd244129a8d1') in 0.006472 seconds
Number of updated asset objects reloaded before import = 0
Number of asset objects unloaded after import = 10
========================================================================
Received Import Request.
  Time since last request: 0.003028 seconds.
  path: Assets/AssetPackages/SyntyStudios/PolygonKnights/Prefabs/Environments/SM_Env_Path_Dirt_03.prefab
  artifactKey: Guid(5192ca6ecc300684cb6da5af87a67b3b) Importer(815301076,1909f56bfc062723c751e8b465ee728b)
Start importing Assets/AssetPackages/SyntyStudios/PolygonKnights/Prefabs/Environments/SM_Env_Path_Dirt_03.prefab using Guid(5192ca6ecc300684cb6da5af87a67b3b) Importer(815301076,1909f56bfc062723c751e8b465ee728b)  -> (artifact id: '3ee842746020559d68cc4e228fb2d5a6') in 0.005908 seconds
Number of updated asset objects reloaded before import = 0
Number of asset objects unloaded after import = 10
========================================================================
Received Import Request.
  Time since last request: 0.004457 seconds.
  path: Assets/AssetPackages/SyntyStudios/PolygonKnights/Prefabs/Environments/SM_Env_Path_Dirt_05.prefab
  artifactKey: Guid(482e6fd5e9d0ec0459314a4fddeb2369) Importer(815301076,1909f56bfc062723c751e8b465ee728b)
Start importing Assets/AssetPackages/SyntyStudios/PolygonKnights/Prefabs/Environments/SM_Env_Path_Dirt_05.prefab using Guid(482e6fd5e9d0ec0459314a4fddeb2369) Importer(815301076,1909f56bfc062723c751e8b465ee728b)  -> (artifact id: '4da7dc7ce396c2fc637e21fafe560b70') in 0.006409 seconds
Number of updated asset objects reloaded before import = 0
Number of asset objects unloaded after import = 10
========================================================================
Received Import Request.
  Time since last request: 0.004334 seconds.
  path: Assets/AssetPackages/SyntyStudios/PolygonKnights/Prefabs/Environments/SM_Env_Path_Stone_01.prefab
  artifactKey: Guid(32949ef0637572547b3ec7683f284b74) Importer(815301076,1909f56bfc062723c751e8b465ee728b)
Start importing Assets/AssetPackages/SyntyStudios/PolygonKnights/Prefabs/Environments/SM_Env_Path_Stone_01.prefab using Guid(32949ef0637572547b3ec7683f284b74) Importer(815301076,1909f56bfc062723c751e8b465ee728b)  -> (artifact id: 'ee524cee84601b04f654f0edefac7e6b') in 0.006400 seconds
Number of updated asset objects reloaded before import = 0
Number of asset objects unloaded after import = 9
========================================================================
Received Import Request.
  Time since last request: 0.003249 seconds.
  path: Assets/AssetPackages/SyntyStudios/PolygonKnights/Prefabs/Environments/SM_Env_Path_Stone_03.prefab
  artifactKey: Guid(8882443425560684dba932aaf44f3350) Importer(815301076,1909f56bfc062723c751e8b465ee728b)
Start importing Assets/AssetPackages/SyntyStudios/PolygonKnights/Prefabs/Environments/SM_Env_Path_Stone_03.prefab using Guid(8882443425560684dba932aaf44f3350) Importer(815301076,1909f56bfc062723c751e8b465ee728b)  -> (artifact id: '3ac1e72c536f2ca8ade805314f985800') in 0.006072 seconds
Number of updated asset objects reloaded before import = 0
Number of asset objects unloaded after import = 9
========================================================================
Received Import Request.
  Time since last request: 0.004377 seconds.
  path: Assets/AssetPackages/SyntyStudios/PolygonKnights/Prefabs/Environments/SM_Env_Path_Tile_02.prefab
  artifactKey: Guid(8cab502212f9c98408dba5ee83b4054a) Importer(815301076,1909f56bfc062723c751e8b465ee728b)
Start importing Assets/AssetPackages/SyntyStudios/PolygonKnights/Prefabs/Environments/SM_Env_Path_Tile_02.prefab using Guid(8cab502212f9c98408dba5ee83b4054a) Importer(815301076,1909f56bfc062723c751e8b465ee728b)  -> (artifact id: 'f4ddac579ece33e44d3cbae1523f3f0e') in 0.007066 seconds
Number of updated asset objects reloaded before import = 0
Number of asset objects unloaded after import = 10
========================================================================
Received Import Request.
  Time since last request: 0.002159 seconds.
  path: Assets/AssetPackages/SyntyStudios/PolygonKnights/Prefabs/Environments/SM_Env_RockPile_01.prefab
  artifactKey: Guid(2b1cd4ec8dfee7041b5bc5767613d249) Importer(815301076,1909f56bfc062723c751e8b465ee728b)
Start importing Assets/AssetPackages/SyntyStudios/PolygonKnights/Prefabs/Environments/SM_Env_RockPile_01.prefab using Guid(2b1cd4ec8dfee7041b5bc5767613d249) Importer(815301076,1909f56bfc062723c751e8b465ee728b)  -> (artifact id: 'a7802b71015c5988a2281f53646ab722') in 0.007176 seconds
Number of updated asset objects reloaded before import = 0
Number of asset objects unloaded after import = 10
========================================================================
Received Import Request.
  Time since last request: 0.002932 seconds.
  path: Assets/AssetPackages/SyntyStudios/PolygonKnights/Prefabs/Environments/SM_Env_RockPile_03.prefab
  artifactKey: Guid(0eba33735703d6b49a1773d1396db4b8) Importer(815301076,1909f56bfc062723c751e8b465ee728b)
Start importing Assets/AssetPackages/SyntyStudios/PolygonKnights/Prefabs/Environments/SM_Env_RockPile_03.prefab using Guid(0eba33735703d6b49a1773d1396db4b8) Importer(815301076,1909f56bfc062723c751e8b465ee728b)  -> (artifact id: '00c0053e6831e37648589559573fe48e') in 0.006506 seconds
Number of updated asset objects reloaded before import = 0
Number of asset objects unloaded after import = 10
========================================================================
Received Import Request.
  Time since last request: 0.003911 seconds.
  path: Assets/AssetPackages/SyntyStudios/PolygonKnights/Prefabs/Environments/SM_Env_Tile_Grass_01.prefab
  artifactKey: Guid(bc6b7d6f0fb98544a873a3d69729fe66) Importer(815301076,1909f56bfc062723c751e8b465ee728b)
Start importing Assets/AssetPackages/SyntyStudios/PolygonKnights/Prefabs/Environments/SM_Env_Tile_Grass_01.prefab using Guid(bc6b7d6f0fb98544a873a3d69729fe66) Importer(815301076,1909f56bfc062723c751e8b465ee728b)  -> (artifact id: '0879b1a9a57ef1e083fe8ef205b7acbe') in 0.005809 seconds
Number of updated asset objects reloaded before import = 0
Number of asset objects unloaded after import = 10
========================================================================
Received Import Request.
  Time since last request: 0.004829 seconds.
  path: Assets/AssetPackages/SyntyStudios/PolygonKnights/Prefabs/Environments/SM_Env_Tree_01.prefab
  artifactKey: Guid(febadf3b0ed1d014bb1b9dcd8b633299) Importer(815301076,1909f56bfc062723c751e8b465ee728b)
Start importing Assets/AssetPackages/SyntyStudios/PolygonKnights/Prefabs/Environments/SM_Env_Tree_01.prefab using Guid(febadf3b0ed1d014bb1b9dcd8b633299) Importer(815301076,1909f56bfc062723c751e8b465ee728b)  -> (artifact id: 'a5c35e04358dc7cca135996806540e52') in 0.007106 seconds
Number of updated asset objects reloaded before import = 0
Number of asset objects unloaded after import = 15
========================================================================
Received Import Request.
  Time since last request: 0.002429 seconds.
  path: Assets/AssetPackages/SyntyStudios/PolygonKnights/Prefabs/Environments/SM_Env_Tree_03.prefab
  artifactKey: Guid(a5d47e9cdfeba484f8f8f62f424a717f) Importer(815301076,1909f56bfc062723c751e8b465ee728b)
Start importing Assets/AssetPackages/SyntyStudios/PolygonKnights/Prefabs/Environments/SM_Env_Tree_03.prefab using Guid(a5d47e9cdfeba484f8f8f62f424a717f) Importer(815301076,1909f56bfc062723c751e8b465ee728b)  -> (artifact id: '3dbe9dcf09ca6958b03dade7fcb560a0') in 0.006974 seconds
Number of updated asset objects reloaded before import = 0
Number of asset objects unloaded after import = 17
========================================================================
Received Import Request.
  Time since last request: 0.003085 seconds.
  path: Assets/AssetPackages/SyntyStudios/PolygonKnights/Prefabs/Environments/SM_Env_Tree_Twisted_02.prefab
  artifactKey: Guid(51c1c04146bac56469780953edd2418c) Importer(815301076,1909f56bfc062723c751e8b465ee728b)
Start importing Assets/AssetPackages/SyntyStudios/PolygonKnights/Prefabs/Environments/SM_Env_Tree_Twisted_02.prefab using Guid(51c1c04146bac56469780953edd2418c) Importer(815301076,1909f56bfc062723c751e8b465ee728b)  -> (artifact id: '3a90cab333f2931d33c003e93d3a3eae') in 0.007859 seconds
Number of updated asset objects reloaded before import = 0
Number of asset objects unloaded after import = 17
========================================================================
Received Import Request.
  Time since last request: 522.631443 seconds.
  path: Assets/AssetPackages/SyntyStudios/PolygonPrototype/Prefabs/Buildings/Simple/SM_Buildings_Column_1x3_01.prefab
  artifactKey: Guid(4e4e9fccc8fbd2a4eacd86123002be3b) Importer(815301076,1909f56bfc062723c751e8b465ee728b)
Start importing Assets/AssetPackages/SyntyStudios/PolygonPrototype/Prefabs/Buildings/Simple/SM_Buildings_Column_1x3_01.prefab using Guid(4e4e9fccc8fbd2a4eacd86123002be3b) Importer(815301076,1909f56bfc062723c751e8b465ee728b)  -> (artifact id: '30453a945c619fb3f81c2e4a7579eb01') in 0.136137 seconds
Number of updated asset objects reloaded before import = 0
Number of asset objects unloaded after import = 10
========================================================================
Received Import Request.
  Time since last request: 0.020844 seconds.
  path: Assets/AssetPackages/SyntyStudios/PolygonPrototype/Prefabs/Buildings/Simple/SM_Buildings_Column_2x3_01.prefab
  artifactKey: Guid(7a452e5924cd9994487b6bf6e78c5b14) Importer(815301076,1909f56bfc062723c751e8b465ee728b)
Start importing Assets/AssetPackages/SyntyStudios/PolygonPrototype/Prefabs/Buildings/Simple/SM_Buildings_Column_2x3_01.prefab using Guid(7a452e5924cd9994487b6bf6e78c5b14) Importer(815301076,1909f56bfc062723c751e8b465ee728b)  -> (artifact id: 'f0436ae1ac33d7d449fcd3f80aa90d51') in 0.007171 seconds
Number of updated asset objects reloaded before import = 0
Number of asset objects unloaded after import = 10
========================================================================
Received Import Request.
  Time since last request: 0.000011 seconds.
  path: Assets/AssetPackages/SyntyStudios/PolygonPrototype/Prefabs/Buildings/Simple/SM_Buildings_Floor_5x5_01.prefab
  artifactKey: Guid(2e23bb932cf4ec7498eb4b727d9113fa) Importer(815301076,1909f56bfc062723c751e8b465ee728b)
Start importing Assets/AssetPackages/SyntyStudios/PolygonPrototype/Prefabs/Buildings/Simple/SM_Buildings_Floor_5x5_01.prefab using Guid(2e23bb932cf4ec7498eb4b727d9113fa) Importer(815301076,1909f56bfc062723c751e8b465ee728b)  -> (artifact id: '195049982b343c341f9f3a520c76bec3') in 0.006797 seconds
Number of updated asset objects reloaded before import = 0
Number of asset objects unloaded after import = 10
========================================================================
Received Import Request.
  Time since last request: 0.000010 seconds.
  path: Assets/AssetPackages/SyntyStudios/PolygonPrototype/Prefabs/Buildings/Simple/SM_Buildings_Floor_1x1_01.prefab
  artifactKey: Guid(9b8802d83e59c8c448a7665322aa7d17) Importer(815301076,1909f56bfc062723c751e8b465ee728b)
Start importing Assets/AssetPackages/SyntyStudios/PolygonPrototype/Prefabs/Buildings/Simple/SM_Buildings_Floor_1x1_01.prefab using Guid(9b8802d83e59c8c448a7665322aa7d17) Importer(815301076,1909f56bfc062723c751e8b465ee728b)  -> (artifact id: 'db82623948cccce6d064440d4276ae7b') in 0.007698 seconds
Number of updated asset objects reloaded before import = 0
Number of asset objects unloaded after import = 10
========================================================================
Received Import Request.
  Time since last request: 0.000014 seconds.
  path: Assets/AssetPackages/SyntyStudios/PolygonPrototype/Prefabs/Buildings/Simple/SM_Buildings_FloorAngle_2x2_01.prefab
  artifactKey: Guid(9efcc5094f46dd94f8755943139db545) Importer(815301076,1909f56bfc062723c751e8b465ee728b)
Start importing Assets/AssetPackages/SyntyStudios/PolygonPrototype/Prefabs/Buildings/Simple/SM_Buildings_FloorAngle_2x2_01.prefab using Guid(9efcc5094f46dd94f8755943139db545) Importer(815301076,1909f56bfc062723c751e8b465ee728b)  -> (artifact id: '5178e53949afd718953e24920f8f3acd') in 0.007047 seconds
Number of updated asset objects reloaded before import = 0
Number of asset objects unloaded after import = 10
========================================================================
Received Import Request.
  Time since last request: 0.000017 seconds.
  path: Assets/AssetPackages/SyntyStudios/PolygonPrototype/Prefabs/Buildings/Simple/SM_Buildings_FloorChamfered_1x1_01.prefab
  artifactKey: Guid(20b45093e7e39914b9944149dd16bd55) Importer(815301076,1909f56bfc062723c751e8b465ee728b)
Start importing Assets/AssetPackages/SyntyStudios/PolygonPrototype/Prefabs/Buildings/Simple/SM_Buildings_FloorChamfered_1x1_01.prefab using Guid(20b45093e7e39914b9944149dd16bd55) Importer(815301076,1909f56bfc062723c751e8b465ee728b)  -> (artifact id: 'dc52013815c1515f8550df5206bff046') in 0.006741 seconds
Number of updated asset objects reloaded before import = 0
Number of asset objects unloaded after import = 9
========================================================================
Received Import Request.
  Time since last request: 0.000011 seconds.
  path: Assets/AssetPackages/SyntyStudios/PolygonPrototype/Prefabs/Buildings/Simple/SM_Buildings_FloorChamfered_2x2_01.prefab
  artifactKey: Guid(bab8469be356fe340ae395c67d3b2552) Importer(815301076,1909f56bfc062723c751e8b465ee728b)
Start importing Assets/AssetPackages/SyntyStudios/PolygonPrototype/Prefabs/Buildings/Simple/SM_Buildings_FloorChamfered_2x2_01.prefab using Guid(bab8469be356fe340ae395c67d3b2552) Importer(815301076,1909f56bfc062723c751e8b465ee728b)  -> (artifact id: '57c169633d2f5498436b6fe8501c5c86') in 0.006728 seconds
Number of updated asset objects reloaded before import = 0
Number of asset objects unloaded after import = 9
========================================================================
Received Import Request.
  Time since last request: 0.003399 seconds.
  path: Assets/AssetPackages/SyntyStudios/PolygonPrototype/Prefabs/Buildings/Simple/SM_Buildings_FloorCurved_2x2_01.prefab
  artifactKey: Guid(d49c72aa3d3edd64d97225e4680cd857) Importer(815301076,1909f56bfc062723c751e8b465ee728b)
Start importing Assets/AssetPackages/SyntyStudios/PolygonPrototype/Prefabs/Buildings/Simple/SM_Buildings_FloorCurved_2x2_01.prefab using Guid(d49c72aa3d3edd64d97225e4680cd857) Importer(815301076,1909f56bfc062723c751e8b465ee728b)  -> (artifact id: '1777e8b37ca6c1132c4951be4e27bbc8') in 0.007158 seconds
Number of updated asset objects reloaded before import = 0
Number of asset objects unloaded after import = 10
========================================================================
Received Import Request.
  Time since last request: 0.002254 seconds.
  path: Assets/AssetPackages/SyntyStudios/PolygonPrototype/Prefabs/Buildings/Simple/SM_Buildings_FloorHole_1x1_01.prefab
  artifactKey: Guid(e745b21428187014ca54c42b864c0043) Importer(815301076,1909f56bfc062723c751e8b465ee728b)
Start importing Assets/AssetPackages/SyntyStudios/PolygonPrototype/Prefabs/Buildings/Simple/SM_Buildings_FloorHole_1x1_01.prefab using Guid(e745b21428187014ca54c42b864c0043) Importer(815301076,1909f56bfc062723c751e8b465ee728b)  -> (artifact id: '13a9a02b1040abeb4ca01e039f105d3e') in 0.006367 seconds
Number of updated asset objects reloaded before import = 0
Number of asset objects unloaded after import = 10
========================================================================
Received Import Request.
  Time since last request: 0.005308 seconds.
  path: Assets/AssetPackages/SyntyStudios/PolygonPrototype/Prefabs/Buildings/Simple/SM_Buildings_FloorHole_5x5_01.prefab
  artifactKey: Guid(22204a3b0e42d634aa0a396cbe584595) Importer(815301076,1909f56bfc062723c751e8b465ee728b)
Start importing Assets/AssetPackages/SyntyStudios/PolygonPrototype/Prefabs/Buildings/Simple/SM_Buildings_FloorHole_5x5_01.prefab using Guid(22204a3b0e42d634aa0a396cbe584595) Importer(815301076,1909f56bfc062723c751e8b465ee728b)  -> (artifact id: '040c37a351cb154f17f41bc8969bb29d') in 0.006781 seconds
Number of updated asset objects reloaded before import = 0
Number of asset objects unloaded after import = 10
========================================================================
Received Import Request.
  Time since last request: 0.002880 seconds.
  path: Assets/AssetPackages/SyntyStudios/PolygonPrototype/Prefabs/Buildings/Simple/SM_Buildings_FloorInner_Curved_2x2_01.prefab
  artifactKey: Guid(6e6275d88adfb9c489887d2d3dd9df67) Importer(815301076,1909f56bfc062723c751e8b465ee728b)
Start importing Assets/AssetPackages/SyntyStudios/PolygonPrototype/Prefabs/Buildings/Simple/SM_Buildings_FloorInner_Curved_2x2_01.prefab using Guid(6e6275d88adfb9c489887d2d3dd9df67) Importer(815301076,1909f56bfc062723c751e8b465ee728b)  -> (artifact id: '8b0f460e282bcdffb71f8dbc4fd6f0cc') in 0.007281 seconds
Number of updated asset objects reloaded before import = 0
Number of asset objects unloaded after import = 10
========================================================================
Received Import Request.
  Time since last request: 0.002500 seconds.
  path: Assets/AssetPackages/SyntyStudios/PolygonPrototype/Prefabs/Buildings/Simple/SM_Buildings_Rail_1x1_01.prefab
  artifactKey: Guid(c83b35f800219e4499c098967c5f2628) Importer(815301076,1909f56bfc062723c751e8b465ee728b)
Start importing Assets/AssetPackages/SyntyStudios/PolygonPrototype/Prefabs/Buildings/Simple/SM_Buildings_Rail_1x1_01.prefab using Guid(c83b35f800219e4499c098967c5f2628) Importer(815301076,1909f56bfc062723c751e8b465ee728b)  -> (artifact id: 'e8537718b1a81fe4169ed29baeeb56d8') in 0.006823 seconds
Number of updated asset objects reloaded before import = 0
Number of asset objects unloaded after import = 10
========================================================================
Received Import Request.
  Time since last request: 0.001918 seconds.
  path: Assets/AssetPackages/SyntyStudios/PolygonPrototype/Prefabs/Buildings/Simple/SM_Buildings_RailStairs_1x1_01.prefab
  artifactKey: Guid(cfa5dfa508247ba4f9251228096d5f4d) Importer(815301076,1909f56bfc062723c751e8b465ee728b)
Start importing Assets/AssetPackages/SyntyStudios/PolygonPrototype/Prefabs/Buildings/Simple/SM_Buildings_RailStairs_1x1_01.prefab using Guid(cfa5dfa508247ba4f9251228096d5f4d) Importer(815301076,1909f56bfc062723c751e8b465ee728b)  -> (artifact id: 'baa84892adf3166be9cfda60375730d6') in 0.006254 seconds
Number of updated asset objects reloaded before import = 0
Number of asset objects unloaded after import = 10
========================================================================
Received Import Request.
  Time since last request: 0.003659 seconds.
  path: Assets/AssetPackages/SyntyStudios/PolygonPrototype/Prefabs/Buildings/Simple/SM_Buildings_Ramp_25_1x1_01.prefab
  artifactKey: Guid(bebec46a3edad2f4182b96529b24a429) Importer(815301076,1909f56bfc062723c751e8b465ee728b)
Start importing Assets/AssetPackages/SyntyStudios/PolygonPrototype/Prefabs/Buildings/Simple/SM_Buildings_Ramp_25_1x1_01.prefab using Guid(bebec46a3edad2f4182b96529b24a429) Importer(815301076,1909f56bfc062723c751e8b465ee728b)  -> (artifact id: '8fa2304a74d08020b94b36067a1b4c71') in 0.006638 seconds
Number of updated asset objects reloaded before import = 0
Number of asset objects unloaded after import = 10
========================================================================
Received Import Request.
  Time since last request: 0.003767 seconds.
  path: Assets/AssetPackages/SyntyStudios/PolygonPrototype/Prefabs/Buildings/Simple/SM_Buildings_Ramp_35_1x1_01.prefab
  artifactKey: Guid(56ceb8b51a3ad9648beb54dc0c75f997) Importer(815301076,1909f56bfc062723c751e8b465ee728b)
Start importing Assets/AssetPackages/SyntyStudios/PolygonPrototype/Prefabs/Buildings/Simple/SM_Buildings_Ramp_35_1x1_01.prefab using Guid(56ceb8b51a3ad9648beb54dc0c75f997) Importer(815301076,1909f56bfc062723c751e8b465ee728b)  -> (artifact id: 'e112802457b5c07abb9eabd4d5bd6f52') in 0.006332 seconds
Number of updated asset objects reloaded before import = 0
Number of asset objects unloaded after import = 10
========================================================================
Received Import Request.
  Time since last request: 0.004603 seconds.
  path: Assets/AssetPackages/SyntyStudios/PolygonPrototype/Prefabs/Buildings/Simple/SM_Buildings_Ramp_45_1x1_01.prefab
  artifactKey: Guid(79ecc678a95687547a9794055ab348d1) Importer(815301076,1909f56bfc062723c751e8b465ee728b)
Start importing Assets/AssetPackages/SyntyStudios/PolygonPrototype/Prefabs/Buildings/Simple/SM_Buildings_Ramp_45_1x1_01.prefab using Guid(79ecc678a95687547a9794055ab348d1) Importer(815301076,1909f56bfc062723c751e8b465ee728b)  -> (artifact id: '7076b8c55603fe629e5e984481d0178f') in 0.006328 seconds
Number of updated asset objects reloaded before import = 0
Number of asset objects unloaded after import = 10
========================================================================
Received Import Request.
  Time since last request: 0.003451 seconds.
  path: Assets/AssetPackages/SyntyStudios/PolygonPrototype/Prefabs/Buildings/Simple/SM_Buildings_Ramp_55_1x1_01.prefab
  artifactKey: Guid(0c49c7f5f4912cb4395862a779a92875) Importer(815301076,1909f56bfc062723c751e8b465ee728b)
Start importing Assets/AssetPackages/SyntyStudios/PolygonPrototype/Prefabs/Buildings/Simple/SM_Buildings_Ramp_55_1x1_01.prefab using Guid(0c49c7f5f4912cb4395862a779a92875) Importer(815301076,1909f56bfc062723c751e8b465ee728b)  -> (artifact id: '8cafab5a416a5d0acca783ec2abf3ddf') in 0.006664 seconds
Number of updated asset objects reloaded before import = 0
Number of asset objects unloaded after import = 10
========================================================================
Received Import Request.
  Time since last request: 0.003981 seconds.
  path: Assets/AssetPackages/SyntyStudios/PolygonPrototype/Prefabs/Buildings/Simple/SM_Buildings_Ramp_65_1x1_01.prefab
  artifactKey: Guid(6056345bce72b7f4283d7f68d8b1bf27) Importer(815301076,1909f56bfc062723c751e8b465ee728b)
Start importing Assets/AssetPackages/SyntyStudios/PolygonPrototype/Prefabs/Buildings/Simple/SM_Buildings_Ramp_65_1x1_01.prefab using Guid(6056345bce72b7f4283d7f68d8b1bf27) Importer(815301076,1909f56bfc062723c751e8b465ee728b)  -> (artifact id: '801eb8d8c3edb1b5274251740fbf628a') in 0.006605 seconds
Number of updated asset objects reloaded before import = 0
Number of asset objects unloaded after import = 10
========================================================================
Received Import Request.
  Time since last request: 0.003999 seconds.
  path: Assets/AssetPackages/SyntyStudios/PolygonPrototype/Prefabs/Buildings/Simple/SM_Buildings_RoofAngled_1x1_01.prefab
  artifactKey: Guid(8726dd4bb69f80944a6601d95675914f) Importer(815301076,1909f56bfc062723c751e8b465ee728b)
Start importing Assets/AssetPackages/SyntyStudios/PolygonPrototype/Prefabs/Buildings/Simple/SM_Buildings_RoofAngled_1x1_01.prefab using Guid(8726dd4bb69f80944a6601d95675914f) Importer(815301076,1909f56bfc062723c751e8b465ee728b)  -> (artifact id: 'dcf3aa180ea5ecafe8a87f3c34579ab7') in 0.006714 seconds
Number of updated asset objects reloaded before import = 0
Number of asset objects unloaded after import = 10
========================================================================
Received Import Request.
  Time since last request: 0.001001 seconds.
  path: Assets/AssetPackages/SyntyStudios/PolygonPrototype/Prefabs/Buildings/Simple/SM_Buildings_RoofAngled_5x5_01.prefab
  artifactKey: Guid(23ae901898f05f442870b52a1ebe64dd) Importer(815301076,1909f56bfc062723c751e8b465ee728b)
Start importing Assets/AssetPackages/SyntyStudios/PolygonPrototype/Prefabs/Buildings/Simple/SM_Buildings_RoofAngled_5x5_01.prefab using Guid(23ae901898f05f442870b52a1ebe64dd) Importer(815301076,1909f56bfc062723c751e8b465ee728b)  -> (artifact id: '7df6db4f509aab2d47a67ac37a8b1a61') in 0.006616 seconds
Number of updated asset objects reloaded before import = 0
Number of asset objects unloaded after import = 10
========================================================================
Received Import Request.
  Time since last request: 0.002789 seconds.
  path: Assets/AssetPackages/SyntyStudios/PolygonPrototype/Prefabs/Buildings/Simple/SM_Buildings_RoofAngledCornerInner_2x2_01.prefab
  artifactKey: Guid(a23cdedf585b63e44a17d731a019e611) Importer(815301076,1909f56bfc062723c751e8b465ee728b)
Start importing Assets/AssetPackages/SyntyStudios/PolygonPrototype/Prefabs/Buildings/Simple/SM_Buildings_RoofAngledCornerInner_2x2_01.prefab using Guid(a23cdedf585b63e44a17d731a019e611) Importer(815301076,1909f56bfc062723c751e8b465ee728b)  -> (artifact id: 'f1f74b78d9a051a6744ab19abd169bbc') in 0.006478 seconds
Number of updated asset objects reloaded before import = 0
Number of asset objects unloaded after import = 10
========================================================================
Received Import Request.
  Time since last request: 0.002292 seconds.
  path: Assets/AssetPackages/SyntyStudios/PolygonPrototype/Prefabs/Buildings/Simple/SM_Buildings_RoofAngledCornerMiddle_1x1_01.prefab
  artifactKey: Guid(42d48da1b53dd814896a0bdfd270f592) Importer(815301076,1909f56bfc062723c751e8b465ee728b)
Start importing Assets/AssetPackages/SyntyStudios/PolygonPrototype/Prefabs/Buildings/Simple/SM_Buildings_RoofAngledCornerMiddle_1x1_01.prefab using Guid(42d48da1b53dd814896a0bdfd270f592) Importer(815301076,1909f56bfc062723c751e8b465ee728b)  -> (artifact id: '35521907a32235499b8c7ca6d583adec') in 0.006559 seconds
Number of updated asset objects reloaded before import = 0
Number of asset objects unloaded after import = 10
========================================================================
Received Import Request.
  Time since last request: 0.003518 seconds.
  path: Assets/AssetPackages/SyntyStudios/PolygonPrototype/Prefabs/Buildings/Simple/SM_Buildings_RoofAngledCornerMiddle_5x5_01.prefab
  artifactKey: Guid(6b6bbc7b5d3c19e408cda087dc5f2ded) Importer(815301076,1909f56bfc062723c751e8b465ee728b)
Start importing Assets/AssetPackages/SyntyStudios/PolygonPrototype/Prefabs/Buildings/Simple/SM_Buildings_RoofAngledCornerMiddle_5x5_01.prefab using Guid(6b6bbc7b5d3c19e408cda087dc5f2ded) Importer(815301076,1909f56bfc062723c751e8b465ee728b)  -> (artifact id: '2108d212182bfd5e95925cea37dee1e3') in 0.006226 seconds
Number of updated asset objects reloaded before import = 0
Number of asset objects unloaded after import = 10
========================================================================
Received Import Request.
  Time since last request: 0.003690 seconds.
  path: Assets/AssetPackages/SyntyStudios/PolygonPrototype/Prefabs/Buildings/Simple/SM_Buildings_RoofAngledCornerOuter_2x2_01.prefab
  artifactKey: Guid(ec7a5b703327f2e4c832035fbac19083) Importer(815301076,1909f56bfc062723c751e8b465ee728b)
Start importing Assets/AssetPackages/SyntyStudios/PolygonPrototype/Prefabs/Buildings/Simple/SM_Buildings_RoofAngledCornerOuter_2x2_01.prefab using Guid(ec7a5b703327f2e4c832035fbac19083) Importer(815301076,1909f56bfc062723c751e8b465ee728b)  -> (artifact id: 'fc87df72d0c74602866feed11e8a4301') in 0.006546 seconds
Number of updated asset objects reloaded before import = 0
Number of asset objects unloaded after import = 10
========================================================================
Received Import Request.
  Time since last request: 0.004453 seconds.
  path: Assets/AssetPackages/SyntyStudios/PolygonPrototype/Prefabs/Buildings/Simple/SM_Buildings_RoofAngledPoint_1x1_01.prefab
  artifactKey: Guid(55154868616fbb64c852d8769f3082f5) Importer(815301076,1909f56bfc062723c751e8b465ee728b)
Start importing Assets/AssetPackages/SyntyStudios/PolygonPrototype/Prefabs/Buildings/Simple/SM_Buildings_RoofAngledPoint_1x1_01.prefab using Guid(55154868616fbb64c852d8769f3082f5) Importer(815301076,1909f56bfc062723c751e8b465ee728b)  -> (artifact id: 'a3426b7e437105a3474a988d841391db') in 0.006543 seconds
Number of updated asset objects reloaded before import = 0
Number of asset objects unloaded after import = 10
========================================================================
Received Import Request.
  Time since last request: 0.004439 seconds.
  path: Assets/AssetPackages/SyntyStudios/PolygonPrototype/Prefabs/Buildings/Simple/SM_Buildings_RoofAngledPoint_5x5_01.prefab
  artifactKey: Guid(734ce79b93512e44b8beb09dd88865ad) Importer(815301076,1909f56bfc062723c751e8b465ee728b)
Start importing Assets/AssetPackages/SyntyStudios/PolygonPrototype/Prefabs/Buildings/Simple/SM_Buildings_RoofAngledPoint_5x5_01.prefab using Guid(734ce79b93512e44b8beb09dd88865ad) Importer(815301076,1909f56bfc062723c751e8b465ee728b)  -> (artifact id: '587978427b4408af33ff655c06ba10e4') in 0.007352 seconds
Number of updated asset objects reloaded before import = 0
Number of asset objects unloaded after import = 10
========================================================================
Received Import Request.
  Time since last request: 0.002086 seconds.
  path: Assets/AssetPackages/SyntyStudios/PolygonPrototype/Prefabs/Buildings/Simple/SM_Buildings_Stairs_1x1_02.prefab
  artifactKey: Guid(e816ed95b763b34459ce693faf289f78) Importer(815301076,1909f56bfc062723c751e8b465ee728b)
Start importing Assets/AssetPackages/SyntyStudios/PolygonPrototype/Prefabs/Buildings/Simple/SM_Buildings_Stairs_1x1_02.prefab using Guid(e816ed95b763b34459ce693faf289f78) Importer(815301076,1909f56bfc062723c751e8b465ee728b)  -> (artifact id: 'd58ef67921e99f0a9db38bf92d4b7b39') in 0.007347 seconds
Number of updated asset objects reloaded before import = 0
Number of asset objects unloaded after import = 10
========================================================================
Received Import Request.
  Time since last request: 0.001981 seconds.
  path: Assets/AssetPackages/SyntyStudios/PolygonPrototype/Prefabs/Buildings/Simple/SM_Buildings_Stairs_1x2_02.prefab
  artifactKey: Guid(88cb7b79157cc554f995cbc6280558f7) Importer(815301076,1909f56bfc062723c751e8b465ee728b)
Start importing Assets/AssetPackages/SyntyStudios/PolygonPrototype/Prefabs/Buildings/Simple/SM_Buildings_Stairs_1x2_02.prefab using Guid(88cb7b79157cc554f995cbc6280558f7) Importer(815301076,1909f56bfc062723c751e8b465ee728b)  -> (artifact id: '5bbbb4122e399818fd0d61618d4259b0') in 0.009081 seconds
Number of updated asset objects reloaded before import = 0
Number of asset objects unloaded after import = 10
========================================================================
Received Import Request.
  Time since last request: 0.000500 seconds.
  path: Assets/AssetPackages/SyntyStudios/PolygonPrototype/Prefabs/Buildings/Simple/SM_Buildings_Stairs_1x3_02.prefab
  artifactKey: Guid(65942a5b1f206f345b0bf2f1ea3c28f5) Importer(815301076,1909f56bfc062723c751e8b465ee728b)
Start importing Assets/AssetPackages/SyntyStudios/PolygonPrototype/Prefabs/Buildings/Simple/SM_Buildings_Stairs_1x3_02.prefab using Guid(65942a5b1f206f345b0bf2f1ea3c28f5) Importer(815301076,1909f56bfc062723c751e8b465ee728b)  -> (artifact id: 'c413c8b8b30c343b4ec02af37b7e4d88') in 0.006495 seconds
Number of updated asset objects reloaded before import = 0
Number of asset objects unloaded after import = 10
========================================================================
Received Import Request.
  Time since last request: 0.003751 seconds.
  path: Assets/AssetPackages/SyntyStudios/PolygonPrototype/Prefabs/Buildings/Simple/SM_Buildings_Wall_2x3_01.prefab
  artifactKey: Guid(4b9efef89fc1b8f4f984fa521ca2fc95) Importer(815301076,1909f56bfc062723c751e8b465ee728b)
Start importing Assets/AssetPackages/SyntyStudios/PolygonPrototype/Prefabs/Buildings/Simple/SM_Buildings_Wall_2x3_01.prefab using Guid(4b9efef89fc1b8f4f984fa521ca2fc95) Importer(815301076,1909f56bfc062723c751e8b465ee728b)  -> (artifact id: 'fab7be1a2618a2eca1ce3ed7ec43a85c') in 0.006998 seconds
Number of updated asset objects reloaded before import = 0
Number of asset objects unloaded after import = 10
========================================================================
Received Import Request.
  Time since last request: 0.003598 seconds.
  path: Assets/AssetPackages/SyntyStudios/PolygonPrototype/Prefabs/Buildings/Simple/SM_Buildings_WallArch_2x3_01.prefab
  artifactKey: Guid(71603a6e66ae486469f72bae2aef45a6) Importer(815301076,1909f56bfc062723c751e8b465ee728b)
Start importing Assets/AssetPackages/SyntyStudios/PolygonPrototype/Prefabs/Buildings/Simple/SM_Buildings_WallArch_2x3_01.prefab using Guid(71603a6e66ae486469f72bae2aef45a6) Importer(815301076,1909f56bfc062723c751e8b465ee728b)  -> (artifact id: 'fb548d1c8b3e23f07d380539663721cd') in 0.006281 seconds
Number of updated asset objects reloaded before import = 0
Number of asset objects unloaded after import = 10
========================================================================
Received Import Request.
  Time since last request: 0.003011 seconds.
  path: Assets/AssetPackages/SyntyStudios/PolygonPrototype/Prefabs/Buildings/Simple/SM_Buildings_WallChamfered_2x2_01.prefab
  artifactKey: Guid(0017824d0587b5a4a8e7e545e1e4f1a9) Importer(815301076,1909f56bfc062723c751e8b465ee728b)
Start importing Assets/AssetPackages/SyntyStudios/PolygonPrototype/Prefabs/Buildings/Simple/SM_Buildings_WallChamfered_2x2_01.prefab using Guid(0017824d0587b5a4a8e7e545e1e4f1a9) Importer(815301076,1909f56bfc062723c751e8b465ee728b)  -> (artifact id: 'd27fbc7d3b90f80ba217067bedf277e0') in 0.006487 seconds
Number of updated asset objects reloaded before import = 0
Number of asset objects unloaded after import = 10
========================================================================
Received Import Request.
  Time since last request: 0.003301 seconds.
  path: Assets/AssetPackages/SyntyStudios/PolygonPrototype/Prefabs/Buildings/Simple/SM_Buildings_WallCurved_1x1_01.prefab
  artifactKey: Guid(17e0b2b899954964ba707a1a2fcaf43a) Importer(815301076,1909f56bfc062723c751e8b465ee728b)
Start importing Assets/AssetPackages/SyntyStudios/PolygonPrototype/Prefabs/Buildings/Simple/SM_Buildings_WallCurved_1x1_01.prefab using Guid(17e0b2b899954964ba707a1a2fcaf43a) Importer(815301076,1909f56bfc062723c751e8b465ee728b)  -> (artifact id: '377117ff704f56767a3a07e532621f69') in 0.006350 seconds
Number of updated asset objects reloaded before import = 0
Number of asset objects unloaded after import = 10
========================================================================
Received Import Request.
  Time since last request: 0.002650 seconds.
  path: Assets/AssetPackages/SyntyStudios/PolygonPrototype/Prefabs/Buildings/Simple/SM_Buildings_WallCurved_5x5_01.prefab
  artifactKey: Guid(10efdfef6e4415a45ba89bee9e652816) Importer(815301076,1909f56bfc062723c751e8b465ee728b)
Start importing Assets/AssetPackages/SyntyStudios/PolygonPrototype/Prefabs/Buildings/Simple/SM_Buildings_WallCurved_5x5_01.prefab using Guid(10efdfef6e4415a45ba89bee9e652816) Importer(815301076,1909f56bfc062723c751e8b465ee728b)  -> (artifact id: 'fbaad359279dac977c86475937c4aa3b') in 0.006113 seconds
Number of updated asset objects reloaded before import = 0
Number of asset objects unloaded after import = 10
========================================================================
Received Import Request.
  Time since last request: 0.002124 seconds.
  path: Assets/AssetPackages/SyntyStudios/PolygonPrototype/Prefabs/Buildings/Simple/SM_Buildings_WallDoor_5x3_01.prefab
  artifactKey: Guid(66588b2f1f8096040b3ab1ce89b3af47) Importer(815301076,1909f56bfc062723c751e8b465ee728b)
Start importing Assets/AssetPackages/SyntyStudios/PolygonPrototype/Prefabs/Buildings/Simple/SM_Buildings_WallDoor_5x3_01.prefab using Guid(66588b2f1f8096040b3ab1ce89b3af47) Importer(815301076,1909f56bfc062723c751e8b465ee728b)  -> (artifact id: 'ae36fef0366ad77adb067d0b854557fa') in 0.006351 seconds
Number of updated asset objects reloaded before import = 0
Number of asset objects unloaded after import = 10
========================================================================
Received Import Request.
  Time since last request: 0.003159 seconds.
  path: Assets/AssetPackages/SyntyStudios/PolygonPrototype/Prefabs/Buildings/Simple/SM_Buildings_WallDoorDouble_5x3_01.prefab
  artifactKey: Guid(03c0615099994904196c8337e215ed82) Importer(815301076,1909f56bfc062723c751e8b465ee728b)
Start importing Assets/AssetPackages/SyntyStudios/PolygonPrototype/Prefabs/Buildings/Simple/SM_Buildings_WallDoorDouble_5x3_01.prefab using Guid(03c0615099994904196c8337e215ed82) Importer(815301076,1909f56bfc062723c751e8b465ee728b)  -> (artifact id: '1f1da51732fe6e9724b069c8fc385764') in 0.006102 seconds
Number of updated asset objects reloaded before import = 0
Number of asset objects unloaded after import = 10
========================================================================
Received Import Request.
  Time since last request: 0.003548 seconds.
  path: Assets/AssetPackages/SyntyStudios/PolygonPrototype/Prefabs/Buildings/Simple/SM_Buildings_WallWindow_5x3_01.prefab
  artifactKey: Guid(5b1d1e0afbc306648ba00b80061f5870) Importer(815301076,1909f56bfc062723c751e8b465ee728b)
Start importing Assets/AssetPackages/SyntyStudios/PolygonPrototype/Prefabs/Buildings/Simple/SM_Buildings_WallWindow_5x3_01.prefab using Guid(5b1d1e0afbc306648ba00b80061f5870) Importer(815301076,1909f56bfc062723c751e8b465ee728b)  -> (artifact id: 'e699c61e2a09fceae168cffd0c9da2c9') in 0.007701 seconds
Number of updated asset objects reloaded before import = 0
Number of asset objects unloaded after import = 10
========================================================================
Received Import Request.
  Time since last request: 0.001863 seconds.
  path: Assets/AssetPackages/SyntyStudios/PolygonPrototype/Prefabs/Buildings/Simple/SM_Buildings_WallWindowDouble_5x3_01.prefab
  artifactKey: Guid(54634004fe05e614b9925b8618f478d7) Importer(815301076,1909f56bfc062723c751e8b465ee728b)
Start importing Assets/AssetPackages/SyntyStudios/PolygonPrototype/Prefabs/Buildings/Simple/SM_Buildings_WallWindowDouble_5x3_01.prefab using Guid(54634004fe05e614b9925b8618f478d7) Importer(815301076,1909f56bfc062723c751e8b465ee728b)  -> (artifact id: 'a4bfe326511c447c5b42b17a61ad7493') in 0.006129 seconds
Number of updated asset objects reloaded before import = 0
Number of asset objects unloaded after import = 10
========================================================================
Received Import Request.
  Time since last request: 0.003751 seconds.
  path: Assets/AssetPackages/SyntyStudios/PolygonPrototype/Prefabs/Buildings/Simple/SM_Prop_Ladder_1x1_01.prefab
  artifactKey: Guid(a920d1c3a6e813f49927af09b95ebe53) Importer(815301076,1909f56bfc062723c751e8b465ee728b)
Start importing Assets/AssetPackages/SyntyStudios/PolygonPrototype/Prefabs/Buildings/Simple/SM_Prop_Ladder_1x1_01.prefab using Guid(a920d1c3a6e813f49927af09b95ebe53) Importer(815301076,1909f56bfc062723c751e8b465ee728b)  -> (artifact id: '89b1f797e85b3f7d05c411a741f97527') in 0.006448 seconds
Number of updated asset objects reloaded before import = 0
Number of asset objects unloaded after import = 10
========================================================================
Received Import Request.
  Time since last request: 0.003665 seconds.
  path: Assets/AssetPackages/SyntyStudios/PolygonPrototype/Prefabs/Buildings/Simple/SM_Prop_Ladder_1x4_01.prefab
  artifactKey: Guid(04485dce6b529644bb11e46fe8294e73) Importer(815301076,1909f56bfc062723c751e8b465ee728b)
Start importing Assets/AssetPackages/SyntyStudios/PolygonPrototype/Prefabs/Buildings/Simple/SM_Prop_Ladder_1x4_01.prefab using Guid(04485dce6b529644bb11e46fe8294e73) Importer(815301076,1909f56bfc062723c751e8b465ee728b)  -> (artifact id: 'c3a8dec4e7e3690a8c1efbddf2426d46') in 0.007603 seconds
Number of updated asset objects reloaded before import = 0
Number of asset objects unloaded after import = 10
Editor requested this worker to shutdown with reason: Scaling down because of idle timeout
TcpMessagingSession - receive error: operation aborted. errorcode: 995, details: The I/O operation has been aborted because of either a thread exit or an application request.
AssetImportWorker is now disconnected from the server
Process exiting
Exiting without the bug reporter. Application will terminate with return code 0