Using pre-set license
Built from '2022.3/staging' branch; Version is '2022.3.26f1 (ec6cd8118806) revision 15494360'; Using compiler version '192829333'; Build Type 'Release'
OS: 'Windows 11  (10.0.22631) 64bit Core' Language: 'en' Physical Memory: 32469 MB
BatchMode: 1, IsHumanControllingUs: 0, StartBugReporterOnCrash: 0, Is64bit: 1, IsPro: 1

COMMAND LINE ARGUMENTS:
C:\Program Files\Unity\Hub\Editor\2022.3.26f1\Editor\Unity.exe
-adb2
-batchMode
-noUpm
-name
AssetImportWorker9
-projectPath
D:/pppp/the game/My project
-logFile
Logs/AssetImportWorker9.log
-srvPort
62585
Successfully changed project path to: D:/pppp/the game/My project
D:/pppp/the game/My project
[UnityMemory] Configuration Parameters - Can be set up in boot.config
    "memorysetup-bucket-allocator-granularity=16"
    "memorysetup-bucket-allocator-bucket-count=8"
    "memorysetup-bucket-allocator-block-size=33554432"
    "memorysetup-bucket-allocator-block-count=8"
    "memorysetup-main-allocator-block-size=16777216"
    "memorysetup-thread-allocator-block-size=16777216"
    "memorysetup-gfx-main-allocator-block-size=16777216"
    "memorysetup-gfx-thread-allocator-block-size=16777216"
    "memorysetup-cache-allocator-block-size=4194304"
    "memorysetup-typetree-allocator-block-size=2097152"
    "memorysetup-profiler-bucket-allocator-granularity=16"
    "memorysetup-profiler-bucket-allocator-bucket-count=8"
    "memorysetup-profiler-bucket-allocator-block-size=33554432"
    "memorysetup-profiler-bucket-allocator-block-count=8"
    "memorysetup-profiler-allocator-block-size=16777216"
    "memorysetup-profiler-editor-allocator-block-size=1048576"
    "memorysetup-temp-allocator-size-main=16777216"
    "memorysetup-job-temp-allocator-block-size=2097152"
    "memorysetup-job-temp-allocator-block-size-background=1048576"
    "memorysetup-job-temp-allocator-reduction-small-platforms=262144"
    "memorysetup-allocator-temp-initial-block-size-main=262144"
    "memorysetup-allocator-temp-initial-block-size-worker=262144"
    "memorysetup-temp-allocator-size-background-worker=32768"
    "memorysetup-temp-allocator-size-job-worker=262144"
    "memorysetup-temp-allocator-size-preload-manager=33554432"
    "memorysetup-temp-allocator-size-nav-mesh-worker=65536"
    "memorysetup-temp-allocator-size-audio-worker=65536"
    "memorysetup-temp-allocator-size-cloud-worker=32768"
    "memorysetup-temp-allocator-size-gi-baking-worker=262144"
    "memorysetup-temp-allocator-size-gfx=262144"
Player connection [20524] Host "[IP] 192.168.1.159 [Port] 0 [Flags] 2 [Guid] 1468762738 [EditorId] 1468762738 [Version] 1048832 [Id] WindowsEditor(7,MSI) [Debug] 1 [PackageName] WindowsEditor [ProjectName] Editor" joined multi-casting on [225.0.0.222:54997]...

Player connection [20524] Host "[IP] 192.168.1.159 [Port] 0 [Flags] 2 [Guid] 1468762738 [EditorId] 1468762738 [Version] 1048832 [Id] WindowsEditor(7,MSI) [Debug] 1 [PackageName] WindowsEditor [ProjectName] Editor" joined alternative multi-casting on [225.0.0.222:34997]...

[Physics::Module] Initialized MultithreadedJobDispatcher with 31 workers.
Refreshing native plugins compatible for Editor in 12.50 ms, found 3 plugins.
Preloading 0 native plugins for Editor in 0.00 ms.
Initialize engine version: 2022.3.26f1 (ec6cd8118806)
[Subsystems] Discovering subsystems at path C:/Program Files/Unity/Hub/Editor/2022.3.26f1/Editor/Data/Resources/UnitySubsystems
[Subsystems] Discovering subsystems at path D:/pppp/the game/My project/Assets
GfxDevice: creating device client; threaded=0; jobified=0
Direct3D:
    Version:  Direct3D 11.0 [level 11.1]
    Renderer: NVIDIA GeForce RTX 4080 Laptop GPU (ID=0x27a0)
    Vendor:   NVIDIA
    VRAM:     11997 MB
    Driver:   32.0.15.5585
Initialize mono
Mono path[0] = 'C:/Program Files/Unity/Hub/Editor/2022.3.26f1/Editor/Data/Managed'
Mono path[1] = 'C:/Program Files/Unity/Hub/Editor/2022.3.26f1/Editor/Data/MonoBleedingEdge/lib/mono/unityjit-win32'
Mono config path = 'C:/Program Files/Unity/Hub/Editor/2022.3.26f1/Editor/Data/MonoBleedingEdge/etc'
Using monoOptions --debugger-agent=transport=dt_socket,embedding=1,server=y,suspend=n,address=127.0.0.1:56404
Begin MonoManager ReloadAssembly
Registering precompiled unity dll's ...
Register platform support module: C:/Program Files/Unity/Hub/Editor/2022.3.26f1/Editor/Data/PlaybackEngines/WebGLSupport/UnityEditor.WebGL.Extensions.dll
Register platform support module: C:/Program Files/Unity/Hub/Editor/2022.3.26f1/Editor/Data/PlaybackEngines/AndroidPlayer/UnityEditor.Android.Extensions.dll
Register platform support module: C:/Program Files/Unity/Hub/Editor/2022.3.26f1/Editor/Data/PlaybackEngines/iOSSupport/UnityEditor.iOS.Extensions.dll
Register platform support module: C:/Program Files/Unity/Hub/Editor/2022.3.26f1/Editor/Data/PlaybackEngines/WindowsStandaloneSupport/UnityEditor.WindowsStandalone.Extensions.dll
Register platform support module: C:/Program Files/Unity/Hub/Editor/2022.3.26f1/Editor/Data/PlaybackEngines/MetroSupport/UnityEditor.UWP.Extensions.dll
Registered in 0.024130 seconds.
- Loaded All Assemblies, in  0.342 seconds
Native extension for UWP target not found
Native extension for WindowsStandalone target not found
[usbmuxd] Start listen thread
[usbmuxd] Listen thread started
Native extension for iOS target not found
Native extension for Android target not found
Android Extension - Scanning For ADB Devices 1798 ms
Native extension for WebGL target not found
Mono: successfully reloaded assembly
- Finished resetting the current domain, in  2.091 seconds
Domain Reload Profiling: 2430ms
	BeginReloadAssembly (130ms)
		ExecutionOrderSort (0ms)
		DisableScriptedObjects (0ms)
		BackupInstance (0ms)
		ReleaseScriptingObjects (0ms)
		CreateAndSetChildDomain (0ms)
	RebuildCommonClasses (24ms)
	RebuildNativeTypeToScriptingClass (6ms)
	initialDomainReloadingComplete (64ms)
	LoadAllAssembliesAndSetupDomain (115ms)
		LoadAssemblies (130ms)
		RebuildTransferFunctionScriptingTraits (0ms)
		AnalyzeDomain (110ms)
			TypeCache.Refresh (109ms)
				TypeCache.ScanAssembly (99ms)
			ScanForSourceGeneratedMonoScriptInfo (0ms)
			ResolveRequiredComponents (0ms)
	FinalizeReload (2092ms)
		ReleaseScriptCaches (0ms)
		RebuildScriptCaches (0ms)
		SetupLoadedEditorAssemblies (2056ms)
			LogAssemblyErrors (0ms)
			InitializePlatformSupportModulesInManaged (1905ms)
			SetLoadedEditorAssemblies (3ms)
			RefreshPlugins (0ms)
			BeforeProcessingInitializeOnLoad (1ms)
			ProcessInitializeOnLoadAttributes (80ms)
			ProcessInitializeOnLoadMethodAttributes (66ms)
			AfterProcessingInitializeOnLoad (0ms)
			EditorAssembliesLoaded (0ms)
		ExecutionOrderSort2 (0ms)
		AwakeInstancesAfterBackupRestoration (0ms)
========================================================================
Worker process is ready to serve import requests
Begin MonoManager ReloadAssembly
- Loaded All Assemblies, in  0.576 seconds
Refreshing native plugins compatible for Editor in 2.23 ms, found 3 plugins.
Native extension for UWP target not found
Native extension for WindowsStandalone target not found
Native extension for iOS target not found
Native extension for Android target not found
Native extension for WebGL target not found
Package Manager log level set to [2]
[Package Manager] Server::EnsureServerProcessIsRunning -- launch failed, reason: Unity was launched with the -noUpm command-line argument
[Package Manager] UpmClient::Send -- Unable to send message (not connected to UPM process).
[Package Manager] Cannot connect to Unity Package Manager local server
Mono: successfully reloaded assembly
- Finished resetting the current domain, in  0.505 seconds
Domain Reload Profiling: 1078ms
	BeginReloadAssembly (158ms)
		ExecutionOrderSort (0ms)
		DisableScriptedObjects (3ms)
		BackupInstance (0ms)
		ReleaseScriptingObjects (0ms)
		CreateAndSetChildDomain (20ms)
	RebuildCommonClasses (27ms)
	RebuildNativeTypeToScriptingClass (6ms)
	initialDomainReloadingComplete (37ms)
	LoadAllAssembliesAndSetupDomain (344ms)
		LoadAssemblies (301ms)
		RebuildTransferFunctionScriptingTraits (0ms)
		AnalyzeDomain (155ms)
			TypeCache.Refresh (138ms)
				TypeCache.ScanAssembly (122ms)
			ScanForSourceGeneratedMonoScriptInfo (12ms)
			ResolveRequiredComponents (3ms)
	FinalizeReload (506ms)
		ReleaseScriptCaches (0ms)
		RebuildScriptCaches (0ms)
		SetupLoadedEditorAssemblies (379ms)
			LogAssemblyErrors (0ms)
			InitializePlatformSupportModulesInManaged (35ms)
			SetLoadedEditorAssemblies (2ms)
			RefreshPlugins (0ms)
			BeforeProcessingInitializeOnLoad (45ms)
			ProcessInitializeOnLoadAttributes (270ms)
			ProcessInitializeOnLoadMethodAttributes (14ms)
			AfterProcessingInitializeOnLoad (12ms)
			EditorAssembliesLoaded (0ms)
		ExecutionOrderSort2 (0ms)
		AwakeInstancesAfterBackupRestoration (19ms)
Launched and connected shader compiler UnityShaderCompiler.exe after 0.10 seconds
Refreshing native plugins compatible for Editor in 4.24 ms, found 3 plugins.
Preloading 0 native plugins for Editor in 0.00 ms.
Unloading 3582 Unused Serialized files (Serialized files now loaded: 0)
Unloading 40 unused Assets / (58.7 KB). Loaded Objects now: 4052.
Memory consumption went from 148.0 MB to 147.9 MB.
Total: 2.720500 ms (FindLiveObjects: 0.169600 ms CreateObjectMapping: 0.054300 ms MarkObjects: 2.404800 ms  DeleteObjects: 0.090700 ms)

AssetImportParameters requested are different than current active one (requested -> active):
  custom:container-demuxer-ogg: 62fdf1f143b41e24485cea50d1cbac27 -> 
  custom:video-codec-MediaFoundation-h265: 746d11721c4dcdbdad8f713fa42b33f4 -> 
  custom:video-decoder-ogg-theora: a1e56fd34408186e4bbccfd4996cb3dc -> 
  custom:framework-win-MediaFoundation: 216162199b28c13a410421893ffa2e32 -> 
  custom:CustomObjectIndexerAttribute: 9a22284fe3817be447336de3de66b15e -> 
  custom:container-demuxer-webm: 4f35f7cbe854078d1ac9338744f61a02 -> 
  custom:container-muxer-webm: aa71ff27fc2769a1b78a27578f13a17b -> 
  custom:video-decoder-webm-vp8: 9c59270c3fd7afecdb556c50c9e8de78 -> 
  custom:SearchIndexIgnoredProperties: e643bd26f0fe6173181afceb89e7c659 -> 
  custom:AudioImporter_EditorPlatform: d09bf68614088b80899f8185d706f6e7 -> 
  custom:video-encoder-webm-vp8: eb34c28f22e8b96e1ab97ce403110664 -> 
  custom:audio-decoder-ogg-vorbis: bf7c407c2cedff20999df2af8eb42d56 -> 
  custom:audio-encoder-webm-vorbis: bf7c407c2cedff20999df2af8eb42d56 -> 
========================================================================
Received Import Request.
  Time since last request: 69234.079657 seconds.
  path: Assets/AssetPackages/SyntyStudios/PolygonAdventure/Prefabs/Buildings/SM_Bld_HutDoor_01.prefab
  artifactKey: Guid(d6bd438face5064429592ccc1fbb235b) Importer(815301076,1909f56bfc062723c751e8b465ee728b)
Start importing Assets/AssetPackages/SyntyStudios/PolygonAdventure/Prefabs/Buildings/SM_Bld_HutDoor_01.prefab using Guid(d6bd438face5064429592ccc1fbb235b) Importer(815301076,1909f56bfc062723c751e8b465ee728b)  -> (artifact id: 'e1f224450aec35388af17cb049f1388f') in 0.066290 seconds
Number of updated asset objects reloaded before import = 0
Number of asset objects unloaded after import = 10
========================================================================
Received Import Request.
  Time since last request: 0.000018 seconds.
  path: Assets/AssetPackages/SyntyStudios/PolygonAdventure/Prefabs/Buildings/SM_Bld_Village_WindowDrapes_01.prefab
  artifactKey: Guid(743de1d8b5d88a043834a3f18d8eb3b2) Importer(815301076,1909f56bfc062723c751e8b465ee728b)
Start importing Assets/AssetPackages/SyntyStudios/PolygonAdventure/Prefabs/Buildings/SM_Bld_Village_WindowDrapes_01.prefab using Guid(743de1d8b5d88a043834a3f18d8eb3b2) Importer(815301076,1909f56bfc062723c751e8b465ee728b)  -> (artifact id: '2a6da914e063076d1ee924d90392b96d') in 0.008992 seconds
Number of updated asset objects reloaded before import = 0
Number of asset objects unloaded after import = 13
========================================================================
Received Import Request.
  Time since last request: 961.886717 seconds.
  path: Assets/AssetPackages/SyntyStudios/PolygonKnights/Prefabs/Buildings/SM_Bld_Castle_Arrow_Slit_01.prefab
  artifactKey: Guid(b8087cfa32e21d2498d86305bbdbce25) Importer(815301076,1909f56bfc062723c751e8b465ee728b)
Start importing Assets/AssetPackages/SyntyStudios/PolygonKnights/Prefabs/Buildings/SM_Bld_Castle_Arrow_Slit_01.prefab using Guid(b8087cfa32e21d2498d86305bbdbce25) Importer(815301076,1909f56bfc062723c751e8b465ee728b)  -> (artifact id: '8c3f9e79abcb45f8106f3029b29c1ffa') in 0.011385 seconds
Number of updated asset objects reloaded before import = 0
Number of asset objects unloaded after import = 11
========================================================================
Received Import Request.
  Time since last request: 0.001765 seconds.
  path: Assets/AssetPackages/SyntyStudios/PolygonKnights/Prefabs/Buildings/SM_Bld_Castle_Flag_01.prefab
  artifactKey: Guid(909819cb4101f98478848711bc2cba21) Importer(815301076,1909f56bfc062723c751e8b465ee728b)
Start importing Assets/AssetPackages/SyntyStudios/PolygonKnights/Prefabs/Buildings/SM_Bld_Castle_Flag_01.prefab using Guid(909819cb4101f98478848711bc2cba21) Importer(815301076,1909f56bfc062723c751e8b465ee728b)  -> (artifact id: 'b9e771f9fd193e21fb2359425464572d') in 0.007288 seconds
Number of updated asset objects reloaded before import = 0
Number of asset objects unloaded after import = 11
========================================================================
Received Import Request.
  Time since last request: 0.004614 seconds.
  path: Assets/AssetPackages/SyntyStudios/PolygonKnights/Prefabs/Buildings/SM_Bld_Castle_Iron_Gate_01.prefab
  artifactKey: Guid(0a5ef1aaf47f03547983772b8f1f3a80) Importer(815301076,1909f56bfc062723c751e8b465ee728b)
Start importing Assets/AssetPackages/SyntyStudios/PolygonKnights/Prefabs/Buildings/SM_Bld_Castle_Iron_Gate_01.prefab using Guid(0a5ef1aaf47f03547983772b8f1f3a80) Importer(815301076,1909f56bfc062723c751e8b465ee728b)  -> (artifact id: '9ec84a4d85cfbd6712e367a0ff65c44f') in 0.008478 seconds
Number of updated asset objects reloaded before import = 0
Number of asset objects unloaded after import = 11
========================================================================
Received Import Request.
  Time since last request: 0.002675 seconds.
  path: Assets/AssetPackages/SyntyStudios/PolygonKnights/Prefabs/Buildings/SM_Bld_Castle_Roof_Spire_01.prefab
  artifactKey: Guid(2678ae1982dc1b74b99abd46d8ccb50c) Importer(815301076,1909f56bfc062723c751e8b465ee728b)
Start importing Assets/AssetPackages/SyntyStudios/PolygonKnights/Prefabs/Buildings/SM_Bld_Castle_Roof_Spire_01.prefab using Guid(2678ae1982dc1b74b99abd46d8ccb50c) Importer(815301076,1909f56bfc062723c751e8b465ee728b)  -> (artifact id: '960298af47fa9186a1a6254a864d9a3d') in 0.007944 seconds
Number of updated asset objects reloaded before import = 0
Number of asset objects unloaded after import = 11
========================================================================
Received Import Request.
  Time since last request: 0.002766 seconds.
  path: Assets/AssetPackages/SyntyStudios/PolygonKnights/Prefabs/Buildings/SM_Bld_Castle_Tower_01_Lite.prefab
  artifactKey: Guid(cd46f6361746af34ca29dec77bee51a2) Importer(815301076,1909f56bfc062723c751e8b465ee728b)
Start importing Assets/AssetPackages/SyntyStudios/PolygonKnights/Prefabs/Buildings/SM_Bld_Castle_Tower_01_Lite.prefab using Guid(cd46f6361746af34ca29dec77bee51a2) Importer(815301076,1909f56bfc062723c751e8b465ee728b)  -> (artifact id: '42d47a1c14a4bd5a3eb63846f7b19674') in 0.007005 seconds
Number of updated asset objects reloaded before import = 0
Number of asset objects unloaded after import = 11
========================================================================
Received Import Request.
  Time since last request: 0.003098 seconds.
  path: Assets/AssetPackages/SyntyStudios/PolygonKnights/Prefabs/Buildings/SM_Bld_Castle_Tower_02_Lite.prefab
  artifactKey: Guid(608f0ba07d26e7642b8d36d0e0f851e6) Importer(815301076,1909f56bfc062723c751e8b465ee728b)
Start importing Assets/AssetPackages/SyntyStudios/PolygonKnights/Prefabs/Buildings/SM_Bld_Castle_Tower_02_Lite.prefab using Guid(608f0ba07d26e7642b8d36d0e0f851e6) Importer(815301076,1909f56bfc062723c751e8b465ee728b)  -> (artifact id: '388bb36d2d91ab5f38cad8f78100ed4d') in 0.006772 seconds
Number of updated asset objects reloaded before import = 0
Number of asset objects unloaded after import = 11
========================================================================
Received Import Request.
  Time since last request: 0.003832 seconds.
  path: Assets/AssetPackages/SyntyStudios/PolygonKnights/Prefabs/Buildings/SM_Bld_Castle_Tower_03_Lite.prefab
  artifactKey: Guid(c030142463ad580429b680ac742166ba) Importer(815301076,1909f56bfc062723c751e8b465ee728b)
Start importing Assets/AssetPackages/SyntyStudios/PolygonKnights/Prefabs/Buildings/SM_Bld_Castle_Tower_03_Lite.prefab using Guid(c030142463ad580429b680ac742166ba) Importer(815301076,1909f56bfc062723c751e8b465ee728b)  -> (artifact id: '6997e9a1192782ed2823b88badce8ba4') in 0.007908 seconds
Number of updated asset objects reloaded before import = 0
Number of asset objects unloaded after import = 11
========================================================================
Received Import Request.
  Time since last request: 0.001838 seconds.
  path: Assets/AssetPackages/SyntyStudios/PolygonKnights/Prefabs/Buildings/SM_Bld_Castle_Tower_04_Lite.prefab
  artifactKey: Guid(73bc14e443072aa4d99d7c246a51370d) Importer(815301076,1909f56bfc062723c751e8b465ee728b)
Start importing Assets/AssetPackages/SyntyStudios/PolygonKnights/Prefabs/Buildings/SM_Bld_Castle_Tower_04_Lite.prefab using Guid(73bc14e443072aa4d99d7c246a51370d) Importer(815301076,1909f56bfc062723c751e8b465ee728b)  -> (artifact id: 'e71dd99ee2cc7fd60a5cf103ec336efe') in 0.009221 seconds
Number of updated asset objects reloaded before import = 0
Number of asset objects unloaded after import = 11
========================================================================
Received Import Request.
  Time since last request: 0.000023 seconds.
  path: Assets/AssetPackages/SyntyStudios/PolygonKnights/Prefabs/Buildings/SM_Bld_Castle_Tower_Base_02.prefab
  artifactKey: Guid(0c66159e6cbb60a42831373af849b686) Importer(815301076,1909f56bfc062723c751e8b465ee728b)
Start importing Assets/AssetPackages/SyntyStudios/PolygonKnights/Prefabs/Buildings/SM_Bld_Castle_Tower_Base_02.prefab using Guid(0c66159e6cbb60a42831373af849b686) Importer(815301076,1909f56bfc062723c751e8b465ee728b)  -> (artifact id: '036d853de369777b2e6e064ccd118be9') in 0.007230 seconds
Number of updated asset objects reloaded before import = 0
Number of asset objects unloaded after import = 11
========================================================================
Received Import Request.
  Time since last request: 0.001515 seconds.
  path: Assets/AssetPackages/SyntyStudios/PolygonKnights/Prefabs/Buildings/SM_Bld_Castle_Tower_Mini_01_Snow.prefab
  artifactKey: Guid(a5d0481d2421b38458d7a3d90a2f39e0) Importer(815301076,1909f56bfc062723c751e8b465ee728b)
Start importing Assets/AssetPackages/SyntyStudios/PolygonKnights/Prefabs/Buildings/SM_Bld_Castle_Tower_Mini_01_Snow.prefab using Guid(a5d0481d2421b38458d7a3d90a2f39e0) Importer(815301076,1909f56bfc062723c751e8b465ee728b)  -> (artifact id: 'c772b3bcb71845c2926a4e5d7996f0d4') in 0.009227 seconds
Number of updated asset objects reloaded before import = 0
Number of asset objects unloaded after import = 11
========================================================================
Received Import Request.
  Time since last request: 0.001791 seconds.
  path: Assets/AssetPackages/SyntyStudios/PolygonKnights/Prefabs/Buildings/SM_Bld_Castle_Tower_Mini_02_Snow.prefab
  artifactKey: Guid(a549a6de16f98f84ebe678daba85b04e) Importer(815301076,1909f56bfc062723c751e8b465ee728b)
Start importing Assets/AssetPackages/SyntyStudios/PolygonKnights/Prefabs/Buildings/SM_Bld_Castle_Tower_Mini_02_Snow.prefab using Guid(a549a6de16f98f84ebe678daba85b04e) Importer(815301076,1909f56bfc062723c751e8b465ee728b)  -> (artifact id: '1bd1ecfb7bffa3930f9563902fbbe9f0') in 0.008222 seconds
Number of updated asset objects reloaded before import = 0
Number of asset objects unloaded after import = 11
========================================================================
Received Import Request.
  Time since last request: 0.001738 seconds.
  path: Assets/AssetPackages/SyntyStudios/PolygonKnights/Prefabs/Buildings/SM_Bld_Castle_Tower_Round_01_Lite.prefab
  artifactKey: Guid(59fda38c2143a264fb1ca61086abcc96) Importer(815301076,1909f56bfc062723c751e8b465ee728b)
Start importing Assets/AssetPackages/SyntyStudios/PolygonKnights/Prefabs/Buildings/SM_Bld_Castle_Tower_Round_01_Lite.prefab using Guid(59fda38c2143a264fb1ca61086abcc96) Importer(815301076,1909f56bfc062723c751e8b465ee728b)  -> (artifact id: '217370809a5fa4a7a3bbfccfe2c3e5d8') in 0.008525 seconds
Number of updated asset objects reloaded before import = 0
Number of asset objects unloaded after import = 11
========================================================================
Received Import Request.
  Time since last request: 0.001693 seconds.
  path: Assets/AssetPackages/SyntyStudios/PolygonKnights/Prefabs/Buildings/SM_Bld_Castle_Tower_Round_02_Lite.prefab
  artifactKey: Guid(875f1554fc0f55443b16d1cb0b912e64) Importer(815301076,1909f56bfc062723c751e8b465ee728b)
Start importing Assets/AssetPackages/SyntyStudios/PolygonKnights/Prefabs/Buildings/SM_Bld_Castle_Tower_Round_02_Lite.prefab using Guid(875f1554fc0f55443b16d1cb0b912e64) Importer(815301076,1909f56bfc062723c751e8b465ee728b)  -> (artifact id: 'abadbd02d058cb611cbdcfa43c984a00') in 0.007486 seconds
Number of updated asset objects reloaded before import = 0
Number of asset objects unloaded after import = 11
========================================================================
Received Import Request.
  Time since last request: 0.002512 seconds.
  path: Assets/AssetPackages/SyntyStudios/PolygonKnights/Prefabs/Buildings/SM_Bld_Castle_Tower_Round_Top_01_Lite.prefab
  artifactKey: Guid(b2ccf63e5a3aab9438ac359089017a46) Importer(815301076,1909f56bfc062723c751e8b465ee728b)
Start importing Assets/AssetPackages/SyntyStudios/PolygonKnights/Prefabs/Buildings/SM_Bld_Castle_Tower_Round_Top_01_Lite.prefab using Guid(b2ccf63e5a3aab9438ac359089017a46) Importer(815301076,1909f56bfc062723c751e8b465ee728b)  -> (artifact id: 'a8b0385456218c218b46c9f9ec7e372c') in 0.006863 seconds
Number of updated asset objects reloaded before import = 0
Number of asset objects unloaded after import = 11
========================================================================
Received Import Request.
  Time since last request: 0.001800 seconds.
  path: Assets/AssetPackages/SyntyStudios/PolygonKnights/Prefabs/Buildings/SM_Bld_Castle_Tower_Top_01_Lite.prefab
  artifactKey: Guid(d43900a9d4c0e224eaf62e1d618dd64a) Importer(815301076,1909f56bfc062723c751e8b465ee728b)
Start importing Assets/AssetPackages/SyntyStudios/PolygonKnights/Prefabs/Buildings/SM_Bld_Castle_Tower_Top_01_Lite.prefab using Guid(d43900a9d4c0e224eaf62e1d618dd64a) Importer(815301076,1909f56bfc062723c751e8b465ee728b)  -> (artifact id: 'f1b088d6bece85a348e59103e0d83712') in 0.008774 seconds
Number of updated asset objects reloaded before import = 0
Number of asset objects unloaded after import = 11
========================================================================
Received Import Request.
  Time since last request: 0.001261 seconds.
  path: Assets/AssetPackages/SyntyStudios/PolygonKnights/Prefabs/Buildings/SM_Bld_Castle_Tower_Wall_Top_01_Lite.prefab
  artifactKey: Guid(04b3e8bbf203b374ba19aa2fd8129ceb) Importer(815301076,1909f56bfc062723c751e8b465ee728b)
Start importing Assets/AssetPackages/SyntyStudios/PolygonKnights/Prefabs/Buildings/SM_Bld_Castle_Tower_Wall_Top_01_Lite.prefab using Guid(04b3e8bbf203b374ba19aa2fd8129ceb) Importer(815301076,1909f56bfc062723c751e8b465ee728b)  -> (artifact id: '97e08c35508476082a2585b120fbd5b8') in 0.007347 seconds
Number of updated asset objects reloaded before import = 0
Number of asset objects unloaded after import = 11
========================================================================
Received Import Request.
  Time since last request: 0.003105 seconds.
  path: Assets/AssetPackages/SyntyStudios/PolygonKnights/Prefabs/Buildings/SM_Bld_Castle_Wall_01_Lite.prefab
  artifactKey: Guid(56e3c741d680c6948adde1a3f33e3e47) Importer(815301076,1909f56bfc062723c751e8b465ee728b)
Start importing Assets/AssetPackages/SyntyStudios/PolygonKnights/Prefabs/Buildings/SM_Bld_Castle_Wall_01_Lite.prefab using Guid(56e3c741d680c6948adde1a3f33e3e47) Importer(815301076,1909f56bfc062723c751e8b465ee728b)  -> (artifact id: '3af1f42d608d657859094e22ad5ee822') in 0.007056 seconds
Number of updated asset objects reloaded before import = 0
Number of asset objects unloaded after import = 11
========================================================================
Received Import Request.
  Time since last request: 0.005663 seconds.
  path: Assets/AssetPackages/SyntyStudios/PolygonKnights/Prefabs/Buildings/SM_Bld_Castle_Wall_Gate_01_Lite.prefab
  artifactKey: Guid(43c7f8dd68155c9429740d8000ec6c10) Importer(815301076,1909f56bfc062723c751e8b465ee728b)
Start importing Assets/AssetPackages/SyntyStudios/PolygonKnights/Prefabs/Buildings/SM_Bld_Castle_Wall_Gate_01_Lite.prefab using Guid(43c7f8dd68155c9429740d8000ec6c10) Importer(815301076,1909f56bfc062723c751e8b465ee728b)  -> (artifact id: 'e93d95e89289f548883fb9a468a7728e') in 0.008373 seconds
Number of updated asset objects reloaded before import = 0
Number of asset objects unloaded after import = 17
========================================================================
Received Import Request.
  Time since last request: 0.002853 seconds.
  path: Assets/AssetPackages/SyntyStudios/PolygonKnights/Prefabs/Buildings/SM_Bld_Castle_Wood_Battlement_02.prefab
  artifactKey: Guid(45f56cd437954cd49bcafe3dee02d907) Importer(815301076,1909f56bfc062723c751e8b465ee728b)
Start importing Assets/AssetPackages/SyntyStudios/PolygonKnights/Prefabs/Buildings/SM_Bld_Castle_Wood_Battlement_02.prefab using Guid(45f56cd437954cd49bcafe3dee02d907) Importer(815301076,1909f56bfc062723c751e8b465ee728b)  -> (artifact id: '2250677bf1c9ff3353a5aeb312266385') in 0.010023 seconds
Number of updated asset objects reloaded before import = 0
Number of asset objects unloaded after import = 11
========================================================================
Received Import Request.
  Time since last request: 0.001033 seconds.
  path: Assets/AssetPackages/SyntyStudios/PolygonKnights/Prefabs/Buildings/SM_Bld_Castle_Wood_Battlement_04.prefab
  artifactKey: Guid(5d9e223d566966840a47e484271f8941) Importer(815301076,1909f56bfc062723c751e8b465ee728b)
Start importing Assets/AssetPackages/SyntyStudios/PolygonKnights/Prefabs/Buildings/SM_Bld_Castle_Wood_Battlement_04.prefab using Guid(5d9e223d566966840a47e484271f8941) Importer(815301076,1909f56bfc062723c751e8b465ee728b)  -> (artifact id: '33547f2f25ed6522c7003c279ef4f829') in 0.007766 seconds
Number of updated asset objects reloaded before import = 0
Number of asset objects unloaded after import = 11
========================================================================
Received Import Request.
  Time since last request: 0.002608 seconds.
  path: Assets/AssetPackages/SyntyStudios/PolygonKnights/Prefabs/Buildings/SM_Bld_Church_Door_01.prefab
  artifactKey: Guid(68806ed2cec96b24f9e4c1fa06c68930) Importer(815301076,1909f56bfc062723c751e8b465ee728b)
Start importing Assets/AssetPackages/SyntyStudios/PolygonKnights/Prefabs/Buildings/SM_Bld_Church_Door_01.prefab using Guid(68806ed2cec96b24f9e4c1fa06c68930) Importer(815301076,1909f56bfc062723c751e8b465ee728b)  -> (artifact id: 'ffa385959ea8d993b11721f371e700b4') in 0.009056 seconds
Number of updated asset objects reloaded before import = 0
Number of asset objects unloaded after import = 11
========================================================================
Received Import Request.
  Time since last request: 0.000638 seconds.
  path: Assets/AssetPackages/SyntyStudios/PolygonKnights/Prefabs/Buildings/SM_Bld_Church_Extension_01_Lite.prefab
  artifactKey: Guid(c3fe439701846474c97d417df0a9424a) Importer(815301076,1909f56bfc062723c751e8b465ee728b)
Start importing Assets/AssetPackages/SyntyStudios/PolygonKnights/Prefabs/Buildings/SM_Bld_Church_Extension_01_Lite.prefab using Guid(c3fe439701846474c97d417df0a9424a) Importer(815301076,1909f56bfc062723c751e8b465ee728b)  -> (artifact id: 'f83aae7bcedf80ece48447c6fb7a8cb5') in 0.007968 seconds
Number of updated asset objects reloaded before import = 0
Number of asset objects unloaded after import = 11
========================================================================
Received Import Request.
  Time since last request: 0.002646 seconds.
  path: Assets/AssetPackages/SyntyStudios/PolygonKnights/Prefabs/Buildings/SM_Bld_Church_Room_01_Lite.prefab
  artifactKey: Guid(1cfa6ddc102cddf47a55ece54cf1757e) Importer(815301076,1909f56bfc062723c751e8b465ee728b)
Start importing Assets/AssetPackages/SyntyStudios/PolygonKnights/Prefabs/Buildings/SM_Bld_Church_Room_01_Lite.prefab using Guid(1cfa6ddc102cddf47a55ece54cf1757e) Importer(815301076,1909f56bfc062723c751e8b465ee728b)  -> (artifact id: 'acd7e48a770172c5c71fa8db5423b050') in 0.008511 seconds
Number of updated asset objects reloaded before import = 0
Number of asset objects unloaded after import = 11
========================================================================
Received Import Request.
  Time since last request: 0.002218 seconds.
  path: Assets/AssetPackages/SyntyStudios/PolygonKnights/Prefabs/Buildings/SM_Bld_Church_Room_02_Lite.prefab
  artifactKey: Guid(e09787c8d837ec54a8b3fd13d1173b7a) Importer(815301076,1909f56bfc062723c751e8b465ee728b)
Start importing Assets/AssetPackages/SyntyStudios/PolygonKnights/Prefabs/Buildings/SM_Bld_Church_Room_02_Lite.prefab using Guid(e09787c8d837ec54a8b3fd13d1173b7a) Importer(815301076,1909f56bfc062723c751e8b465ee728b)  -> (artifact id: 'ebdcb279ea9af62212d0fc66df846a35') in 0.007556 seconds
Number of updated asset objects reloaded before import = 0
Number of asset objects unloaded after import = 11
========================================================================
Received Import Request.
  Time since last request: 0.002978 seconds.
  path: Assets/AssetPackages/SyntyStudios/PolygonKnights/Prefabs/Buildings/SM_Bld_Church_Room_03_Lite.prefab
  artifactKey: Guid(c5a23c567c1d68f4389bb0e4e6d6ec99) Importer(815301076,1909f56bfc062723c751e8b465ee728b)
Start importing Assets/AssetPackages/SyntyStudios/PolygonKnights/Prefabs/Buildings/SM_Bld_Church_Room_03_Lite.prefab using Guid(c5a23c567c1d68f4389bb0e4e6d6ec99) Importer(815301076,1909f56bfc062723c751e8b465ee728b)  -> (artifact id: '97b98a4f1d7a2c22e8d9f7ff6d21005a') in 0.009311 seconds
Number of updated asset objects reloaded before import = 0
Number of asset objects unloaded after import = 11
========================================================================
Received Import Request.
  Time since last request: 0.000175 seconds.
  path: Assets/AssetPackages/SyntyStudios/PolygonKnights/Prefabs/Buildings/SM_Bld_Church_Tower_01_Lite.prefab
  artifactKey: Guid(d6ea5c8c3bfaae14fbd1181248e18f46) Importer(815301076,1909f56bfc062723c751e8b465ee728b)
Start importing Assets/AssetPackages/SyntyStudios/PolygonKnights/Prefabs/Buildings/SM_Bld_Church_Tower_01_Lite.prefab using Guid(d6ea5c8c3bfaae14fbd1181248e18f46) Importer(815301076,1909f56bfc062723c751e8b465ee728b)  -> (artifact id: '6afe146a28eef6a2380e626ed0238769') in 0.007791 seconds
Number of updated asset objects reloaded before import = 0
Number of asset objects unloaded after import = 11
========================================================================
Received Import Request.
  Time since last request: 0.002406 seconds.
  path: Assets/AssetPackages/SyntyStudios/PolygonKnights/Prefabs/Buildings/SM_Bld_Church_Tower_02_Lite.prefab
  artifactKey: Guid(35904a679343885408d3b64889593b55) Importer(815301076,1909f56bfc062723c751e8b465ee728b)
Start importing Assets/AssetPackages/SyntyStudios/PolygonKnights/Prefabs/Buildings/SM_Bld_Church_Tower_02_Lite.prefab using Guid(35904a679343885408d3b64889593b55) Importer(815301076,1909f56bfc062723c751e8b465ee728b)  -> (artifact id: '28e4cdda7d6dfa1a511a7d3bd8150387') in 0.008096 seconds
Number of updated asset objects reloaded before import = 0
Number of asset objects unloaded after import = 11
========================================================================
Received Import Request.
  Time since last request: 0.001678 seconds.
  path: Assets/AssetPackages/SyntyStudios/PolygonKnights/Prefabs/Buildings/SM_Bld_Church_Tower_03_Lite.prefab
  artifactKey: Guid(2cad9edfaa291ee40b4e572ef31d9074) Importer(815301076,1909f56bfc062723c751e8b465ee728b)
Start importing Assets/AssetPackages/SyntyStudios/PolygonKnights/Prefabs/Buildings/SM_Bld_Church_Tower_03_Lite.prefab using Guid(2cad9edfaa291ee40b4e572ef31d9074) Importer(815301076,1909f56bfc062723c751e8b465ee728b)  -> (artifact id: '1649ee867ad616fd74cb569b742d3fc5') in 0.009402 seconds
Number of updated asset objects reloaded before import = 0
Number of asset objects unloaded after import = 11
========================================================================
Received Import Request.
  Time since last request: 0.001043 seconds.
  path: Assets/AssetPackages/SyntyStudios/PolygonKnights/Prefabs/Buildings/SM_Bld_Church_TowerBase_01_Lite.prefab
  artifactKey: Guid(9459e0f93798ac2499a434a3359611df) Importer(815301076,1909f56bfc062723c751e8b465ee728b)
Start importing Assets/AssetPackages/SyntyStudios/PolygonKnights/Prefabs/Buildings/SM_Bld_Church_TowerBase_01_Lite.prefab using Guid(9459e0f93798ac2499a434a3359611df) Importer(815301076,1909f56bfc062723c751e8b465ee728b)  -> (artifact id: '0b7b5a3a78546134049023691e2f665a') in 0.007440 seconds
Number of updated asset objects reloaded before import = 0
Number of asset objects unloaded after import = 11
========================================================================
Received Import Request.
  Time since last request: 0.002043 seconds.
  path: Assets/AssetPackages/SyntyStudios/PolygonKnights/Prefabs/Buildings/SM_Bld_House_Chimney_01.prefab
  artifactKey: Guid(3789d65be84741545afcfb9b91749198) Importer(815301076,1909f56bfc062723c751e8b465ee728b)
Start importing Assets/AssetPackages/SyntyStudios/PolygonKnights/Prefabs/Buildings/SM_Bld_House_Chimney_01.prefab using Guid(3789d65be84741545afcfb9b91749198) Importer(815301076,1909f56bfc062723c751e8b465ee728b)  -> (artifact id: '9afae40575f498ac1ffc68c714f889d3') in 0.010070 seconds
Number of updated asset objects reloaded before import = 0
Number of asset objects unloaded after import = 11
========================================================================
Received Import Request.
  Time since last request: 0.000730 seconds.
  path: Assets/AssetPackages/SyntyStudios/PolygonKnights/Prefabs/Buildings/SM_Bld_House_Chimney_03.prefab
  artifactKey: Guid(52d2ac88e4266ae4287982747ca76a1c) Importer(815301076,1909f56bfc062723c751e8b465ee728b)
Start importing Assets/AssetPackages/SyntyStudios/PolygonKnights/Prefabs/Buildings/SM_Bld_House_Chimney_03.prefab using Guid(52d2ac88e4266ae4287982747ca76a1c) Importer(815301076,1909f56bfc062723c751e8b465ee728b)  -> (artifact id: '121a2711cdd963e888b9863eda8f966f') in 0.007549 seconds
Number of updated asset objects reloaded before import = 0
Number of asset objects unloaded after import = 11
========================================================================
Received Import Request.
  Time since last request: 0.001457 seconds.
  path: Assets/AssetPackages/SyntyStudios/PolygonKnights/Prefabs/Buildings/SM_Bld_House_Chimney_05.prefab
  artifactKey: Guid(41d3dc1fd42040a4ca89e58af09e14fc) Importer(815301076,1909f56bfc062723c751e8b465ee728b)
Start importing Assets/AssetPackages/SyntyStudios/PolygonKnights/Prefabs/Buildings/SM_Bld_House_Chimney_05.prefab using Guid(41d3dc1fd42040a4ca89e58af09e14fc) Importer(815301076,1909f56bfc062723c751e8b465ee728b)  -> (artifact id: '0252fda7d0e17a4b3de015ea28536337') in 0.010160 seconds
Number of updated asset objects reloaded before import = 0
Number of asset objects unloaded after import = 11
========================================================================
Received Import Request.
  Time since last request: 0.000009 seconds.
  path: Assets/AssetPackages/SyntyStudios/PolygonKnights/Prefabs/Buildings/SM_Bld_House_Door_02.prefab
  artifactKey: Guid(5d4ced0355afd34439cce06d7e7012b5) Importer(815301076,1909f56bfc062723c751e8b465ee728b)
Start importing Assets/AssetPackages/SyntyStudios/PolygonKnights/Prefabs/Buildings/SM_Bld_House_Door_02.prefab using Guid(5d4ced0355afd34439cce06d7e7012b5) Importer(815301076,1909f56bfc062723c751e8b465ee728b)  -> (artifact id: '98be1be4aad7d60930a576f38820da24') in 0.006798 seconds
Number of updated asset objects reloaded before import = 0
Number of asset objects unloaded after import = 11
========================================================================
Received Import Request.
  Time since last request: 0.001553 seconds.
  path: Assets/AssetPackages/SyntyStudios/PolygonKnights/Prefabs/Buildings/SM_Bld_House_Door_04.prefab
  artifactKey: Guid(00e3039b1aaf0ee4abe6529e9dfd71bc) Importer(815301076,1909f56bfc062723c751e8b465ee728b)
Start importing Assets/AssetPackages/SyntyStudios/PolygonKnights/Prefabs/Buildings/SM_Bld_House_Door_04.prefab using Guid(00e3039b1aaf0ee4abe6529e9dfd71bc) Importer(815301076,1909f56bfc062723c751e8b465ee728b)  -> (artifact id: '44d87311048faf3ce262df17440b060e') in 0.008963 seconds
Number of updated asset objects reloaded before import = 0
Number of asset objects unloaded after import = 15
========================================================================
Received Import Request.
  Time since last request: 0.000590 seconds.
  path: Assets/AssetPackages/SyntyStudios/PolygonKnights/Prefabs/Buildings/SM_Bld_House_Extension_02.prefab
  artifactKey: Guid(d80243e68c7887049a8d1d3b42286f3e) Importer(815301076,1909f56bfc062723c751e8b465ee728b)
Start importing Assets/AssetPackages/SyntyStudios/PolygonKnights/Prefabs/Buildings/SM_Bld_House_Extension_02.prefab using Guid(d80243e68c7887049a8d1d3b42286f3e) Importer(815301076,1909f56bfc062723c751e8b465ee728b)  -> (artifact id: 'ad9fd9d458101f01b267bbb4c79bc957') in 0.008160 seconds
Number of updated asset objects reloaded before import = 0
Number of asset objects unloaded after import = 15
========================================================================
Received Import Request.
  Time since last request: 0.001229 seconds.
  path: Assets/AssetPackages/SyntyStudios/PolygonKnights/Prefabs/Buildings/SM_Bld_House_Foundation_02.prefab
  artifactKey: Guid(2065fe8f26032bf4e9694fa0f198c147) Importer(815301076,1909f56bfc062723c751e8b465ee728b)
Start importing Assets/AssetPackages/SyntyStudios/PolygonKnights/Prefabs/Buildings/SM_Bld_House_Foundation_02.prefab using Guid(2065fe8f26032bf4e9694fa0f198c147) Importer(815301076,1909f56bfc062723c751e8b465ee728b)  -> (artifact id: 'f0a3551b4faa607b1fde0327ac6c3d96') in 0.011316 seconds
Number of updated asset objects reloaded before import = 0
Number of asset objects unloaded after import = 13
========================================================================
Received Import Request.
  Time since last request: 0.000009 seconds.
  path: Assets/AssetPackages/SyntyStudios/PolygonKnights/Prefabs/Buildings/SM_Bld_House_Foundation_04.prefab
  artifactKey: Guid(8c4ffe1cdf6340143be5ddb96c2c0c5b) Importer(815301076,1909f56bfc062723c751e8b465ee728b)
Start importing Assets/AssetPackages/SyntyStudios/PolygonKnights/Prefabs/Buildings/SM_Bld_House_Foundation_04.prefab using Guid(8c4ffe1cdf6340143be5ddb96c2c0c5b) Importer(815301076,1909f56bfc062723c751e8b465ee728b)  -> (artifact id: '643796c7f2f767151adff3323ecb8c98') in 0.007986 seconds
Number of updated asset objects reloaded before import = 0
Number of asset objects unloaded after import = 13
========================================================================
Received Import Request.
  Time since last request: 0.002377 seconds.
  path: Assets/AssetPackages/SyntyStudios/PolygonKnights/Prefabs/Buildings/SM_Bld_House_Foundation_06.prefab
  artifactKey: Guid(27e4689e1c1d6f84da2be4e3b00213dd) Importer(815301076,1909f56bfc062723c751e8b465ee728b)
Start importing Assets/AssetPackages/SyntyStudios/PolygonKnights/Prefabs/Buildings/SM_Bld_House_Foundation_06.prefab using Guid(27e4689e1c1d6f84da2be4e3b00213dd) Importer(815301076,1909f56bfc062723c751e8b465ee728b)  -> (artifact id: 'a7a9d8b36e28018d939ea33b89ad64e4') in 0.007642 seconds
Number of updated asset objects reloaded before import = 0
Number of asset objects unloaded after import = 13
========================================================================
Received Import Request.
  Time since last request: 0.002380 seconds.
  path: Assets/AssetPackages/SyntyStudios/PolygonKnights/Prefabs/Buildings/SM_Bld_House_Foundation_Beams_01.prefab
  artifactKey: Guid(a1d89dfa5be4ffa4395c55529be0064f) Importer(815301076,1909f56bfc062723c751e8b465ee728b)
Start importing Assets/AssetPackages/SyntyStudios/PolygonKnights/Prefabs/Buildings/SM_Bld_House_Foundation_Beams_01.prefab using Guid(a1d89dfa5be4ffa4395c55529be0064f) Importer(815301076,1909f56bfc062723c751e8b465ee728b)  -> (artifact id: 'ca9e9ee8a5a0a12d3f357c0e20d6bd20') in 0.007289 seconds
Number of updated asset objects reloaded before import = 0
Number of asset objects unloaded after import = 21
========================================================================
Received Import Request.
  Time since last request: 0.002716 seconds.
  path: Assets/AssetPackages/SyntyStudios/PolygonKnights/Prefabs/Buildings/SM_Bld_House_Room_01.prefab
  artifactKey: Guid(b8a7b28b67598a4408bdfe6ccf005ea4) Importer(815301076,1909f56bfc062723c751e8b465ee728b)
Start importing Assets/AssetPackages/SyntyStudios/PolygonKnights/Prefabs/Buildings/SM_Bld_House_Room_01.prefab using Guid(b8a7b28b67598a4408bdfe6ccf005ea4) Importer(815301076,1909f56bfc062723c751e8b465ee728b)  -> (artifact id: '03937ad9528e78ba2db01b524b15214b') in 0.008456 seconds
Number of updated asset objects reloaded before import = 0
Number of asset objects unloaded after import = 13
========================================================================
Received Import Request.
  Time since last request: 0.001572 seconds.
  path: Assets/AssetPackages/SyntyStudios/PolygonKnights/Prefabs/Buildings/SM_Bld_House_Room_03.prefab
  artifactKey: Guid(a0b4df2d799cca846a033244653040d1) Importer(815301076,1909f56bfc062723c751e8b465ee728b)
Start importing Assets/AssetPackages/SyntyStudios/PolygonKnights/Prefabs/Buildings/SM_Bld_House_Room_03.prefab using Guid(a0b4df2d799cca846a033244653040d1) Importer(815301076,1909f56bfc062723c751e8b465ee728b)  -> (artifact id: 'c3197a812eced4916ecb542e06139c05') in 0.010234 seconds
Number of updated asset objects reloaded before import = 0
Number of asset objects unloaded after import = 13
========================================================================
Received Import Request.
  Time since last request: 0.000010 seconds.
  path: Assets/AssetPackages/SyntyStudios/PolygonKnights/Prefabs/Buildings/SM_Bld_House_Room_05.prefab
  artifactKey: Guid(aeef915f0e0e8704fb1059fb67fb44d2) Importer(815301076,1909f56bfc062723c751e8b465ee728b)
Start importing Assets/AssetPackages/SyntyStudios/PolygonKnights/Prefabs/Buildings/SM_Bld_House_Room_05.prefab using Guid(aeef915f0e0e8704fb1059fb67fb44d2) Importer(815301076,1909f56bfc062723c751e8b465ee728b)  -> (artifact id: 'e4b6cd8c51da3c3e59f0eb509fd373ed') in 0.008487 seconds
Number of updated asset objects reloaded before import = 0
Number of asset objects unloaded after import = 13
========================================================================
Received Import Request.
  Time since last request: 0.001116 seconds.
  path: Assets/AssetPackages/SyntyStudios/PolygonKnights/Prefabs/Buildings/SM_Bld_House_Room_07.prefab
  artifactKey: Guid(75998fa152c866249b63168bfc7703f5) Importer(815301076,1909f56bfc062723c751e8b465ee728b)
Start importing Assets/AssetPackages/SyntyStudios/PolygonKnights/Prefabs/Buildings/SM_Bld_House_Room_07.prefab using Guid(75998fa152c866249b63168bfc7703f5) Importer(815301076,1909f56bfc062723c751e8b465ee728b)  -> (artifact id: '980cfb37ed2fc6a06d7e82fbc31fe70a') in 0.011380 seconds
Number of updated asset objects reloaded before import = 0
Number of asset objects unloaded after import = 13
========================================================================
Received Import Request.
  Time since last request: 0.000010 seconds.
  path: Assets/AssetPackages/SyntyStudios/PolygonKnights/Prefabs/Buildings/SM_Bld_House_RoomRound_02.prefab
  artifactKey: Guid(edb22ef6222c0024898d48dc3f510a5d) Importer(815301076,1909f56bfc062723c751e8b465ee728b)
Start importing Assets/AssetPackages/SyntyStudios/PolygonKnights/Prefabs/Buildings/SM_Bld_House_RoomRound_02.prefab using Guid(edb22ef6222c0024898d48dc3f510a5d) Importer(815301076,1909f56bfc062723c751e8b465ee728b)  -> (artifact id: 'ccbd074da28a1ee5f7c887fc917bd72b') in 0.008367 seconds
Number of updated asset objects reloaded before import = 0
Number of asset objects unloaded after import = 15
========================================================================
Received Import Request.
  Time since last request: 0.000587 seconds.
  path: Assets/AssetPackages/SyntyStudios/PolygonKnights/Prefabs/Buildings/SM_Bld_House_RoomTall_02.prefab
  artifactKey: Guid(7f6df56c991ded747b34087e65e80562) Importer(815301076,1909f56bfc062723c751e8b465ee728b)
Start importing Assets/AssetPackages/SyntyStudios/PolygonKnights/Prefabs/Buildings/SM_Bld_House_RoomTall_02.prefab using Guid(7f6df56c991ded747b34087e65e80562) Importer(815301076,1909f56bfc062723c751e8b465ee728b)  -> (artifact id: '0d4c12c2e52c7d45d03f2e8f43507bbf') in 0.009211 seconds
Number of updated asset objects reloaded before import = 0
Number of asset objects unloaded after import = 13
========================================================================
Received Import Request.
  Time since last request: 2.834730 seconds.
  path: Assets/AssetPackages/SyntyStudios/PolygonKnights/Prefabs/Buildings/SM_Bld_House_RoomTall_04.prefab
  artifactKey: Guid(82a0c5a1b9118ab4bb67709fc878adbd) Importer(815301076,1909f56bfc062723c751e8b465ee728b)
Start importing Assets/AssetPackages/SyntyStudios/PolygonKnights/Prefabs/Buildings/SM_Bld_House_RoomTall_04.prefab using Guid(82a0c5a1b9118ab4bb67709fc878adbd) Importer(815301076,1909f56bfc062723c751e8b465ee728b)  -> (artifact id: '9fa36cb7682b7d4b27687c433ae57d56') in 0.008961 seconds
Number of updated asset objects reloaded before import = 0
Number of asset objects unloaded after import = 13
========================================================================
Received Import Request.
  Time since last request: 0.002017 seconds.
  path: Assets/AssetPackages/SyntyStudios/PolygonKnights/Prefabs/Buildings/SM_Bld_House_RoomTall_06.prefab
  artifactKey: Guid(16405db6e1ff3d34caeb752038053dfc) Importer(815301076,1909f56bfc062723c751e8b465ee728b)
Start importing Assets/AssetPackages/SyntyStudios/PolygonKnights/Prefabs/Buildings/SM_Bld_House_RoomTall_06.prefab using Guid(16405db6e1ff3d34caeb752038053dfc) Importer(815301076,1909f56bfc062723c751e8b465ee728b)  -> (artifact id: '2aa81b9592f539596cb5999475099c72') in 0.007710 seconds
Number of updated asset objects reloaded before import = 0
Number of asset objects unloaded after import = 13
========================================================================
Received Import Request.
  Time since last request: 0.004926 seconds.
  path: Assets/AssetPackages/SyntyStudios/PolygonKnights/Prefabs/Buildings/SM_Bld_House_RoomTop_02.prefab
  artifactKey: Guid(138f01e248f319c4388a7199ae4e3eae) Importer(815301076,1909f56bfc062723c751e8b465ee728b)
Start importing Assets/AssetPackages/SyntyStudios/PolygonKnights/Prefabs/Buildings/SM_Bld_House_RoomTop_02.prefab using Guid(138f01e248f319c4388a7199ae4e3eae) Importer(815301076,1909f56bfc062723c751e8b465ee728b)  -> (artifact id: '785b10fa163f2edaf525bb92e49d2512') in 0.010135 seconds
Number of updated asset objects reloaded before import = 0
Number of asset objects unloaded after import = 13
========================================================================
Received Import Request.
  Time since last request: 0.000778 seconds.
  path: Assets/AssetPackages/SyntyStudios/PolygonKnights/Prefabs/Buildings/SM_Bld_House_RoomTop_04.prefab
  artifactKey: Guid(d4d4c233788d2dd48b21ac853bb73351) Importer(815301076,1909f56bfc062723c751e8b465ee728b)
Start importing Assets/AssetPackages/SyntyStudios/PolygonKnights/Prefabs/Buildings/SM_Bld_House_RoomTop_04.prefab using Guid(d4d4c233788d2dd48b21ac853bb73351) Importer(815301076,1909f56bfc062723c751e8b465ee728b)  -> (artifact id: '73fb8b66851319f7fc545cdc724e75d6') in 0.008857 seconds
Number of updated asset objects reloaded before import = 0
Number of asset objects unloaded after import = 13
========================================================================
Received Import Request.
  Time since last request: 0.001161 seconds.
  path: Assets/AssetPackages/SyntyStudios/PolygonKnights/Prefabs/Buildings/SM_Bld_House_RoomTop_06.prefab
  artifactKey: Guid(346402d3a99cf4645b573a2679f4ee97) Importer(815301076,1909f56bfc062723c751e8b465ee728b)
Start importing Assets/AssetPackages/SyntyStudios/PolygonKnights/Prefabs/Buildings/SM_Bld_House_RoomTop_06.prefab using Guid(346402d3a99cf4645b573a2679f4ee97) Importer(815301076,1909f56bfc062723c751e8b465ee728b)  -> (artifact id: '55ebaf10b462c88a771d62e5d4a7c13c') in 0.008956 seconds
Number of updated asset objects reloaded before import = 0
Number of asset objects unloaded after import = 13
========================================================================
Received Import Request.
  Time since last request: 0.001117 seconds.
  path: Assets/AssetPackages/SyntyStudios/PolygonKnights/Prefabs/Buildings/SM_Bld_House_StepsSmall_01.prefab
  artifactKey: Guid(84eb6b03b16f4e14790877d3a3379b91) Importer(815301076,1909f56bfc062723c751e8b465ee728b)
Start importing Assets/AssetPackages/SyntyStudios/PolygonKnights/Prefabs/Buildings/SM_Bld_House_StepsSmall_01.prefab using Guid(84eb6b03b16f4e14790877d3a3379b91) Importer(815301076,1909f56bfc062723c751e8b465ee728b)  -> (artifact id: 'e2f1d61ba7dd70320afe213c5b37eec2') in 0.007444 seconds
Number of updated asset objects reloaded before import = 0
Number of asset objects unloaded after import = 11
========================================================================
Received Import Request.
  Time since last request: 0.004794 seconds.
  path: Assets/AssetPackages/SyntyStudios/PolygonKnights/Prefabs/Buildings/SM_Bld_House_TopRoomSmall_02.prefab
  artifactKey: Guid(52b992277e821a8468fdeda3da875bf8) Importer(815301076,1909f56bfc062723c751e8b465ee728b)
Start importing Assets/AssetPackages/SyntyStudios/PolygonKnights/Prefabs/Buildings/SM_Bld_House_TopRoomSmall_02.prefab using Guid(52b992277e821a8468fdeda3da875bf8) Importer(815301076,1909f56bfc062723c751e8b465ee728b)  -> (artifact id: '14fd399ab74050b94000eb9a50cdd89e') in 0.007790 seconds
Number of updated asset objects reloaded before import = 0
Number of asset objects unloaded after import = 15
========================================================================
Received Import Request.
  Time since last request: 0.063625 seconds.
  path: Assets/AssetPackages/SyntyStudios/PolygonKnights/Prefabs/Buildings/SM_Bld_House_TopRoomSmall_05.prefab
  artifactKey: Guid(7d7fac1794be19f468eda587e63e6774) Importer(815301076,1909f56bfc062723c751e8b465ee728b)
Start importing Assets/AssetPackages/SyntyStudios/PolygonKnights/Prefabs/Buildings/SM_Bld_House_TopRoomSmall_05.prefab using Guid(7d7fac1794be19f468eda587e63e6774) Importer(815301076,1909f56bfc062723c751e8b465ee728b)  -> (artifact id: '7b0682cfd5d20df0cad8850063343f42') in 0.008480 seconds
Number of updated asset objects reloaded before import = 0
Number of asset objects unloaded after import = 15
========================================================================
Received Import Request.
  Time since last request: 0.002873 seconds.
  path: Assets/AssetPackages/SyntyStudios/PolygonKnights/Prefabs/Buildings/SM_Bld_House_TopRoomSmall_07.prefab
  artifactKey: Guid(632f78bd9555d2844968aa64cfd177af) Importer(815301076,1909f56bfc062723c751e8b465ee728b)
Start importing Assets/AssetPackages/SyntyStudios/PolygonKnights/Prefabs/Buildings/SM_Bld_House_TopRoomSmall_07.prefab using Guid(632f78bd9555d2844968aa64cfd177af) Importer(815301076,1909f56bfc062723c751e8b465ee728b)  -> (artifact id: '96959078aa134792fd44c4d87079f735') in 0.007478 seconds
Number of updated asset objects reloaded before import = 0
Number of asset objects unloaded after import = 15
========================================================================
Received Import Request.
  Time since last request: 0.002138 seconds.
  path: Assets/AssetPackages/SyntyStudios/PolygonKnights/Prefabs/Buildings/SM_Bld_House_Window_01.prefab
  artifactKey: Guid(24ad2ff28aff08c42a86587e931bae5e) Importer(815301076,1909f56bfc062723c751e8b465ee728b)
Start importing Assets/AssetPackages/SyntyStudios/PolygonKnights/Prefabs/Buildings/SM_Bld_House_Window_01.prefab using Guid(24ad2ff28aff08c42a86587e931bae5e) Importer(815301076,1909f56bfc062723c751e8b465ee728b)  -> (artifact id: 'f7ea07e5504938c5567db254d6f2bd03') in 0.008895 seconds
Number of updated asset objects reloaded before import = 0
Number of asset objects unloaded after import = 15
========================================================================
Received Import Request.
  Time since last request: 0.001004 seconds.
  path: Assets/AssetPackages/SyntyStudios/PolygonKnights/Prefabs/Buildings/SM_Bld_House_Window_03.prefab
  artifactKey: Guid(99b22ade5e5fef24b82c5cba6e333937) Importer(815301076,1909f56bfc062723c751e8b465ee728b)
Start importing Assets/AssetPackages/SyntyStudios/PolygonKnights/Prefabs/Buildings/SM_Bld_House_Window_03.prefab using Guid(99b22ade5e5fef24b82c5cba6e333937) Importer(815301076,1909f56bfc062723c751e8b465ee728b)  -> (artifact id: 'ac1c78d8920044a149626fda3d466270') in 0.008299 seconds
Number of updated asset objects reloaded before import = 0
Number of asset objects unloaded after import = 15
========================================================================
Received Import Request.
  Time since last request: 0.001863 seconds.
  path: Assets/AssetPackages/SyntyStudios/PolygonKnights/Prefabs/Buildings/SM_Bld_House_Window_05.prefab
  artifactKey: Guid(a1a07b9b24914d24bb141f7166159b26) Importer(815301076,1909f56bfc062723c751e8b465ee728b)
Start importing Assets/AssetPackages/SyntyStudios/PolygonKnights/Prefabs/Buildings/SM_Bld_House_Window_05.prefab using Guid(a1a07b9b24914d24bb141f7166159b26) Importer(815301076,1909f56bfc062723c751e8b465ee728b)  -> (artifact id: 'efaaa4c5659c30376683f13a16881ac2') in 0.007229 seconds
Number of updated asset objects reloaded before import = 0
Number of asset objects unloaded after import = 11
========================================================================
Received Import Request.
  Time since last request: 0.004614 seconds.
  path: Assets/AssetPackages/SyntyStudios/PolygonKnights/Prefabs/Buildings/SM_Bld_Rockwall_Archway_01.prefab
  artifactKey: Guid(aa9bca2df395111479f08def2925a97f) Importer(815301076,1909f56bfc062723c751e8b465ee728b)
Start importing Assets/AssetPackages/SyntyStudios/PolygonKnights/Prefabs/Buildings/SM_Bld_Rockwall_Archway_01.prefab using Guid(aa9bca2df395111479f08def2925a97f) Importer(815301076,1909f56bfc062723c751e8b465ee728b)  -> (artifact id: '5efd44b7be036dfd90a97c0c450cb450') in 0.007691 seconds
Number of updated asset objects reloaded before import = 0
Number of asset objects unloaded after import = 17
========================================================================
Received Import Request.
  Time since last request: 0.003380 seconds.
  path: Assets/AssetPackages/SyntyStudios/PolygonKnights/Prefabs/Buildings/SM_Bld_Rockwall_Stairs_01.prefab
  artifactKey: Guid(6632839a4fe2f5640b64865057f79acc) Importer(815301076,1909f56bfc062723c751e8b465ee728b)
Start importing Assets/AssetPackages/SyntyStudios/PolygonKnights/Prefabs/Buildings/SM_Bld_Rockwall_Stairs_01.prefab using Guid(6632839a4fe2f5640b64865057f79acc) Importer(815301076,1909f56bfc062723c751e8b465ee728b)  -> (artifact id: '333ed0e2864c0d446c5fe1a1056de7d5') in 0.007804 seconds
Number of updated asset objects reloaded before import = 0
Number of asset objects unloaded after import = 11
========================================================================
Received Import Request.
  Time since last request: 0.011621 seconds.
  path: Assets/AssetPackages/SyntyStudios/PolygonKnights/Prefabs/Buildings/SM_Bld_StairsLarge_01.prefab
  artifactKey: Guid(60b9638239615e4458f5dc2aa7892cce) Importer(815301076,1909f56bfc062723c751e8b465ee728b)
Start importing Assets/AssetPackages/SyntyStudios/PolygonKnights/Prefabs/Buildings/SM_Bld_StairsLarge_01.prefab using Guid(60b9638239615e4458f5dc2aa7892cce) Importer(815301076,1909f56bfc062723c751e8b465ee728b)  -> (artifact id: '361b1b25c3436b262e066824234b6420') in 0.007618 seconds
Number of updated asset objects reloaded before import = 0
Number of asset objects unloaded after import = 11
========================================================================
Received Import Request.
  Time since last request: 0.002101 seconds.
  path: Assets/AssetPackages/SyntyStudios/PolygonKnights/Prefabs/Buildings/SM_Bld_StairsLarge_Corner_01.prefab
  artifactKey: Guid(6d571e1ac9bd40943bca17c3417d979f) Importer(815301076,1909f56bfc062723c751e8b465ee728b)
Start importing Assets/AssetPackages/SyntyStudios/PolygonKnights/Prefabs/Buildings/SM_Bld_StairsLarge_Corner_01.prefab using Guid(6d571e1ac9bd40943bca17c3417d979f) Importer(815301076,1909f56bfc062723c751e8b465ee728b)  -> (artifact id: '7d6c6d44bfda43b95083599a9c091488') in 0.007354 seconds
Number of updated asset objects reloaded before import = 0
Number of asset objects unloaded after import = 11
========================================================================
Received Import Request.
  Time since last request: 0.003007 seconds.
  path: Assets/AssetPackages/SyntyStudios/PolygonKnights/Prefabs/Buildings/SM_Bld_Tent_01.prefab
  artifactKey: Guid(33adbca995ce9484f9258d275aabac10) Importer(815301076,1909f56bfc062723c751e8b465ee728b)
Start importing Assets/AssetPackages/SyntyStudios/PolygonKnights/Prefabs/Buildings/SM_Bld_Tent_01.prefab using Guid(33adbca995ce9484f9258d275aabac10) Importer(815301076,1909f56bfc062723c751e8b465ee728b)  -> (artifact id: '7a5f7cc31f4860b0dad142b2ae28284d') in 0.010157 seconds
Number of updated asset objects reloaded before import = 0
Number of asset objects unloaded after import = 19
========================================================================
Received Import Request.
  Time since last request: 0.000008 seconds.
  path: Assets/AssetPackages/SyntyStudios/PolygonKnights/Prefabs/Buildings/SM_Bld_Tent_03.prefab
  artifactKey: Guid(68a8f186e1f1db64dbfe8ddd247816ec) Importer(815301076,1909f56bfc062723c751e8b465ee728b)
Start importing Assets/AssetPackages/SyntyStudios/PolygonKnights/Prefabs/Buildings/SM_Bld_Tent_03.prefab using Guid(68a8f186e1f1db64dbfe8ddd247816ec) Importer(815301076,1909f56bfc062723c751e8b465ee728b)  -> (artifact id: '9f857acf1c4d0223865ed548019bef69') in 0.008284 seconds
Number of updated asset objects reloaded before import = 0
Number of asset objects unloaded after import = 19
========================================================================
Received Import Request.
  Time since last request: 9.354358 seconds.
  path: Assets/AssetPackages/SyntyStudios/PolygonKnights/Prefabs/Props/SM_Prop_Brazier_01.prefab
  artifactKey: Guid(20a79b55466cdb84da379ae63fc30867) Importer(815301076,1909f56bfc062723c751e8b465ee728b)
Start importing Assets/AssetPackages/SyntyStudios/PolygonKnights/Prefabs/Props/SM_Prop_Brazier_01.prefab using Guid(20a79b55466cdb84da379ae63fc30867) Importer(815301076,1909f56bfc062723c751e8b465ee728b)  -> (artifact id: 'cacc95f93128ce15cd81dd2fe0b05084') in 0.007106 seconds
Number of updated asset objects reloaded before import = 0
Number of asset objects unloaded after import = 11
========================================================================
Received Import Request.
  Time since last request: 0.005468 seconds.
  path: Assets/AssetPackages/SyntyStudios/PolygonKnights/Prefabs/Props/SM_Prop_Cart_01.prefab
  artifactKey: Guid(fd3d2a7dec61bb842a89089e1d1e6764) Importer(815301076,1909f56bfc062723c751e8b465ee728b)
Start importing Assets/AssetPackages/SyntyStudios/PolygonKnights/Prefabs/Props/SM_Prop_Cart_01.prefab using Guid(fd3d2a7dec61bb842a89089e1d1e6764) Importer(815301076,1909f56bfc062723c751e8b465ee728b)  -> (artifact id: '5236b8d10555378f6d8089a6e13e7eab') in 0.008092 seconds
Number of updated asset objects reloaded before import = 0
Number of asset objects unloaded after import = 11
========================================================================
Received Import Request.
  Time since last request: 0.003691 seconds.
  path: Assets/AssetPackages/SyntyStudios/PolygonKnights/Prefabs/Props/SM_Prop_CartWheel_01.prefab
  artifactKey: Guid(a46d562cc4980004b95e73322fc948be) Importer(815301076,1909f56bfc062723c751e8b465ee728b)
Start importing Assets/AssetPackages/SyntyStudios/PolygonKnights/Prefabs/Props/SM_Prop_CartWheel_01.prefab using Guid(a46d562cc4980004b95e73322fc948be) Importer(815301076,1909f56bfc062723c751e8b465ee728b)  -> (artifact id: '0e7c428978090d86341a34a976a07402') in 0.007082 seconds
Number of updated asset objects reloaded before import = 0
Number of asset objects unloaded after import = 11
========================================================================
Received Import Request.
  Time since last request: 0.004305 seconds.
  path: Assets/AssetPackages/SyntyStudios/PolygonKnights/Prefabs/Props/SM_Prop_Fence_01.prefab
  artifactKey: Guid(f5e310684d533124e895f9100f7931f4) Importer(815301076,1909f56bfc062723c751e8b465ee728b)
Start importing Assets/AssetPackages/SyntyStudios/PolygonKnights/Prefabs/Props/SM_Prop_Fence_01.prefab using Guid(f5e310684d533124e895f9100f7931f4) Importer(815301076,1909f56bfc062723c751e8b465ee728b)  -> (artifact id: '6b507a5bbe9b5aa739108b2774121fe0') in 0.007366 seconds
Number of updated asset objects reloaded before import = 0
Number of asset objects unloaded after import = 11
========================================================================
Received Import Request.
  Time since last request: 0.004907 seconds.
  path: Assets/AssetPackages/SyntyStudios/PolygonKnights/Prefabs/Props/SM_Prop_Grate_01.prefab
  artifactKey: Guid(f2bac0c9e640ce84e9b21a5f5f5dba0a) Importer(815301076,1909f56bfc062723c751e8b465ee728b)
Start importing Assets/AssetPackages/SyntyStudios/PolygonKnights/Prefabs/Props/SM_Prop_Grate_01.prefab using Guid(f2bac0c9e640ce84e9b21a5f5f5dba0a) Importer(815301076,1909f56bfc062723c751e8b465ee728b)  -> (artifact id: '995cf3330854043e4dff2789f97f5dd4') in 0.006865 seconds
Number of updated asset objects reloaded before import = 0
Number of asset objects unloaded after import = 11
========================================================================
Received Import Request.
  Time since last request: 0.003810 seconds.
  path: Assets/AssetPackages/SyntyStudios/PolygonKnights/Prefabs/Props/SM_Prop_Gravestone_02.prefab
  artifactKey: Guid(0d6e5cb5406ecf648812fe2278838cf4) Importer(815301076,1909f56bfc062723c751e8b465ee728b)
Start importing Assets/AssetPackages/SyntyStudios/PolygonKnights/Prefabs/Props/SM_Prop_Gravestone_02.prefab using Guid(0d6e5cb5406ecf648812fe2278838cf4) Importer(815301076,1909f56bfc062723c751e8b465ee728b)  -> (artifact id: '34286ae3a10c8c6d410b2a3302ab01cf') in 0.007352 seconds
Number of updated asset objects reloaded before import = 0
Number of asset objects unloaded after import = 11
========================================================================
Received Import Request.
  Time since last request: 0.003484 seconds.
  path: Assets/AssetPackages/SyntyStudios/PolygonKnights/Prefabs/Props/SM_Prop_Lampost_01.prefab
  artifactKey: Guid(5e1d462ffd80d7444837984e9e18388b) Importer(815301076,1909f56bfc062723c751e8b465ee728b)
Start importing Assets/AssetPackages/SyntyStudios/PolygonKnights/Prefabs/Props/SM_Prop_Lampost_01.prefab using Guid(5e1d462ffd80d7444837984e9e18388b) Importer(815301076,1909f56bfc062723c751e8b465ee728b)  -> (artifact id: 'f34a1afba0ca81c237fbf8a788a3d4eb') in 0.007491 seconds
Number of updated asset objects reloaded before import = 0
Number of asset objects unloaded after import = 17
========================================================================
Received Import Request.
  Time since last request: 0.003431 seconds.
  path: Assets/AssetPackages/SyntyStudios/PolygonKnights/Prefabs/Props/SM_Prop_Plinth_02.prefab
  artifactKey: Guid(97f6cb46feaeb024d897f93adc19edc4) Importer(815301076,1909f56bfc062723c751e8b465ee728b)
Start importing Assets/AssetPackages/SyntyStudios/PolygonKnights/Prefabs/Props/SM_Prop_Plinth_02.prefab using Guid(97f6cb46feaeb024d897f93adc19edc4) Importer(815301076,1909f56bfc062723c751e8b465ee728b)  -> (artifact id: '29c600fbca9a87c38f7ea84a0cb4fd8a') in 0.006524 seconds
Number of updated asset objects reloaded before import = 0
Number of asset objects unloaded after import = 11
========================================================================
Received Import Request.
  Time since last request: 0.003364 seconds.
  path: Assets/AssetPackages/SyntyStudios/PolygonKnights/Prefabs/Props/SM_Prop_ShopSign_01.prefab
  artifactKey: Guid(0aef469a23081de4fbba8b172278ce47) Importer(815301076,1909f56bfc062723c751e8b465ee728b)
Start importing Assets/AssetPackages/SyntyStudios/PolygonKnights/Prefabs/Props/SM_Prop_ShopSign_01.prefab using Guid(0aef469a23081de4fbba8b172278ce47) Importer(815301076,1909f56bfc062723c751e8b465ee728b)  -> (artifact id: '647ca2ae42f3fc0d54008cfcfa5ec94d') in 0.006293 seconds
Number of updated asset objects reloaded before import = 0
Number of asset objects unloaded after import = 11
========================================================================
Received Import Request.
  Time since last request: 0.004084 seconds.
  path: Assets/AssetPackages/SyntyStudios/PolygonKnights/Prefabs/Props/SM_Prop_Statue_Base_01.prefab
  artifactKey: Guid(c6edd771222566e40b46e11cb85b9bad) Importer(815301076,1909f56bfc062723c751e8b465ee728b)
Start importing Assets/AssetPackages/SyntyStudios/PolygonKnights/Prefabs/Props/SM_Prop_Statue_Base_01.prefab using Guid(c6edd771222566e40b46e11cb85b9bad) Importer(815301076,1909f56bfc062723c751e8b465ee728b)  -> (artifact id: '70bf9460f3d8476900e13e935b608f75') in 0.007221 seconds
Number of updated asset objects reloaded before import = 0
Number of asset objects unloaded after import = 11
========================================================================
Received Import Request.
  Time since last request: 0.003645 seconds.
  path: Assets/AssetPackages/SyntyStudios/PolygonKnights/Prefabs/Props/SM_Prop_WaterWheel_01.prefab
  artifactKey: Guid(190d4c69c7643e94c8c3a81ad97ce81e) Importer(815301076,1909f56bfc062723c751e8b465ee728b)
Start importing Assets/AssetPackages/SyntyStudios/PolygonKnights/Prefabs/Props/SM_Prop_WaterWheel_01.prefab using Guid(190d4c69c7643e94c8c3a81ad97ce81e) Importer(815301076,1909f56bfc062723c751e8b465ee728b)  -> (artifact id: '97435798231395e7d2ec9a23369e6b59') in 0.007091 seconds
Number of updated asset objects reloaded before import = 0
Number of asset objects unloaded after import = 11
========================================================================
Received Import Request.
  Time since last request: 92.260752 seconds.
  path: Assets/AssetPackages/SyntyStudios/PolygonSamples/PolygonSciFiCity/Prefabs/SM_Bld_Large_01.prefab
  artifactKey: Guid(ca6cb4757026f764cb58dccbd49d9123) Importer(815301076,1909f56bfc062723c751e8b465ee728b)
Start importing Assets/AssetPackages/SyntyStudios/PolygonSamples/PolygonSciFiCity/Prefabs/SM_Bld_Large_01.prefab using Guid(ca6cb4757026f764cb58dccbd49d9123) Importer(815301076,1909f56bfc062723c751e8b465ee728b)  -> (artifact id: '4fb2d295ddfc0198f9b78cb1b06949f9') in 0.012517 seconds
Number of updated asset objects reloaded before import = 0
Number of asset objects unloaded after import = 10
========================================================================
Received Import Request.
  Time since last request: 0.000012 seconds.
  path: Assets/AssetPackages/SyntyStudios/PolygonSamples/PolygonSciFiCity/Prefabs/SM_Bld_Large_05.prefab
  artifactKey: Guid(d1ab5cece426b234693e4cd5235226f1) Importer(815301076,1909f56bfc062723c751e8b465ee728b)
Start importing Assets/AssetPackages/SyntyStudios/PolygonSamples/PolygonSciFiCity/Prefabs/SM_Bld_Large_05.prefab using Guid(d1ab5cece426b234693e4cd5235226f1) Importer(815301076,1909f56bfc062723c751e8b465ee728b)  -> (artifact id: 'aec28e2f7cadf9b5a9f632f6ab854c19') in 0.007625 seconds
Number of updated asset objects reloaded before import = 0
Number of asset objects unloaded after import = 10
========================================================================
Received Import Request.
  Time since last request: 0.000009 seconds.
  path: Assets/AssetPackages/SyntyStudios/PolygonSamples/PolygonSciFiCity/Prefabs/SM_Bld_Section_Wall_01.prefab
  artifactKey: Guid(9f45136499b4c314d991d1b68fe4e50e) Importer(815301076,1909f56bfc062723c751e8b465ee728b)
Start importing Assets/AssetPackages/SyntyStudios/PolygonSamples/PolygonSciFiCity/Prefabs/SM_Bld_Section_Wall_01.prefab using Guid(9f45136499b4c314d991d1b68fe4e50e) Importer(815301076,1909f56bfc062723c751e8b465ee728b)  -> (artifact id: '65bd3c38c5986753e7f4e0fa4d029abf') in 0.006184 seconds
Number of updated asset objects reloaded before import = 0
Number of asset objects unloaded after import = 10
========================================================================
Received Import Request.
  Time since last request: 0.003580 seconds.
  path: Assets/AssetPackages/SyntyStudios/PolygonSamples/PolygonSciFiCity/Prefabs/SM_Wep_Rifle_Small_01.prefab
  artifactKey: Guid(5f12104c68e69944bac117749b541924) Importer(815301076,1909f56bfc062723c751e8b465ee728b)
Start importing Assets/AssetPackages/SyntyStudios/PolygonSamples/PolygonSciFiCity/Prefabs/SM_Wep_Rifle_Small_01.prefab using Guid(5f12104c68e69944bac117749b541924) Importer(815301076,1909f56bfc062723c751e8b465ee728b)  -> (artifact id: 'c193a47279a2252dfc265790405a97c0') in 0.008494 seconds
Number of updated asset objects reloaded before import = 0
Number of asset objects unloaded after import = 30
========================================================================
Received Import Request.
  Time since last request: 4.315768 seconds.
  path: Assets/AssetPackages/SyntyStudios/PolygonAdventure/Materials/Characters_Brown.mat
  artifactKey: Guid(4d21dd5a8b5afa745bbd680f6e13697e) Importer(815301076,1909f56bfc062723c751e8b465ee728b)
Start importing Assets/AssetPackages/SyntyStudios/PolygonAdventure/Materials/Characters_Brown.mat using Guid(4d21dd5a8b5afa745bbd680f6e13697e) Importer(815301076,1909f56bfc062723c751e8b465ee728b)  -> (artifact id: 'b8fc7eca0c1945c8e7ea86d7be34ea45') in 0.022793 seconds
Number of updated asset objects reloaded before import = 0
Number of asset objects unloaded after import = 2
========================================================================
Received Import Request.
  Time since last request: 0.018392 seconds.
  path: Assets/AssetPackages/SyntyStudios/PolygonAdventure/Materials/PolyAdventureMaterial_01.mat
  artifactKey: Guid(fa8eda4ec55ee1a4e99ca991c5828dbf) Importer(815301076,1909f56bfc062723c751e8b465ee728b)
Start importing Assets/AssetPackages/SyntyStudios/PolygonAdventure/Materials/PolyAdventureMaterial_01.mat using Guid(fa8eda4ec55ee1a4e99ca991c5828dbf) Importer(815301076,1909f56bfc062723c751e8b465ee728b)  -> (artifact id: '5e07825dffe92718f23869b04d137805') in 0.008335 seconds
Number of updated asset objects reloaded before import = 0
Number of asset objects unloaded after import = 2
========================================================================
Received Import Request.
  Time since last request: 0.025487 seconds.
  path: Assets/AssetPackages/SyntyStudios/PolygonAdventure/Materials/Characters_White.mat
  artifactKey: Guid(992dbfb15d8a08d4aa34207645c1d8fc) Importer(815301076,1909f56bfc062723c751e8b465ee728b)
Start importing Assets/AssetPackages/SyntyStudios/PolygonAdventure/Materials/Characters_White.mat using Guid(992dbfb15d8a08d4aa34207645c1d8fc) Importer(815301076,1909f56bfc062723c751e8b465ee728b)  -> (artifact id: '19e909f17e0348f3eb8d3c383ad2bde9') in 0.016360 seconds
Number of updated asset objects reloaded before import = 0
Number of asset objects unloaded after import = 2
========================================================================
Received Import Request.
  Time since last request: 0.000032 seconds.
  path: Assets/AssetPackages/SyntyStudios/PolygonAdventure/Materials/PolyAdventureMaterial_Water_01.mat
  artifactKey: Guid(9045494f93452344d811e0d183904816) Importer(815301076,1909f56bfc062723c751e8b465ee728b)
Start importing Assets/AssetPackages/SyntyStudios/PolygonAdventure/Materials/PolyAdventureMaterial_Water_01.mat using Guid(9045494f93452344d811e0d183904816) Importer(815301076,1909f56bfc062723c751e8b465ee728b)  -> (artifact id: 'c0489f4f447994b2d57b233c9fa08dfd') in 0.006503 seconds
Number of updated asset objects reloaded before import = 0
Number of asset objects unloaded after import = 1
Editor requested this worker to shutdown with reason: Scaling down because of idle timeout
TcpMessagingSession - receive error: operation aborted. errorcode: 995, details: The I/O operation has been aborted because of either a thread exit or an application request.
AssetImportWorker is now disconnected from the server
Process exiting
Exiting without the bug reporter. Application will terminate with return code 0