Using pre-set license
Built from '2022.3/staging' branch; Version is '2022.3.26f1 (ec6cd8118806) revision 15494360'; Using compiler version '192829333'; Build Type 'Release'
OS: 'Windows 11  (10.0.22631) 64bit Core' Language: 'en' Physical Memory: 32469 MB
BatchMode: 1, IsHumanControllingUs: 0, StartBugReporterOnCrash: 0, Is64bit: 1, IsPro: 1

COMMAND LINE ARGUMENTS:
C:\Program Files\Unity\Hub\Editor\2022.3.26f1\Editor\Unity.exe
-adb2
-batchMode
-noUpm
-name
AssetImportWorker11
-projectPath
D:/pppp/the game/My project
-logFile
Logs/AssetImportWorker11.log
-srvPort
59929
Successfully changed project path to: D:/pppp/the game/My project
D:/pppp/the game/My project
[UnityMemory] Configuration Parameters - Can be set up in boot.config
    "memorysetup-bucket-allocator-granularity=16"
    "memorysetup-bucket-allocator-bucket-count=8"
    "memorysetup-bucket-allocator-block-size=33554432"
    "memorysetup-bucket-allocator-block-count=8"
    "memorysetup-main-allocator-block-size=16777216"
    "memorysetup-thread-allocator-block-size=16777216"
    "memorysetup-gfx-main-allocator-block-size=16777216"
    "memorysetup-gfx-thread-allocator-block-size=16777216"
    "memorysetup-cache-allocator-block-size=4194304"
    "memorysetup-typetree-allocator-block-size=2097152"
    "memorysetup-profiler-bucket-allocator-granularity=16"
    "memorysetup-profiler-bucket-allocator-bucket-count=8"
    "memorysetup-profiler-bucket-allocator-block-size=33554432"
    "memorysetup-profiler-bucket-allocator-block-count=8"
    "memorysetup-profiler-allocator-block-size=16777216"
    "memorysetup-profiler-editor-allocator-block-size=1048576"
    "memorysetup-temp-allocator-size-main=16777216"
    "memorysetup-job-temp-allocator-block-size=2097152"
    "memorysetup-job-temp-allocator-block-size-background=1048576"
    "memorysetup-job-temp-allocator-reduction-small-platforms=262144"
    "memorysetup-allocator-temp-initial-block-size-main=262144"
    "memorysetup-allocator-temp-initial-block-size-worker=262144"
    "memorysetup-temp-allocator-size-background-worker=32768"
    "memorysetup-temp-allocator-size-job-worker=262144"
    "memorysetup-temp-allocator-size-preload-manager=33554432"
    "memorysetup-temp-allocator-size-nav-mesh-worker=65536"
    "memorysetup-temp-allocator-size-audio-worker=65536"
    "memorysetup-temp-allocator-size-cloud-worker=32768"
    "memorysetup-temp-allocator-size-gi-baking-worker=262144"
    "memorysetup-temp-allocator-size-gfx=262144"
Player connection [39424] Host "[IP] 192.168.1.159 [Port] 0 [Flags] 2 [Guid] 680501391 [EditorId] 680501391 [Version] 1048832 [Id] WindowsEditor(7,MSI) [Debug] 1 [PackageName] WindowsEditor [ProjectName] Editor" joined multi-casting on [225.0.0.222:54997]...

Player connection [39424] Host "[IP] 192.168.1.159 [Port] 0 [Flags] 2 [Guid] 680501391 [EditorId] 680501391 [Version] 1048832 [Id] WindowsEditor(7,MSI) [Debug] 1 [PackageName] WindowsEditor [ProjectName] Editor" joined alternative multi-casting on [225.0.0.222:34997]...

[Physics::Module] Initialized MultithreadedJobDispatcher with 31 workers.
Refreshing native plugins compatible for Editor in 11.51 ms, found 3 plugins.
Preloading 0 native plugins for Editor in 0.00 ms.
Initialize engine version: 2022.3.26f1 (ec6cd8118806)
[Subsystems] Discovering subsystems at path C:/Program Files/Unity/Hub/Editor/2022.3.26f1/Editor/Data/Resources/UnitySubsystems
[Subsystems] Discovering subsystems at path D:/pppp/the game/My project/Assets
GfxDevice: creating device client; threaded=0; jobified=0
Direct3D:
    Version:  Direct3D 11.0 [level 11.1]
    Renderer: NVIDIA GeForce RTX 4080 Laptop GPU (ID=0x27a0)
    Vendor:   NVIDIA
    VRAM:     11997 MB
    Driver:   32.0.15.5585
Initialize mono
Mono path[0] = 'C:/Program Files/Unity/Hub/Editor/2022.3.26f1/Editor/Data/Managed'
Mono path[1] = 'C:/Program Files/Unity/Hub/Editor/2022.3.26f1/Editor/Data/MonoBleedingEdge/lib/mono/unityjit-win32'
Mono config path = 'C:/Program Files/Unity/Hub/Editor/2022.3.26f1/Editor/Data/MonoBleedingEdge/etc'
Using monoOptions --debugger-agent=transport=dt_socket,embedding=1,server=y,suspend=n,address=127.0.0.1:56460
Begin MonoManager ReloadAssembly
Registering precompiled unity dll's ...
Register platform support module: C:/Program Files/Unity/Hub/Editor/2022.3.26f1/Editor/Data/PlaybackEngines/WebGLSupport/UnityEditor.WebGL.Extensions.dll
Register platform support module: C:/Program Files/Unity/Hub/Editor/2022.3.26f1/Editor/Data/PlaybackEngines/AndroidPlayer/UnityEditor.Android.Extensions.dll
Register platform support module: C:/Program Files/Unity/Hub/Editor/2022.3.26f1/Editor/Data/PlaybackEngines/iOSSupport/UnityEditor.iOS.Extensions.dll
Register platform support module: C:/Program Files/Unity/Hub/Editor/2022.3.26f1/Editor/Data/PlaybackEngines/WindowsStandaloneSupport/UnityEditor.WindowsStandalone.Extensions.dll
Register platform support module: C:/Program Files/Unity/Hub/Editor/2022.3.26f1/Editor/Data/PlaybackEngines/MetroSupport/UnityEditor.UWP.Extensions.dll
Registered in 0.021625 seconds.
- Loaded All Assemblies, in  0.676 seconds
Native extension for UWP target not found
Native extension for WindowsStandalone target not found
[usbmuxd] Start listen thread
[usbmuxd] Listen thread started
Native extension for iOS target not found
Native extension for Android target not found
Android Extension - Scanning For ADB Devices 1220 ms
Native extension for WebGL target not found
Mono: successfully reloaded assembly
- Finished resetting the current domain, in  1.608 seconds
Domain Reload Profiling: 2279ms
	BeginReloadAssembly (276ms)
		ExecutionOrderSort (0ms)
		DisableScriptedObjects (0ms)
		BackupInstance (0ms)
		ReleaseScriptingObjects (0ms)
		CreateAndSetChildDomain (2ms)
	RebuildCommonClasses (50ms)
	RebuildNativeTypeToScriptingClass (11ms)
	initialDomainReloadingComplete (83ms)
	LoadAllAssembliesAndSetupDomain (251ms)
		LoadAssemblies (279ms)
		RebuildTransferFunctionScriptingTraits (0ms)
		AnalyzeDomain (238ms)
			TypeCache.Refresh (236ms)
				TypeCache.ScanAssembly (211ms)
			ScanForSourceGeneratedMonoScriptInfo (0ms)
			ResolveRequiredComponents (1ms)
	FinalizeReload (1609ms)
		ReleaseScriptCaches (0ms)
		RebuildScriptCaches (0ms)
		SetupLoadedEditorAssemblies (1546ms)
			LogAssemblyErrors (0ms)
			InitializePlatformSupportModulesInManaged (1363ms)
			SetLoadedEditorAssemblies (5ms)
			RefreshPlugins (0ms)
			BeforeProcessingInitializeOnLoad (2ms)
			ProcessInitializeOnLoadAttributes (95ms)
			ProcessInitializeOnLoadMethodAttributes (81ms)
			AfterProcessingInitializeOnLoad (0ms)
			EditorAssembliesLoaded (0ms)
		ExecutionOrderSort2 (0ms)
		AwakeInstancesAfterBackupRestoration (0ms)
========================================================================
Worker process is ready to serve import requests
Begin MonoManager ReloadAssembly
- Loaded All Assemblies, in  0.703 seconds
Refreshing native plugins compatible for Editor in 3.98 ms, found 3 plugins.
Native extension for UWP target not found
Native extension for WindowsStandalone target not found
Native extension for iOS target not found
Native extension for Android target not found
Native extension for WebGL target not found
Package Manager log level set to [2]
[Package Manager] Server::EnsureServerProcessIsRunning -- launch failed, reason: Unity was launched with the -noUpm command-line argument
[Package Manager] UpmClient::Send -- Unable to send message (not connected to UPM process).
[Package Manager] Cannot connect to Unity Package Manager local server
Mono: successfully reloaded assembly
- Finished resetting the current domain, in  0.565 seconds
Domain Reload Profiling: 1264ms
	BeginReloadAssembly (166ms)
		ExecutionOrderSort (0ms)
		DisableScriptedObjects (4ms)
		BackupInstance (0ms)
		ReleaseScriptingObjects (0ms)
		CreateAndSetChildDomain (18ms)
	RebuildCommonClasses (36ms)
	RebuildNativeTypeToScriptingClass (9ms)
	initialDomainReloadingComplete (51ms)
	LoadAllAssembliesAndSetupDomain (437ms)
		LoadAssemblies (369ms)
		RebuildTransferFunctionScriptingTraits (0ms)
		AnalyzeDomain (181ms)
			TypeCache.Refresh (162ms)
				TypeCache.ScanAssembly (145ms)
			ScanForSourceGeneratedMonoScriptInfo (14ms)
			ResolveRequiredComponents (4ms)
	FinalizeReload (565ms)
		ReleaseScriptCaches (0ms)
		RebuildScriptCaches (0ms)
		SetupLoadedEditorAssemblies (400ms)
			LogAssemblyErrors (0ms)
			InitializePlatformSupportModulesInManaged (47ms)
			SetLoadedEditorAssemblies (4ms)
			RefreshPlugins (0ms)
			BeforeProcessingInitializeOnLoad (55ms)
			ProcessInitializeOnLoadAttributes (268ms)
			ProcessInitializeOnLoadMethodAttributes (12ms)
			AfterProcessingInitializeOnLoad (15ms)
			EditorAssembliesLoaded (0ms)
		ExecutionOrderSort2 (0ms)
		AwakeInstancesAfterBackupRestoration (14ms)
Launched and connected shader compiler UnityShaderCompiler.exe after 0.11 seconds
Refreshing native plugins compatible for Editor in 1.92 ms, found 3 plugins.
Preloading 0 native plugins for Editor in 0.00 ms.
Unloading 3582 Unused Serialized files (Serialized files now loaded: 0)
Unloading 40 unused Assets / (58.1 KB). Loaded Objects now: 4052.
Memory consumption went from 147.8 MB to 147.8 MB.
Total: 2.619400 ms (FindLiveObjects: 0.177800 ms CreateObjectMapping: 0.061900 ms MarkObjects: 2.236100 ms  DeleteObjects: 0.142100 ms)

AssetImportParameters requested are different than current active one (requested -> active):
  custom:container-demuxer-ogg: 62fdf1f143b41e24485cea50d1cbac27 -> 
  custom:video-codec-MediaFoundation-h265: 746d11721c4dcdbdad8f713fa42b33f4 -> 
  custom:video-decoder-ogg-theora: a1e56fd34408186e4bbccfd4996cb3dc -> 
  custom:framework-win-MediaFoundation: 216162199b28c13a410421893ffa2e32 -> 
  custom:CustomObjectIndexerAttribute: 9a22284fe3817be447336de3de66b15e -> 
  custom:container-demuxer-webm: 4f35f7cbe854078d1ac9338744f61a02 -> 
  custom:container-muxer-webm: aa71ff27fc2769a1b78a27578f13a17b -> 
  custom:video-decoder-webm-vp8: 9c59270c3fd7afecdb556c50c9e8de78 -> 
  custom:SearchIndexIgnoredProperties: e643bd26f0fe6173181afceb89e7c659 -> 
  custom:AudioImporter_EditorPlatform: d09bf68614088b80899f8185d706f6e7 -> 
  custom:video-encoder-webm-vp8: eb34c28f22e8b96e1ab97ce403110664 -> 
  custom:audio-decoder-ogg-vorbis: bf7c407c2cedff20999df2af8eb42d56 -> 
  custom:audio-encoder-webm-vorbis: bf7c407c2cedff20999df2af8eb42d56 -> 
========================================================================
Received Import Request.
  Time since last request: 182884.247129 seconds.
  path: Assets/New Folder/SyntyStudios/PolygonAdventure/Models/Collision/SM_Env_Hedge_01_Convex.asset
  artifactKey: Guid(45b9bd048e70d024cb21e7d3b9a43d63) Importer(815301076,1909f56bfc062723c751e8b465ee728b)
Start importing Assets/New Folder/SyntyStudios/PolygonAdventure/Models/Collision/SM_Env_Hedge_01_Convex.asset using Guid(45b9bd048e70d024cb21e7d3b9a43d63) Importer(815301076,1909f56bfc062723c751e8b465ee728b)  -> (artifact id: '000ee917650efe78ea532495132ff04a') in 0.076685 seconds
Number of updated asset objects reloaded before import = 0
Number of asset objects unloaded after import = 2
========================================================================
Received Import Request.
  Time since last request: 0.000014 seconds.
  path: Assets/New Folder/SyntyStudios/PolygonAdventure/Models/Collision/SM_Env_GroundMounds_03_Convex 1.asset
  artifactKey: Guid(6024abcb879a684419155aaa36e00a22) Importer(815301076,1909f56bfc062723c751e8b465ee728b)
Start importing Assets/New Folder/SyntyStudios/PolygonAdventure/Models/Collision/SM_Env_GroundMounds_03_Convex 1.asset using Guid(6024abcb879a684419155aaa36e00a22) Importer(815301076,1909f56bfc062723c751e8b465ee728b)  -> (artifact id: '4cce1d535a050c0999f5c2ef83875a28') in 0.043429 seconds
Number of updated asset objects reloaded before import = 0
Number of asset objects unloaded after import = 3
========================================================================
Received Import Request.
  Time since last request: 0.000063 seconds.
  path: Assets/New Folder/SyntyStudios/PolygonAdventure/Models/Collision/SM_Env_Bush_02_Convex 1.asset
  artifactKey: Guid(e2fa9b31828b0f44c9bc57142c33ee3e) Importer(815301076,1909f56bfc062723c751e8b465ee728b)
Start importing Assets/New Folder/SyntyStudios/PolygonAdventure/Models/Collision/SM_Env_Bush_02_Convex 1.asset using Guid(e2fa9b31828b0f44c9bc57142c33ee3e) Importer(815301076,1909f56bfc062723c751e8b465ee728b)  -> (artifact id: 'd92501bfa14cf15e786bf14eb6870c40') in 0.031171 seconds
Number of updated asset objects reloaded before import = 0
Number of asset objects unloaded after import = 3
========================================================================
Received Import Request.
  Time since last request: 0.000014 seconds.
  path: Assets/New Folder/SyntyStudios/PolygonAdventure/Models/Collision/SM_Env_Bush_04_Convex.asset
  artifactKey: Guid(769cc4504ee7f7e438c153493f65d92c) Importer(815301076,1909f56bfc062723c751e8b465ee728b)
Start importing Assets/New Folder/SyntyStudios/PolygonAdventure/Models/Collision/SM_Env_Bush_04_Convex.asset using Guid(769cc4504ee7f7e438c153493f65d92c) Importer(815301076,1909f56bfc062723c751e8b465ee728b)  -> (artifact id: '442b18c7cc91cd3167a195860330ec2e') in 0.021626 seconds
Number of updated asset objects reloaded before import = 0
Number of asset objects unloaded after import = 2
========================================================================
Received Import Request.
  Time since last request: 0.000091 seconds.
  path: Assets/New Folder/SyntyStudios/PolygonAdventure/Models/Collision/SM_Bld_Village_SnowSheet_01_Convex 2.asset
  artifactKey: Guid(99d71138a3d37be44ada2b3868b490a6) Importer(815301076,1909f56bfc062723c751e8b465ee728b)
Start importing Assets/New Folder/SyntyStudios/PolygonAdventure/Models/Collision/SM_Bld_Village_SnowSheet_01_Convex 2.asset using Guid(99d71138a3d37be44ada2b3868b490a6) Importer(815301076,1909f56bfc062723c751e8b465ee728b)  -> (artifact id: '4f51b78ea3a7d4f68a5944c04a0f1a72') in 0.015070 seconds
Number of updated asset objects reloaded before import = 0
Number of asset objects unloaded after import = 2
========================================================================
Received Import Request.
  Time since last request: 0.000016 seconds.
  path: Assets/New Folder/SyntyStudios/PolygonAdventure/Models/Collision/SM_Env_Cloud_07_Convex 1.asset
  artifactKey: Guid(5aeb7f7c75637a6499f3815784b0b24c) Importer(815301076,1909f56bfc062723c751e8b465ee728b)
Start importing Assets/New Folder/SyntyStudios/PolygonAdventure/Models/Collision/SM_Env_Cloud_07_Convex 1.asset using Guid(5aeb7f7c75637a6499f3815784b0b24c) Importer(815301076,1909f56bfc062723c751e8b465ee728b)  -> (artifact id: '87a9c9f8a8b1347924726b5bcb4a0ac8') in 0.011869 seconds
Number of updated asset objects reloaded before import = 0
Number of asset objects unloaded after import = 2
========================================================================
Received Import Request.
  Time since last request: 0.000026 seconds.
  path: Assets/New Folder/SyntyStudios/PolygonAdventure/Models/Collision/SM_Bld_Village_SnowSheet_01_Convex.asset
  artifactKey: Guid(e47a3d93074d5e441bb15d27207ea212) Importer(815301076,1909f56bfc062723c751e8b465ee728b)
Start importing Assets/New Folder/SyntyStudios/PolygonAdventure/Models/Collision/SM_Bld_Village_SnowSheet_01_Convex.asset using Guid(e47a3d93074d5e441bb15d27207ea212) Importer(815301076,1909f56bfc062723c751e8b465ee728b)  -> (artifact id: '380750a5b5fe922f86c27e8b16c2253e') in 0.011616 seconds
Number of updated asset objects reloaded before import = 0
Number of asset objects unloaded after import = 2
========================================================================
Received Import Request.
  Time since last request: 0.000010 seconds.
  path: Assets/New Folder/SyntyStudios/PolygonAdventure/Models/Collision/SM_Env_Flower_01_Convex 1.asset
  artifactKey: Guid(6c3e67aaf56929d4eb870c94ed06c900) Importer(815301076,1909f56bfc062723c751e8b465ee728b)
Start importing Assets/New Folder/SyntyStudios/PolygonAdventure/Models/Collision/SM_Env_Flower_01_Convex 1.asset using Guid(6c3e67aaf56929d4eb870c94ed06c900) Importer(815301076,1909f56bfc062723c751e8b465ee728b)  -> (artifact id: '1566f9fa8509789171ef844342626288') in 0.008965 seconds
Number of updated asset objects reloaded before import = 0
Number of asset objects unloaded after import = 2
========================================================================
Received Import Request.
  Time since last request: 0.000011 seconds.
  path: Assets/New Folder/SyntyStudios/PolygonAdventure/Models/Collision/SM_Env_Grass_02_Convex.asset
  artifactKey: Guid(c5eb251f8709b9a4ea2826e304467a2d) Importer(815301076,1909f56bfc062723c751e8b465ee728b)
Start importing Assets/New Folder/SyntyStudios/PolygonAdventure/Models/Collision/SM_Env_Grass_02_Convex.asset using Guid(c5eb251f8709b9a4ea2826e304467a2d) Importer(815301076,1909f56bfc062723c751e8b465ee728b)  -> (artifact id: '456fa3e81ad190f0475ef1f3483a7581') in 0.010355 seconds
Number of updated asset objects reloaded before import = 0
Number of asset objects unloaded after import = 2
========================================================================
Received Import Request.
  Time since last request: 0.000017 seconds.
  path: Assets/New Folder/SyntyStudios/PolygonAdventure/Models/Collision/SM_Bld_Stall_Cover_04_Convex 1.asset
  artifactKey: Guid(140782ffccf25294aa4c1b7987db3818) Importer(815301076,1909f56bfc062723c751e8b465ee728b)
Start importing Assets/New Folder/SyntyStudios/PolygonAdventure/Models/Collision/SM_Bld_Stall_Cover_04_Convex 1.asset using Guid(140782ffccf25294aa4c1b7987db3818) Importer(815301076,1909f56bfc062723c751e8b465ee728b)  -> (artifact id: 'ab2ce15b39d4735638baa381ddd72abf') in 0.025440 seconds
Number of updated asset objects reloaded before import = 0
Number of asset objects unloaded after import = 3
========================================================================
Received Import Request.
  Time since last request: 0.000114 seconds.
  path: Assets/New Folder/SyntyStudios/PolygonAdventure/Models/Collision/SM_Bld_Stall_Cover_03_Convex.asset
  artifactKey: Guid(834f18c1caa6f6b42bb558fa73f3ed60) Importer(815301076,1909f56bfc062723c751e8b465ee728b)
Start importing Assets/New Folder/SyntyStudios/PolygonAdventure/Models/Collision/SM_Bld_Stall_Cover_03_Convex.asset using Guid(834f18c1caa6f6b42bb558fa73f3ed60) Importer(815301076,1909f56bfc062723c751e8b465ee728b)  -> (artifact id: 'a64fa0aa6281d03e81c8368ca5510828') in 0.014044 seconds
Number of updated asset objects reloaded before import = 0
Number of asset objects unloaded after import = 2
========================================================================
Received Import Request.
  Time since last request: 0.000081 seconds.
  path: Assets/New Folder/SyntyStudios/PolygonAdventure/Models/Collision/SM_Bld_Village_HangingCloth_01_Convex.asset
  artifactKey: Guid(0002c7af86901b34caf538e19eb34a8d) Importer(815301076,1909f56bfc062723c751e8b465ee728b)
Start importing Assets/New Folder/SyntyStudios/PolygonAdventure/Models/Collision/SM_Bld_Village_HangingCloth_01_Convex.asset using Guid(0002c7af86901b34caf538e19eb34a8d) Importer(815301076,1909f56bfc062723c751e8b465ee728b)  -> (artifact id: '45a25aeb55d7bef23e6141c67e0ba434') in 0.006648 seconds
Number of updated asset objects reloaded before import = 0
Number of asset objects unloaded after import = 2
========================================================================
Received Import Request.
  Time since last request: 0.000014 seconds.
  path: Assets/New Folder/SyntyStudios/PolygonAdventure/Models/Collision/SM_Env_GroundMounds_08_Convex 2.asset
  artifactKey: Guid(9b4ddeeabc8c224438d266da3ede6440) Importer(815301076,1909f56bfc062723c751e8b465ee728b)
Start importing Assets/New Folder/SyntyStudios/PolygonAdventure/Models/Collision/SM_Env_GroundMounds_08_Convex 2.asset using Guid(9b4ddeeabc8c224438d266da3ede6440) Importer(815301076,1909f56bfc062723c751e8b465ee728b)  -> (artifact id: 'fa4346493b619d9c560fbf79065569f0') in 0.013154 seconds
Number of updated asset objects reloaded before import = 0
Number of asset objects unloaded after import = 3
========================================================================
Received Import Request.
  Time since last request: 0.013457 seconds.
  path: Assets/New Folder/SyntyStudios/PolygonAdventure/Models/Collision/SM_Bld_Stall_01_Convex 2.asset
  artifactKey: Guid(cd5ddf18224c64149ae974ec6ff723cf) Importer(815301076,1909f56bfc062723c751e8b465ee728b)
Start importing Assets/New Folder/SyntyStudios/PolygonAdventure/Models/Collision/SM_Bld_Stall_01_Convex 2.asset using Guid(cd5ddf18224c64149ae974ec6ff723cf) Importer(815301076,1909f56bfc062723c751e8b465ee728b)  -> (artifact id: '99e366f8423b157a93de46fb5ae3a612') in 0.013771 seconds
Number of updated asset objects reloaded before import = 0
Number of asset objects unloaded after import = 3
========================================================================
Received Import Request.
  Time since last request: 0.000025 seconds.
  path: Assets/New Folder/SyntyStudios/PolygonAdventure/Models/Collision/SM_Bld_Stall_Cover_02_Convex.asset
  artifactKey: Guid(d5ba684f119d286428322c04a96076c7) Importer(815301076,1909f56bfc062723c751e8b465ee728b)
Start importing Assets/New Folder/SyntyStudios/PolygonAdventure/Models/Collision/SM_Bld_Stall_Cover_02_Convex.asset using Guid(d5ba684f119d286428322c04a96076c7) Importer(815301076,1909f56bfc062723c751e8b465ee728b)  -> (artifact id: '1aa4005cfcd0aa668bdedc2f7e0be5e7') in 0.006466 seconds
Number of updated asset objects reloaded before import = 0
Number of asset objects unloaded after import = 2
========================================================================
Received Import Request.
  Time since last request: 0.120631 seconds.
  path: Assets/New Folder/SyntyStudios/PolygonAdventure/Models/Collision/SM_Bld_Fence_01_Snow_Convex.asset
  artifactKey: Guid(4e14312aedaeaf240be5ac2d76395df4) Importer(815301076,1909f56bfc062723c751e8b465ee728b)
Start importing Assets/New Folder/SyntyStudios/PolygonAdventure/Models/Collision/SM_Bld_Fence_01_Snow_Convex.asset using Guid(4e14312aedaeaf240be5ac2d76395df4) Importer(815301076,1909f56bfc062723c751e8b465ee728b)  -> (artifact id: '6361bad32dd61a75388be663c235087c') in 0.006394 seconds
Number of updated asset objects reloaded before import = 0
Number of asset objects unloaded after import = 2
========================================================================
Received Import Request.
  Time since last request: 0.000030 seconds.
  path: Assets/New Folder/SyntyStudios/PolygonAdventure/Models/Collision/SM_Bld_Hut_01_Snow_Convex.asset
  artifactKey: Guid(ca6031c7a16abb94894439030a864577) Importer(815301076,1909f56bfc062723c751e8b465ee728b)
Start importing Assets/New Folder/SyntyStudios/PolygonAdventure/Models/Collision/SM_Bld_Hut_01_Snow_Convex.asset using Guid(ca6031c7a16abb94894439030a864577) Importer(815301076,1909f56bfc062723c751e8b465ee728b)  -> (artifact id: 'dcfa701a5424a9bd43c9d479f20b2bd3') in 0.008814 seconds
Number of updated asset objects reloaded before import = 0
Number of asset objects unloaded after import = 2
========================================================================
Received Import Request.
  Time since last request: 1.381460 seconds.
  path: Assets/New Folder/SyntyStudios/PolygonAdventure/Models/SM_Bld_Fence_02.fbx
  artifactKey: Guid(9ada23a6ef88d194e832263f906fb0af) Importer(815301076,1909f56bfc062723c751e8b465ee728b)
Start importing Assets/New Folder/SyntyStudios/PolygonAdventure/Models/SM_Bld_Fence_02.fbx using Guid(9ada23a6ef88d194e832263f906fb0af) Importer(815301076,1909f56bfc062723c751e8b465ee728b)  -> (artifact id: 'e422829f51b0795aeca3790403a3b8b9') in 0.031032 seconds
Number of updated asset objects reloaded before import = 0
Number of asset objects unloaded after import = 7
========================================================================
Received Import Request.
  Time since last request: 0.000016 seconds.
  path: Assets/New Folder/SyntyStudios/PolygonAdventure/Models/SM_Bld_Wall_01.fbx
  artifactKey: Guid(66c4eae16ef0ca747959069d54e0ccc6) Importer(815301076,1909f56bfc062723c751e8b465ee728b)
Start importing Assets/New Folder/SyntyStudios/PolygonAdventure/Models/SM_Bld_Wall_01.fbx using Guid(66c4eae16ef0ca747959069d54e0ccc6) Importer(815301076,1909f56bfc062723c751e8b465ee728b)  -> (artifact id: 'b4a19b6015ba074a5db5e22659ba0ba2') in 0.012440 seconds
Number of updated asset objects reloaded before import = 0
Number of asset objects unloaded after import = 7
========================================================================
Received Import Request.
  Time since last request: 0.000089 seconds.
  path: Assets/New Folder/SyntyStudios/PolygonAdventure/Models/SM_Env_FloorTile_03.fbx
  artifactKey: Guid(c285f6dda09d74f4aa3d87057120d478) Importer(815301076,1909f56bfc062723c751e8b465ee728b)
Start importing Assets/New Folder/SyntyStudios/PolygonAdventure/Models/SM_Env_FloorTile_03.fbx using Guid(c285f6dda09d74f4aa3d87057120d478) Importer(815301076,1909f56bfc062723c751e8b465ee728b)  -> (artifact id: '68c36818d87da5f0f6310241fbf8cf28') in 0.010336 seconds
Number of updated asset objects reloaded before import = 0
Number of asset objects unloaded after import = 7
========================================================================
Received Import Request.
  Time since last request: 0.000043 seconds.
  path: Assets/New Folder/SyntyStudios/PolygonAdventure/Models/SM_Env_Ice_02.fbx
  artifactKey: Guid(7b513eb82b3165849aea316f8f597f04) Importer(815301076,1909f56bfc062723c751e8b465ee728b)
Start importing Assets/New Folder/SyntyStudios/PolygonAdventure/Models/SM_Env_Ice_02.fbx using Guid(7b513eb82b3165849aea316f8f597f04) Importer(815301076,1909f56bfc062723c751e8b465ee728b)  -> (artifact id: 'cc365c83e16e72e742e4679b565fdc98') in 0.011009 seconds
Number of updated asset objects reloaded before import = 0
Number of asset objects unloaded after import = 7
========================================================================
Received Import Request.
  Time since last request: 0.000217 seconds.
  path: Assets/New Folder/SyntyStudios/PolygonAdventure/Models/SM_Env_Flower_05.fbx
  artifactKey: Guid(d15017d5b13131648adba8fa91367264) Importer(815301076,1909f56bfc062723c751e8b465ee728b)
Start importing Assets/New Folder/SyntyStudios/PolygonAdventure/Models/SM_Env_Flower_05.fbx using Guid(d15017d5b13131648adba8fa91367264) Importer(815301076,1909f56bfc062723c751e8b465ee728b)  -> (artifact id: '011977a3e52532d0b65fffbd73219217') in 0.014019 seconds
Number of updated asset objects reloaded before import = 0
Number of asset objects unloaded after import = 7
========================================================================
Received Import Request.
  Time since last request: 0.000016 seconds.
  path: Assets/New Folder/SyntyStudios/PolygonAdventure/Models/SM_Bld_Stall_02.fbx
  artifactKey: Guid(89012421e14f7114c8f0c08864e3c4da) Importer(815301076,1909f56bfc062723c751e8b465ee728b)
Start importing Assets/New Folder/SyntyStudios/PolygonAdventure/Models/SM_Bld_Stall_02.fbx using Guid(89012421e14f7114c8f0c08864e3c4da) Importer(815301076,1909f56bfc062723c751e8b465ee728b)  -> (artifact id: 'adf9d96b932cb2288778a8b400508bf8') in 0.011359 seconds
Number of updated asset objects reloaded before import = 0
Number of asset objects unloaded after import = 7
========================================================================
Received Import Request.
  Time since last request: 0.000016 seconds.
  path: Assets/New Folder/SyntyStudios/PolygonAdventure/Models/SM_Env_Grass_01.fbx
  artifactKey: Guid(aaca44a3eca756c419ccc26430c2a062) Importer(815301076,1909f56bfc062723c751e8b465ee728b)
Start importing Assets/New Folder/SyntyStudios/PolygonAdventure/Models/SM_Env_Grass_01.fbx using Guid(aaca44a3eca756c419ccc26430c2a062) Importer(815301076,1909f56bfc062723c751e8b465ee728b)  -> (artifact id: '4adcf9d15ff45de365583d9709efdb91') in 0.010799 seconds
Number of updated asset objects reloaded before import = 0
Number of asset objects unloaded after import = 7
========================================================================
Received Import Request.
  Time since last request: 0.000013 seconds.
  path: Assets/New Folder/SyntyStudios/PolygonAdventure/Models/SM_Env_GroundMounds_06.fbx
  artifactKey: Guid(5e38677a19945a843b0525495fee7f6f) Importer(815301076,1909f56bfc062723c751e8b465ee728b)
Start importing Assets/New Folder/SyntyStudios/PolygonAdventure/Models/SM_Env_GroundMounds_06.fbx using Guid(5e38677a19945a843b0525495fee7f6f) Importer(815301076,1909f56bfc062723c751e8b465ee728b)  -> (artifact id: '1dd0fbe4d8aa8c80d448e6707e21650f') in 0.010464 seconds
Number of updated asset objects reloaded before import = 0
Number of asset objects unloaded after import = 7
========================================================================
Received Import Request.
  Time since last request: 0.000010 seconds.
  path: Assets/New Folder/SyntyStudios/PolygonAdventure/Models/SM_Env_Cloud_05.fbx
  artifactKey: Guid(97c6e4bf214194045b602bcfd064ce41) Importer(815301076,1909f56bfc062723c751e8b465ee728b)
Start importing Assets/New Folder/SyntyStudios/PolygonAdventure/Models/SM_Env_Cloud_05.fbx using Guid(97c6e4bf214194045b602bcfd064ce41) Importer(815301076,1909f56bfc062723c751e8b465ee728b)  -> (artifact id: '27cafcf2c4fca5409a58d30933af988a') in 0.006899 seconds
Number of updated asset objects reloaded before import = 0
Number of asset objects unloaded after import = 7
========================================================================
Received Import Request.
  Time since last request: 0.000012 seconds.
  path: Assets/New Folder/SyntyStudios/PolygonAdventure/Models/SM_Env_CampFire_01.fbx
  artifactKey: Guid(cbd9acc6232d57849970ce67eef62b2a) Importer(815301076,1909f56bfc062723c751e8b465ee728b)
Start importing Assets/New Folder/SyntyStudios/PolygonAdventure/Models/SM_Env_CampFire_01.fbx using Guid(cbd9acc6232d57849970ce67eef62b2a) Importer(815301076,1909f56bfc062723c751e8b465ee728b)  -> (artifact id: 'b275ba938eedae0d5b4ecc056ae10f4a') in 0.010527 seconds
Number of updated asset objects reloaded before import = 0
Number of asset objects unloaded after import = 7
========================================================================
Received Import Request.
  Time since last request: 0.000015 seconds.
  path: Assets/New Folder/SyntyStudios/PolygonAdventure/Models/SM_Bld_Stall_Cover_02.fbx
  artifactKey: Guid(4ca89733cbd3f624aa2d4d9969bb1aa5) Importer(815301076,1909f56bfc062723c751e8b465ee728b)
Start importing Assets/New Folder/SyntyStudios/PolygonAdventure/Models/SM_Bld_Stall_Cover_02.fbx using Guid(4ca89733cbd3f624aa2d4d9969bb1aa5) Importer(815301076,1909f56bfc062723c751e8b465ee728b)  -> (artifact id: '2fdaf67af4120efad341e848a292c232') in 0.011025 seconds
Number of updated asset objects reloaded before import = 0
Number of asset objects unloaded after import = 7
========================================================================
Received Import Request.
  Time since last request: 49.046449 seconds.
  path: Assets/New Folder/SyntyStudios/PolygonSamples/PolygonSciFiCity/Models/SM_Bld_Large_05.fbx
  artifactKey: Guid(ddc0d18c97e18d24b8d654dc20d88b95) Importer(815301076,1909f56bfc062723c751e8b465ee728b)
Start importing Assets/New Folder/SyntyStudios/PolygonSamples/PolygonSciFiCity/Models/SM_Bld_Large_05.fbx using Guid(ddc0d18c97e18d24b8d654dc20d88b95) Importer(815301076,1909f56bfc062723c751e8b465ee728b)  -> (artifact id: 'c6248ff78a79c65d35de118116dfc54b') in 0.040519 seconds
Number of updated asset objects reloaded before import = 0
Number of asset objects unloaded after import = 7
========================================================================
Received Prepare
Begin MonoManager ReloadAssembly
- Loaded All Assemblies, in  0.639 seconds
Refreshing native plugins compatible for Editor in 3.36 ms, found 3 plugins.
Native extension for UWP target not found
Native extension for WindowsStandalone target not found
Native extension for iOS target not found
Native extension for Android target not found
Native extension for WebGL target not found
[Package Manager] Server::EnsureServerProcessIsRunning -- launch failed, reason: Unity was launched with the -noUpm command-line argument
[Package Manager] UpmClient::Send -- Unable to send message (not connected to UPM process).
[Package Manager] Cannot connect to Unity Package Manager local server
Mono: successfully reloaded assembly
- Finished resetting the current domain, in  1.068 seconds
Domain Reload Profiling: 1703ms
	BeginReloadAssembly (297ms)
		ExecutionOrderSort (0ms)
		DisableScriptedObjects (4ms)
		BackupInstance (0ms)
		ReleaseScriptingObjects (0ms)
		CreateAndSetChildDomain (25ms)
	RebuildCommonClasses (36ms)
	RebuildNativeTypeToScriptingClass (9ms)
	initialDomainReloadingComplete (30ms)
	LoadAllAssembliesAndSetupDomain (262ms)
		LoadAssemblies (490ms)
		RebuildTransferFunctionScriptingTraits (0ms)
		AnalyzeDomain (13ms)
			TypeCache.Refresh (6ms)
				TypeCache.ScanAssembly (0ms)
			ScanForSourceGeneratedMonoScriptInfo (0ms)
			ResolveRequiredComponents (6ms)
	FinalizeReload (1068ms)
		ReleaseScriptCaches (0ms)
		RebuildScriptCaches (0ms)
		SetupLoadedEditorAssemblies (484ms)
			LogAssemblyErrors (0ms)
			InitializePlatformSupportModulesInManaged (57ms)
			SetLoadedEditorAssemblies (4ms)
			RefreshPlugins (0ms)
			BeforeProcessingInitializeOnLoad (71ms)
			ProcessInitializeOnLoadAttributes (315ms)
			ProcessInitializeOnLoadMethodAttributes (19ms)
			AfterProcessingInitializeOnLoad (18ms)
			EditorAssembliesLoaded (0ms)
		ExecutionOrderSort2 (0ms)
		AwakeInstancesAfterBackupRestoration (74ms)
Refreshing native plugins compatible for Editor in 3.87 ms, found 3 plugins.
Preloading 0 native plugins for Editor in 0.00 ms.
Unloading 3556 Unused Serialized files (Serialized files now loaded: 0)
Unloading 24 unused Assets / (31.3 KB). Loaded Objects now: 4066.
Memory consumption went from 141.9 MB to 141.8 MB.
Total: 2.597000 ms (FindLiveObjects: 0.180700 ms CreateObjectMapping: 0.067800 ms MarkObjects: 2.307100 ms  DeleteObjects: 0.040300 ms)

Prepare: number of updated asset objects reloaded= 0
AssetImportParameters requested are different than current active one (requested -> active):
  custom:container-demuxer-ogg: 62fdf1f143b41e24485cea50d1cbac27 -> 
  custom:video-codec-MediaFoundation-h265: 746d11721c4dcdbdad8f713fa42b33f4 -> 
  custom:video-decoder-ogg-theora: a1e56fd34408186e4bbccfd4996cb3dc -> 
  custom:framework-win-MediaFoundation: 216162199b28c13a410421893ffa2e32 -> 
  custom:CustomObjectIndexerAttribute: 9a22284fe3817be447336de3de66b15e -> 
  custom:container-demuxer-webm: 4f35f7cbe854078d1ac9338744f61a02 -> 
  custom:container-muxer-webm: aa71ff27fc2769a1b78a27578f13a17b -> 
  custom:video-decoder-webm-vp8: 9c59270c3fd7afecdb556c50c9e8de78 -> 
  custom:SearchIndexIgnoredProperties: e643bd26f0fe6173181afceb89e7c659 -> 
  custom:AudioImporter_EditorPlatform: d09bf68614088b80899f8185d706f6e7 -> 
  custom:video-encoder-webm-vp8: eb34c28f22e8b96e1ab97ce403110664 -> 
  custom:audio-decoder-ogg-vorbis: bf7c407c2cedff20999df2af8eb42d56 -> 
  custom:audio-encoder-webm-vorbis: bf7c407c2cedff20999df2af8eb42d56 -> 
Editor requested this worker to shutdown with reason: Scaling down because of idle timeout
TcpMessagingSession - receive error
AssetImportWorkerClient::OnTransportError - code=2 error=End of file
AssetImportWorker is now disconnected from the server
Process exiting
Exiting without the bug reporter. Application will terminate with return code 0