Using pre-set license
Built from '2022.3/staging' branch; Version is '2022.3.26f1 (ec6cd8118806) revision 15494360'; Using compiler version '192829333'; Build Type 'Release'
OS: 'Windows 11  (10.0.22631) 64bit Core' Language: 'en' Physical Memory: 32469 MB
BatchMode: 1, IsHumanControllingUs: 0, StartBugReporterOnCrash: 0, Is64bit: 1, IsPro: 1

COMMAND LINE ARGUMENTS:
C:\Program Files\Unity\Hub\Editor\2022.3.26f1\Editor\Unity.exe
-adb2
-batchMode
-noUpm
-name
AssetImportWorker33
-projectPath
D:/pppp/the game/My project
-logFile
Logs/AssetImportWorker33.log
-srvPort
62585
Successfully changed project path to: D:/pppp/the game/My project
D:/pppp/the game/My project
[UnityMemory] Configuration Parameters - Can be set up in boot.config
    "memorysetup-bucket-allocator-granularity=16"
    "memorysetup-bucket-allocator-bucket-count=8"
    "memorysetup-bucket-allocator-block-size=33554432"
    "memorysetup-bucket-allocator-block-count=8"
    "memorysetup-main-allocator-block-size=16777216"
    "memorysetup-thread-allocator-block-size=16777216"
    "memorysetup-gfx-main-allocator-block-size=16777216"
    "memorysetup-gfx-thread-allocator-block-size=16777216"
    "memorysetup-cache-allocator-block-size=4194304"
    "memorysetup-typetree-allocator-block-size=2097152"
    "memorysetup-profiler-bucket-allocator-granularity=16"
    "memorysetup-profiler-bucket-allocator-bucket-count=8"
    "memorysetup-profiler-bucket-allocator-block-size=33554432"
    "memorysetup-profiler-bucket-allocator-block-count=8"
    "memorysetup-profiler-allocator-block-size=16777216"
    "memorysetup-profiler-editor-allocator-block-size=1048576"
    "memorysetup-temp-allocator-size-main=16777216"
    "memorysetup-job-temp-allocator-block-size=2097152"
    "memorysetup-job-temp-allocator-block-size-background=1048576"
    "memorysetup-job-temp-allocator-reduction-small-platforms=262144"
    "memorysetup-allocator-temp-initial-block-size-main=262144"
    "memorysetup-allocator-temp-initial-block-size-worker=262144"
    "memorysetup-temp-allocator-size-background-worker=32768"
    "memorysetup-temp-allocator-size-job-worker=262144"
    "memorysetup-temp-allocator-size-preload-manager=33554432"
    "memorysetup-temp-allocator-size-nav-mesh-worker=65536"
    "memorysetup-temp-allocator-size-audio-worker=65536"
    "memorysetup-temp-allocator-size-cloud-worker=32768"
    "memorysetup-temp-allocator-size-gi-baking-worker=262144"
    "memorysetup-temp-allocator-size-gfx=262144"
Player connection [36992] Host "[IP] 192.168.1.159 [Port] 0 [Flags] 2 [Guid] 1054032969 [EditorId] 1054032969 [Version] 1048832 [Id] WindowsEditor(7,MSI) [Debug] 1 [PackageName] WindowsEditor [ProjectName] Editor" joined multi-casting on [225.0.0.222:54997]...

Player connection [36992] Host "[IP] 192.168.1.159 [Port] 0 [Flags] 2 [Guid] 1054032969 [EditorId] 1054032969 [Version] 1048832 [Id] WindowsEditor(7,MSI) [Debug] 1 [PackageName] WindowsEditor [ProjectName] Editor" joined alternative multi-casting on [225.0.0.222:34997]...

[Physics::Module] Initialized MultithreadedJobDispatcher with 31 workers.
Refreshing native plugins compatible for Editor in 9.88 ms, found 3 plugins.
Preloading 0 native plugins for Editor in 0.00 ms.
Initialize engine version: 2022.3.26f1 (ec6cd8118806)
[Subsystems] Discovering subsystems at path C:/Program Files/Unity/Hub/Editor/2022.3.26f1/Editor/Data/Resources/UnitySubsystems
[Subsystems] Discovering subsystems at path D:/pppp/the game/My project/Assets
GfxDevice: creating device client; threaded=0; jobified=0
Direct3D:
    Version:  Direct3D 11.0 [level 11.1]
    Renderer: NVIDIA GeForce RTX 4080 Laptop GPU (ID=0x27a0)
    Vendor:   NVIDIA
    VRAM:     11997 MB
    Driver:   32.0.15.5585
Initialize mono
Mono path[0] = 'C:/Program Files/Unity/Hub/Editor/2022.3.26f1/Editor/Data/Managed'
Mono path[1] = 'C:/Program Files/Unity/Hub/Editor/2022.3.26f1/Editor/Data/MonoBleedingEdge/lib/mono/unityjit-win32'
Mono config path = 'C:/Program Files/Unity/Hub/Editor/2022.3.26f1/Editor/Data/MonoBleedingEdge/etc'
Using monoOptions --debugger-agent=transport=dt_socket,embedding=1,server=y,suspend=n,address=127.0.0.1:56028
Begin MonoManager ReloadAssembly
Registering precompiled unity dll's ...
Register platform support module: C:/Program Files/Unity/Hub/Editor/2022.3.26f1/Editor/Data/PlaybackEngines/WebGLSupport/UnityEditor.WebGL.Extensions.dll
Register platform support module: C:/Program Files/Unity/Hub/Editor/2022.3.26f1/Editor/Data/PlaybackEngines/AndroidPlayer/UnityEditor.Android.Extensions.dll
Register platform support module: C:/Program Files/Unity/Hub/Editor/2022.3.26f1/Editor/Data/PlaybackEngines/iOSSupport/UnityEditor.iOS.Extensions.dll
Register platform support module: C:/Program Files/Unity/Hub/Editor/2022.3.26f1/Editor/Data/PlaybackEngines/WindowsStandaloneSupport/UnityEditor.WindowsStandalone.Extensions.dll
Register platform support module: C:/Program Files/Unity/Hub/Editor/2022.3.26f1/Editor/Data/PlaybackEngines/MetroSupport/UnityEditor.UWP.Extensions.dll
Registered in 0.028956 seconds.
- Loaded All Assemblies, in  0.357 seconds
Native extension for UWP target not found
Native extension for WindowsStandalone target not found
[usbmuxd] Start listen thread
[usbmuxd] Listen thread started
Native extension for iOS target not found
Native extension for Android target not found
Android Extension - Scanning For ADB Devices 1154 ms
Native extension for WebGL target not found
Mono: successfully reloaded assembly
- Finished resetting the current domain, in  1.433 seconds
Domain Reload Profiling: 1787ms
	BeginReloadAssembly (133ms)
		ExecutionOrderSort (0ms)
		DisableScriptedObjects (0ms)
		BackupInstance (0ms)
		ReleaseScriptingObjects (0ms)
		CreateAndSetChildDomain (1ms)
	RebuildCommonClasses (25ms)
	RebuildNativeTypeToScriptingClass (7ms)
	initialDomainReloadingComplete (70ms)
	LoadAllAssembliesAndSetupDomain (119ms)
		LoadAssemblies (130ms)
		RebuildTransferFunctionScriptingTraits (0ms)
		AnalyzeDomain (115ms)
			TypeCache.Refresh (114ms)
				TypeCache.ScanAssembly (104ms)
			ScanForSourceGeneratedMonoScriptInfo (0ms)
			ResolveRequiredComponents (0ms)
	FinalizeReload (1433ms)
		ReleaseScriptCaches (0ms)
		RebuildScriptCaches (0ms)
		SetupLoadedEditorAssemblies (1397ms)
			LogAssemblyErrors (0ms)
			InitializePlatformSupportModulesInManaged (1263ms)
			SetLoadedEditorAssemblies (3ms)
			RefreshPlugins (0ms)
			BeforeProcessingInitializeOnLoad (1ms)
			ProcessInitializeOnLoadAttributes (67ms)
			ProcessInitializeOnLoadMethodAttributes (63ms)
			AfterProcessingInitializeOnLoad (0ms)
			EditorAssembliesLoaded (0ms)
		ExecutionOrderSort2 (0ms)
		AwakeInstancesAfterBackupRestoration (0ms)
========================================================================
Worker process is ready to serve import requests
Begin MonoManager ReloadAssembly
- Loaded All Assemblies, in  0.606 seconds
Refreshing native plugins compatible for Editor in 2.03 ms, found 3 plugins.
Native extension for UWP target not found
Native extension for WindowsStandalone target not found
Native extension for iOS target not found
Native extension for Android target not found
Native extension for WebGL target not found
Package Manager log level set to [2]
[Package Manager] Server::EnsureServerProcessIsRunning -- launch failed, reason: Unity was launched with the -noUpm command-line argument
[Package Manager] UpmClient::Send -- Unable to send message (not connected to UPM process).
[Package Manager] Cannot connect to Unity Package Manager local server
Mono: successfully reloaded assembly
- Finished resetting the current domain, in  0.483 seconds
Domain Reload Profiling: 1087ms
	BeginReloadAssembly (230ms)
		ExecutionOrderSort (0ms)
		DisableScriptedObjects (3ms)
		BackupInstance (0ms)
		ReleaseScriptingObjects (0ms)
		CreateAndSetChildDomain (13ms)
	RebuildCommonClasses (35ms)
	RebuildNativeTypeToScriptingClass (6ms)
	initialDomainReloadingComplete (33ms)
	LoadAllAssembliesAndSetupDomain (299ms)
		LoadAssemblies (365ms)
		RebuildTransferFunctionScriptingTraits (0ms)
		AnalyzeDomain (126ms)
			TypeCache.Refresh (112ms)
				TypeCache.ScanAssembly (100ms)
			ScanForSourceGeneratedMonoScriptInfo (10ms)
			ResolveRequiredComponents (3ms)
	FinalizeReload (484ms)
		ReleaseScriptCaches (0ms)
		RebuildScriptCaches (0ms)
		SetupLoadedEditorAssemblies (324ms)
			LogAssemblyErrors (0ms)
			InitializePlatformSupportModulesInManaged (32ms)
			SetLoadedEditorAssemblies (3ms)
			RefreshPlugins (0ms)
			BeforeProcessingInitializeOnLoad (43ms)
			ProcessInitializeOnLoadAttributes (225ms)
			ProcessInitializeOnLoadMethodAttributes (12ms)
			AfterProcessingInitializeOnLoad (10ms)
			EditorAssembliesLoaded (0ms)
		ExecutionOrderSort2 (0ms)
		AwakeInstancesAfterBackupRestoration (60ms)
Launched and connected shader compiler UnityShaderCompiler.exe after 0.13 seconds
Refreshing native plugins compatible for Editor in 3.93 ms, found 3 plugins.
Preloading 0 native plugins for Editor in 0.00 ms.
Unloading 3582 Unused Serialized files (Serialized files now loaded: 0)
Unloading 40 unused Assets / (58.3 KB). Loaded Objects now: 4052.
Memory consumption went from 147.9 MB to 147.9 MB.
Total: 2.790500 ms (FindLiveObjects: 0.301000 ms CreateObjectMapping: 0.104800 ms MarkObjects: 2.282200 ms  DeleteObjects: 0.101400 ms)

AssetImportParameters requested are different than current active one (requested -> active):
  custom:container-demuxer-ogg: 62fdf1f143b41e24485cea50d1cbac27 -> 
  custom:video-codec-MediaFoundation-h265: 746d11721c4dcdbdad8f713fa42b33f4 -> 
  custom:video-decoder-ogg-theora: a1e56fd34408186e4bbccfd4996cb3dc -> 
  custom:framework-win-MediaFoundation: 216162199b28c13a410421893ffa2e32 -> 
  custom:CustomObjectIndexerAttribute: 9a22284fe3817be447336de3de66b15e -> 
  custom:container-demuxer-webm: 4f35f7cbe854078d1ac9338744f61a02 -> 
  custom:container-muxer-webm: aa71ff27fc2769a1b78a27578f13a17b -> 
  custom:video-decoder-webm-vp8: 9c59270c3fd7afecdb556c50c9e8de78 -> 
  custom:SearchIndexIgnoredProperties: e643bd26f0fe6173181afceb89e7c659 -> 
  custom:AudioImporter_EditorPlatform: d09bf68614088b80899f8185d706f6e7 -> 
  custom:video-encoder-webm-vp8: eb34c28f22e8b96e1ab97ce403110664 -> 
  custom:audio-decoder-ogg-vorbis: bf7c407c2cedff20999df2af8eb42d56 -> 
  custom:audio-encoder-webm-vorbis: bf7c407c2cedff20999df2af8eb42d56 -> 
========================================================================
Received Import Request.
  Time since last request: 83042.152063 seconds.
  path: Assets/AssetPackages/LowPolyDungeonsLite/Materials
  artifactKey: Guid(1d90635a75c7dd94ca2c5ea4274f466e) Importer(815301076,1909f56bfc062723c751e8b465ee728b)
Start importing Assets/AssetPackages/LowPolyDungeonsLite/Materials using Guid(1d90635a75c7dd94ca2c5ea4274f466e) Importer(815301076,1909f56bfc062723c751e8b465ee728b)  -> (artifact id: '3d227fd281df2b9b03866b5955676809') in 0.002854 seconds
Number of updated asset objects reloaded before import = 0
Number of asset objects unloaded after import = 0
========================================================================
Received Import Request.
  Time since last request: 0.084293 seconds.
  path: Assets/AssetPackages/LowPolyDungeonsLite/Materials/LowPolyDungeonsLite_BG.mat
  artifactKey: Guid(64ba6c72e3ef1e549a99ffb902487f11) Importer(815301076,1909f56bfc062723c751e8b465ee728b)
Start importing Assets/AssetPackages/LowPolyDungeonsLite/Materials/LowPolyDungeonsLite_BG.mat using Guid(64ba6c72e3ef1e549a99ffb902487f11) Importer(815301076,1909f56bfc062723c751e8b465ee728b)  -> (artifact id: 'a854f0299033ea7ea0068c7b541cdd9d') in 0.060731 seconds
Number of updated asset objects reloaded before import = 0
Number of asset objects unloaded after import = 1
========================================================================
Received Import Request.
  Time since last request: 0.000014 seconds.
  path: Assets/AssetPackages/LowPolyDungeonsLite/Materials/LowPolyDungeonsLite_MAIN.mat
  artifactKey: Guid(18f63ff904099034daf971dac5b32582) Importer(815301076,1909f56bfc062723c751e8b465ee728b)
Start importing Assets/AssetPackages/LowPolyDungeonsLite/Materials/LowPolyDungeonsLite_MAIN.mat using Guid(18f63ff904099034daf971dac5b32582) Importer(815301076,1909f56bfc062723c751e8b465ee728b)  -> (artifact id: 'a4a40b5ec84aa90d4f59e2ff0c15162f') in 0.010561 seconds
Number of updated asset objects reloaded before import = 0
Number of asset objects unloaded after import = 2
========================================================================
Received Import Request.
  Time since last request: 880.410798 seconds.
  path: Assets/AssetPackages/SyntyStudios/PolygonAdventure/Models/SM_Env_Lillypads_02.fbx
  artifactKey: Guid(9b52aff474faaba488affa7b40170bd0) Importer(815301076,1909f56bfc062723c751e8b465ee728b)
Start importing Assets/AssetPackages/SyntyStudios/PolygonAdventure/Models/SM_Env_Lillypads_02.fbx using Guid(9b52aff474faaba488affa7b40170bd0) Importer(815301076,1909f56bfc062723c751e8b465ee728b)  -> (artifact id: '0c2d56cd3939f38c14f1e07ab2908e6d') in 0.029312 seconds
Number of updated asset objects reloaded before import = 0
Number of asset objects unloaded after import = 7
========================================================================
Received Import Request.
  Time since last request: 0.011263 seconds.
  path: Assets/AssetPackages/SyntyStudios/PolygonAdventure/Models/SM_Env_Pebble_02.fbx
  artifactKey: Guid(f559049fc8a45e54a9176dd862d2b09a) Importer(815301076,1909f56bfc062723c751e8b465ee728b)
Start importing Assets/AssetPackages/SyntyStudios/PolygonAdventure/Models/SM_Env_Pebble_02.fbx using Guid(f559049fc8a45e54a9176dd862d2b09a) Importer(815301076,1909f56bfc062723c751e8b465ee728b)  -> (artifact id: '02870fe825a5246419054db8c2ea09b5') in 0.009870 seconds
Number of updated asset objects reloaded before import = 0
Number of asset objects unloaded after import = 7
========================================================================
Received Import Request.
  Time since last request: 0.000012 seconds.
  path: Assets/AssetPackages/SyntyStudios/PolygonAdventure/Models/SM_Env_Pebble_03.fbx
  artifactKey: Guid(062dd8eadc09fbe49ba46c0e97783eda) Importer(815301076,1909f56bfc062723c751e8b465ee728b)
Start importing Assets/AssetPackages/SyntyStudios/PolygonAdventure/Models/SM_Env_Pebble_03.fbx using Guid(062dd8eadc09fbe49ba46c0e97783eda) Importer(815301076,1909f56bfc062723c751e8b465ee728b)  -> (artifact id: '42eaa9e818e0d8ff0c2b58c4388e6c07') in 0.009201 seconds
Number of updated asset objects reloaded before import = 0
Number of asset objects unloaded after import = 7
========================================================================
Received Import Request.
  Time since last request: 4964.252717 seconds.
  path: Assets/AssetPackages/SyntyStudios/PolygonKnights/Prefabs/Characters
  artifactKey: Guid(3d544d3f3637ac64db178ad0c6ae6259) Importer(815301076,1909f56bfc062723c751e8b465ee728b)
Start importing Assets/AssetPackages/SyntyStudios/PolygonKnights/Prefabs/Characters using Guid(3d544d3f3637ac64db178ad0c6ae6259) Importer(815301076,1909f56bfc062723c751e8b465ee728b)  -> (artifact id: 'c3d87ce785622925e8cce48061108420') in 0.000793 seconds
Number of updated asset objects reloaded before import = 0
Number of asset objects unloaded after import = 0
========================================================================
Received Import Request.
  Time since last request: 0.089929 seconds.
  path: Assets/AssetPackages/SyntyStudios/PolygonKnights/Prefabs/Characters/Character_Knight_01_Black.prefab
  artifactKey: Guid(507f5dc602b42c549a32a51aa9236bb1) Importer(815301076,1909f56bfc062723c751e8b465ee728b)
Start importing Assets/AssetPackages/SyntyStudios/PolygonKnights/Prefabs/Characters/Character_Knight_01_Black.prefab using Guid(507f5dc602b42c549a32a51aa9236bb1) Importer(815301076,1909f56bfc062723c751e8b465ee728b)  -> (artifact id: '9af6d3e5c024d9dbad5de96afc3e69e6') in 0.029673 seconds
Number of updated asset objects reloaded before import = 0
Number of asset objects unloaded after import = 176
========================================================================
Received Import Request.
  Time since last request: 0.039532 seconds.
  path: Assets/AssetPackages/SyntyStudios/PolygonKnights/Prefabs/Characters/Character_Knight_01_Orange.prefab
  artifactKey: Guid(360c73b9bf9a34d4c84bc0581d0499eb) Importer(815301076,1909f56bfc062723c751e8b465ee728b)
Start importing Assets/AssetPackages/SyntyStudios/PolygonKnights/Prefabs/Characters/Character_Knight_01_Orange.prefab using Guid(360c73b9bf9a34d4c84bc0581d0499eb) Importer(815301076,1909f56bfc062723c751e8b465ee728b)  -> (artifact id: '0b9a3e521c4e2f0828658e806edb5ecc') in 0.011239 seconds
Number of updated asset objects reloaded before import = 0
Number of asset objects unloaded after import = 178
========================================================================
Received Import Request.
  Time since last request: 0.000012 seconds.
  path: Assets/AssetPackages/SyntyStudios/PolygonKnights/Prefabs/Characters/Character_Knight_02_Orange.prefab
  artifactKey: Guid(2f4930b22c943444e856b508d62919b2) Importer(815301076,1909f56bfc062723c751e8b465ee728b)
Start importing Assets/AssetPackages/SyntyStudios/PolygonKnights/Prefabs/Characters/Character_Knight_02_Orange.prefab using Guid(2f4930b22c943444e856b508d62919b2) Importer(815301076,1909f56bfc062723c751e8b465ee728b)  -> (artifact id: '81e606d5fce8639be4f89187d47593be') in 0.011180 seconds
Number of updated asset objects reloaded before import = 0
Number of asset objects unloaded after import = 178
========================================================================
Received Import Request.
  Time since last request: 0.000011 seconds.
  path: Assets/AssetPackages/SyntyStudios/PolygonKnights/Prefabs/Characters/Character_Knight_03_Blue.prefab
  artifactKey: Guid(a62e0ab0f0837ca48adf4710699a7e91) Importer(815301076,1909f56bfc062723c751e8b465ee728b)
Start importing Assets/AssetPackages/SyntyStudios/PolygonKnights/Prefabs/Characters/Character_Knight_03_Blue.prefab using Guid(a62e0ab0f0837ca48adf4710699a7e91) Importer(815301076,1909f56bfc062723c751e8b465ee728b)  -> (artifact id: '891037ed03dc7b1d309e9af7213a1552') in 0.009819 seconds
Number of updated asset objects reloaded before import = 0
Number of asset objects unloaded after import = 178
========================================================================
Received Import Request.
  Time since last request: 0.000011 seconds.
  path: Assets/AssetPackages/SyntyStudios/PolygonKnights/Prefabs/Characters/Character_Knight_03_Yellow.prefab
  artifactKey: Guid(8106ba7338a788b4490a524fc4c3957f) Importer(815301076,1909f56bfc062723c751e8b465ee728b)
Start importing Assets/AssetPackages/SyntyStudios/PolygonKnights/Prefabs/Characters/Character_Knight_03_Yellow.prefab using Guid(8106ba7338a788b4490a524fc4c3957f) Importer(815301076,1909f56bfc062723c751e8b465ee728b)  -> (artifact id: '6a37832706f01cc34833e53ff6b0d23c') in 0.009178 seconds
Number of updated asset objects reloaded before import = 0
Number of asset objects unloaded after import = 176
========================================================================
Received Import Request.
  Time since last request: 0.000012 seconds.
  path: Assets/AssetPackages/SyntyStudios/PolygonKnights/Prefabs/Characters/Character_Knight_03_Orange.prefab
  artifactKey: Guid(7cd674477aac5864fb88016585b7e3e2) Importer(815301076,1909f56bfc062723c751e8b465ee728b)
Start importing Assets/AssetPackages/SyntyStudios/PolygonKnights/Prefabs/Characters/Character_Knight_03_Orange.prefab using Guid(7cd674477aac5864fb88016585b7e3e2) Importer(815301076,1909f56bfc062723c751e8b465ee728b)  -> (artifact id: 'e89f8fae3ec9623b77eef1bb098f1c35') in 0.009348 seconds
Number of updated asset objects reloaded before import = 0
Number of asset objects unloaded after import = 178
========================================================================
Received Import Request.
  Time since last request: 0.000012 seconds.
  path: Assets/AssetPackages/SyntyStudios/PolygonKnights/Prefabs/Characters/Character_Soldier_01_Orange.prefab
  artifactKey: Guid(de9acb9f71f3b514697b1065f1065e4f) Importer(815301076,1909f56bfc062723c751e8b465ee728b)
Start importing Assets/AssetPackages/SyntyStudios/PolygonKnights/Prefabs/Characters/Character_Soldier_01_Orange.prefab using Guid(de9acb9f71f3b514697b1065f1065e4f) Importer(815301076,1909f56bfc062723c751e8b465ee728b)  -> (artifact id: '5d4a85541c2ff1153825a3c6855ba1a9') in 0.009109 seconds
Number of updated asset objects reloaded before import = 0
Number of asset objects unloaded after import = 178
========================================================================
Received Import Request.
  Time since last request: 0.000011 seconds.
  path: Assets/AssetPackages/SyntyStudios/PolygonKnights/Prefabs/Characters/Character_Soldier_02_Black.prefab
  artifactKey: Guid(ef3c7a6cdd822654c9ff74c4222fa2b9) Importer(815301076,1909f56bfc062723c751e8b465ee728b)
Start importing Assets/AssetPackages/SyntyStudios/PolygonKnights/Prefabs/Characters/Character_Soldier_02_Black.prefab using Guid(ef3c7a6cdd822654c9ff74c4222fa2b9) Importer(815301076,1909f56bfc062723c751e8b465ee728b)  -> (artifact id: '7125490cafa04d5c68b22fa9aba080ac') in 0.009502 seconds
Number of updated asset objects reloaded before import = 0
Number of asset objects unloaded after import = 178
========================================================================
Received Import Request.
  Time since last request: 0.000012 seconds.
  path: Assets/AssetPackages/SyntyStudios/PolygonKnights/Prefabs/Characters/Character_Soldier_02_Orange.prefab
  artifactKey: Guid(3b8c3b6dee6c92d4bb9953c1bbede39b) Importer(815301076,1909f56bfc062723c751e8b465ee728b)
Start importing Assets/AssetPackages/SyntyStudios/PolygonKnights/Prefabs/Characters/Character_Soldier_02_Orange.prefab using Guid(3b8c3b6dee6c92d4bb9953c1bbede39b) Importer(815301076,1909f56bfc062723c751e8b465ee728b)  -> (artifact id: 'ca9083e192bad0b1eff63e63063195cb') in 0.013218 seconds
Number of updated asset objects reloaded before import = 0
Number of asset objects unloaded after import = 178
========================================================================
Received Import Request.
  Time since last request: 0.000012 seconds.
  path: Assets/AssetPackages/SyntyStudios/PolygonKnights/Prefabs/Characters/Character_Soldier_01_Blue.prefab
  artifactKey: Guid(aa03ca6a3953ccc4397f5f35d2aa0a6d) Importer(815301076,1909f56bfc062723c751e8b465ee728b)
Start importing Assets/AssetPackages/SyntyStudios/PolygonKnights/Prefabs/Characters/Character_Soldier_01_Blue.prefab using Guid(aa03ca6a3953ccc4397f5f35d2aa0a6d) Importer(815301076,1909f56bfc062723c751e8b465ee728b)  -> (artifact id: '7adfff987a921846bfd7133b17752656') in 0.009286 seconds
Number of updated asset objects reloaded before import = 0
Number of asset objects unloaded after import = 178
Editor requested this worker to shutdown with reason: Scaling down because of idle timeout
TcpMessagingSession - receive error: operation aborted. errorcode: 995, details: The I/O operation has been aborted because of either a thread exit or an application request.
AssetImportWorker is now disconnected from the server
Process exiting
Exiting without the bug reporter. Application will terminate with return code 0