Using pre-set license
Built from '2022.3/staging' branch; Version is '2022.3.26f1 (ec6cd8118806) revision 15494360'; Using compiler version '192829333'; Build Type 'Release'
OS: 'Windows 11  (10.0.22631) 64bit Core' Language: 'en' Physical Memory: 32469 MB
BatchMode: 1, IsHumanControllingUs: 0, StartBugReporterOnCrash: 0, Is64bit: 1, IsPro: 1

COMMAND LINE ARGUMENTS:
C:\Program Files\Unity\Hub\Editor\2022.3.26f1\Editor\Unity.exe
-adb2
-batchMode
-noUpm
-name
AssetImportWorker19
-projectPath
D:/pppp/the game/My project
-logFile
Logs/AssetImportWorker19.log
-srvPort
62585
Successfully changed project path to: D:/pppp/the game/My project
D:/pppp/the game/My project
[UnityMemory] Configuration Parameters - Can be set up in boot.config
    "memorysetup-bucket-allocator-granularity=16"
    "memorysetup-bucket-allocator-bucket-count=8"
    "memorysetup-bucket-allocator-block-size=33554432"
    "memorysetup-bucket-allocator-block-count=8"
    "memorysetup-main-allocator-block-size=16777216"
    "memorysetup-thread-allocator-block-size=16777216"
    "memorysetup-gfx-main-allocator-block-size=16777216"
    "memorysetup-gfx-thread-allocator-block-size=16777216"
    "memorysetup-cache-allocator-block-size=4194304"
    "memorysetup-typetree-allocator-block-size=2097152"
    "memorysetup-profiler-bucket-allocator-granularity=16"
    "memorysetup-profiler-bucket-allocator-bucket-count=8"
    "memorysetup-profiler-bucket-allocator-block-size=33554432"
    "memorysetup-profiler-bucket-allocator-block-count=8"
    "memorysetup-profiler-allocator-block-size=16777216"
    "memorysetup-profiler-editor-allocator-block-size=1048576"
    "memorysetup-temp-allocator-size-main=16777216"
    "memorysetup-job-temp-allocator-block-size=2097152"
    "memorysetup-job-temp-allocator-block-size-background=1048576"
    "memorysetup-job-temp-allocator-reduction-small-platforms=262144"
    "memorysetup-allocator-temp-initial-block-size-main=262144"
    "memorysetup-allocator-temp-initial-block-size-worker=262144"
    "memorysetup-temp-allocator-size-background-worker=32768"
    "memorysetup-temp-allocator-size-job-worker=262144"
    "memorysetup-temp-allocator-size-preload-manager=33554432"
    "memorysetup-temp-allocator-size-nav-mesh-worker=65536"
    "memorysetup-temp-allocator-size-audio-worker=65536"
    "memorysetup-temp-allocator-size-cloud-worker=32768"
    "memorysetup-temp-allocator-size-gi-baking-worker=262144"
    "memorysetup-temp-allocator-size-gfx=262144"
Player connection [17596] Host "[IP] 192.168.1.159 [Port] 0 [Flags] 2 [Guid] 2929306541 [EditorId] 2929306541 [Version] 1048832 [Id] WindowsEditor(7,MSI) [Debug] 1 [PackageName] WindowsEditor [ProjectName] Editor" joined multi-casting on [225.0.0.222:54997]...

Player connection [17596] Host "[IP] 192.168.1.159 [Port] 0 [Flags] 2 [Guid] 2929306541 [EditorId] 2929306541 [Version] 1048832 [Id] WindowsEditor(7,MSI) [Debug] 1 [PackageName] WindowsEditor [ProjectName] Editor" joined alternative multi-casting on [225.0.0.222:34997]...

[Physics::Module] Initialized MultithreadedJobDispatcher with 31 workers.
Refreshing native plugins compatible for Editor in 9.40 ms, found 3 plugins.
Preloading 0 native plugins for Editor in 0.00 ms.
Initialize engine version: 2022.3.26f1 (ec6cd8118806)
[Subsystems] Discovering subsystems at path C:/Program Files/Unity/Hub/Editor/2022.3.26f1/Editor/Data/Resources/UnitySubsystems
[Subsystems] Discovering subsystems at path D:/pppp/the game/My project/Assets
GfxDevice: creating device client; threaded=0; jobified=0
Direct3D:
    Version:  Direct3D 11.0 [level 11.1]
    Renderer: NVIDIA GeForce RTX 4080 Laptop GPU (ID=0x27a0)
    Vendor:   NVIDIA
    VRAM:     11997 MB
    Driver:   32.0.15.5585
Initialize mono
Mono path[0] = 'C:/Program Files/Unity/Hub/Editor/2022.3.26f1/Editor/Data/Managed'
Mono path[1] = 'C:/Program Files/Unity/Hub/Editor/2022.3.26f1/Editor/Data/MonoBleedingEdge/lib/mono/unityjit-win32'
Mono config path = 'C:/Program Files/Unity/Hub/Editor/2022.3.26f1/Editor/Data/MonoBleedingEdge/etc'
Using monoOptions --debugger-agent=transport=dt_socket,embedding=1,server=y,suspend=n,address=127.0.0.1:56780
Begin MonoManager ReloadAssembly
Registering precompiled unity dll's ...
Register platform support module: C:/Program Files/Unity/Hub/Editor/2022.3.26f1/Editor/Data/PlaybackEngines/WebGLSupport/UnityEditor.WebGL.Extensions.dll
Register platform support module: C:/Program Files/Unity/Hub/Editor/2022.3.26f1/Editor/Data/PlaybackEngines/AndroidPlayer/UnityEditor.Android.Extensions.dll
Register platform support module: C:/Program Files/Unity/Hub/Editor/2022.3.26f1/Editor/Data/PlaybackEngines/iOSSupport/UnityEditor.iOS.Extensions.dll
Register platform support module: C:/Program Files/Unity/Hub/Editor/2022.3.26f1/Editor/Data/PlaybackEngines/WindowsStandaloneSupport/UnityEditor.WindowsStandalone.Extensions.dll
Register platform support module: C:/Program Files/Unity/Hub/Editor/2022.3.26f1/Editor/Data/PlaybackEngines/MetroSupport/UnityEditor.UWP.Extensions.dll
Registered in 0.016985 seconds.
- Loaded All Assemblies, in  0.271 seconds
Native extension for UWP target not found
Native extension for WindowsStandalone target not found
[usbmuxd] Start listen thread
[usbmuxd] Listen thread started
Native extension for iOS target not found
Native extension for Android target not found
Android Extension - Scanning For ADB Devices 805 ms
Native extension for WebGL target not found
Mono: successfully reloaded assembly
- Finished resetting the current domain, in  1.038 seconds
Domain Reload Profiling: 1307ms
	BeginReloadAssembly (87ms)
		ExecutionOrderSort (0ms)
		DisableScriptedObjects (0ms)
		BackupInstance (0ms)
		ReleaseScriptingObjects (0ms)
		CreateAndSetChildDomain (1ms)
	RebuildCommonClasses (21ms)
	RebuildNativeTypeToScriptingClass (6ms)
	initialDomainReloadingComplete (53ms)
	LoadAllAssembliesAndSetupDomain (102ms)
		LoadAssemblies (87ms)
		RebuildTransferFunctionScriptingTraits (0ms)
		AnalyzeDomain (98ms)
			TypeCache.Refresh (97ms)
				TypeCache.ScanAssembly (88ms)
			ScanForSourceGeneratedMonoScriptInfo (0ms)
			ResolveRequiredComponents (0ms)
	FinalizeReload (1038ms)
		ReleaseScriptCaches (0ms)
		RebuildScriptCaches (0ms)
		SetupLoadedEditorAssemblies (1002ms)
			LogAssemblyErrors (0ms)
			InitializePlatformSupportModulesInManaged (900ms)
			SetLoadedEditorAssemblies (3ms)
			RefreshPlugins (0ms)
			BeforeProcessingInitializeOnLoad (1ms)
			ProcessInitializeOnLoadAttributes (60ms)
			ProcessInitializeOnLoadMethodAttributes (39ms)
			AfterProcessingInitializeOnLoad (0ms)
			EditorAssembliesLoaded (0ms)
		ExecutionOrderSort2 (0ms)
		AwakeInstancesAfterBackupRestoration (0ms)
========================================================================
Worker process is ready to serve import requests
Begin MonoManager ReloadAssembly
- Loaded All Assemblies, in  0.462 seconds
Refreshing native plugins compatible for Editor in 2.17 ms, found 3 plugins.
Native extension for UWP target not found
Native extension for WindowsStandalone target not found
Native extension for iOS target not found
Native extension for Android target not found
Native extension for WebGL target not found
Package Manager log level set to [2]
[Package Manager] Server::EnsureServerProcessIsRunning -- launch failed, reason: Unity was launched with the -noUpm command-line argument
[Package Manager] UpmClient::Send -- Unable to send message (not connected to UPM process).
[Package Manager] Cannot connect to Unity Package Manager local server
Mono: successfully reloaded assembly
- Finished resetting the current domain, in  0.404 seconds
Domain Reload Profiling: 863ms
	BeginReloadAssembly (125ms)
		ExecutionOrderSort (0ms)
		DisableScriptedObjects (3ms)
		BackupInstance (0ms)
		ReleaseScriptingObjects (0ms)
		CreateAndSetChildDomain (12ms)
	RebuildCommonClasses (20ms)
	RebuildNativeTypeToScriptingClass (6ms)
	initialDomainReloadingComplete (29ms)
	LoadAllAssembliesAndSetupDomain (279ms)
		LoadAssemblies (245ms)
		RebuildTransferFunctionScriptingTraits (0ms)
		AnalyzeDomain (115ms)
			TypeCache.Refresh (102ms)
				TypeCache.ScanAssembly (91ms)
			ScanForSourceGeneratedMonoScriptInfo (9ms)
			ResolveRequiredComponents (3ms)
	FinalizeReload (404ms)
		ReleaseScriptCaches (0ms)
		RebuildScriptCaches (0ms)
		SetupLoadedEditorAssemblies (289ms)
			LogAssemblyErrors (0ms)
			InitializePlatformSupportModulesInManaged (28ms)
			SetLoadedEditorAssemblies (2ms)
			RefreshPlugins (0ms)
			BeforeProcessingInitializeOnLoad (37ms)
			ProcessInitializeOnLoadAttributes (202ms)
			ProcessInitializeOnLoadMethodAttributes (11ms)
			AfterProcessingInitializeOnLoad (9ms)
			EditorAssembliesLoaded (0ms)
		ExecutionOrderSort2 (0ms)
		AwakeInstancesAfterBackupRestoration (27ms)
Launched and connected shader compiler UnityShaderCompiler.exe after 0.10 seconds
Refreshing native plugins compatible for Editor in 2.07 ms, found 3 plugins.
Preloading 0 native plugins for Editor in 0.00 ms.
Unloading 3582 Unused Serialized files (Serialized files now loaded: 0)
Unloading 40 unused Assets / (58.0 KB). Loaded Objects now: 4052.
Memory consumption went from 147.9 MB to 147.9 MB.
Total: 2.089600 ms (FindLiveObjects: 0.135100 ms CreateObjectMapping: 0.039200 ms MarkObjects: 1.837700 ms  DeleteObjects: 0.077000 ms)

AssetImportParameters requested are different than current active one (requested -> active):
  custom:container-demuxer-ogg: 62fdf1f143b41e24485cea50d1cbac27 -> 
  custom:video-codec-MediaFoundation-h265: 746d11721c4dcdbdad8f713fa42b33f4 -> 
  custom:video-decoder-ogg-theora: a1e56fd34408186e4bbccfd4996cb3dc -> 
  custom:framework-win-MediaFoundation: 216162199b28c13a410421893ffa2e32 -> 
  custom:CustomObjectIndexerAttribute: 9a22284fe3817be447336de3de66b15e -> 
  custom:container-demuxer-webm: 4f35f7cbe854078d1ac9338744f61a02 -> 
  custom:container-muxer-webm: aa71ff27fc2769a1b78a27578f13a17b -> 
  custom:video-decoder-webm-vp8: 9c59270c3fd7afecdb556c50c9e8de78 -> 
  custom:SearchIndexIgnoredProperties: e643bd26f0fe6173181afceb89e7c659 -> 
  custom:AudioImporter_EditorPlatform: d09bf68614088b80899f8185d706f6e7 -> 
  custom:video-encoder-webm-vp8: eb34c28f22e8b96e1ab97ce403110664 -> 
  custom:audio-decoder-ogg-vorbis: bf7c407c2cedff20999df2af8eb42d56 -> 
  custom:audio-encoder-webm-vorbis: bf7c407c2cedff20999df2af8eb42d56 -> 
========================================================================
Received Import Request.
  Time since last request: 81265.063814 seconds.
  path: Assets/AssetPackages/SyntyStudios/PolygonCity/FX
  artifactKey: Guid(b2405bafcb5d22b409202fa5171d5307) Importer(815301076,1909f56bfc062723c751e8b465ee728b)
Start importing Assets/AssetPackages/SyntyStudios/PolygonCity/FX using Guid(b2405bafcb5d22b409202fa5171d5307) Importer(815301076,1909f56bfc062723c751e8b465ee728b)  -> (artifact id: 'b2473adb7db700a4aafb8d59c15399d7') in 0.004507 seconds
Number of updated asset objects reloaded before import = 0
Number of asset objects unloaded after import = 0
========================================================================
Received Import Request.
  Time since last request: 0.229782 seconds.
  path: Assets/AssetPackages/SyntyStudios/PolygonCity/FX/FX_Rain.prefab
  artifactKey: Guid(004c0bf81fbf1a342af7262f965b564f) Importer(815301076,1909f56bfc062723c751e8b465ee728b)
Start importing Assets/AssetPackages/SyntyStudios/PolygonCity/FX/FX_Rain.prefab using Guid(004c0bf81fbf1a342af7262f965b564f) Importer(815301076,1909f56bfc062723c751e8b465ee728b)  -> (artifact id: '8303bdd40ddcc9ec62413883953073a1') in 0.066618 seconds
Number of updated asset objects reloaded before import = 0
Number of asset objects unloaded after import = 11
========================================================================
Received Import Request.
  Time since last request: 189.016791 seconds.
  path: Assets/AssetPackages/SyntyStudios/PolygonPrototype/Prefabs
  artifactKey: Guid(f90180b1ee031f748974af4aabf3c126) Importer(815301076,1909f56bfc062723c751e8b465ee728b)
Start importing Assets/AssetPackages/SyntyStudios/PolygonPrototype/Prefabs using Guid(f90180b1ee031f748974af4aabf3c126) Importer(815301076,1909f56bfc062723c751e8b465ee728b)  -> (artifact id: 'cc1fb2a36259779818a79f57fd9b5a64') in 0.000465 seconds
Number of updated asset objects reloaded before import = 0
Number of asset objects unloaded after import = 0
========================================================================
Received Import Request.
  Time since last request: 2.870459 seconds.
  path: Assets/AssetPackages/SyntyStudios/PolygonPrototype/Prefabs/Primitives
  artifactKey: Guid(a9d6191385224754893e32f443849e75) Importer(815301076,1909f56bfc062723c751e8b465ee728b)
Start importing Assets/AssetPackages/SyntyStudios/PolygonPrototype/Prefabs/Primitives using Guid(a9d6191385224754893e32f443849e75) Importer(815301076,1909f56bfc062723c751e8b465ee728b)  -> (artifact id: 'f068a33435aa2781b1104fcb7c063893') in 0.000303 seconds
Number of updated asset objects reloaded before import = 0
Number of asset objects unloaded after import = 0
========================================================================
Received Import Request.
  Time since last request: 0.090236 seconds.
  path: Assets/AssetPackages/SyntyStudios/PolygonPrototype/Prefabs/Primitives/SM_Primitive_Cone_01.prefab
  artifactKey: Guid(3067d9bc573646846a758efc3071a8f2) Importer(815301076,1909f56bfc062723c751e8b465ee728b)
Start importing Assets/AssetPackages/SyntyStudios/PolygonPrototype/Prefabs/Primitives/SM_Primitive_Cone_01.prefab using Guid(3067d9bc573646846a758efc3071a8f2) Importer(815301076,1909f56bfc062723c751e8b465ee728b)  -> (artifact id: '5872c450d267b21c791c416c0ae572cc') in 0.027829 seconds
Number of updated asset objects reloaded before import = 0
Number of asset objects unloaded after import = 10
========================================================================
Received Import Request.
  Time since last request: 2.083239 seconds.
  path: Assets/AssetPackages/SyntyStudios/PolygonPrototype/Prefabs/Primitives/SM_Primitive_Cone_05.prefab
  artifactKey: Guid(677ea415eda081c449893c7f11c4169b) Importer(815301076,1909f56bfc062723c751e8b465ee728b)
Start importing Assets/AssetPackages/SyntyStudios/PolygonPrototype/Prefabs/Primitives/SM_Primitive_Cone_05.prefab using Guid(677ea415eda081c449893c7f11c4169b) Importer(815301076,1909f56bfc062723c751e8b465ee728b)  -> (artifact id: 'de0bc34dac88631f0ed790e953f67fc9') in 0.015138 seconds
Number of updated asset objects reloaded before import = 0
Number of asset objects unloaded after import = 11
========================================================================
Received Import Request.
  Time since last request: 0.000012 seconds.
  path: Assets/AssetPackages/SyntyStudios/PolygonPrototype/Prefabs/Primitives/SM_Primitive_Cube_01.prefab
  artifactKey: Guid(d48f60124060f8548b8a1868eb1885ad) Importer(815301076,1909f56bfc062723c751e8b465ee728b)
Start importing Assets/AssetPackages/SyntyStudios/PolygonPrototype/Prefabs/Primitives/SM_Primitive_Cube_01.prefab using Guid(d48f60124060f8548b8a1868eb1885ad) Importer(815301076,1909f56bfc062723c751e8b465ee728b)  -> (artifact id: '296eeb5dbda3a35ef4b4ba9d6d9d9725') in 0.009038 seconds
Number of updated asset objects reloaded before import = 0
Number of asset objects unloaded after import = 10
========================================================================
Received Import Request.
  Time since last request: 0.000011 seconds.
  path: Assets/AssetPackages/SyntyStudios/PolygonPrototype/Prefabs/Primitives/SM_Primitive_Cube_04.prefab
  artifactKey: Guid(960ffeabb9fd4df4eab7655950be7ff2) Importer(815301076,1909f56bfc062723c751e8b465ee728b)
Start importing Assets/AssetPackages/SyntyStudios/PolygonPrototype/Prefabs/Primitives/SM_Primitive_Cube_04.prefab using Guid(960ffeabb9fd4df4eab7655950be7ff2) Importer(815301076,1909f56bfc062723c751e8b465ee728b)  -> (artifact id: '251b9ee6eb8e448810ff5ed464dffd27') in 0.012796 seconds
Number of updated asset objects reloaded before import = 0
Number of asset objects unloaded after import = 11
========================================================================
Received Import Request.
  Time since last request: 0.000010 seconds.
  path: Assets/AssetPackages/SyntyStudios/PolygonPrototype/Prefabs/Primitives/SM_Primitive_Cone_04.prefab
  artifactKey: Guid(de7ff1b0144b81f49aaf43a3092ca65c) Importer(815301076,1909f56bfc062723c751e8b465ee728b)
Start importing Assets/AssetPackages/SyntyStudios/PolygonPrototype/Prefabs/Primitives/SM_Primitive_Cone_04.prefab using Guid(de7ff1b0144b81f49aaf43a3092ca65c) Importer(815301076,1909f56bfc062723c751e8b465ee728b)  -> (artifact id: '78ddc90c81f7250b490fe0a1a8018700') in 0.011401 seconds
Number of updated asset objects reloaded before import = 0
Number of asset objects unloaded after import = 11
========================================================================
Received Import Request.
  Time since last request: 0.000011 seconds.
  path: Assets/AssetPackages/SyntyStudios/PolygonPrototype/Prefabs/Primitives/SM_Primitive_Cylander_01.prefab
  artifactKey: Guid(b2d92927d045c864583503163dc5f248) Importer(815301076,1909f56bfc062723c751e8b465ee728b)
Start importing Assets/AssetPackages/SyntyStudios/PolygonPrototype/Prefabs/Primitives/SM_Primitive_Cylander_01.prefab using Guid(b2d92927d045c864583503163dc5f248) Importer(815301076,1909f56bfc062723c751e8b465ee728b)  -> (artifact id: 'e4d55cde8d3b62581ab930c6b9e56fd7') in 0.012372 seconds
Number of updated asset objects reloaded before import = 0
Number of asset objects unloaded after import = 10
========================================================================
Received Import Request.
  Time since last request: 0.000011 seconds.
  path: Assets/AssetPackages/SyntyStudios/PolygonPrototype/Prefabs/Primitives/SM_Primitive_Cylander_Wedge_01.prefab
  artifactKey: Guid(ded5653a60f53e6418751ec5947f7f84) Importer(815301076,1909f56bfc062723c751e8b465ee728b)
Start importing Assets/AssetPackages/SyntyStudios/PolygonPrototype/Prefabs/Primitives/SM_Primitive_Cylander_Wedge_01.prefab using Guid(ded5653a60f53e6418751ec5947f7f84) Importer(815301076,1909f56bfc062723c751e8b465ee728b)  -> (artifact id: '271c2121275d5494e60a6e841060689f') in 0.012544 seconds
Number of updated asset objects reloaded before import = 0
Number of asset objects unloaded after import = 10
========================================================================
Received Import Request.
  Time since last request: 0.000011 seconds.
  path: Assets/AssetPackages/SyntyStudios/PolygonPrototype/Prefabs/Primitives/SM_Primitive_Helix_01.prefab
  artifactKey: Guid(3a0bdc51b03761a4ebbd09ceda5d2d1f) Importer(815301076,1909f56bfc062723c751e8b465ee728b)
Start importing Assets/AssetPackages/SyntyStudios/PolygonPrototype/Prefabs/Primitives/SM_Primitive_Helix_01.prefab using Guid(3a0bdc51b03761a4ebbd09ceda5d2d1f) Importer(815301076,1909f56bfc062723c751e8b465ee728b)  -> (artifact id: '98da941b06e98619931c7b61ec2d63d7') in 0.011815 seconds
Number of updated asset objects reloaded before import = 0
Number of asset objects unloaded after import = 10
========================================================================
Received Import Request.
  Time since last request: 0.000010 seconds.
  path: Assets/AssetPackages/SyntyStudios/PolygonPrototype/Prefabs/Primitives/SM_Primitive_SoccerBall_01.prefab
  artifactKey: Guid(bfb03ce7c2387de4c832cfea29400ffd) Importer(815301076,1909f56bfc062723c751e8b465ee728b)
Start importing Assets/AssetPackages/SyntyStudios/PolygonPrototype/Prefabs/Primitives/SM_Primitive_SoccerBall_01.prefab using Guid(bfb03ce7c2387de4c832cfea29400ffd) Importer(815301076,1909f56bfc062723c751e8b465ee728b)  -> (artifact id: 'b79c7e05dc2655dbbdb9be9ec60bee35') in 0.010697 seconds
Number of updated asset objects reloaded before import = 0
Number of asset objects unloaded after import = 10
========================================================================
Received Import Request.
  Time since last request: 0.000010 seconds.
  path: Assets/AssetPackages/SyntyStudios/PolygonPrototype/Prefabs/Primitives/SM_Primitive_Sphere_02.prefab
  artifactKey: Guid(d47a246ba2ca11840a830e17478a2f5f) Importer(815301076,1909f56bfc062723c751e8b465ee728b)
Start importing Assets/AssetPackages/SyntyStudios/PolygonPrototype/Prefabs/Primitives/SM_Primitive_Sphere_02.prefab using Guid(d47a246ba2ca11840a830e17478a2f5f) Importer(815301076,1909f56bfc062723c751e8b465ee728b)  -> (artifact id: 'd78cd79b29af535c6da62b66ae6da5e1') in 0.012278 seconds
Number of updated asset objects reloaded before import = 0
Number of asset objects unloaded after import = 10
========================================================================
Received Import Request.
  Time since last request: 0.000010 seconds.
  path: Assets/AssetPackages/SyntyStudios/PolygonPrototype/Prefabs/Primitives/SM_Primitive_Sphere_05.prefab
  artifactKey: Guid(2497c47670e702543a4c20c4c442311f) Importer(815301076,1909f56bfc062723c751e8b465ee728b)
Start importing Assets/AssetPackages/SyntyStudios/PolygonPrototype/Prefabs/Primitives/SM_Primitive_Sphere_05.prefab using Guid(2497c47670e702543a4c20c4c442311f) Importer(815301076,1909f56bfc062723c751e8b465ee728b)  -> (artifact id: '4fd8df936b388f35ea2d68460798b0ae') in 0.011617 seconds
Number of updated asset objects reloaded before import = 0
Number of asset objects unloaded after import = 11
========================================================================
Received Import Request.
  Time since last request: 0.000010 seconds.
  path: Assets/AssetPackages/SyntyStudios/PolygonPrototype/Prefabs/Primitives/SM_Primitive_Torus_02.prefab
  artifactKey: Guid(b34905c7add24914e93ed52d3e59c349) Importer(815301076,1909f56bfc062723c751e8b465ee728b)
Start importing Assets/AssetPackages/SyntyStudios/PolygonPrototype/Prefabs/Primitives/SM_Primitive_Torus_02.prefab using Guid(b34905c7add24914e93ed52d3e59c349) Importer(815301076,1909f56bfc062723c751e8b465ee728b)  -> (artifact id: 'ff5f7e1ced23d229d260021166ec49bb') in 0.011212 seconds
Number of updated asset objects reloaded before import = 0
Number of asset objects unloaded after import = 10
========================================================================
Received Import Request.
  Time since last request: 0.000009 seconds.
  path: Assets/AssetPackages/SyntyStudios/PolygonPrototype/Prefabs/Primitives/SM_Primitive_Torus_04.prefab
  artifactKey: Guid(f16268c9e030739488daf1400d42411c) Importer(815301076,1909f56bfc062723c751e8b465ee728b)
Start importing Assets/AssetPackages/SyntyStudios/PolygonPrototype/Prefabs/Primitives/SM_Primitive_Torus_04.prefab using Guid(f16268c9e030739488daf1400d42411c) Importer(815301076,1909f56bfc062723c751e8b465ee728b)  -> (artifact id: 'a3b9eaa56d4f00ce2144cd9630a274c7') in 0.012103 seconds
Number of updated asset objects reloaded before import = 0
Number of asset objects unloaded after import = 11
========================================================================
Received Import Request.
  Time since last request: 0.000010 seconds.
  path: Assets/AssetPackages/SyntyStudios/PolygonPrototype/Prefabs/Primitives/SM_Primitive_Tube_01.prefab
  artifactKey: Guid(0d288f00294b3c64ca1b66922463774f) Importer(815301076,1909f56bfc062723c751e8b465ee728b)
Start importing Assets/AssetPackages/SyntyStudios/PolygonPrototype/Prefabs/Primitives/SM_Primitive_Tube_01.prefab using Guid(0d288f00294b3c64ca1b66922463774f) Importer(815301076,1909f56bfc062723c751e8b465ee728b)  -> (artifact id: '91dd20a20884aa056d9f9331f1e6f98d') in 0.011452 seconds
Number of updated asset objects reloaded before import = 0
Number of asset objects unloaded after import = 10
========================================================================
Received Import Request.
  Time since last request: 0.000011 seconds.
  path: Assets/AssetPackages/SyntyStudios/PolygonPrototype/Prefabs/Primitives/SM_Primitive_Tube_04.prefab
  artifactKey: Guid(a6ebdec3383999145bcec160da13670e) Importer(815301076,1909f56bfc062723c751e8b465ee728b)
Start importing Assets/AssetPackages/SyntyStudios/PolygonPrototype/Prefabs/Primitives/SM_Primitive_Tube_04.prefab using Guid(a6ebdec3383999145bcec160da13670e) Importer(815301076,1909f56bfc062723c751e8b465ee728b)  -> (artifact id: 'f599f10ae60e50fa9989bd6cbf1e7401') in 0.011591 seconds
Number of updated asset objects reloaded before import = 0
Number of asset objects unloaded after import = 11
========================================================================
Received Import Request.
  Time since last request: 0.000016 seconds.
  path: Assets/AssetPackages/SyntyStudios/PolygonPrototype/Prefabs/Primitives/SM_Primitive_Wedge_01.prefab
  artifactKey: Guid(c4cdd7c71e0cce945b0e9c2ce754d576) Importer(815301076,1909f56bfc062723c751e8b465ee728b)
Start importing Assets/AssetPackages/SyntyStudios/PolygonPrototype/Prefabs/Primitives/SM_Primitive_Wedge_01.prefab using Guid(c4cdd7c71e0cce945b0e9c2ce754d576) Importer(815301076,1909f56bfc062723c751e8b465ee728b)  -> (artifact id: 'c8e612f6b072589e89c41235eaaf4145') in 0.013213 seconds
Number of updated asset objects reloaded before import = 0
Number of asset objects unloaded after import = 10
========================================================================
Received Import Request.
  Time since last request: 0.000011 seconds.
  path: Assets/AssetPackages/SyntyStudios/PolygonPrototype/Prefabs/Primitives/SM_Primitive_Sphere_04.prefab
  artifactKey: Guid(68601b90581660d4e9250577e43538c0) Importer(815301076,1909f56bfc062723c751e8b465ee728b)
Start importing Assets/AssetPackages/SyntyStudios/PolygonPrototype/Prefabs/Primitives/SM_Primitive_Sphere_04.prefab using Guid(68601b90581660d4e9250577e43538c0) Importer(815301076,1909f56bfc062723c751e8b465ee728b)  -> (artifact id: '6f0c5a9497ae63c6bb7d88f78534401e') in 0.012441 seconds
Number of updated asset objects reloaded before import = 0
Number of asset objects unloaded after import = 11
========================================================================
Received Import Request.
  Time since last request: 3.378880 seconds.
  path: Assets/AssetPackages/SyntyStudios/PolygonPrototype/Prefabs/Icons
  artifactKey: Guid(971e41b4ef3c33f41ad80e06f163eba7) Importer(815301076,1909f56bfc062723c751e8b465ee728b)
Start importing Assets/AssetPackages/SyntyStudios/PolygonPrototype/Prefabs/Icons using Guid(971e41b4ef3c33f41ad80e06f163eba7) Importer(815301076,1909f56bfc062723c751e8b465ee728b)  -> (artifact id: '35af18dec4087334f0d8af91ac7ccb44') in 0.000507 seconds
Number of updated asset objects reloaded before import = 0
Number of asset objects unloaded after import = 0
========================================================================
Received Import Request.
  Time since last request: 0.082557 seconds.
  path: Assets/AssetPackages/SyntyStudios/PolygonPrototype/Prefabs/Icons/SM_Icon_Ammo_01.prefab
  artifactKey: Guid(0898e23f0360c1544ad76172d1d93586) Importer(815301076,1909f56bfc062723c751e8b465ee728b)
Start importing Assets/AssetPackages/SyntyStudios/PolygonPrototype/Prefabs/Icons/SM_Icon_Ammo_01.prefab using Guid(0898e23f0360c1544ad76172d1d93586) Importer(815301076,1909f56bfc062723c751e8b465ee728b)  -> (artifact id: '4d2c342bfb1164ec61859776a7c89be8') in 0.010394 seconds
Number of updated asset objects reloaded before import = 0
Number of asset objects unloaded after import = 9
========================================================================
Received Import Request.
  Time since last request: 0.000026 seconds.
  path: Assets/AssetPackages/SyntyStudios/PolygonPrototype/Prefabs/Icons/SM_Icon_Ammo_03.prefab
  artifactKey: Guid(97eb54b65acb4534f861bea966370384) Importer(815301076,1909f56bfc062723c751e8b465ee728b)
Start importing Assets/AssetPackages/SyntyStudios/PolygonPrototype/Prefabs/Icons/SM_Icon_Ammo_03.prefab using Guid(97eb54b65acb4534f861bea966370384) Importer(815301076,1909f56bfc062723c751e8b465ee728b)  -> (artifact id: '0e8f594c6b0026fd320c6f183138ab44') in 0.012288 seconds
Number of updated asset objects reloaded before import = 0
Number of asset objects unloaded after import = 9
========================================================================
Received Import Request.
  Time since last request: 0.000011 seconds.
  path: Assets/AssetPackages/SyntyStudios/PolygonPrototype/Prefabs/Icons/SM_Icon_Arrow_Long_01.prefab
  artifactKey: Guid(17e123810e18c4a4f8e1bb1c8a497d9d) Importer(815301076,1909f56bfc062723c751e8b465ee728b)
Start importing Assets/AssetPackages/SyntyStudios/PolygonPrototype/Prefabs/Icons/SM_Icon_Arrow_Long_01.prefab using Guid(17e123810e18c4a4f8e1bb1c8a497d9d) Importer(815301076,1909f56bfc062723c751e8b465ee728b)  -> (artifact id: '3cbdeb8201ec225b189445266f53bd27') in 0.012752 seconds
Number of updated asset objects reloaded before import = 0
Number of asset objects unloaded after import = 9
========================================================================
Received Import Request.
  Time since last request: 0.000020 seconds.
  path: Assets/AssetPackages/SyntyStudios/PolygonPrototype/Prefabs/Icons/SM_Icon_Arrow_Long_Curve_01.prefab
  artifactKey: Guid(e325fd59281b8e1439026857ed5ee1e1) Importer(815301076,1909f56bfc062723c751e8b465ee728b)
Start importing Assets/AssetPackages/SyntyStudios/PolygonPrototype/Prefabs/Icons/SM_Icon_Arrow_Long_Curve_01.prefab using Guid(e325fd59281b8e1439026857ed5ee1e1) Importer(815301076,1909f56bfc062723c751e8b465ee728b)  -> (artifact id: '68021a6f72c52ead8231d61b70aea5be') in 0.013331 seconds
Number of updated asset objects reloaded before import = 0
Number of asset objects unloaded after import = 9
========================================================================
Received Import Request.
  Time since last request: 0.000013 seconds.
  path: Assets/AssetPackages/SyntyStudios/PolygonPrototype/Prefabs/Icons/SM_Icon_Arrow_Small_02.prefab
  artifactKey: Guid(8cb37d83f3e257a46a6091949dabd616) Importer(815301076,1909f56bfc062723c751e8b465ee728b)
Start importing Assets/AssetPackages/SyntyStudios/PolygonPrototype/Prefabs/Icons/SM_Icon_Arrow_Small_02.prefab using Guid(8cb37d83f3e257a46a6091949dabd616) Importer(815301076,1909f56bfc062723c751e8b465ee728b)  -> (artifact id: '91ebd41c87eb130255763a59a67f27c6') in 0.011458 seconds
Number of updated asset objects reloaded before import = 0
Number of asset objects unloaded after import = 9
========================================================================
Received Import Request.
  Time since last request: 0.000012 seconds.
  path: Assets/AssetPackages/SyntyStudios/PolygonPrototype/Prefabs/Icons/SM_Icon_Arrow_Long_02.prefab
  artifactKey: Guid(1a55c08bb94fc6942a5ff49ed112239a) Importer(815301076,1909f56bfc062723c751e8b465ee728b)
Start importing Assets/AssetPackages/SyntyStudios/PolygonPrototype/Prefabs/Icons/SM_Icon_Arrow_Long_02.prefab using Guid(1a55c08bb94fc6942a5ff49ed112239a) Importer(815301076,1909f56bfc062723c751e8b465ee728b)  -> (artifact id: 'ac860ab7c3deb153503f0c242f1f7bae') in 0.010318 seconds
Number of updated asset objects reloaded before import = 0
Number of asset objects unloaded after import = 9
========================================================================
Received Import Request.
  Time since last request: 0.000011 seconds.
  path: Assets/AssetPackages/SyntyStudios/PolygonPrototype/Prefabs/Icons/SM_Icon_Arrow_Small_04.prefab
  artifactKey: Guid(84a02c2e8957e054fb30eea648b4f18d) Importer(815301076,1909f56bfc062723c751e8b465ee728b)
Start importing Assets/AssetPackages/SyntyStudios/PolygonPrototype/Prefabs/Icons/SM_Icon_Arrow_Small_04.prefab using Guid(84a02c2e8957e054fb30eea648b4f18d) Importer(815301076,1909f56bfc062723c751e8b465ee728b)  -> (artifact id: 'f052b4ad84e10f5af842a147ffd0c172') in 0.010913 seconds
Number of updated asset objects reloaded before import = 0
Number of asset objects unloaded after import = 9
========================================================================
Received Import Request.
  Time since last request: 0.000014 seconds.
  path: Assets/AssetPackages/SyntyStudios/PolygonPrototype/Prefabs/Icons/SM_Icon_Arrow_Small_07.prefab
  artifactKey: Guid(3be0a16ee9b9e0348b1fcb0dc05e9d58) Importer(815301076,1909f56bfc062723c751e8b465ee728b)
Start importing Assets/AssetPackages/SyntyStudios/PolygonPrototype/Prefabs/Icons/SM_Icon_Arrow_Small_07.prefab using Guid(3be0a16ee9b9e0348b1fcb0dc05e9d58) Importer(815301076,1909f56bfc062723c751e8b465ee728b)  -> (artifact id: 'aa6396d565bd9730b93cc89b3a6848f0') in 0.011430 seconds
Number of updated asset objects reloaded before import = 0
Number of asset objects unloaded after import = 9
========================================================================
Received Import Request.
  Time since last request: 0.000015 seconds.
  path: Assets/AssetPackages/SyntyStudios/PolygonPrototype/Prefabs/Icons/SM_Icon_Audio_01.prefab
  artifactKey: Guid(f75a2a99206bc424b8476397d53add0c) Importer(815301076,1909f56bfc062723c751e8b465ee728b)
Start importing Assets/AssetPackages/SyntyStudios/PolygonPrototype/Prefabs/Icons/SM_Icon_Audio_01.prefab using Guid(f75a2a99206bc424b8476397d53add0c) Importer(815301076,1909f56bfc062723c751e8b465ee728b)  -> (artifact id: 'd73bd82b6d8852f9cdd29f7b8eae8d5f') in 0.010781 seconds
Number of updated asset objects reloaded before import = 0
Number of asset objects unloaded after import = 9
========================================================================
Received Import Request.
  Time since last request: 0.047643 seconds.
  path: Assets/AssetPackages/SyntyStudios/PolygonPrototype/Prefabs/Icons/SM_Icon_Banana_01.prefab
  artifactKey: Guid(6d6df00930f742f4eb77495f4b0b4c9c) Importer(815301076,1909f56bfc062723c751e8b465ee728b)
Start importing Assets/AssetPackages/SyntyStudios/PolygonPrototype/Prefabs/Icons/SM_Icon_Banana_01.prefab using Guid(6d6df00930f742f4eb77495f4b0b4c9c) Importer(815301076,1909f56bfc062723c751e8b465ee728b)  -> (artifact id: 'f823a48af789b53ff5576fb845286fd8') in 0.011907 seconds
Number of updated asset objects reloaded before import = 0
Number of asset objects unloaded after import = 9
========================================================================
Received Import Request.
  Time since last request: 0.000013 seconds.
  path: Assets/AssetPackages/SyntyStudios/PolygonPrototype/Prefabs/Icons/SM_Icon_Boat_01.prefab
  artifactKey: Guid(10a44bf633ab3d94f880485190ece031) Importer(815301076,1909f56bfc062723c751e8b465ee728b)
Start importing Assets/AssetPackages/SyntyStudios/PolygonPrototype/Prefabs/Icons/SM_Icon_Boat_01.prefab using Guid(10a44bf633ab3d94f880485190ece031) Importer(815301076,1909f56bfc062723c751e8b465ee728b)  -> (artifact id: '99f1f12bfa0cab71ad53a99feba23485') in 0.013023 seconds
Number of updated asset objects reloaded before import = 0
Number of asset objects unloaded after import = 9
========================================================================
Received Import Request.
  Time since last request: 0.000017 seconds.
  path: Assets/AssetPackages/SyntyStudios/PolygonPrototype/Prefabs/Icons/SM_Icon_Candy_01.prefab
  artifactKey: Guid(957dd80fb3d7f894586c6430a1cfe417) Importer(815301076,1909f56bfc062723c751e8b465ee728b)
Start importing Assets/AssetPackages/SyntyStudios/PolygonPrototype/Prefabs/Icons/SM_Icon_Candy_01.prefab using Guid(957dd80fb3d7f894586c6430a1cfe417) Importer(815301076,1909f56bfc062723c751e8b465ee728b)  -> (artifact id: 'd8d4e114179739a40b4a165ea2a93267') in 0.013083 seconds
Number of updated asset objects reloaded before import = 0
Number of asset objects unloaded after import = 9
========================================================================
Received Import Request.
  Time since last request: 0.000011 seconds.
  path: Assets/AssetPackages/SyntyStudios/PolygonPrototype/Prefabs/Icons/SM_Icon_Car_01.prefab
  artifactKey: Guid(d6b5c39a59f0b5045bb2999a0651a29e) Importer(815301076,1909f56bfc062723c751e8b465ee728b)
Start importing Assets/AssetPackages/SyntyStudios/PolygonPrototype/Prefabs/Icons/SM_Icon_Car_01.prefab using Guid(d6b5c39a59f0b5045bb2999a0651a29e) Importer(815301076,1909f56bfc062723c751e8b465ee728b)  -> (artifact id: '13b03ba1b53f8d998aa887d4ba71d1ff') in 0.013468 seconds
Number of updated asset objects reloaded before import = 0
Number of asset objects unloaded after import = 9
========================================================================
Received Import Request.
  Time since last request: 0.000011 seconds.
  path: Assets/AssetPackages/SyntyStudios/PolygonPrototype/Prefabs/Icons/SM_Icon_Coin_02.prefab
  artifactKey: Guid(494a0daefaadbc747a867c0b83a27403) Importer(815301076,1909f56bfc062723c751e8b465ee728b)
Start importing Assets/AssetPackages/SyntyStudios/PolygonPrototype/Prefabs/Icons/SM_Icon_Coin_02.prefab using Guid(494a0daefaadbc747a867c0b83a27403) Importer(815301076,1909f56bfc062723c751e8b465ee728b)  -> (artifact id: '0feaaf115509eefd8772c3e1c2f2a055') in 0.010967 seconds
Number of updated asset objects reloaded before import = 0
Number of asset objects unloaded after import = 9
========================================================================
Received Import Request.
  Time since last request: 0.037092 seconds.
  path: Assets/AssetPackages/SyntyStudios/PolygonPrototype/Prefabs/Icons/SM_Icon_Controller_01.prefab
  artifactKey: Guid(670095002324ee240a76c644c6bc1c57) Importer(815301076,1909f56bfc062723c751e8b465ee728b)
Start importing Assets/AssetPackages/SyntyStudios/PolygonPrototype/Prefabs/Icons/SM_Icon_Controller_01.prefab using Guid(670095002324ee240a76c644c6bc1c57) Importer(815301076,1909f56bfc062723c751e8b465ee728b)  -> (artifact id: '966ab24959c460e0d56b215dabac67c2') in 0.012896 seconds
Number of updated asset objects reloaded before import = 0
Number of asset objects unloaded after import = 9
========================================================================
Received Import Request.
  Time since last request: 0.000022 seconds.
  path: Assets/AssetPackages/SyntyStudios/PolygonPrototype/Prefabs/Icons/SM_Icon_Cup_01.prefab
  artifactKey: Guid(53de18866d12f2945aa8750ece1cfde0) Importer(815301076,1909f56bfc062723c751e8b465ee728b)
Start importing Assets/AssetPackages/SyntyStudios/PolygonPrototype/Prefabs/Icons/SM_Icon_Cup_01.prefab using Guid(53de18866d12f2945aa8750ece1cfde0) Importer(815301076,1909f56bfc062723c751e8b465ee728b)  -> (artifact id: '6e8c65969492ce666e6c32d7db951d17') in 0.015622 seconds
Number of updated asset objects reloaded before import = 0
Number of asset objects unloaded after import = 9
========================================================================
Received Import Request.
  Time since last request: 0.000087 seconds.
  path: Assets/AssetPackages/SyntyStudios/PolygonPrototype/Prefabs/Icons/SM_Icon_Error_Circle_01.prefab
  artifactKey: Guid(8ddcbc9a059cde64f8e309e3fe06e328) Importer(815301076,1909f56bfc062723c751e8b465ee728b)
Start importing Assets/AssetPackages/SyntyStudios/PolygonPrototype/Prefabs/Icons/SM_Icon_Error_Circle_01.prefab using Guid(8ddcbc9a059cde64f8e309e3fe06e328) Importer(815301076,1909f56bfc062723c751e8b465ee728b)  -> (artifact id: 'c837ae59d33da3f150edf2fb4bf3ffb6') in 0.015020 seconds
Number of updated asset objects reloaded before import = 0
Number of asset objects unloaded after import = 9
========================================================================
Received Import Request.
  Time since last request: 0.037882 seconds.
  path: Assets/AssetPackages/SyntyStudios/PolygonPrototype/Prefabs/Icons/SM_Icon_Clapper_01.prefab
  artifactKey: Guid(934e4db08015ce94ca1f2742d01bccc1) Importer(815301076,1909f56bfc062723c751e8b465ee728b)
Start importing Assets/AssetPackages/SyntyStudios/PolygonPrototype/Prefabs/Icons/SM_Icon_Clapper_01.prefab using Guid(934e4db08015ce94ca1f2742d01bccc1) Importer(815301076,1909f56bfc062723c751e8b465ee728b)  -> (artifact id: 'fbb0bd85800dde04655bb4accdd0608b') in 0.016524 seconds
Number of updated asset objects reloaded before import = 0
Number of asset objects unloaded after import = 9
========================================================================
Received Import Request.
  Time since last request: 0.000014 seconds.
  path: Assets/AssetPackages/SyntyStudios/PolygonPrototype/Prefabs/Icons/SM_Icon_Health_01.prefab
  artifactKey: Guid(c10dce192eb6319479589ded5f0757ff) Importer(815301076,1909f56bfc062723c751e8b465ee728b)
Start importing Assets/AssetPackages/SyntyStudios/PolygonPrototype/Prefabs/Icons/SM_Icon_Health_01.prefab using Guid(c10dce192eb6319479589ded5f0757ff) Importer(815301076,1909f56bfc062723c751e8b465ee728b)  -> (artifact id: '039528a3405f54027d39e858cf78ad7b') in 0.015809 seconds
Number of updated asset objects reloaded before import = 0
Number of asset objects unloaded after import = 9
========================================================================
Received Import Request.
  Time since last request: 0.042924 seconds.
  path: Assets/AssetPackages/SyntyStudios/PolygonPrototype/Prefabs/Icons/SM_Icon_Home_01.prefab
  artifactKey: Guid(654d4d8f5974c3b48ae242504f4725dc) Importer(815301076,1909f56bfc062723c751e8b465ee728b)
Start importing Assets/AssetPackages/SyntyStudios/PolygonPrototype/Prefabs/Icons/SM_Icon_Home_01.prefab using Guid(654d4d8f5974c3b48ae242504f4725dc) Importer(815301076,1909f56bfc062723c751e8b465ee728b)  -> (artifact id: 'dcd37c62fea4e1b7596423ed24f4ad69') in 0.013168 seconds
Number of updated asset objects reloaded before import = 0
Number of asset objects unloaded after import = 9
========================================================================
Received Import Request.
  Time since last request: 0.000020 seconds.
  path: Assets/AssetPackages/SyntyStudios/PolygonPrototype/Prefabs/Icons/SM_Icon_Key_01.prefab
  artifactKey: Guid(b2a695e06c2e5b2479e979dd3b2197e8) Importer(815301076,1909f56bfc062723c751e8b465ee728b)
Start importing Assets/AssetPackages/SyntyStudios/PolygonPrototype/Prefabs/Icons/SM_Icon_Key_01.prefab using Guid(b2a695e06c2e5b2479e979dd3b2197e8) Importer(815301076,1909f56bfc062723c751e8b465ee728b)  -> (artifact id: '8bfafc805e7cb0cc04f635c33c00086d') in 0.016215 seconds
Number of updated asset objects reloaded before import = 0
Number of asset objects unloaded after import = 9
========================================================================
Received Import Request.
  Time since last request: 0.000022 seconds.
  path: Assets/AssetPackages/SyntyStudios/PolygonPrototype/Prefabs/Icons/SM_Icon_Letter_B_01.prefab
  artifactKey: Guid(cdea880bae2952e49939a7833bfb766a) Importer(815301076,1909f56bfc062723c751e8b465ee728b)
Start importing Assets/AssetPackages/SyntyStudios/PolygonPrototype/Prefabs/Icons/SM_Icon_Letter_B_01.prefab using Guid(cdea880bae2952e49939a7833bfb766a) Importer(815301076,1909f56bfc062723c751e8b465ee728b)  -> (artifact id: '75f7ef8d2ea2de6f1d50b4942df225a8') in 0.017758 seconds
Number of updated asset objects reloaded before import = 0
Number of asset objects unloaded after import = 9
========================================================================
Received Import Request.
  Time since last request: 0.034436 seconds.
  path: Assets/AssetPackages/SyntyStudios/PolygonPrototype/Prefabs/Icons/SM_Icon_Letter_C_01.prefab
  artifactKey: Guid(6e3d60155f21e3b45925e3c48d8b103a) Importer(815301076,1909f56bfc062723c751e8b465ee728b)
Start importing Assets/AssetPackages/SyntyStudios/PolygonPrototype/Prefabs/Icons/SM_Icon_Letter_C_01.prefab using Guid(6e3d60155f21e3b45925e3c48d8b103a) Importer(815301076,1909f56bfc062723c751e8b465ee728b)  -> (artifact id: '5ed13c8dd291a0c4629f5729167260db') in 0.014510 seconds
Number of updated asset objects reloaded before import = 0
Number of asset objects unloaded after import = 9
========================================================================
Received Import Request.
  Time since last request: 0.000024 seconds.
  path: Assets/AssetPackages/SyntyStudios/PolygonPrototype/Prefabs/Icons/SM_Icon_Letter_D_01.prefab
  artifactKey: Guid(a934495896a02664a9a0bfa0f9e0b552) Importer(815301076,1909f56bfc062723c751e8b465ee728b)
Start importing Assets/AssetPackages/SyntyStudios/PolygonPrototype/Prefabs/Icons/SM_Icon_Letter_D_01.prefab using Guid(a934495896a02664a9a0bfa0f9e0b552) Importer(815301076,1909f56bfc062723c751e8b465ee728b)  -> (artifact id: '303947c147cb920ea165ebf1da9c9e0b') in 0.017189 seconds
Number of updated asset objects reloaded before import = 0
Number of asset objects unloaded after import = 9
========================================================================
Received Import Request.
  Time since last request: 0.000018 seconds.
  path: Assets/AssetPackages/SyntyStudios/PolygonPrototype/Prefabs/Icons/SM_Icon_Letter_H_01.prefab
  artifactKey: Guid(6028f8f66fe9090498378b364e4c4b3e) Importer(815301076,1909f56bfc062723c751e8b465ee728b)
Start importing Assets/AssetPackages/SyntyStudios/PolygonPrototype/Prefabs/Icons/SM_Icon_Letter_H_01.prefab using Guid(6028f8f66fe9090498378b364e4c4b3e) Importer(815301076,1909f56bfc062723c751e8b465ee728b)  -> (artifact id: '744cbce18f27db2f18728fccc5c18e7c') in 0.019541 seconds
Number of updated asset objects reloaded before import = 0
Number of asset objects unloaded after import = 9
========================================================================
Received Import Request.
  Time since last request: 0.000019 seconds.
  path: Assets/AssetPackages/SyntyStudios/PolygonPrototype/Prefabs/Icons/SM_Icon_Letter_L_01.prefab
  artifactKey: Guid(c28f42d448414574ba705455801920cb) Importer(815301076,1909f56bfc062723c751e8b465ee728b)
Start importing Assets/AssetPackages/SyntyStudios/PolygonPrototype/Prefabs/Icons/SM_Icon_Letter_L_01.prefab using Guid(c28f42d448414574ba705455801920cb) Importer(815301076,1909f56bfc062723c751e8b465ee728b)  -> (artifact id: '7b149b44554a954d732047b97fdb45db') in 0.012591 seconds
Number of updated asset objects reloaded before import = 0
Number of asset objects unloaded after import = 9
========================================================================
Received Import Request.
  Time since last request: 0.000015 seconds.
  path: Assets/AssetPackages/SyntyStudios/PolygonPrototype/Prefabs/Icons/SM_Icon_Letter_M_01.prefab
  artifactKey: Guid(3407243f2710b7a4abb5d6e6e8bc0344) Importer(815301076,1909f56bfc062723c751e8b465ee728b)
Start importing Assets/AssetPackages/SyntyStudios/PolygonPrototype/Prefabs/Icons/SM_Icon_Letter_M_01.prefab using Guid(3407243f2710b7a4abb5d6e6e8bc0344) Importer(815301076,1909f56bfc062723c751e8b465ee728b)  -> (artifact id: 'abdca397bc4a25f5822cc8543c025ac7') in 0.011963 seconds
Number of updated asset objects reloaded before import = 0
Number of asset objects unloaded after import = 9
========================================================================
Received Import Request.
  Time since last request: 0.000012 seconds.
  path: Assets/AssetPackages/SyntyStudios/PolygonPrototype/Prefabs/Icons/SM_Icon_Letter_Q_01.prefab
  artifactKey: Guid(210eb2e9ae69d0448b0439b72fab6f78) Importer(815301076,1909f56bfc062723c751e8b465ee728b)
Start importing Assets/AssetPackages/SyntyStudios/PolygonPrototype/Prefabs/Icons/SM_Icon_Letter_Q_01.prefab using Guid(210eb2e9ae69d0448b0439b72fab6f78) Importer(815301076,1909f56bfc062723c751e8b465ee728b)  -> (artifact id: '922b2851357f6dd2f5bb73df889d54ef') in 0.013512 seconds
Number of updated asset objects reloaded before import = 0
Number of asset objects unloaded after import = 9
========================================================================
Received Import Request.
  Time since last request: 0.000014 seconds.
  path: Assets/AssetPackages/SyntyStudios/PolygonPrototype/Prefabs/Icons/SM_Icon_Letter_Question_01.prefab
  artifactKey: Guid(739d483b7f2e9b542af115dd3353ad7a) Importer(815301076,1909f56bfc062723c751e8b465ee728b)
Start importing Assets/AssetPackages/SyntyStudios/PolygonPrototype/Prefabs/Icons/SM_Icon_Letter_Question_01.prefab using Guid(739d483b7f2e9b542af115dd3353ad7a) Importer(815301076,1909f56bfc062723c751e8b465ee728b)  -> (artifact id: 'd57a6ecb0297d7449a700e141fccdeef') in 0.014402 seconds
Number of updated asset objects reloaded before import = 0
Number of asset objects unloaded after import = 9
========================================================================
Received Import Request.
  Time since last request: 0.000025 seconds.
  path: Assets/AssetPackages/SyntyStudios/PolygonPrototype/Prefabs/Icons/SM_Icon_Letter_S_01.prefab
  artifactKey: Guid(6aa55100cace5aa4986866d3df57507f) Importer(815301076,1909f56bfc062723c751e8b465ee728b)
Start importing Assets/AssetPackages/SyntyStudios/PolygonPrototype/Prefabs/Icons/SM_Icon_Letter_S_01.prefab using Guid(6aa55100cace5aa4986866d3df57507f) Importer(815301076,1909f56bfc062723c751e8b465ee728b)  -> (artifact id: 'f2846a2ca648be0511e20125ee51139c') in 0.034516 seconds
Number of updated asset objects reloaded before import = 0
Number of asset objects unloaded after import = 9
========================================================================
Received Import Request.
  Time since last request: 0.000012 seconds.
  path: Assets/AssetPackages/SyntyStudios/PolygonPrototype/Prefabs/Icons/SM_Icon_Letter_V_01.prefab
  artifactKey: Guid(1ce54b69c73d38e4fbfc1d1821070ca0) Importer(815301076,1909f56bfc062723c751e8b465ee728b)
Start importing Assets/AssetPackages/SyntyStudios/PolygonPrototype/Prefabs/Icons/SM_Icon_Letter_V_01.prefab using Guid(1ce54b69c73d38e4fbfc1d1821070ca0) Importer(815301076,1909f56bfc062723c751e8b465ee728b)  -> (artifact id: 'dab4be02a4d6abdbc7d927bd8e77c693') in 0.014709 seconds
Number of updated asset objects reloaded before import = 0
Number of asset objects unloaded after import = 9
========================================================================
Received Import Request.
  Time since last request: 0.000012 seconds.
  path: Assets/AssetPackages/SyntyStudios/PolygonPrototype/Prefabs/Icons/SM_Icon_Letter_W_01.prefab
  artifactKey: Guid(82fe491ba85f82a4a9e898fbae9357fb) Importer(815301076,1909f56bfc062723c751e8b465ee728b)
Start importing Assets/AssetPackages/SyntyStudios/PolygonPrototype/Prefabs/Icons/SM_Icon_Letter_W_01.prefab using Guid(82fe491ba85f82a4a9e898fbae9357fb) Importer(815301076,1909f56bfc062723c751e8b465ee728b)  -> (artifact id: '84e1fb9439b1c309c459bc03f932fd96') in 0.012982 seconds
Number of updated asset objects reloaded before import = 0
Number of asset objects unloaded after import = 9
========================================================================
Received Import Request.
  Time since last request: 0.000012 seconds.
  path: Assets/AssetPackages/SyntyStudios/PolygonPrototype/Prefabs/Icons/SM_Icon_Light_Area_01.prefab
  artifactKey: Guid(5b6cf40d483399744868fa026f8a03c0) Importer(815301076,1909f56bfc062723c751e8b465ee728b)
Start importing Assets/AssetPackages/SyntyStudios/PolygonPrototype/Prefabs/Icons/SM_Icon_Light_Area_01.prefab using Guid(5b6cf40d483399744868fa026f8a03c0) Importer(815301076,1909f56bfc062723c751e8b465ee728b)  -> (artifact id: '39e1efabcd031642c8c7f5de912488de') in 0.013032 seconds
Number of updated asset objects reloaded before import = 0
Number of asset objects unloaded after import = 9
========================================================================
Received Import Request.
  Time since last request: 0.000020 seconds.
  path: Assets/AssetPackages/SyntyStudios/PolygonPrototype/Prefabs/Icons/SM_Icon_Light_Directional_01.prefab
  artifactKey: Guid(aa0557be1d6ffea4b9714f0d076c2c7e) Importer(815301076,1909f56bfc062723c751e8b465ee728b)
Start importing Assets/AssetPackages/SyntyStudios/PolygonPrototype/Prefabs/Icons/SM_Icon_Light_Directional_01.prefab using Guid(aa0557be1d6ffea4b9714f0d076c2c7e) Importer(815301076,1909f56bfc062723c751e8b465ee728b)  -> (artifact id: 'aafde7fd4b60a099c2e3bf61122f438d') in 0.015117 seconds
Number of updated asset objects reloaded before import = 0
Number of asset objects unloaded after import = 9
========================================================================
Received Import Request.
  Time since last request: 0.000012 seconds.
  path: Assets/AssetPackages/SyntyStudios/PolygonPrototype/Prefabs/Icons/SM_Icon_Lock_Closed_01.prefab
  artifactKey: Guid(99988e54640b2fd41bd0786a1237bfd6) Importer(815301076,1909f56bfc062723c751e8b465ee728b)
Start importing Assets/AssetPackages/SyntyStudios/PolygonPrototype/Prefabs/Icons/SM_Icon_Lock_Closed_01.prefab using Guid(99988e54640b2fd41bd0786a1237bfd6) Importer(815301076,1909f56bfc062723c751e8b465ee728b)  -> (artifact id: '4c2e695e9733d3d169317f699801ff81') in 0.012516 seconds
Number of updated asset objects reloaded before import = 0
Number of asset objects unloaded after import = 9
========================================================================
Received Import Request.
  Time since last request: 0.000013 seconds.
  path: Assets/AssetPackages/SyntyStudios/PolygonPrototype/Prefabs/Icons/SM_Icon_Number_0_01.prefab
  artifactKey: Guid(74a9257a661a37549802618b294858b9) Importer(815301076,1909f56bfc062723c751e8b465ee728b)
Start importing Assets/AssetPackages/SyntyStudios/PolygonPrototype/Prefabs/Icons/SM_Icon_Number_0_01.prefab using Guid(74a9257a661a37549802618b294858b9) Importer(815301076,1909f56bfc062723c751e8b465ee728b)  -> (artifact id: 'f5e70f563c87752aa3252175ea043e7a') in 0.015480 seconds
Number of updated asset objects reloaded before import = 0
Number of asset objects unloaded after import = 9
========================================================================
Received Import Request.
  Time since last request: 0.000013 seconds.
  path: Assets/AssetPackages/SyntyStudios/PolygonPrototype/Prefabs/Icons/SM_Icon_Number_2_01.prefab
  artifactKey: Guid(865a62eafdecee64ab9e947e326488d8) Importer(815301076,1909f56bfc062723c751e8b465ee728b)
Start importing Assets/AssetPackages/SyntyStudios/PolygonPrototype/Prefabs/Icons/SM_Icon_Number_2_01.prefab using Guid(865a62eafdecee64ab9e947e326488d8) Importer(815301076,1909f56bfc062723c751e8b465ee728b)  -> (artifact id: '56a9d12f852282f48efc9db89474203d') in 0.014042 seconds
Number of updated asset objects reloaded before import = 0
Number of asset objects unloaded after import = 9
========================================================================
Received Import Request.
  Time since last request: 0.000016 seconds.
  path: Assets/AssetPackages/SyntyStudios/PolygonPrototype/Prefabs/Icons/SM_Icon_Number_4_01.prefab
  artifactKey: Guid(870fd7f62a29b6548a6ba00596d49c6b) Importer(815301076,1909f56bfc062723c751e8b465ee728b)
Start importing Assets/AssetPackages/SyntyStudios/PolygonPrototype/Prefabs/Icons/SM_Icon_Number_4_01.prefab using Guid(870fd7f62a29b6548a6ba00596d49c6b) Importer(815301076,1909f56bfc062723c751e8b465ee728b)  -> (artifact id: 'e3a002f7b549a878535742a9f446d676') in 0.018979 seconds
Number of updated asset objects reloaded before import = 0
Number of asset objects unloaded after import = 9
========================================================================
Received Import Request.
  Time since last request: 0.000018 seconds.
  path: Assets/AssetPackages/SyntyStudios/PolygonPrototype/Prefabs/Icons/SM_Icon_Light_Spotlight_01.prefab
  artifactKey: Guid(70b3d2ddfc6ce7e469cfa4a3813595ad) Importer(815301076,1909f56bfc062723c751e8b465ee728b)
Start importing Assets/AssetPackages/SyntyStudios/PolygonPrototype/Prefabs/Icons/SM_Icon_Light_Spotlight_01.prefab using Guid(70b3d2ddfc6ce7e469cfa4a3813595ad) Importer(815301076,1909f56bfc062723c751e8b465ee728b)  -> (artifact id: '22951b4aa69f6651053c4e59b6d255b2') in 0.017034 seconds
Number of updated asset objects reloaded before import = 0
Number of asset objects unloaded after import = 9
========================================================================
Received Import Request.
  Time since last request: 0.000013 seconds.
  path: Assets/AssetPackages/SyntyStudios/PolygonPrototype/Prefabs/Icons/SM_Icon_Letter_Bracket_01.prefab
  artifactKey: Guid(2fc205a0946583e4da7a6d0ec27e719c) Importer(815301076,1909f56bfc062723c751e8b465ee728b)
Start importing Assets/AssetPackages/SyntyStudios/PolygonPrototype/Prefabs/Icons/SM_Icon_Letter_Bracket_01.prefab using Guid(2fc205a0946583e4da7a6d0ec27e719c) Importer(815301076,1909f56bfc062723c751e8b465ee728b)  -> (artifact id: '42e02bce8310215a942fc45b48d364ed') in 0.020470 seconds
Number of updated asset objects reloaded before import = 0
Number of asset objects unloaded after import = 9
========================================================================
Received Import Request.
  Time since last request: 0.000015 seconds.
  path: Assets/AssetPackages/SyntyStudios/PolygonPrototype/Prefabs/Icons/SM_Icon_Letter_Z_01.prefab
  artifactKey: Guid(1e2504868436ebd47b70c3ffd898c8bb) Importer(815301076,1909f56bfc062723c751e8b465ee728b)
Start importing Assets/AssetPackages/SyntyStudios/PolygonPrototype/Prefabs/Icons/SM_Icon_Letter_Z_01.prefab using Guid(1e2504868436ebd47b70c3ffd898c8bb) Importer(815301076,1909f56bfc062723c751e8b465ee728b)  -> (artifact id: '79a84159b7dfc61c7848a12cf25ebdc7') in 0.020610 seconds
Number of updated asset objects reloaded before import = 0
Number of asset objects unloaded after import = 9
========================================================================
Received Import Request.
  Time since last request: 0.000022 seconds.
  path: Assets/AssetPackages/SyntyStudios/PolygonPrototype/Prefabs/Icons/SM_Icon_Letter_P_01.prefab
  artifactKey: Guid(a435cae83297246448675e1dceae9a74) Importer(815301076,1909f56bfc062723c751e8b465ee728b)
Start importing Assets/AssetPackages/SyntyStudios/PolygonPrototype/Prefabs/Icons/SM_Icon_Letter_P_01.prefab using Guid(a435cae83297246448675e1dceae9a74) Importer(815301076,1909f56bfc062723c751e8b465ee728b)  -> (artifact id: '0f82b41e2f73fe5f87dc9bc121db1cf5') in 0.011832 seconds
Number of updated asset objects reloaded before import = 0
Number of asset objects unloaded after import = 9
========================================================================
Received Import Request.
  Time since last request: 0.000036 seconds.
  path: Assets/AssetPackages/SyntyStudios/PolygonPrototype/Prefabs/Icons/SM_Icon_Cup_03.prefab
  artifactKey: Guid(b473c2cc76310644cb822273c847741a) Importer(815301076,1909f56bfc062723c751e8b465ee728b)
Start importing Assets/AssetPackages/SyntyStudios/PolygonPrototype/Prefabs/Icons/SM_Icon_Cup_03.prefab using Guid(b473c2cc76310644cb822273c847741a) Importer(815301076,1909f56bfc062723c751e8b465ee728b)  -> (artifact id: '9ff9147111abf2681761c6afc43b138d') in 0.015358 seconds
Number of updated asset objects reloaded before import = 0
Number of asset objects unloaded after import = 9
========================================================================
Received Import Request.
  Time since last request: 0.000024 seconds.
  path: Assets/AssetPackages/SyntyStudios/PolygonPrototype/Prefabs/Icons/SM_Icon_Letter_K_01.prefab
  artifactKey: Guid(12cabe384aad81e4085d94aeaed39a42) Importer(815301076,1909f56bfc062723c751e8b465ee728b)
Start importing Assets/AssetPackages/SyntyStudios/PolygonPrototype/Prefabs/Icons/SM_Icon_Letter_K_01.prefab using Guid(12cabe384aad81e4085d94aeaed39a42) Importer(815301076,1909f56bfc062723c751e8b465ee728b)  -> (artifact id: '2a0720141436302782d2d4995e88581e') in 0.014196 seconds
Number of updated asset objects reloaded before import = 0
Number of asset objects unloaded after import = 9
========================================================================
Received Import Request.
  Time since last request: 0.000034 seconds.
  path: Assets/AssetPackages/SyntyStudios/PolygonPrototype/Prefabs/Icons/SM_Icon_Guage_01.prefab
  artifactKey: Guid(68bad1cd05d95b94699b8b61b594f053) Importer(815301076,1909f56bfc062723c751e8b465ee728b)
Start importing Assets/AssetPackages/SyntyStudios/PolygonPrototype/Prefabs/Icons/SM_Icon_Guage_01.prefab using Guid(68bad1cd05d95b94699b8b61b594f053) Importer(815301076,1909f56bfc062723c751e8b465ee728b)  -> (artifact id: '053a0a0d0bd8962bac3cfafca7d204ae') in 0.013818 seconds
Number of updated asset objects reloaded before import = 0
Number of asset objects unloaded after import = 14
========================================================================
Received Import Request.
  Time since last request: 0.000022 seconds.
  path: Assets/AssetPackages/SyntyStudios/PolygonPrototype/Prefabs/Icons/SM_Icon_Health_02.prefab
  artifactKey: Guid(d30c6e18a473ede40b473c59c24dd36a) Importer(815301076,1909f56bfc062723c751e8b465ee728b)
Start importing Assets/AssetPackages/SyntyStudios/PolygonPrototype/Prefabs/Icons/SM_Icon_Health_02.prefab using Guid(d30c6e18a473ede40b473c59c24dd36a) Importer(815301076,1909f56bfc062723c751e8b465ee728b)  -> (artifact id: 'c3644b964a07016e74b65a569389a3f4') in 0.013805 seconds
Number of updated asset objects reloaded before import = 0
Number of asset objects unloaded after import = 9
========================================================================
Received Import Request.
  Time since last request: 0.000017 seconds.
  path: Assets/AssetPackages/SyntyStudios/PolygonPrototype/Prefabs/Icons/SM_Icon_Arrow_Small_01.prefab
  artifactKey: Guid(beb162d963ca065489b61138f84de28d) Importer(815301076,1909f56bfc062723c751e8b465ee728b)
Start importing Assets/AssetPackages/SyntyStudios/PolygonPrototype/Prefabs/Icons/SM_Icon_Arrow_Small_01.prefab using Guid(beb162d963ca065489b61138f84de28d) Importer(815301076,1909f56bfc062723c751e8b465ee728b)  -> (artifact id: '0414fbb5e03c3b90b5a9856c1e86eed7') in 0.014634 seconds
Number of updated asset objects reloaded before import = 0
Number of asset objects unloaded after import = 9
========================================================================
Received Import Request.
  Time since last request: 0.000018 seconds.
  path: Assets/AssetPackages/SyntyStudios/PolygonPrototype/Prefabs/Icons/SM_Icon_Coin_03.prefab
  artifactKey: Guid(937e9c32396257a4a9ab472491ad7601) Importer(815301076,1909f56bfc062723c751e8b465ee728b)
Start importing Assets/AssetPackages/SyntyStudios/PolygonPrototype/Prefabs/Icons/SM_Icon_Coin_03.prefab using Guid(937e9c32396257a4a9ab472491ad7601) Importer(815301076,1909f56bfc062723c751e8b465ee728b)  -> (artifact id: '6138f466fce12922a013eab02577f03c') in 0.012259 seconds
Number of updated asset objects reloaded before import = 0
Number of asset objects unloaded after import = 9
========================================================================
Received Import Request.
  Time since last request: 0.797231 seconds.
  path: Assets/AssetPackages/SyntyStudios/PolygonPrototype/Prefabs/Icons/SM_Icon_Number_5_01.prefab
  artifactKey: Guid(edb94f6a4d78d78428b82adb73621cf7) Importer(815301076,1909f56bfc062723c751e8b465ee728b)
Start importing Assets/AssetPackages/SyntyStudios/PolygonPrototype/Prefabs/Icons/SM_Icon_Number_5_01.prefab using Guid(edb94f6a4d78d78428b82adb73621cf7) Importer(815301076,1909f56bfc062723c751e8b465ee728b)  -> (artifact id: '8bf14df48fe23c97a2f21532a00f545d') in 0.007921 seconds
Number of updated asset objects reloaded before import = 0
Number of asset objects unloaded after import = 9
========================================================================
Received Import Request.
  Time since last request: 0.003810 seconds.
  path: Assets/AssetPackages/SyntyStudios/PolygonPrototype/Prefabs/Icons/SM_Icon_Number_7_01.prefab
  artifactKey: Guid(9ed65ffa45c2dae4a9af1014177bbb9f) Importer(815301076,1909f56bfc062723c751e8b465ee728b)
Start importing Assets/AssetPackages/SyntyStudios/PolygonPrototype/Prefabs/Icons/SM_Icon_Number_7_01.prefab using Guid(9ed65ffa45c2dae4a9af1014177bbb9f) Importer(815301076,1909f56bfc062723c751e8b465ee728b)  -> (artifact id: 'f28e6fa44b93a68e170bdab499648b39') in 0.007304 seconds
Number of updated asset objects reloaded before import = 0
Number of asset objects unloaded after import = 9
========================================================================
Received Import Request.
  Time since last request: 0.001506 seconds.
  path: Assets/AssetPackages/SyntyStudios/PolygonPrototype/Prefabs/Icons/SM_Icon_Number_9_01.prefab
  artifactKey: Guid(f0821e806418eb0448fe36d51e8de17c) Importer(815301076,1909f56bfc062723c751e8b465ee728b)
Start importing Assets/AssetPackages/SyntyStudios/PolygonPrototype/Prefabs/Icons/SM_Icon_Number_9_01.prefab using Guid(f0821e806418eb0448fe36d51e8de17c) Importer(815301076,1909f56bfc062723c751e8b465ee728b)  -> (artifact id: 'eff8a7c7cc313ea58d61842b126f3e4a') in 0.008207 seconds
Number of updated asset objects reloaded before import = 0
Number of asset objects unloaded after import = 9
========================================================================
Received Import Request.
  Time since last request: 0.000065 seconds.
  path: Assets/AssetPackages/SyntyStudios/PolygonPrototype/Prefabs/Icons/SM_Icon_Number_Hash_01.prefab
  artifactKey: Guid(2cbc7dd2950740d4a907aabcde7800a4) Importer(815301076,1909f56bfc062723c751e8b465ee728b)
Start importing Assets/AssetPackages/SyntyStudios/PolygonPrototype/Prefabs/Icons/SM_Icon_Number_Hash_01.prefab using Guid(2cbc7dd2950740d4a907aabcde7800a4) Importer(815301076,1909f56bfc062723c751e8b465ee728b)  -> (artifact id: '671a32db39d2b898afd674eaa99b93fc') in 0.007528 seconds
Number of updated asset objects reloaded before import = 0
Number of asset objects unloaded after import = 9
========================================================================
Received Import Request.
  Time since last request: 0.002328 seconds.
  path: Assets/AssetPackages/SyntyStudios/PolygonPrototype/Prefabs/Icons/SM_Icon_Pencil_01.prefab
  artifactKey: Guid(6d9eab045b895c3419d07d3b538a765a) Importer(815301076,1909f56bfc062723c751e8b465ee728b)
Start importing Assets/AssetPackages/SyntyStudios/PolygonPrototype/Prefabs/Icons/SM_Icon_Pencil_01.prefab using Guid(6d9eab045b895c3419d07d3b538a765a) Importer(815301076,1909f56bfc062723c751e8b465ee728b)  -> (artifact id: '012afb52e836c40975b2fe9a28f3bb4c') in 0.007540 seconds
Number of updated asset objects reloaded before import = 0
Number of asset objects unloaded after import = 9
========================================================================
Received Import Request.
  Time since last request: 0.001272 seconds.
  path: Assets/AssetPackages/SyntyStudios/PolygonPrototype/Prefabs/Icons/SM_Icon_Player_01.prefab
  artifactKey: Guid(6883331e3d333ee448be2c18429d0d5b) Importer(815301076,1909f56bfc062723c751e8b465ee728b)
Start importing Assets/AssetPackages/SyntyStudios/PolygonPrototype/Prefabs/Icons/SM_Icon_Player_01.prefab using Guid(6883331e3d333ee448be2c18429d0d5b) Importer(815301076,1909f56bfc062723c751e8b465ee728b)  -> (artifact id: 'b8832e7ac31efbf76d805dce308bfea0') in 0.008648 seconds
Number of updated asset objects reloaded before import = 0
Number of asset objects unloaded after import = 9
========================================================================
Received Import Request.
  Time since last request: 0.000938 seconds.
  path: Assets/AssetPackages/SyntyStudios/PolygonPrototype/Prefabs/Icons/SM_Icon_Potion_02.prefab
  artifactKey: Guid(2f3e352268bf84b45acf0d56b0b89518) Importer(815301076,1909f56bfc062723c751e8b465ee728b)
Start importing Assets/AssetPackages/SyntyStudios/PolygonPrototype/Prefabs/Icons/SM_Icon_Potion_02.prefab using Guid(2f3e352268bf84b45acf0d56b0b89518) Importer(815301076,1909f56bfc062723c751e8b465ee728b)  -> (artifact id: 'a3c39cb3bb1e4c6954f9ee505f39f3a2') in 0.007935 seconds
Number of updated asset objects reloaded before import = 0
Number of asset objects unloaded after import = 9
========================================================================
Received Import Request.
  Time since last request: 0.001297 seconds.
  path: Assets/AssetPackages/SyntyStudios/PolygonPrototype/Prefabs/Icons/SM_Icon_Repair_01.prefab
  artifactKey: Guid(8c8b2f5f0621e1f44aa8eb18820428a3) Importer(815301076,1909f56bfc062723c751e8b465ee728b)
Start importing Assets/AssetPackages/SyntyStudios/PolygonPrototype/Prefabs/Icons/SM_Icon_Repair_01.prefab using Guid(8c8b2f5f0621e1f44aa8eb18820428a3) Importer(815301076,1909f56bfc062723c751e8b465ee728b)  -> (artifact id: 'a14461c13c2164f62cea1e1ef733c3f8') in 0.009712 seconds
Number of updated asset objects reloaded before import = 0
Number of asset objects unloaded after import = 9
========================================================================
Received Import Request.
  Time since last request: 1.071035 seconds.
  path: Assets/AssetPackages/SyntyStudios/PolygonPrototype/Prefabs/Icons/SM_Icon_SelectionRing_01.prefab
  artifactKey: Guid(7384e233828f7bf4b88aeb1a36a9b104) Importer(815301076,1909f56bfc062723c751e8b465ee728b)
Start importing Assets/AssetPackages/SyntyStudios/PolygonPrototype/Prefabs/Icons/SM_Icon_SelectionRing_01.prefab using Guid(7384e233828f7bf4b88aeb1a36a9b104) Importer(815301076,1909f56bfc062723c751e8b465ee728b)  -> (artifact id: '0df88b3e552437eb280797500d14d097') in 0.007845 seconds
Number of updated asset objects reloaded before import = 0
Number of asset objects unloaded after import = 9
========================================================================
Received Import Request.
  Time since last request: 0.000402 seconds.
  path: Assets/AssetPackages/SyntyStudios/PolygonPrototype/Prefabs/Icons/SM_Icon_SelectionRing_03.prefab
  artifactKey: Guid(1656aec7f2b3ffe45a91801f58b00253) Importer(815301076,1909f56bfc062723c751e8b465ee728b)
Start importing Assets/AssetPackages/SyntyStudios/PolygonPrototype/Prefabs/Icons/SM_Icon_SelectionRing_03.prefab using Guid(1656aec7f2b3ffe45a91801f58b00253) Importer(815301076,1909f56bfc062723c751e8b465ee728b)  -> (artifact id: 'cb854a391580e06fe0c5b28e896ab200') in 0.008631 seconds
Number of updated asset objects reloaded before import = 0
Number of asset objects unloaded after import = 9
========================================================================
Received Import Request.
  Time since last request: 0.000109 seconds.
  path: Assets/AssetPackages/SyntyStudios/PolygonPrototype/Prefabs/Icons/SM_Icon_SelectionRing_05.prefab
  artifactKey: Guid(d3291f8781d26a04189ab3143fd13128) Importer(815301076,1909f56bfc062723c751e8b465ee728b)
Start importing Assets/AssetPackages/SyntyStudios/PolygonPrototype/Prefabs/Icons/SM_Icon_SelectionRing_05.prefab using Guid(d3291f8781d26a04189ab3143fd13128) Importer(815301076,1909f56bfc062723c751e8b465ee728b)  -> (artifact id: '972a3fec4df7ef1facb2af899d5349fe') in 0.009128 seconds
Number of updated asset objects reloaded before import = 0
Number of asset objects unloaded after import = 9
========================================================================
Received Import Request.
  Time since last request: 0.002287 seconds.
  path: Assets/AssetPackages/SyntyStudios/PolygonPrototype/Prefabs/Icons/SM_Icon_SelectionRing_08.prefab
  artifactKey: Guid(f412ae4e139aa44449e8b0578a51f09c) Importer(815301076,1909f56bfc062723c751e8b465ee728b)
Start importing Assets/AssetPackages/SyntyStudios/PolygonPrototype/Prefabs/Icons/SM_Icon_SelectionRing_08.prefab using Guid(f412ae4e139aa44449e8b0578a51f09c) Importer(815301076,1909f56bfc062723c751e8b465ee728b)  -> (artifact id: '78fefbe633fa1bcc221d952459a07f1b') in 0.011494 seconds
Number of updated asset objects reloaded before import = 0
Number of asset objects unloaded after import = 9
========================================================================
Received Import Request.
  Time since last request: 0.001821 seconds.
  path: Assets/AssetPackages/SyntyStudios/PolygonPrototype/Prefabs/Icons/SM_Icon_Skull_01.prefab
  artifactKey: Guid(1aeca1bd9f707c245a80c7f103d235f9) Importer(815301076,1909f56bfc062723c751e8b465ee728b)
Start importing Assets/AssetPackages/SyntyStudios/PolygonPrototype/Prefabs/Icons/SM_Icon_Skull_01.prefab using Guid(1aeca1bd9f707c245a80c7f103d235f9) Importer(815301076,1909f56bfc062723c751e8b465ee728b)  -> (artifact id: '3f32e41ce68380f911ecae38c46b360f') in 0.009694 seconds
Number of updated asset objects reloaded before import = 0
Number of asset objects unloaded after import = 9
========================================================================
Received Import Request.
  Time since last request: 0.001722 seconds.
  path: Assets/AssetPackages/SyntyStudios/PolygonPrototype/Prefabs/Icons/SM_Icon_SpeechBubble_02.prefab
  artifactKey: Guid(58df0da85d616cd41ab7a55c6bdd6b75) Importer(815301076,1909f56bfc062723c751e8b465ee728b)
Start importing Assets/AssetPackages/SyntyStudios/PolygonPrototype/Prefabs/Icons/SM_Icon_SpeechBubble_02.prefab using Guid(58df0da85d616cd41ab7a55c6bdd6b75) Importer(815301076,1909f56bfc062723c751e8b465ee728b)  -> (artifact id: '21e577badfc8d8c0fafce77047abf4f9') in 0.008008 seconds
Number of updated asset objects reloaded before import = 0
Number of asset objects unloaded after import = 9
========================================================================
Received Import Request.
  Time since last request: 0.027671 seconds.
  path: Assets/AssetPackages/SyntyStudios/PolygonPrototype/Prefabs/Icons/SM_Icon_Star_02.prefab
  artifactKey: Guid(38bf683a040b90a4681baee96cb396ac) Importer(815301076,1909f56bfc062723c751e8b465ee728b)
Start importing Assets/AssetPackages/SyntyStudios/PolygonPrototype/Prefabs/Icons/SM_Icon_Star_02.prefab using Guid(38bf683a040b90a4681baee96cb396ac) Importer(815301076,1909f56bfc062723c751e8b465ee728b)  -> (artifact id: 'ca9dcae51ce3906514a84be22f005a46') in 0.008677 seconds
Number of updated asset objects reloaded before import = 0
Number of asset objects unloaded after import = 9
========================================================================
Received Import Request.
  Time since last request: 0.002992 seconds.
  path: Assets/AssetPackages/SyntyStudios/PolygonPrototype/Prefabs/Icons/SM_Icon_Text_Bug_01.prefab
  artifactKey: Guid(50f9bf7d02cf90c469e152779cc8e002) Importer(815301076,1909f56bfc062723c751e8b465ee728b)
Start importing Assets/AssetPackages/SyntyStudios/PolygonPrototype/Prefabs/Icons/SM_Icon_Text_Bug_01.prefab using Guid(50f9bf7d02cf90c469e152779cc8e002) Importer(815301076,1909f56bfc062723c751e8b465ee728b)  -> (artifact id: 'a6b538621a4eb666b1d12bc1816b9d04') in 0.009117 seconds
Number of updated asset objects reloaded before import = 0
Number of asset objects unloaded after import = 9
========================================================================
Received Import Request.
  Time since last request: 0.000451 seconds.
  path: Assets/AssetPackages/SyntyStudios/PolygonPrototype/Prefabs/Icons/SM_Icon_Text_Start_01.prefab
  artifactKey: Guid(25879f4e0819bfd4bb8100782c43775c) Importer(815301076,1909f56bfc062723c751e8b465ee728b)
Start importing Assets/AssetPackages/SyntyStudios/PolygonPrototype/Prefabs/Icons/SM_Icon_Text_Start_01.prefab using Guid(25879f4e0819bfd4bb8100782c43775c) Importer(815301076,1909f56bfc062723c751e8b465ee728b)  -> (artifact id: '592b4027884bfbf6e4ec2589c84d7883') in 0.010896 seconds
Number of updated asset objects reloaded before import = 0
Number of asset objects unloaded after import = 9
========================================================================
Received Import Request.
  Time since last request: 0.001036 seconds.
  path: Assets/AssetPackages/SyntyStudios/PolygonPrototype/Prefabs/Icons/SM_Icon_Warning_01.prefab
  artifactKey: Guid(7cb0acf4466a79b47b4f694d5592c756) Importer(815301076,1909f56bfc062723c751e8b465ee728b)
Start importing Assets/AssetPackages/SyntyStudios/PolygonPrototype/Prefabs/Icons/SM_Icon_Warning_01.prefab using Guid(7cb0acf4466a79b47b4f694d5592c756) Importer(815301076,1909f56bfc062723c751e8b465ee728b)  -> (artifact id: '017814430f6395dbfdb68798c80d0398') in 0.010192 seconds
Number of updated asset objects reloaded before import = 0
Number of asset objects unloaded after import = 9
========================================================================
Received Import Request.
  Time since last request: 0.002897 seconds.
  path: Assets/AssetPackages/SyntyStudios/PolygonPrototype/Prefabs/Icons/SM_Icon_Weather_Cloudy_01.prefab
  artifactKey: Guid(08304228151c37a4c952b71e6689603d) Importer(815301076,1909f56bfc062723c751e8b465ee728b)
Start importing Assets/AssetPackages/SyntyStudios/PolygonPrototype/Prefabs/Icons/SM_Icon_Weather_Cloudy_01.prefab using Guid(08304228151c37a4c952b71e6689603d) Importer(815301076,1909f56bfc062723c751e8b465ee728b)  -> (artifact id: 'ea8c93aa4cba7d34d960ee3f54d06dfc') in 0.007467 seconds
Number of updated asset objects reloaded before import = 0
Number of asset objects unloaded after import = 9
========================================================================
Received Import Request.
  Time since last request: 0.001043 seconds.
  path: Assets/AssetPackages/SyntyStudios/PolygonPrototype/Prefabs/Icons/SM_Icon_Weather_Rain_01.prefab
  artifactKey: Guid(400e2f511a37d5641a67cc708e2e50a0) Importer(815301076,1909f56bfc062723c751e8b465ee728b)
Start importing Assets/AssetPackages/SyntyStudios/PolygonPrototype/Prefabs/Icons/SM_Icon_Weather_Rain_01.prefab using Guid(400e2f511a37d5641a67cc708e2e50a0) Importer(815301076,1909f56bfc062723c751e8b465ee728b)  -> (artifact id: '9cccdde9ee1192f5f7c10e986cb77c88') in 0.008723 seconds
Number of updated asset objects reloaded before import = 0
Number of asset objects unloaded after import = 9
========================================================================
Received Import Request.
  Time since last request: 0.000817 seconds.
  path: Assets/AssetPackages/SyntyStudios/PolygonPrototype/Prefabs/Icons/SM_Note_ArtPass_01.prefab
  artifactKey: Guid(2b310cd1e74700a4f978400c9571c898) Importer(815301076,1909f56bfc062723c751e8b465ee728b)
Start importing Assets/AssetPackages/SyntyStudios/PolygonPrototype/Prefabs/Icons/SM_Note_ArtPass_01.prefab using Guid(2b310cd1e74700a4f978400c9571c898) Importer(815301076,1909f56bfc062723c751e8b465ee728b)  -> (artifact id: '87076d6eb328ee692a4843018a3e2b34') in 0.008459 seconds
Number of updated asset objects reloaded before import = 0
Number of asset objects unloaded after import = 9
========================================================================
Received Import Request.
  Time since last request: 1.612097 seconds.
  path: Assets/AssetPackages/SyntyStudios/PolygonPrototype/Prefabs/Icons/SM_Note_Blank_01.prefab
  artifactKey: Guid(d6715ba281ee38748b8bd7effe72733a) Importer(815301076,1909f56bfc062723c751e8b465ee728b)
Start importing Assets/AssetPackages/SyntyStudios/PolygonPrototype/Prefabs/Icons/SM_Note_Blank_01.prefab using Guid(d6715ba281ee38748b8bd7effe72733a) Importer(815301076,1909f56bfc062723c751e8b465ee728b)  -> (artifact id: '26482249468b36b3100bf5a912c3856e') in 0.010234 seconds
Number of updated asset objects reloaded before import = 0
Number of asset objects unloaded after import = 9
========================================================================
Received Import Request.
  Time since last request: 0.000390 seconds.
  path: Assets/AssetPackages/SyntyStudios/PolygonPrototype/Prefabs/Icons/SM_Note_Crap_01.prefab
  artifactKey: Guid(7f9658b34ea62bb4f956eb49dd193aeb) Importer(815301076,1909f56bfc062723c751e8b465ee728b)
Start importing Assets/AssetPackages/SyntyStudios/PolygonPrototype/Prefabs/Icons/SM_Note_Crap_01.prefab using Guid(7f9658b34ea62bb4f956eb49dd193aeb) Importer(815301076,1909f56bfc062723c751e8b465ee728b)  -> (artifact id: 'a9124211e878ee76ae3805ceea936c58') in 0.008774 seconds
Number of updated asset objects reloaded before import = 0
Number of asset objects unloaded after import = 9
========================================================================
Received Import Request.
  Time since last request: 0.001078 seconds.
  path: Assets/AssetPackages/SyntyStudios/PolygonPrototype/Prefabs/Icons/SM_Note_Final_01.prefab
  artifactKey: Guid(639abf7f9b910b848b7c20e58663513d) Importer(815301076,1909f56bfc062723c751e8b465ee728b)
Start importing Assets/AssetPackages/SyntyStudios/PolygonPrototype/Prefabs/Icons/SM_Note_Final_01.prefab using Guid(639abf7f9b910b848b7c20e58663513d) Importer(815301076,1909f56bfc062723c751e8b465ee728b)  -> (artifact id: 'c32c8ec20ea17e294245201ceb834f37') in 0.009188 seconds
Number of updated asset objects reloaded before import = 0
Number of asset objects unloaded after import = 9
========================================================================
Received Import Request.
  Time since last request: 0.001915 seconds.
  path: Assets/AssetPackages/SyntyStudios/PolygonPrototype/Prefabs/Icons/SM_Note_Old_01.prefab
  artifactKey: Guid(71b1b7aae4b10fd4f897e97b3ce86f9d) Importer(815301076,1909f56bfc062723c751e8b465ee728b)
Start importing Assets/AssetPackages/SyntyStudios/PolygonPrototype/Prefabs/Icons/SM_Note_Old_01.prefab using Guid(71b1b7aae4b10fd4f897e97b3ce86f9d) Importer(815301076,1909f56bfc062723c751e8b465ee728b)  -> (artifact id: '6d07c8fa6ee25254537a85a3d6e3bef1') in 0.009170 seconds
Number of updated asset objects reloaded before import = 0
Number of asset objects unloaded after import = 9
========================================================================
Received Import Request.
  Time since last request: 0.000216 seconds.
  path: Assets/AssetPackages/SyntyStudios/PolygonPrototype/Prefabs/Icons/SM_Note_Test_01.prefab
  artifactKey: Guid(faf5d3bc870ae5e4da3635be8b819621) Importer(815301076,1909f56bfc062723c751e8b465ee728b)
Start importing Assets/AssetPackages/SyntyStudios/PolygonPrototype/Prefabs/Icons/SM_Note_Test_01.prefab using Guid(faf5d3bc870ae5e4da3635be8b819621) Importer(815301076,1909f56bfc062723c751e8b465ee728b)  -> (artifact id: 'ee0e0c091fc46f62ffb1f4d17cca1f0f') in 0.008268 seconds
Number of updated asset objects reloaded before import = 0
Number of asset objects unloaded after import = 9
========================================================================
Received Import Request.
  Time since last request: 50.703238 seconds.
  path: Assets/AssetPackages/SyntyStudios/PolygonPrototype/Prefabs/Characters/Character_Male_NoFace_01.prefab
  artifactKey: Guid(1617cfd7d856042459cec623d111378d) Importer(815301076,1909f56bfc062723c751e8b465ee728b)
Start importing Assets/AssetPackages/SyntyStudios/PolygonPrototype/Prefabs/Characters/Character_Male_NoFace_01.prefab using Guid(1617cfd7d856042459cec623d111378d) Importer(815301076,1909f56bfc062723c751e8b465ee728b)  -> (artifact id: '2a162bc0f9cc6dc0b286706992f53a9b') in 0.040545 seconds
Number of updated asset objects reloaded before import = 0
Number of asset objects unloaded after import = 136
Editor requested this worker to shutdown with reason: Scaling down because of idle timeout
TcpMessagingSession - receive error: operation aborted. errorcode: 995, details: The I/O operation has been aborted because of either a thread exit or an application request.
AssetImportWorker is now disconnected from the server
Process exiting
Exiting without the bug reporter. Application will terminate with return code 0