Using pre-set license
Built from '2022.3/staging' branch; Version is '2022.3.26f1 (ec6cd8118806) revision 15494360'; Using compiler version '192829333'; Build Type 'Release'
OS: 'Windows 11  (10.0.22631) 64bit Core' Language: 'en' Physical Memory: 32469 MB
BatchMode: 1, IsHumanControllingUs: 0, StartBugReporterOnCrash: 0, Is64bit: 1, IsPro: 1

COMMAND LINE ARGUMENTS:
C:\Program Files\Unity\Hub\Editor\2022.3.26f1\Editor\Unity.exe
-adb2
-batchMode
-noUpm
-name
AssetImportWorker26
-projectPath
D:/pppp/the game/My project
-logFile
Logs/AssetImportWorker26.log
-srvPort
62585
Successfully changed project path to: D:/pppp/the game/My project
D:/pppp/the game/My project
[UnityMemory] Configuration Parameters - Can be set up in boot.config
    "memorysetup-bucket-allocator-granularity=16"
    "memorysetup-bucket-allocator-bucket-count=8"
    "memorysetup-bucket-allocator-block-size=33554432"
    "memorysetup-bucket-allocator-block-count=8"
    "memorysetup-main-allocator-block-size=16777216"
    "memorysetup-thread-allocator-block-size=16777216"
    "memorysetup-gfx-main-allocator-block-size=16777216"
    "memorysetup-gfx-thread-allocator-block-size=16777216"
    "memorysetup-cache-allocator-block-size=4194304"
    "memorysetup-typetree-allocator-block-size=2097152"
    "memorysetup-profiler-bucket-allocator-granularity=16"
    "memorysetup-profiler-bucket-allocator-bucket-count=8"
    "memorysetup-profiler-bucket-allocator-block-size=33554432"
    "memorysetup-profiler-bucket-allocator-block-count=8"
    "memorysetup-profiler-allocator-block-size=16777216"
    "memorysetup-profiler-editor-allocator-block-size=1048576"
    "memorysetup-temp-allocator-size-main=16777216"
    "memorysetup-job-temp-allocator-block-size=2097152"
    "memorysetup-job-temp-allocator-block-size-background=1048576"
    "memorysetup-job-temp-allocator-reduction-small-platforms=262144"
    "memorysetup-allocator-temp-initial-block-size-main=262144"
    "memorysetup-allocator-temp-initial-block-size-worker=262144"
    "memorysetup-temp-allocator-size-background-worker=32768"
    "memorysetup-temp-allocator-size-job-worker=262144"
    "memorysetup-temp-allocator-size-preload-manager=33554432"
    "memorysetup-temp-allocator-size-nav-mesh-worker=65536"
    "memorysetup-temp-allocator-size-audio-worker=65536"
    "memorysetup-temp-allocator-size-cloud-worker=32768"
    "memorysetup-temp-allocator-size-gi-baking-worker=262144"
    "memorysetup-temp-allocator-size-gfx=262144"
Player connection [49344] Host "[IP] 192.168.1.159 [Port] 0 [Flags] 2 [Guid] 1857063075 [EditorId] 1857063075 [Version] 1048832 [Id] WindowsEditor(7,MSI) [Debug] 1 [PackageName] WindowsEditor [ProjectName] Editor" joined multi-casting on [225.0.0.222:54997]...

Player connection [49344] Host "[IP] 192.168.1.159 [Port] 0 [Flags] 2 [Guid] 1857063075 [EditorId] 1857063075 [Version] 1048832 [Id] WindowsEditor(7,MSI) [Debug] 1 [PackageName] WindowsEditor [ProjectName] Editor" joined alternative multi-casting on [225.0.0.222:34997]...

[Physics::Module] Initialized MultithreadedJobDispatcher with 31 workers.
Refreshing native plugins compatible for Editor in 7.93 ms, found 3 plugins.
Preloading 0 native plugins for Editor in 0.00 ms.
Initialize engine version: 2022.3.26f1 (ec6cd8118806)
[Subsystems] Discovering subsystems at path C:/Program Files/Unity/Hub/Editor/2022.3.26f1/Editor/Data/Resources/UnitySubsystems
[Subsystems] Discovering subsystems at path D:/pppp/the game/My project/Assets
GfxDevice: creating device client; threaded=0; jobified=0
Direct3D:
    Version:  Direct3D 11.0 [level 11.1]
    Renderer: NVIDIA GeForce RTX 4080 Laptop GPU (ID=0x27a0)
    Vendor:   NVIDIA
    VRAM:     11997 MB
    Driver:   32.0.15.5585
Initialize mono
Mono path[0] = 'C:/Program Files/Unity/Hub/Editor/2022.3.26f1/Editor/Data/Managed'
Mono path[1] = 'C:/Program Files/Unity/Hub/Editor/2022.3.26f1/Editor/Data/MonoBleedingEdge/lib/mono/unityjit-win32'
Mono config path = 'C:/Program Files/Unity/Hub/Editor/2022.3.26f1/Editor/Data/MonoBleedingEdge/etc'
Using monoOptions --debugger-agent=transport=dt_socket,embedding=1,server=y,suspend=n,address=127.0.0.1:56336
Begin MonoManager ReloadAssembly
Registering precompiled unity dll's ...
Register platform support module: C:/Program Files/Unity/Hub/Editor/2022.3.26f1/Editor/Data/PlaybackEngines/WebGLSupport/UnityEditor.WebGL.Extensions.dll
Register platform support module: C:/Program Files/Unity/Hub/Editor/2022.3.26f1/Editor/Data/PlaybackEngines/AndroidPlayer/UnityEditor.Android.Extensions.dll
Register platform support module: C:/Program Files/Unity/Hub/Editor/2022.3.26f1/Editor/Data/PlaybackEngines/iOSSupport/UnityEditor.iOS.Extensions.dll
Register platform support module: C:/Program Files/Unity/Hub/Editor/2022.3.26f1/Editor/Data/PlaybackEngines/WindowsStandaloneSupport/UnityEditor.WindowsStandalone.Extensions.dll
Register platform support module: C:/Program Files/Unity/Hub/Editor/2022.3.26f1/Editor/Data/PlaybackEngines/MetroSupport/UnityEditor.UWP.Extensions.dll
Registered in 0.018323 seconds.
- Loaded All Assemblies, in  0.284 seconds
Native extension for UWP target not found
Native extension for WindowsStandalone target not found
[usbmuxd] Start listen thread
[usbmuxd] Listen thread started
Native extension for iOS target not found
Native extension for Android target not found
Android Extension - Scanning For ADB Devices 1168 ms
Native extension for WebGL target not found
Mono: successfully reloaded assembly
- Finished resetting the current domain, in  1.416 seconds
Domain Reload Profiling: 1697ms
	BeginReloadAssembly (101ms)
		ExecutionOrderSort (0ms)
		DisableScriptedObjects (0ms)
		BackupInstance (0ms)
		ReleaseScriptingObjects (0ms)
		CreateAndSetChildDomain (1ms)
	RebuildCommonClasses (21ms)
	RebuildNativeTypeToScriptingClass (6ms)
	initialDomainReloadingComplete (53ms)
	LoadAllAssembliesAndSetupDomain (100ms)
		LoadAssemblies (101ms)
		RebuildTransferFunctionScriptingTraits (0ms)
		AnalyzeDomain (95ms)
			TypeCache.Refresh (95ms)
				TypeCache.ScanAssembly (85ms)
			ScanForSourceGeneratedMonoScriptInfo (0ms)
			ResolveRequiredComponents (0ms)
	FinalizeReload (1417ms)
		ReleaseScriptCaches (0ms)
		RebuildScriptCaches (0ms)
		SetupLoadedEditorAssemblies (1379ms)
			LogAssemblyErrors (0ms)
			InitializePlatformSupportModulesInManaged (1260ms)
			SetLoadedEditorAssemblies (3ms)
			RefreshPlugins (0ms)
			BeforeProcessingInitializeOnLoad (1ms)
			ProcessInitializeOnLoadAttributes (65ms)
			ProcessInitializeOnLoadMethodAttributes (49ms)
			AfterProcessingInitializeOnLoad (0ms)
			EditorAssembliesLoaded (0ms)
		ExecutionOrderSort2 (0ms)
		AwakeInstancesAfterBackupRestoration (0ms)
========================================================================
Worker process is ready to serve import requests
Begin MonoManager ReloadAssembly
- Loaded All Assemblies, in  0.484 seconds
Refreshing native plugins compatible for Editor in 2.21 ms, found 3 plugins.
Native extension for UWP target not found
Native extension for WindowsStandalone target not found
Native extension for iOS target not found
Native extension for Android target not found
Native extension for WebGL target not found
Package Manager log level set to [2]
[Package Manager] Server::EnsureServerProcessIsRunning -- launch failed, reason: Unity was launched with the -noUpm command-line argument
[Package Manager] UpmClient::Send -- Unable to send message (not connected to UPM process).
[Package Manager] Cannot connect to Unity Package Manager local server
Mono: successfully reloaded assembly
- Finished resetting the current domain, in  0.439 seconds
Domain Reload Profiling: 920ms
	BeginReloadAssembly (122ms)
		ExecutionOrderSort (0ms)
		DisableScriptedObjects (3ms)
		BackupInstance (0ms)
		ReleaseScriptingObjects (0ms)
		CreateAndSetChildDomain (12ms)
	RebuildCommonClasses (22ms)
	RebuildNativeTypeToScriptingClass (6ms)
	initialDomainReloadingComplete (32ms)
	LoadAllAssembliesAndSetupDomain (298ms)
		LoadAssemblies (254ms)
		RebuildTransferFunctionScriptingTraits (0ms)
		AnalyzeDomain (123ms)
			TypeCache.Refresh (109ms)
				TypeCache.ScanAssembly (97ms)
			ScanForSourceGeneratedMonoScriptInfo (10ms)
			ResolveRequiredComponents (3ms)
	FinalizeReload (439ms)
		ReleaseScriptCaches (0ms)
		RebuildScriptCaches (0ms)
		SetupLoadedEditorAssemblies (303ms)
			LogAssemblyErrors (0ms)
			InitializePlatformSupportModulesInManaged (30ms)
			SetLoadedEditorAssemblies (2ms)
			RefreshPlugins (0ms)
			BeforeProcessingInitializeOnLoad (40ms)
			ProcessInitializeOnLoadAttributes (210ms)
			ProcessInitializeOnLoadMethodAttributes (11ms)
			AfterProcessingInitializeOnLoad (10ms)
			EditorAssembliesLoaded (0ms)
		ExecutionOrderSort2 (0ms)
		AwakeInstancesAfterBackupRestoration (39ms)
Launched and connected shader compiler UnityShaderCompiler.exe after 0.07 seconds
Refreshing native plugins compatible for Editor in 2.08 ms, found 3 plugins.
Preloading 0 native plugins for Editor in 0.00 ms.
Unloading 3582 Unused Serialized files (Serialized files now loaded: 0)
Unloading 40 unused Assets / (58.4 KB). Loaded Objects now: 4052.
Memory consumption went from 148.0 MB to 147.9 MB.
Total: 2.299500 ms (FindLiveObjects: 0.132400 ms CreateObjectMapping: 0.042600 ms MarkObjects: 2.050200 ms  DeleteObjects: 0.073600 ms)

AssetImportParameters requested are different than current active one (requested -> active):
  custom:container-demuxer-ogg: 62fdf1f143b41e24485cea50d1cbac27 -> 
  custom:video-codec-MediaFoundation-h265: 746d11721c4dcdbdad8f713fa42b33f4 -> 
  custom:video-decoder-ogg-theora: a1e56fd34408186e4bbccfd4996cb3dc -> 
  custom:framework-win-MediaFoundation: 216162199b28c13a410421893ffa2e32 -> 
  custom:CustomObjectIndexerAttribute: 9a22284fe3817be447336de3de66b15e -> 
  custom:container-demuxer-webm: 4f35f7cbe854078d1ac9338744f61a02 -> 
  custom:container-muxer-webm: aa71ff27fc2769a1b78a27578f13a17b -> 
  custom:video-decoder-webm-vp8: 9c59270c3fd7afecdb556c50c9e8de78 -> 
  custom:SearchIndexIgnoredProperties: e643bd26f0fe6173181afceb89e7c659 -> 
  custom:AudioImporter_EditorPlatform: d09bf68614088b80899f8185d706f6e7 -> 
  custom:video-encoder-webm-vp8: eb34c28f22e8b96e1ab97ce403110664 -> 
  custom:audio-decoder-ogg-vorbis: bf7c407c2cedff20999df2af8eb42d56 -> 
  custom:audio-encoder-webm-vorbis: bf7c407c2cedff20999df2af8eb42d56 -> 
========================================================================
Received Import Request.
  Time since last request: 82211.745969 seconds.
  path: Assets/AssetPackages/SyntyStudios/PolygonKnights/Materials
  artifactKey: Guid(627c70d345db94d418a2e85584655f11) Importer(815301076,1909f56bfc062723c751e8b465ee728b)
Start importing Assets/AssetPackages/SyntyStudios/PolygonKnights/Materials using Guid(627c70d345db94d418a2e85584655f11) Importer(815301076,1909f56bfc062723c751e8b465ee728b)  -> (artifact id: 'd7e2a830278c799aea48fb6484a3d858') in 0.002195 seconds
Number of updated asset objects reloaded before import = 0
Number of asset objects unloaded after import = 0
========================================================================
Received Import Request.
  Time since last request: 0.111045 seconds.
  path: Assets/AssetPackages/SyntyStudios/PolygonKnights/Materials/PolyKnights_Character_Mat_Black.mat
  artifactKey: Guid(ccae2dc6cf6f0c4479b782fedd0c8172) Importer(815301076,1909f56bfc062723c751e8b465ee728b)
Start importing Assets/AssetPackages/SyntyStudios/PolygonKnights/Materials/PolyKnights_Character_Mat_Black.mat using Guid(ccae2dc6cf6f0c4479b782fedd0c8172) Importer(815301076,1909f56bfc062723c751e8b465ee728b)  -> (artifact id: 'c2f151896388743273d4c24de6c3d89f') in 0.061128 seconds
Number of updated asset objects reloaded before import = 0
Number of asset objects unloaded after import = 2
========================================================================
Received Import Request.
  Time since last request: 0.043356 seconds.
  path: Assets/AssetPackages/SyntyStudios/PolygonKnights/Materials/PolyKnights_Character_Mat_Yellow.mat
  artifactKey: Guid(84d244f5382d34e4ea928b070302fb7b) Importer(815301076,1909f56bfc062723c751e8b465ee728b)
Start importing Assets/AssetPackages/SyntyStudios/PolygonKnights/Materials/PolyKnights_Character_Mat_Yellow.mat using Guid(84d244f5382d34e4ea928b070302fb7b) Importer(815301076,1909f56bfc062723c751e8b465ee728b)  -> (artifact id: 'f0193bbcaac1b52370757d792bf5f467') in 0.014204 seconds
Number of updated asset objects reloaded before import = 0
Number of asset objects unloaded after import = 2
========================================================================
Received Import Request.
  Time since last request: 0.046418 seconds.
  path: Assets/AssetPackages/SyntyStudios/PolygonKnights/Materials/PolyKnights_Mat_Variation_03_Dark.mat
  artifactKey: Guid(f4370b1a470420149b4594453c7c25d2) Importer(815301076,1909f56bfc062723c751e8b465ee728b)
Start importing Assets/AssetPackages/SyntyStudios/PolygonKnights/Materials/PolyKnights_Mat_Variation_03_Dark.mat using Guid(f4370b1a470420149b4594453c7c25d2) Importer(815301076,1909f56bfc062723c751e8b465ee728b)  -> (artifact id: '04e705b54f62d785a6cb23cf3530e952') in 0.013947 seconds
Number of updated asset objects reloaded before import = 0
Number of asset objects unloaded after import = 2
========================================================================
Received Import Request.
  Time since last request: 0.000013 seconds.
  path: Assets/AssetPackages/SyntyStudios/PolygonKnights/Materials/PolyKnights_Mat_01_Dark.mat
  artifactKey: Guid(0bd927a906edd1a4083e71be716697ff) Importer(815301076,1909f56bfc062723c751e8b465ee728b)
Start importing Assets/AssetPackages/SyntyStudios/PolygonKnights/Materials/PolyKnights_Mat_01_Dark.mat using Guid(0bd927a906edd1a4083e71be716697ff) Importer(815301076,1909f56bfc062723c751e8b465ee728b)  -> (artifact id: '5fe37179a8285b6940b55f7e79a22670') in 0.013158 seconds
Number of updated asset objects reloaded before import = 0
Number of asset objects unloaded after import = 2
========================================================================
Received Import Request.
  Time since last request: 0.000012 seconds.
  path: Assets/AssetPackages/SyntyStudios/PolygonKnights/Materials/PolyKnights_Mat_Variation_04.mat
  artifactKey: Guid(32088d00f5b8e234db93a169565266ff) Importer(815301076,1909f56bfc062723c751e8b465ee728b)
Start importing Assets/AssetPackages/SyntyStudios/PolygonKnights/Materials/PolyKnights_Mat_Variation_04.mat using Guid(32088d00f5b8e234db93a169565266ff) Importer(815301076,1909f56bfc062723c751e8b465ee728b)  -> (artifact id: '88ba6c7baaaff14178d42ac61d438976') in 0.012088 seconds
Number of updated asset objects reloaded before import = 0
Number of asset objects unloaded after import = 2
========================================================================
Received Import Request.
  Time since last request: 0.000011 seconds.
  path: Assets/AssetPackages/SyntyStudios/PolygonKnights/Materials/PolyKnights_Character_Mat_Orange.mat
  artifactKey: Guid(75a95c1a6b684504c93637e35347c475) Importer(815301076,1909f56bfc062723c751e8b465ee728b)
Start importing Assets/AssetPackages/SyntyStudios/PolygonKnights/Materials/PolyKnights_Character_Mat_Orange.mat using Guid(75a95c1a6b684504c93637e35347c475) Importer(815301076,1909f56bfc062723c751e8b465ee728b)  -> (artifact id: 'c1d3d031312c28df5b42cdd22690fbdc') in 0.012984 seconds
Number of updated asset objects reloaded before import = 0
Number of asset objects unloaded after import = 2
========================================================================
Received Import Request.
  Time since last request: 0.000013 seconds.
  path: Assets/AssetPackages/SyntyStudios/PolygonKnights/Materials/PolyKnights_Mat_Variation_03.mat
  artifactKey: Guid(d99fb2a16888ab54a9160cf879c5589f) Importer(815301076,1909f56bfc062723c751e8b465ee728b)
Start importing Assets/AssetPackages/SyntyStudios/PolygonKnights/Materials/PolyKnights_Mat_Variation_03.mat using Guid(d99fb2a16888ab54a9160cf879c5589f) Importer(815301076,1909f56bfc062723c751e8b465ee728b)  -> (artifact id: '340c9f4de046dc0577d7d2372066dd42') in 0.010726 seconds
Number of updated asset objects reloaded before import = 0
Number of asset objects unloaded after import = 2
========================================================================
Received Import Request.
  Time since last request: 1.583908 seconds.
  path: Assets/AssetPackages/SyntyStudios/PolygonKnights/Models
  artifactKey: Guid(80a9ae7c8ef31fb47b8d8602f4da990c) Importer(815301076,1909f56bfc062723c751e8b465ee728b)
Start importing Assets/AssetPackages/SyntyStudios/PolygonKnights/Models using Guid(80a9ae7c8ef31fb47b8d8602f4da990c) Importer(815301076,1909f56bfc062723c751e8b465ee728b)  -> (artifact id: '2a4a4dfaa9ca94c62f1c775a5a5947d6') in 0.000344 seconds
Number of updated asset objects reloaded before import = 0
Number of asset objects unloaded after import = 0
========================================================================
Received Import Request.
  Time since last request: 0.085720 seconds.
  path: Assets/AssetPackages/SyntyStudios/PolygonKnights/Models/SM_Bld_ArrowSlit_01.fbx
  artifactKey: Guid(c83a6d0c2947c0d4996214f825287eb6) Importer(815301076,1909f56bfc062723c751e8b465ee728b)
Start importing Assets/AssetPackages/SyntyStudios/PolygonKnights/Models/SM_Bld_ArrowSlit_01.fbx using Guid(c83a6d0c2947c0d4996214f825287eb6) Importer(815301076,1909f56bfc062723c751e8b465ee728b)  -> (artifact id: '0d5f66cffd6e3a22ae132bb0829e258a') in 0.026840 seconds
Number of updated asset objects reloaded before import = 0
Number of asset objects unloaded after import = 7
========================================================================
Received Import Request.
  Time since last request: 0.006158 seconds.
  path: Assets/AssetPackages/SyntyStudios/PolygonKnights/Models/SM_Bld_Castle_Roof_Spire_01.fbx
  artifactKey: Guid(7e7c9acd14653eb4eb7ff9ced7108c42) Importer(815301076,1909f56bfc062723c751e8b465ee728b)
Start importing Assets/AssetPackages/SyntyStudios/PolygonKnights/Models/SM_Bld_Castle_Roof_Spire_01.fbx using Guid(7e7c9acd14653eb4eb7ff9ced7108c42) Importer(815301076,1909f56bfc062723c751e8b465ee728b)  -> (artifact id: 'e45c669241eb1aba327e8d6a7d8e9d1e') in 0.009813 seconds
Number of updated asset objects reloaded before import = 0
Number of asset objects unloaded after import = 7
========================================================================
Received Import Request.
  Time since last request: 0.032488 seconds.
  path: Assets/AssetPackages/SyntyStudios/PolygonKnights/Models/SM_Bld_Castle_Tower_01.fbx
  artifactKey: Guid(5c2734c723764924ebd0458ab8293423) Importer(815301076,1909f56bfc062723c751e8b465ee728b)
Start importing Assets/AssetPackages/SyntyStudios/PolygonKnights/Models/SM_Bld_Castle_Tower_01.fbx using Guid(5c2734c723764924ebd0458ab8293423) Importer(815301076,1909f56bfc062723c751e8b465ee728b)  -> (artifact id: '9b923539f16d2d38f41fc0b9609be414') in 0.012062 seconds
Number of updated asset objects reloaded before import = 0
Number of asset objects unloaded after import = 7
========================================================================
Received Import Request.
  Time since last request: 0.039107 seconds.
  path: Assets/AssetPackages/SyntyStudios/PolygonKnights/Models/SM_Bld_Castle_Arrow_Slit_01.fbx
  artifactKey: Guid(ad98557921941f547990aa3a4e42de24) Importer(815301076,1909f56bfc062723c751e8b465ee728b)
Start importing Assets/AssetPackages/SyntyStudios/PolygonKnights/Models/SM_Bld_Castle_Arrow_Slit_01.fbx using Guid(ad98557921941f547990aa3a4e42de24) Importer(815301076,1909f56bfc062723c751e8b465ee728b)  -> (artifact id: '018d0bc699603ccd7b78d0d7f70d7b29') in 0.015429 seconds
Number of updated asset objects reloaded before import = 0
Number of asset objects unloaded after import = 7
========================================================================
Received Import Request.
  Time since last request: 0.000017 seconds.
  path: Assets/AssetPackages/SyntyStudios/PolygonKnights/Models/SM_Bld_Castle_Tower_Base_01.fbx
  artifactKey: Guid(fbacd6e00aeaa2949b04802d395f0cbd) Importer(815301076,1909f56bfc062723c751e8b465ee728b)
Start importing Assets/AssetPackages/SyntyStudios/PolygonKnights/Models/SM_Bld_Castle_Tower_Base_01.fbx using Guid(fbacd6e00aeaa2949b04802d395f0cbd) Importer(815301076,1909f56bfc062723c751e8b465ee728b)  -> (artifact id: '8cd962d342dc39d85dd2b1e2afe1eeaf') in 0.011665 seconds
Number of updated asset objects reloaded before import = 0
Number of asset objects unloaded after import = 7
========================================================================
Received Import Request.
  Time since last request: 0.000114 seconds.
  path: Assets/AssetPackages/SyntyStudios/PolygonKnights/Models/SM_Bld_Church_Room_01.fbx
  artifactKey: Guid(7176e4efa2ad73b49bc96eb6eaff45bd) Importer(815301076,1909f56bfc062723c751e8b465ee728b)
Start importing Assets/AssetPackages/SyntyStudios/PolygonKnights/Models/SM_Bld_Church_Room_01.fbx using Guid(7176e4efa2ad73b49bc96eb6eaff45bd) Importer(815301076,1909f56bfc062723c751e8b465ee728b)  -> (artifact id: 'bb2e5a4dd1b9dc9d9b6e03222ee485b6') in 0.011882 seconds
Number of updated asset objects reloaded before import = 0
Number of asset objects unloaded after import = 7
========================================================================
Received Import Request.
  Time since last request: 0.000011 seconds.
  path: Assets/AssetPackages/SyntyStudios/PolygonKnights/Models/SM_Bld_Church_Room_03_Lite.fbx
  artifactKey: Guid(8154d5ecc23fd5b46ab8ec985cf0b668) Importer(815301076,1909f56bfc062723c751e8b465ee728b)
Start importing Assets/AssetPackages/SyntyStudios/PolygonKnights/Models/SM_Bld_Church_Room_03_Lite.fbx using Guid(8154d5ecc23fd5b46ab8ec985cf0b668) Importer(815301076,1909f56bfc062723c751e8b465ee728b)  -> (artifact id: '83db372acfbb55ddc1fe2f1be463fe10') in 0.012361 seconds
Number of updated asset objects reloaded before import = 0
Number of asset objects unloaded after import = 7
========================================================================
Received Import Request.
  Time since last request: 0.000016 seconds.
  path: Assets/AssetPackages/SyntyStudios/PolygonKnights/Models/SM_Bld_Castle_Tower_Round_Top_01_Snow.fbx
  artifactKey: Guid(2dd1a8b308c50ca4f86cbdb5282abb83) Importer(815301076,1909f56bfc062723c751e8b465ee728b)
Start importing Assets/AssetPackages/SyntyStudios/PolygonKnights/Models/SM_Bld_Castle_Tower_Round_Top_01_Snow.fbx using Guid(2dd1a8b308c50ca4f86cbdb5282abb83) Importer(815301076,1909f56bfc062723c751e8b465ee728b)  -> (artifact id: '6c2a82b7d8fa0f467fe32f2f40655f58') in 0.013380 seconds
Number of updated asset objects reloaded before import = 0
Number of asset objects unloaded after import = 7
========================================================================
Received Import Request.
  Time since last request: 0.000013 seconds.
  path: Assets/AssetPackages/SyntyStudios/PolygonKnights/Models/SM_Bld_Church_Tower_02_Snow.fbx
  artifactKey: Guid(fb031763b78b62f41895cb077c98adcc) Importer(815301076,1909f56bfc062723c751e8b465ee728b)
Start importing Assets/AssetPackages/SyntyStudios/PolygonKnights/Models/SM_Bld_Church_Tower_02_Snow.fbx using Guid(fb031763b78b62f41895cb077c98adcc) Importer(815301076,1909f56bfc062723c751e8b465ee728b)  -> (artifact id: '3f15b9f7cb0e4c826431239207945ac1') in 0.012746 seconds
Number of updated asset objects reloaded before import = 0
Number of asset objects unloaded after import = 7
========================================================================
Received Import Request.
  Time since last request: 0.000013 seconds.
  path: Assets/AssetPackages/SyntyStudios/PolygonKnights/Models/SM_Bld_Castle_Tower_Wall_Top_01.fbx
  artifactKey: Guid(435e8c972d08d9443b362d312219c818) Importer(815301076,1909f56bfc062723c751e8b465ee728b)
Start importing Assets/AssetPackages/SyntyStudios/PolygonKnights/Models/SM_Bld_Castle_Tower_Wall_Top_01.fbx using Guid(435e8c972d08d9443b362d312219c818) Importer(815301076,1909f56bfc062723c751e8b465ee728b)  -> (artifact id: '41e2fb0dd4f254ab2ec605357f35c4b4') in 0.010387 seconds
Number of updated asset objects reloaded before import = 0
Number of asset objects unloaded after import = 7
========================================================================
Received Import Request.
  Time since last request: 0.000019 seconds.
  path: Assets/AssetPackages/SyntyStudios/PolygonKnights/Models/SM_Bld_Castle_Tower_Wall_Top_01_Lite.fbx
  artifactKey: Guid(de598f098760588468a630ed86fc5d35) Importer(815301076,1909f56bfc062723c751e8b465ee728b)
Start importing Assets/AssetPackages/SyntyStudios/PolygonKnights/Models/SM_Bld_Castle_Tower_Wall_Top_01_Lite.fbx using Guid(de598f098760588468a630ed86fc5d35) Importer(815301076,1909f56bfc062723c751e8b465ee728b)  -> (artifact id: '9021f18ef2d08c7feabd794b73304bed') in 0.012081 seconds
Number of updated asset objects reloaded before import = 0
Number of asset objects unloaded after import = 7
========================================================================
Received Import Request.
  Time since last request: 0.000021 seconds.
  path: Assets/AssetPackages/SyntyStudios/PolygonKnights/Models/SM_Bld_Castle_Wall_01.fbx
  artifactKey: Guid(ecfce6b934d2f1e46a04bdc5b223fe80) Importer(815301076,1909f56bfc062723c751e8b465ee728b)
Start importing Assets/AssetPackages/SyntyStudios/PolygonKnights/Models/SM_Bld_Castle_Wall_01.fbx using Guid(ecfce6b934d2f1e46a04bdc5b223fe80) Importer(815301076,1909f56bfc062723c751e8b465ee728b)  -> (artifact id: 'eb944005805638a31c8cac9799f8ec13') in 0.011184 seconds
Number of updated asset objects reloaded before import = 0
Number of asset objects unloaded after import = 7
========================================================================
Received Import Request.
  Time since last request: 0.000022 seconds.
  path: Assets/AssetPackages/SyntyStudios/PolygonKnights/Models/SM_Bld_House_Chimney_03_Snow.fbx
  artifactKey: Guid(6ab65d8409218674ab2f79c941ab0c21) Importer(815301076,1909f56bfc062723c751e8b465ee728b)
Start importing Assets/AssetPackages/SyntyStudios/PolygonKnights/Models/SM_Bld_House_Chimney_03_Snow.fbx using Guid(6ab65d8409218674ab2f79c941ab0c21) Importer(815301076,1909f56bfc062723c751e8b465ee728b)  -> (artifact id: 'dbfb2683332c2d3306897d90ff8e6ad1') in 0.010563 seconds
Number of updated asset objects reloaded before import = 0
Number of asset objects unloaded after import = 7
========================================================================
Received Import Request.
  Time since last request: 0.000017 seconds.
  path: Assets/AssetPackages/SyntyStudios/PolygonKnights/Models/SM_Bld_Castle_Tower_03.fbx
  artifactKey: Guid(bac0125854b0a1944a5ae890003604ba) Importer(815301076,1909f56bfc062723c751e8b465ee728b)
Start importing Assets/AssetPackages/SyntyStudios/PolygonKnights/Models/SM_Bld_Castle_Tower_03.fbx using Guid(bac0125854b0a1944a5ae890003604ba) Importer(815301076,1909f56bfc062723c751e8b465ee728b)  -> (artifact id: '38d818e465713e0e862b37359c1dfb44') in 0.010474 seconds
Number of updated asset objects reloaded before import = 0
Number of asset objects unloaded after import = 7
========================================================================
Received Import Request.
  Time since last request: 0.000014 seconds.
  path: Assets/AssetPackages/SyntyStudios/PolygonKnights/Models/SM_Bld_Castle_Wood_Battlement_02_Snow.fbx
  artifactKey: Guid(7fea654e49e114841b43c1eccdc9eb95) Importer(815301076,1909f56bfc062723c751e8b465ee728b)
Start importing Assets/AssetPackages/SyntyStudios/PolygonKnights/Models/SM_Bld_Castle_Wood_Battlement_02_Snow.fbx using Guid(7fea654e49e114841b43c1eccdc9eb95) Importer(815301076,1909f56bfc062723c751e8b465ee728b)  -> (artifact id: 'a17f7ab5f13c19f4856f5db3ca712944') in 0.010966 seconds
Number of updated asset objects reloaded before import = 0
Number of asset objects unloaded after import = 7
========================================================================
Received Import Request.
  Time since last request: 0.000013 seconds.
  path: Assets/AssetPackages/SyntyStudios/PolygonKnights/Models/SM_Bld_Church_Room_02_Lite.fbx
  artifactKey: Guid(221b6bf515d979e4ab26407c624dfab3) Importer(815301076,1909f56bfc062723c751e8b465ee728b)
Start importing Assets/AssetPackages/SyntyStudios/PolygonKnights/Models/SM_Bld_Church_Room_02_Lite.fbx using Guid(221b6bf515d979e4ab26407c624dfab3) Importer(815301076,1909f56bfc062723c751e8b465ee728b)  -> (artifact id: '3aac8490e00b8b815287d68257e0b647') in 0.011473 seconds
Number of updated asset objects reloaded before import = 0
Number of asset objects unloaded after import = 7
========================================================================
Received Import Request.
  Time since last request: 0.000014 seconds.
  path: Assets/AssetPackages/SyntyStudios/PolygonKnights/Models/SM_Bld_Castle_Wood_Battlement_01_Snow.fbx
  artifactKey: Guid(02f5295ae270aa84780121af61c8dc6a) Importer(815301076,1909f56bfc062723c751e8b465ee728b)
Start importing Assets/AssetPackages/SyntyStudios/PolygonKnights/Models/SM_Bld_Castle_Wood_Battlement_01_Snow.fbx using Guid(02f5295ae270aa84780121af61c8dc6a) Importer(815301076,1909f56bfc062723c751e8b465ee728b)  -> (artifact id: '12e10ff5795b01fc353dcd05a39b66e3') in 0.011403 seconds
Number of updated asset objects reloaded before import = 0
Number of asset objects unloaded after import = 7
========================================================================
Received Import Request.
  Time since last request: 0.000155 seconds.
  path: Assets/AssetPackages/SyntyStudios/PolygonKnights/Models/SM_Bld_Church_Tower_03.fbx
  artifactKey: Guid(1d3292af84b795d40bff02cceceb5ad2) Importer(815301076,1909f56bfc062723c751e8b465ee728b)
Start importing Assets/AssetPackages/SyntyStudios/PolygonKnights/Models/SM_Bld_Church_Tower_03.fbx using Guid(1d3292af84b795d40bff02cceceb5ad2) Importer(815301076,1909f56bfc062723c751e8b465ee728b)  -> (artifact id: '614903e20677564a3164767d875f8351') in 0.011630 seconds
Number of updated asset objects reloaded before import = 0
Number of asset objects unloaded after import = 7
========================================================================
Received Import Request.
  Time since last request: 0.000066 seconds.
  path: Assets/AssetPackages/SyntyStudios/PolygonKnights/Models/SM_Bld_Castle_Wood_Battlement_03.fbx
  artifactKey: Guid(0e0bbbd46481cc847a307dfc2734fc08) Importer(815301076,1909f56bfc062723c751e8b465ee728b)
Start importing Assets/AssetPackages/SyntyStudios/PolygonKnights/Models/SM_Bld_Castle_Wood_Battlement_03.fbx using Guid(0e0bbbd46481cc847a307dfc2734fc08) Importer(815301076,1909f56bfc062723c751e8b465ee728b)  -> (artifact id: '34c7cee89dc77510ccaab3ab2f19f1ef') in 0.010998 seconds
Number of updated asset objects reloaded before import = 0
Number of asset objects unloaded after import = 7
========================================================================
Received Import Request.
  Time since last request: 0.000012 seconds.
  path: Assets/AssetPackages/SyntyStudios/PolygonKnights/Models/SM_Bld_Church_Tower_01_Snow.fbx
  artifactKey: Guid(b4e5f71361454f6448bea9a8457fb11a) Importer(815301076,1909f56bfc062723c751e8b465ee728b)
Start importing Assets/AssetPackages/SyntyStudios/PolygonKnights/Models/SM_Bld_Church_Tower_01_Snow.fbx using Guid(b4e5f71361454f6448bea9a8457fb11a) Importer(815301076,1909f56bfc062723c751e8b465ee728b)  -> (artifact id: 'bd9c287342d1d11766783b6f14d8a79e') in 0.010969 seconds
Number of updated asset objects reloaded before import = 0
Number of asset objects unloaded after import = 7
========================================================================
Received Import Request.
  Time since last request: 0.000035 seconds.
  path: Assets/AssetPackages/SyntyStudios/PolygonKnights/Models/SM_Bld_House_Door_01_Snow.fbx
  artifactKey: Guid(39b4be4c0f26623429d8f29e45790a80) Importer(815301076,1909f56bfc062723c751e8b465ee728b)
Start importing Assets/AssetPackages/SyntyStudios/PolygonKnights/Models/SM_Bld_House_Door_01_Snow.fbx using Guid(39b4be4c0f26623429d8f29e45790a80) Importer(815301076,1909f56bfc062723c751e8b465ee728b)  -> (artifact id: '1f54f154ce696edd84445cedfeb2b252') in 0.010219 seconds
Number of updated asset objects reloaded before import = 0
Number of asset objects unloaded after import = 7
========================================================================
Received Import Request.
  Time since last request: 0.000015 seconds.
  path: Assets/AssetPackages/SyntyStudios/PolygonKnights/Models/SM_Bld_House_Chimney_04.fbx
  artifactKey: Guid(a4d13205cfca5c14fb21d1d7c909092c) Importer(815301076,1909f56bfc062723c751e8b465ee728b)
Start importing Assets/AssetPackages/SyntyStudios/PolygonKnights/Models/SM_Bld_House_Chimney_04.fbx using Guid(a4d13205cfca5c14fb21d1d7c909092c) Importer(815301076,1909f56bfc062723c751e8b465ee728b)  -> (artifact id: '7136772878ed63b9572175b966ae49a1') in 0.010249 seconds
Number of updated asset objects reloaded before import = 0
Number of asset objects unloaded after import = 7
========================================================================
Received Import Request.
  Time since last request: 0.000022 seconds.
  path: Assets/AssetPackages/SyntyStudios/PolygonKnights/Models/SM_Bld_House_Chimney_04_Snow.fbx
  artifactKey: Guid(ad3cdbce97be8e4478f8e47e1cacd977) Importer(815301076,1909f56bfc062723c751e8b465ee728b)
Start importing Assets/AssetPackages/SyntyStudios/PolygonKnights/Models/SM_Bld_House_Chimney_04_Snow.fbx using Guid(ad3cdbce97be8e4478f8e47e1cacd977) Importer(815301076,1909f56bfc062723c751e8b465ee728b)  -> (artifact id: 'e3629d59fe682e0fcb5b5feb2421a0c1') in 0.010307 seconds
Number of updated asset objects reloaded before import = 0
Number of asset objects unloaded after import = 7
========================================================================
Received Import Request.
  Time since last request: 0.000030 seconds.
  path: Assets/AssetPackages/SyntyStudios/PolygonKnights/Models/SM_Bld_Castle_Tower_Top_01_Lite.fbx
  artifactKey: Guid(a689901f08ecd26478b453df579e9a7f) Importer(815301076,1909f56bfc062723c751e8b465ee728b)
Start importing Assets/AssetPackages/SyntyStudios/PolygonKnights/Models/SM_Bld_Castle_Tower_Top_01_Lite.fbx using Guid(a689901f08ecd26478b453df579e9a7f) Importer(815301076,1909f56bfc062723c751e8b465ee728b)  -> (artifact id: '7355c4968ab27ed6c13dbfe3d2bc5a7c') in 0.011088 seconds
Number of updated asset objects reloaded before import = 0
Number of asset objects unloaded after import = 7
========================================================================
Received Import Request.
  Time since last request: 0.000037 seconds.
  path: Assets/AssetPackages/SyntyStudios/PolygonKnights/Models/SM_Bld_Castle_Wood_Battlement_04_Snow.fbx
  artifactKey: Guid(de185b75f9c377b4eb47ee473d323b49) Importer(815301076,1909f56bfc062723c751e8b465ee728b)
Start importing Assets/AssetPackages/SyntyStudios/PolygonKnights/Models/SM_Bld_Castle_Wood_Battlement_04_Snow.fbx using Guid(de185b75f9c377b4eb47ee473d323b49) Importer(815301076,1909f56bfc062723c751e8b465ee728b)  -> (artifact id: 'b87bc0505d487bc69204823e60cf31be') in 0.013287 seconds
Number of updated asset objects reloaded before import = 0
Number of asset objects unloaded after import = 7
========================================================================
Received Import Request.
  Time since last request: 0.000018 seconds.
  path: Assets/AssetPackages/SyntyStudios/PolygonKnights/Models/SM_Bld_Church_Door_01_Snow.fbx
  artifactKey: Guid(d1283f0c8b68b9a4d878a789e5bfd899) Importer(815301076,1909f56bfc062723c751e8b465ee728b)
Start importing Assets/AssetPackages/SyntyStudios/PolygonKnights/Models/SM_Bld_Church_Door_01_Snow.fbx using Guid(d1283f0c8b68b9a4d878a789e5bfd899) Importer(815301076,1909f56bfc062723c751e8b465ee728b)  -> (artifact id: 'f6532683ac7708bd367c30e92dfeeb14') in 0.011441 seconds
Number of updated asset objects reloaded before import = 0
Number of asset objects unloaded after import = 7
========================================================================
Received Import Request.
  Time since last request: 0.000058 seconds.
  path: Assets/AssetPackages/SyntyStudios/PolygonKnights/Models/SM_Bld_Church_TowerBase_01.fbx
  artifactKey: Guid(360b08a45f8447248aba04ee4a0da0e9) Importer(815301076,1909f56bfc062723c751e8b465ee728b)
Start importing Assets/AssetPackages/SyntyStudios/PolygonKnights/Models/SM_Bld_Church_TowerBase_01.fbx using Guid(360b08a45f8447248aba04ee4a0da0e9) Importer(815301076,1909f56bfc062723c751e8b465ee728b)  -> (artifact id: '5e8b479f7d4e67a95a248b491a9f7b96') in 0.012256 seconds
Number of updated asset objects reloaded before import = 0
Number of asset objects unloaded after import = 7
========================================================================
Received Import Request.
  Time since last request: 0.000013 seconds.
  path: Assets/AssetPackages/SyntyStudios/PolygonKnights/Models/SM_Bld_House_Door_02_Snow.fbx
  artifactKey: Guid(43a518005b3023646b657c5cf6b1de46) Importer(815301076,1909f56bfc062723c751e8b465ee728b)
Start importing Assets/AssetPackages/SyntyStudios/PolygonKnights/Models/SM_Bld_House_Door_02_Snow.fbx using Guid(43a518005b3023646b657c5cf6b1de46) Importer(815301076,1909f56bfc062723c751e8b465ee728b)  -> (artifact id: '0b6a8539559e63c92f3c17226d773561') in 0.011255 seconds
Number of updated asset objects reloaded before import = 0
Number of asset objects unloaded after import = 7
========================================================================
Received Import Request.
  Time since last request: 0.000067 seconds.
  path: Assets/AssetPackages/SyntyStudios/PolygonKnights/Models/SM_Bld_Castle_Tower_Mini_01_Snow.fbx
  artifactKey: Guid(79a8cec10649229459f4a491bede6072) Importer(815301076,1909f56bfc062723c751e8b465ee728b)
Start importing Assets/AssetPackages/SyntyStudios/PolygonKnights/Models/SM_Bld_Castle_Tower_Mini_01_Snow.fbx using Guid(79a8cec10649229459f4a491bede6072) Importer(815301076,1909f56bfc062723c751e8b465ee728b)  -> (artifact id: 'bbac179ab03830e71d7a90108659ab73') in 0.009846 seconds
Number of updated asset objects reloaded before import = 0
Number of asset objects unloaded after import = 7
========================================================================
Received Import Request.
  Time since last request: 0.000081 seconds.
  path: Assets/AssetPackages/SyntyStudios/PolygonKnights/Models/SM_Bld_Castle_Wood_Battlement_03_Snow.fbx
  artifactKey: Guid(bdbe413e4790213499213e4f26a8baef) Importer(815301076,1909f56bfc062723c751e8b465ee728b)
Start importing Assets/AssetPackages/SyntyStudios/PolygonKnights/Models/SM_Bld_Castle_Wood_Battlement_03_Snow.fbx using Guid(bdbe413e4790213499213e4f26a8baef) Importer(815301076,1909f56bfc062723c751e8b465ee728b)  -> (artifact id: '6e655317e6e1bc76af9ea8a1e99662fb') in 0.014065 seconds
Number of updated asset objects reloaded before import = 0
Number of asset objects unloaded after import = 7
========================================================================
Received Import Request.
  Time since last request: 0.000018 seconds.
  path: Assets/AssetPackages/SyntyStudios/PolygonKnights/Models/SM_Bld_Castle_Tower_Round_02.fbx
  artifactKey: Guid(a55ae023223aef748b8dbc0399c2f479) Importer(815301076,1909f56bfc062723c751e8b465ee728b)
Start importing Assets/AssetPackages/SyntyStudios/PolygonKnights/Models/SM_Bld_Castle_Tower_Round_02.fbx using Guid(a55ae023223aef748b8dbc0399c2f479) Importer(815301076,1909f56bfc062723c751e8b465ee728b)  -> (artifact id: '77c48cfd1112edbab82d93dcf837c5ce') in 0.011143 seconds
Number of updated asset objects reloaded before import = 0
Number of asset objects unloaded after import = 7
========================================================================
Received Import Request.
  Time since last request: 0.000017 seconds.
  path: Assets/AssetPackages/SyntyStudios/PolygonKnights/Models/SM_Bld_Church_Tower_02_Lite.fbx
  artifactKey: Guid(6ac102ebfd4bde643a5405ed0bfc849e) Importer(815301076,1909f56bfc062723c751e8b465ee728b)
Start importing Assets/AssetPackages/SyntyStudios/PolygonKnights/Models/SM_Bld_Church_Tower_02_Lite.fbx using Guid(6ac102ebfd4bde643a5405ed0bfc849e) Importer(815301076,1909f56bfc062723c751e8b465ee728b)  -> (artifact id: 'f236398710284f306c97e43e7644bb40') in 0.011860 seconds
Number of updated asset objects reloaded before import = 0
Number of asset objects unloaded after import = 7
========================================================================
Received Import Request.
  Time since last request: 0.000069 seconds.
  path: Assets/AssetPackages/SyntyStudios/PolygonKnights/Models/SM_Bld_Castle_Wall_01_Snow.fbx
  artifactKey: Guid(27feb2f395e842e4aa76987cbd0977b0) Importer(815301076,1909f56bfc062723c751e8b465ee728b)
Start importing Assets/AssetPackages/SyntyStudios/PolygonKnights/Models/SM_Bld_Castle_Wall_01_Snow.fbx using Guid(27feb2f395e842e4aa76987cbd0977b0) Importer(815301076,1909f56bfc062723c751e8b465ee728b)  -> (artifact id: 'c2d217c3e1501a6cba358ba56cb1d3d7') in 0.011696 seconds
Number of updated asset objects reloaded before import = 0
Number of asset objects unloaded after import = 7
========================================================================
Received Import Request.
  Time since last request: 0.000012 seconds.
  path: Assets/AssetPackages/SyntyStudios/PolygonKnights/Models/SM_Bld_Castle_Wood_Battlement_02.fbx
  artifactKey: Guid(112fb28291a381b46a6a3ba2dd963d96) Importer(815301076,1909f56bfc062723c751e8b465ee728b)
Start importing Assets/AssetPackages/SyntyStudios/PolygonKnights/Models/SM_Bld_Castle_Wood_Battlement_02.fbx using Guid(112fb28291a381b46a6a3ba2dd963d96) Importer(815301076,1909f56bfc062723c751e8b465ee728b)  -> (artifact id: '3abbf76222f71f852586d201492a4736') in 0.010579 seconds
Number of updated asset objects reloaded before import = 0
Number of asset objects unloaded after import = 7
========================================================================
Received Import Request.
  Time since last request: 0.000021 seconds.
  path: Assets/AssetPackages/SyntyStudios/PolygonKnights/Models/SM_Bld_Church_Room_03_Snow.fbx
  artifactKey: Guid(787d00b1966a0504f85673d444e45cd7) Importer(815301076,1909f56bfc062723c751e8b465ee728b)
Start importing Assets/AssetPackages/SyntyStudios/PolygonKnights/Models/SM_Bld_Church_Room_03_Snow.fbx using Guid(787d00b1966a0504f85673d444e45cd7) Importer(815301076,1909f56bfc062723c751e8b465ee728b)  -> (artifact id: '939980ba106d8b05c2df20932544a578') in 0.011147 seconds
Number of updated asset objects reloaded before import = 0
Number of asset objects unloaded after import = 7
========================================================================
Received Import Request.
  Time since last request: 0.000099 seconds.
  path: Assets/AssetPackages/SyntyStudios/PolygonKnights/Models/SM_Bld_Castle_Wood_Battlement_01.fbx
  artifactKey: Guid(eb5c7e18b9ab42340b7aa7340a1dcc81) Importer(815301076,1909f56bfc062723c751e8b465ee728b)
Start importing Assets/AssetPackages/SyntyStudios/PolygonKnights/Models/SM_Bld_Castle_Wood_Battlement_01.fbx using Guid(eb5c7e18b9ab42340b7aa7340a1dcc81) Importer(815301076,1909f56bfc062723c751e8b465ee728b)  -> (artifact id: '4669e8045e97a6a0fc7ad754b72fb7ee') in 0.008878 seconds
Number of updated asset objects reloaded before import = 0
Number of asset objects unloaded after import = 7
========================================================================
Received Import Request.
  Time since last request: 0.000010 seconds.
  path: Assets/AssetPackages/SyntyStudios/PolygonKnights/Models/SM_Bld_Castle_Roof_Spire_01_Snow.fbx
  artifactKey: Guid(198b637b41ca5e944bfc8d24b14625bf) Importer(815301076,1909f56bfc062723c751e8b465ee728b)
Start importing Assets/AssetPackages/SyntyStudios/PolygonKnights/Models/SM_Bld_Castle_Roof_Spire_01_Snow.fbx using Guid(198b637b41ca5e944bfc8d24b14625bf) Importer(815301076,1909f56bfc062723c751e8b465ee728b)  -> (artifact id: '49c94a248d8e9a1b21b949f4bc3ca8f6') in 0.009575 seconds
Number of updated asset objects reloaded before import = 0
Number of asset objects unloaded after import = 7
========================================================================
Received Import Request.
  Time since last request: 0.000013 seconds.
  path: Assets/AssetPackages/SyntyStudios/PolygonKnights/Models/SM_Bld_House_Chimney_01.fbx
  artifactKey: Guid(e65bd609e8af4ac44ab109a9a5a21b9c) Importer(815301076,1909f56bfc062723c751e8b465ee728b)
Start importing Assets/AssetPackages/SyntyStudios/PolygonKnights/Models/SM_Bld_House_Chimney_01.fbx using Guid(e65bd609e8af4ac44ab109a9a5a21b9c) Importer(815301076,1909f56bfc062723c751e8b465ee728b)  -> (artifact id: 'a699fbac9c7720538911dc82e2f4933e') in 0.011315 seconds
Number of updated asset objects reloaded before import = 0
Number of asset objects unloaded after import = 7
========================================================================
Received Import Request.
  Time since last request: 0.000083 seconds.
  path: Assets/AssetPackages/SyntyStudios/PolygonKnights/Models/SM_Bld_Castle_Tower_Top_01.fbx
  artifactKey: Guid(f300c9ec0991f434c9aee22998ba0566) Importer(815301076,1909f56bfc062723c751e8b465ee728b)
Start importing Assets/AssetPackages/SyntyStudios/PolygonKnights/Models/SM_Bld_Castle_Tower_Top_01.fbx using Guid(f300c9ec0991f434c9aee22998ba0566) Importer(815301076,1909f56bfc062723c751e8b465ee728b)  -> (artifact id: '6a07313bbac0b851706ea5b210492105') in 0.008566 seconds
Number of updated asset objects reloaded before import = 0
Number of asset objects unloaded after import = 7
========================================================================
Received Import Request.
  Time since last request: 0.000088 seconds.
  path: Assets/AssetPackages/SyntyStudios/PolygonKnights/Models/SM_Bld_Castle_Tower_04_Lite.fbx
  artifactKey: Guid(e842a660f171f6045b517b79add3f9a7) Importer(815301076,1909f56bfc062723c751e8b465ee728b)
Start importing Assets/AssetPackages/SyntyStudios/PolygonKnights/Models/SM_Bld_Castle_Tower_04_Lite.fbx using Guid(e842a660f171f6045b517b79add3f9a7) Importer(815301076,1909f56bfc062723c751e8b465ee728b)  -> (artifact id: 'ed69672234c103ab6b2c8273970f6f70') in 0.008241 seconds
Number of updated asset objects reloaded before import = 0
Number of asset objects unloaded after import = 7
========================================================================
Received Import Request.
  Time since last request: 0.000011 seconds.
  path: Assets/AssetPackages/SyntyStudios/PolygonKnights/Models/SM_Bld_Castle_Tower_Round_Top_01_Lite.fbx
  artifactKey: Guid(65689b21f15c9484c86c62366512f975) Importer(815301076,1909f56bfc062723c751e8b465ee728b)
Start importing Assets/AssetPackages/SyntyStudios/PolygonKnights/Models/SM_Bld_Castle_Tower_Round_Top_01_Lite.fbx using Guid(65689b21f15c9484c86c62366512f975) Importer(815301076,1909f56bfc062723c751e8b465ee728b)  -> (artifact id: '34634dfcd034ace3cd73adab25a81192') in 0.008798 seconds
Number of updated asset objects reloaded before import = 0
Number of asset objects unloaded after import = 7
========================================================================
Received Import Request.
  Time since last request: 0.000088 seconds.
  path: Assets/AssetPackages/SyntyStudios/PolygonKnights/Models/SM_Bld_Castle_Tower_Round_01.fbx
  artifactKey: Guid(468f6350f64b1994da26ff44a4deaa89) Importer(815301076,1909f56bfc062723c751e8b465ee728b)
Start importing Assets/AssetPackages/SyntyStudios/PolygonKnights/Models/SM_Bld_Castle_Tower_Round_01.fbx using Guid(468f6350f64b1994da26ff44a4deaa89) Importer(815301076,1909f56bfc062723c751e8b465ee728b)  -> (artifact id: 'c3e78f25606cf535471a7bfbea42d93a') in 0.009652 seconds
Number of updated asset objects reloaded before import = 0
Number of asset objects unloaded after import = 7
========================================================================
Received Import Request.
  Time since last request: 0.000012 seconds.
  path: Assets/AssetPackages/SyntyStudios/PolygonKnights/Models/SM_Bld_Church_Tower_01_Lite.fbx
  artifactKey: Guid(f4d849c8613c8f147ba481f429b350c7) Importer(815301076,1909f56bfc062723c751e8b465ee728b)
Start importing Assets/AssetPackages/SyntyStudios/PolygonKnights/Models/SM_Bld_Church_Tower_01_Lite.fbx using Guid(f4d849c8613c8f147ba481f429b350c7) Importer(815301076,1909f56bfc062723c751e8b465ee728b)  -> (artifact id: '03e9d0b6cb3fe12decac40701adef93c') in 0.008933 seconds
Number of updated asset objects reloaded before import = 0
Number of asset objects unloaded after import = 7
========================================================================
Received Import Request.
  Time since last request: 0.000011 seconds.
  path: Assets/AssetPackages/SyntyStudios/PolygonKnights/Models/SM_Bld_House_Chimney_01_Snow.fbx
  artifactKey: Guid(efdaa6c784c4e6444aaf1a77d2a5ba35) Importer(815301076,1909f56bfc062723c751e8b465ee728b)
Start importing Assets/AssetPackages/SyntyStudios/PolygonKnights/Models/SM_Bld_House_Chimney_01_Snow.fbx using Guid(efdaa6c784c4e6444aaf1a77d2a5ba35) Importer(815301076,1909f56bfc062723c751e8b465ee728b)  -> (artifact id: '84025d440c7ac0fcd0387d86491ba03d') in 0.008761 seconds
Number of updated asset objects reloaded before import = 0
Number of asset objects unloaded after import = 7
========================================================================
Received Import Request.
  Time since last request: 0.000092 seconds.
  path: Assets/AssetPackages/SyntyStudios/PolygonKnights/Models/SM_Bld_Castle_Wood_Battlement_04.fbx
  artifactKey: Guid(8923d1f93b0717c4695cc0df14febd1a) Importer(815301076,1909f56bfc062723c751e8b465ee728b)
Start importing Assets/AssetPackages/SyntyStudios/PolygonKnights/Models/SM_Bld_Castle_Wood_Battlement_04.fbx using Guid(8923d1f93b0717c4695cc0df14febd1a) Importer(815301076,1909f56bfc062723c751e8b465ee728b)  -> (artifact id: '10a212d42cdf8eafce3d56fd02df30a0') in 0.008616 seconds
Number of updated asset objects reloaded before import = 0
Number of asset objects unloaded after import = 7
========================================================================
Received Import Request.
  Time since last request: 0.000010 seconds.
  path: Assets/AssetPackages/SyntyStudios/PolygonKnights/Models/SM_Bld_Castle_Tower_Mini_02_Snow.fbx
  artifactKey: Guid(110f3e51a9a872f4c8a135962d3ce5cf) Importer(815301076,1909f56bfc062723c751e8b465ee728b)
Start importing Assets/AssetPackages/SyntyStudios/PolygonKnights/Models/SM_Bld_Castle_Tower_Mini_02_Snow.fbx using Guid(110f3e51a9a872f4c8a135962d3ce5cf) Importer(815301076,1909f56bfc062723c751e8b465ee728b)  -> (artifact id: 'bd1f13d40e57c95f2d51f040f56eacc7') in 0.008350 seconds
Number of updated asset objects reloaded before import = 0
Number of asset objects unloaded after import = 7
========================================================================
Received Import Request.
  Time since last request: 0.000011 seconds.
  path: Assets/AssetPackages/SyntyStudios/PolygonKnights/Models/SM_Bld_Church_Extension_01.fbx
  artifactKey: Guid(35fe8825dd7b5b24ca4dc1e587edc6b3) Importer(815301076,1909f56bfc062723c751e8b465ee728b)
Start importing Assets/AssetPackages/SyntyStudios/PolygonKnights/Models/SM_Bld_Church_Extension_01.fbx using Guid(35fe8825dd7b5b24ca4dc1e587edc6b3) Importer(815301076,1909f56bfc062723c751e8b465ee728b)  -> (artifact id: 'd8067f655322cf36115a8693618f78ee') in 0.010396 seconds
Number of updated asset objects reloaded before import = 0
Number of asset objects unloaded after import = 7
========================================================================
Received Import Request.
  Time since last request: 0.000023 seconds.
  path: Assets/AssetPackages/SyntyStudios/PolygonKnights/Models/SM_Bld_Castle_Tower_04.fbx
  artifactKey: Guid(1c9beba456e18d94e84c0cca511e93ce) Importer(815301076,1909f56bfc062723c751e8b465ee728b)
Start importing Assets/AssetPackages/SyntyStudios/PolygonKnights/Models/SM_Bld_Castle_Tower_04.fbx using Guid(1c9beba456e18d94e84c0cca511e93ce) Importer(815301076,1909f56bfc062723c751e8b465ee728b)  -> (artifact id: '5ce8577292cf6e252362469804ccc8d8') in 0.011452 seconds
Number of updated asset objects reloaded before import = 0
Number of asset objects unloaded after import = 7
Editor requested this worker to shutdown with reason: Scaling down because of idle timeout
TcpMessagingSession - receive error: operation aborted. errorcode: 995, details: The I/O operation has been aborted because of either a thread exit or an application request.
AssetImportWorker is now disconnected from the server
Process exiting
Exiting without the bug reporter. Application will terminate with return code 0