Using pre-set license
Built from '2022.3/staging' branch; Version is '2022.3.26f1 (ec6cd8118806) revision 15494360'; Using compiler version '192829333'; Build Type 'Release'
OS: 'Windows 11  (10.0.22631) 64bit Core' Language: 'en' Physical Memory: 32469 MB
BatchMode: 1, IsHumanControllingUs: 0, StartBugReporterOnCrash: 0, Is64bit: 1, IsPro: 1

COMMAND LINE ARGUMENTS:
C:\Program Files\Unity\Hub\Editor\2022.3.26f1\Editor\Unity.exe
-adb2
-batchMode
-noUpm
-name
AssetImportWorker9
-projectPath
D:/pppp/the game/My project
-logFile
Logs/AssetImportWorker9.log
-srvPort
59929
Successfully changed project path to: D:/pppp/the game/My project
D:/pppp/the game/My project
[UnityMemory] Configuration Parameters - Can be set up in boot.config
    "memorysetup-bucket-allocator-granularity=16"
    "memorysetup-bucket-allocator-bucket-count=8"
    "memorysetup-bucket-allocator-block-size=33554432"
    "memorysetup-bucket-allocator-block-count=8"
    "memorysetup-main-allocator-block-size=16777216"
    "memorysetup-thread-allocator-block-size=16777216"
    "memorysetup-gfx-main-allocator-block-size=16777216"
    "memorysetup-gfx-thread-allocator-block-size=16777216"
    "memorysetup-cache-allocator-block-size=4194304"
    "memorysetup-typetree-allocator-block-size=2097152"
    "memorysetup-profiler-bucket-allocator-granularity=16"
    "memorysetup-profiler-bucket-allocator-bucket-count=8"
    "memorysetup-profiler-bucket-allocator-block-size=33554432"
    "memorysetup-profiler-bucket-allocator-block-count=8"
    "memorysetup-profiler-allocator-block-size=16777216"
    "memorysetup-profiler-editor-allocator-block-size=1048576"
    "memorysetup-temp-allocator-size-main=16777216"
    "memorysetup-job-temp-allocator-block-size=2097152"
    "memorysetup-job-temp-allocator-block-size-background=1048576"
    "memorysetup-job-temp-allocator-reduction-small-platforms=262144"
    "memorysetup-allocator-temp-initial-block-size-main=262144"
    "memorysetup-allocator-temp-initial-block-size-worker=262144"
    "memorysetup-temp-allocator-size-background-worker=32768"
    "memorysetup-temp-allocator-size-job-worker=262144"
    "memorysetup-temp-allocator-size-preload-manager=33554432"
    "memorysetup-temp-allocator-size-nav-mesh-worker=65536"
    "memorysetup-temp-allocator-size-audio-worker=65536"
    "memorysetup-temp-allocator-size-cloud-worker=32768"
    "memorysetup-temp-allocator-size-gi-baking-worker=262144"
    "memorysetup-temp-allocator-size-gfx=262144"
Player connection [51864] Host "[IP] 192.168.1.159 [Port] 0 [Flags] 2 [Guid] 1012928440 [EditorId] 1012928440 [Version] 1048832 [Id] WindowsEditor(7,MSI) [Debug] 1 [PackageName] WindowsEditor [ProjectName] Editor" joined multi-casting on [225.0.0.222:54997]...

Player connection [51864] Host "[IP] 192.168.1.159 [Port] 0 [Flags] 2 [Guid] 1012928440 [EditorId] 1012928440 [Version] 1048832 [Id] WindowsEditor(7,MSI) [Debug] 1 [PackageName] WindowsEditor [ProjectName] Editor" joined alternative multi-casting on [225.0.0.222:34997]...

[Physics::Module] Initialized MultithreadedJobDispatcher with 31 workers.
Refreshing native plugins compatible for Editor in 11.33 ms, found 3 plugins.
Preloading 0 native plugins for Editor in 0.00 ms.
Initialize engine version: 2022.3.26f1 (ec6cd8118806)
[Subsystems] Discovering subsystems at path C:/Program Files/Unity/Hub/Editor/2022.3.26f1/Editor/Data/Resources/UnitySubsystems
[Subsystems] Discovering subsystems at path D:/pppp/the game/My project/Assets
GfxDevice: creating device client; threaded=0; jobified=0
Direct3D:
    Version:  Direct3D 11.0 [level 11.1]
    Renderer: NVIDIA GeForce RTX 4080 Laptop GPU (ID=0x27a0)
    Vendor:   NVIDIA
    VRAM:     11997 MB
    Driver:   32.0.15.5585
Initialize mono
Mono path[0] = 'C:/Program Files/Unity/Hub/Editor/2022.3.26f1/Editor/Data/Managed'
Mono path[1] = 'C:/Program Files/Unity/Hub/Editor/2022.3.26f1/Editor/Data/MonoBleedingEdge/lib/mono/unityjit-win32'
Mono config path = 'C:/Program Files/Unity/Hub/Editor/2022.3.26f1/Editor/Data/MonoBleedingEdge/etc'
Using monoOptions --debugger-agent=transport=dt_socket,embedding=1,server=y,suspend=n,address=127.0.0.1:56464
Begin MonoManager ReloadAssembly
Registering precompiled unity dll's ...
Register platform support module: C:/Program Files/Unity/Hub/Editor/2022.3.26f1/Editor/Data/PlaybackEngines/WebGLSupport/UnityEditor.WebGL.Extensions.dll
Register platform support module: C:/Program Files/Unity/Hub/Editor/2022.3.26f1/Editor/Data/PlaybackEngines/AndroidPlayer/UnityEditor.Android.Extensions.dll
Register platform support module: C:/Program Files/Unity/Hub/Editor/2022.3.26f1/Editor/Data/PlaybackEngines/iOSSupport/UnityEditor.iOS.Extensions.dll
Register platform support module: C:/Program Files/Unity/Hub/Editor/2022.3.26f1/Editor/Data/PlaybackEngines/WindowsStandaloneSupport/UnityEditor.WindowsStandalone.Extensions.dll
Register platform support module: C:/Program Files/Unity/Hub/Editor/2022.3.26f1/Editor/Data/PlaybackEngines/MetroSupport/UnityEditor.UWP.Extensions.dll
Registered in 0.036921 seconds.
- Loaded All Assemblies, in  0.754 seconds
Native extension for UWP target not found
Native extension for WindowsStandalone target not found
[usbmuxd] Start listen thread
[usbmuxd] Listen thread started
Native extension for iOS target not found
Native extension for Android target not found
Android Extension - Scanning For ADB Devices 1252 ms
Native extension for WebGL target not found
Mono: successfully reloaded assembly
- Finished resetting the current domain, in  1.688 seconds
Domain Reload Profiling: 2436ms
	BeginReloadAssembly (292ms)
		ExecutionOrderSort (0ms)
		DisableScriptedObjects (0ms)
		BackupInstance (0ms)
		ReleaseScriptingObjects (0ms)
		CreateAndSetChildDomain (1ms)
	RebuildCommonClasses (68ms)
	RebuildNativeTypeToScriptingClass (12ms)
	initialDomainReloadingComplete (109ms)
	LoadAllAssembliesAndSetupDomain (268ms)
		LoadAssemblies (301ms)
		RebuildTransferFunctionScriptingTraits (0ms)
		AnalyzeDomain (253ms)
			TypeCache.Refresh (252ms)
				TypeCache.ScanAssembly (229ms)
			ScanForSourceGeneratedMonoScriptInfo (0ms)
			ResolveRequiredComponents (0ms)
	FinalizeReload (1688ms)
		ReleaseScriptCaches (0ms)
		RebuildScriptCaches (0ms)
		SetupLoadedEditorAssemblies (1637ms)
			LogAssemblyErrors (0ms)
			InitializePlatformSupportModulesInManaged (1403ms)
			SetLoadedEditorAssemblies (4ms)
			RefreshPlugins (0ms)
			BeforeProcessingInitializeOnLoad (2ms)
			ProcessInitializeOnLoadAttributes (123ms)
			ProcessInitializeOnLoadMethodAttributes (105ms)
			AfterProcessingInitializeOnLoad (0ms)
			EditorAssembliesLoaded (0ms)
		ExecutionOrderSort2 (0ms)
		AwakeInstancesAfterBackupRestoration (0ms)
========================================================================
Worker process is ready to serve import requests
Begin MonoManager ReloadAssembly
- Loaded All Assemblies, in  0.778 seconds
Refreshing native plugins compatible for Editor in 1.83 ms, found 3 plugins.
Native extension for UWP target not found
Native extension for WindowsStandalone target not found
Native extension for iOS target not found
Native extension for Android target not found
Native extension for WebGL target not found
Package Manager log level set to [2]
[Package Manager] Server::EnsureServerProcessIsRunning -- launch failed, reason: Unity was launched with the -noUpm command-line argument
[Package Manager] UpmClient::Send -- Unable to send message (not connected to UPM process).
[Package Manager] Cannot connect to Unity Package Manager local server
Mono: successfully reloaded assembly
- Finished resetting the current domain, in  0.593 seconds
Domain Reload Profiling: 1366ms
	BeginReloadAssembly (216ms)
		ExecutionOrderSort (0ms)
		DisableScriptedObjects (4ms)
		BackupInstance (0ms)
		ReleaseScriptingObjects (0ms)
		CreateAndSetChildDomain (20ms)
	RebuildCommonClasses (41ms)
	RebuildNativeTypeToScriptingClass (9ms)
	initialDomainReloadingComplete (52ms)
	LoadAllAssembliesAndSetupDomain (454ms)
		LoadAssemblies (427ms)
		RebuildTransferFunctionScriptingTraits (0ms)
		AnalyzeDomain (188ms)
			TypeCache.Refresh (167ms)
				TypeCache.ScanAssembly (150ms)
			ScanForSourceGeneratedMonoScriptInfo (16ms)
			ResolveRequiredComponents (4ms)
	FinalizeReload (593ms)
		ReleaseScriptCaches (0ms)
		RebuildScriptCaches (0ms)
		SetupLoadedEditorAssemblies (436ms)
			LogAssemblyErrors (0ms)
			InitializePlatformSupportModulesInManaged (49ms)
			SetLoadedEditorAssemblies (3ms)
			RefreshPlugins (0ms)
			BeforeProcessingInitializeOnLoad (66ms)
			ProcessInitializeOnLoadAttributes (287ms)
			ProcessInitializeOnLoadMethodAttributes (16ms)
			AfterProcessingInitializeOnLoad (14ms)
			EditorAssembliesLoaded (0ms)
		ExecutionOrderSort2 (0ms)
		AwakeInstancesAfterBackupRestoration (18ms)
Launched and connected shader compiler UnityShaderCompiler.exe after 0.13 seconds
Refreshing native plugins compatible for Editor in 2.83 ms, found 3 plugins.
Preloading 0 native plugins for Editor in 0.00 ms.
Unloading 3582 Unused Serialized files (Serialized files now loaded: 0)
Unloading 40 unused Assets / (58.6 KB). Loaded Objects now: 4052.
Memory consumption went from 147.9 MB to 147.8 MB.
Total: 3.161900 ms (FindLiveObjects: 0.231300 ms CreateObjectMapping: 0.098500 ms MarkObjects: 2.735900 ms  DeleteObjects: 0.094900 ms)

AssetImportParameters requested are different than current active one (requested -> active):
  custom:container-demuxer-ogg: 62fdf1f143b41e24485cea50d1cbac27 -> 
  custom:video-codec-MediaFoundation-h265: 746d11721c4dcdbdad8f713fa42b33f4 -> 
  custom:video-decoder-ogg-theora: a1e56fd34408186e4bbccfd4996cb3dc -> 
  custom:framework-win-MediaFoundation: 216162199b28c13a410421893ffa2e32 -> 
  custom:CustomObjectIndexerAttribute: 9a22284fe3817be447336de3de66b15e -> 
  custom:container-demuxer-webm: 4f35f7cbe854078d1ac9338744f61a02 -> 
  custom:container-muxer-webm: aa71ff27fc2769a1b78a27578f13a17b -> 
  custom:video-decoder-webm-vp8: 9c59270c3fd7afecdb556c50c9e8de78 -> 
  custom:SearchIndexIgnoredProperties: e643bd26f0fe6173181afceb89e7c659 -> 
  custom:AudioImporter_EditorPlatform: d09bf68614088b80899f8185d706f6e7 -> 
  custom:video-encoder-webm-vp8: eb34c28f22e8b96e1ab97ce403110664 -> 
  custom:audio-decoder-ogg-vorbis: bf7c407c2cedff20999df2af8eb42d56 -> 
  custom:audio-encoder-webm-vorbis: bf7c407c2cedff20999df2af8eb42d56 -> 
========================================================================
Received Import Request.
  Time since last request: 182884.249399 seconds.
  path: Assets/New Folder/SyntyStudios/PolygonAdventure/Models/Collision/SM_Env_Hill_01_Convex 1.asset
  artifactKey: Guid(7b6f88bf06285244bac64e6faf0755e0) Importer(815301076,1909f56bfc062723c751e8b465ee728b)
Start importing Assets/New Folder/SyntyStudios/PolygonAdventure/Models/Collision/SM_Env_Hill_01_Convex 1.asset using Guid(7b6f88bf06285244bac64e6faf0755e0) Importer(815301076,1909f56bfc062723c751e8b465ee728b)  -> (artifact id: '0425f57fc629a33f75fe602cbf497d12') in 0.132646 seconds
Number of updated asset objects reloaded before import = 0
Number of asset objects unloaded after import = 4
========================================================================
Received Import Request.
  Time since last request: 0.000018 seconds.
  path: Assets/New Folder/SyntyStudios/PolygonAdventure/Models/Collision/SM_Env_Bush_01_Convex 1.asset
  artifactKey: Guid(aec0214cc4b04094290d58119b98316d) Importer(815301076,1909f56bfc062723c751e8b465ee728b)
Start importing Assets/New Folder/SyntyStudios/PolygonAdventure/Models/Collision/SM_Env_Bush_01_Convex 1.asset using Guid(aec0214cc4b04094290d58119b98316d) Importer(815301076,1909f56bfc062723c751e8b465ee728b)  -> (artifact id: '6c8ed8b6830adf0a0deea13da73f9a57') in 0.026296 seconds
Number of updated asset objects reloaded before import = 0
Number of asset objects unloaded after import = 3
========================================================================
Received Import Request.
  Time since last request: 0.000013 seconds.
  path: Assets/New Folder/SyntyStudios/PolygonAdventure/Models/Collision/SM_Env_Grass_01_Convex.asset
  artifactKey: Guid(4961143db2293c14d90666c449996697) Importer(815301076,1909f56bfc062723c751e8b465ee728b)
Start importing Assets/New Folder/SyntyStudios/PolygonAdventure/Models/Collision/SM_Env_Grass_01_Convex.asset using Guid(4961143db2293c14d90666c449996697) Importer(815301076,1909f56bfc062723c751e8b465ee728b)  -> (artifact id: '4f375e986a74b68c36780df71ee94468') in 0.011936 seconds
Number of updated asset objects reloaded before import = 0
Number of asset objects unloaded after import = 2
========================================================================
Received Import Request.
  Time since last request: 0.000059 seconds.
  path: Assets/New Folder/SyntyStudios/PolygonAdventure/Models/Collision/SM_Bld_Village_05_Convex 1.asset
  artifactKey: Guid(ffaa6901f37af594daf63f970aff0f17) Importer(815301076,1909f56bfc062723c751e8b465ee728b)
Start importing Assets/New Folder/SyntyStudios/PolygonAdventure/Models/Collision/SM_Bld_Village_05_Convex 1.asset using Guid(ffaa6901f37af594daf63f970aff0f17) Importer(815301076,1909f56bfc062723c751e8b465ee728b)  -> (artifact id: 'a9d4c10cb627948e5399927589bc71e7') in 0.029144 seconds
Number of updated asset objects reloaded before import = 0
Number of asset objects unloaded after import = 3
========================================================================
Received Import Request.
  Time since last request: 0.000033 seconds.
  path: Assets/New Folder/SyntyStudios/PolygonAdventure/Models/Collision/SM_Env_Bridge_01_Convex 2.asset
  artifactKey: Guid(20bfed283c055304db67683922d8a3b7) Importer(815301076,1909f56bfc062723c751e8b465ee728b)
Start importing Assets/New Folder/SyntyStudios/PolygonAdventure/Models/Collision/SM_Env_Bridge_01_Convex 2.asset using Guid(20bfed283c055304db67683922d8a3b7) Importer(815301076,1909f56bfc062723c751e8b465ee728b)  -> (artifact id: 'df3497d431ba6a170bed05fcb170b4f9') in 0.040875 seconds
Number of updated asset objects reloaded before import = 0
Number of asset objects unloaded after import = 5
========================================================================
Received Import Request.
  Time since last request: 0.000011 seconds.
  path: Assets/New Folder/SyntyStudios/PolygonAdventure/Models/Collision/SM_Bld_Village_02_Convex.asset
  artifactKey: Guid(fa2133826ded7ec489fff33fa3de21eb) Importer(815301076,1909f56bfc062723c751e8b465ee728b)
Start importing Assets/New Folder/SyntyStudios/PolygonAdventure/Models/Collision/SM_Bld_Village_02_Convex.asset using Guid(fa2133826ded7ec489fff33fa3de21eb) Importer(815301076,1909f56bfc062723c751e8b465ee728b)  -> (artifact id: '6adc1fd0f95a5a0891fc4f4a28659b31') in 0.017700 seconds
Number of updated asset objects reloaded before import = 0
Number of asset objects unloaded after import = 2
========================================================================
Received Import Request.
  Time since last request: 0.000014 seconds.
  path: Assets/New Folder/SyntyStudios/PolygonAdventure/Models/Collision/SM_Bld_Stall_Cover_05_Convex 2.asset
  artifactKey: Guid(b8510694aa233064193b026306714fb5) Importer(815301076,1909f56bfc062723c751e8b465ee728b)
Start importing Assets/New Folder/SyntyStudios/PolygonAdventure/Models/Collision/SM_Bld_Stall_Cover_05_Convex 2.asset using Guid(b8510694aa233064193b026306714fb5) Importer(815301076,1909f56bfc062723c751e8b465ee728b)  -> (artifact id: '7f3f2c157b7e0855d883b3e53e225140') in 0.022414 seconds
Number of updated asset objects reloaded before import = 0
Number of asset objects unloaded after import = 5
========================================================================
Received Import Request.
  Time since last request: 0.029125 seconds.
  path: Assets/New Folder/SyntyStudios/PolygonAdventure/Models/Collision/SM_Bld_Stall_03_Convex 1.asset
  artifactKey: Guid(7f620ca618260a948b2abcc4b4d559e3) Importer(815301076,1909f56bfc062723c751e8b465ee728b)
Start importing Assets/New Folder/SyntyStudios/PolygonAdventure/Models/Collision/SM_Bld_Stall_03_Convex 1.asset using Guid(7f620ca618260a948b2abcc4b4d559e3) Importer(815301076,1909f56bfc062723c751e8b465ee728b)  -> (artifact id: 'a862b0f1a718cc0eaa4f81795ed8eb3d') in 0.015944 seconds
Number of updated asset objects reloaded before import = 0
Number of asset objects unloaded after import = 4
========================================================================
Received Import Request.
  Time since last request: 0.000030 seconds.
  path: Assets/New Folder/SyntyStudios/PolygonAdventure/Models/Collision/SM_Bld_Stall_Cover_02_Convex 2.asset
  artifactKey: Guid(8a6e32f3317c8f946ad49902aa83410b) Importer(815301076,1909f56bfc062723c751e8b465ee728b)
Start importing Assets/New Folder/SyntyStudios/PolygonAdventure/Models/Collision/SM_Bld_Stall_Cover_02_Convex 2.asset using Guid(8a6e32f3317c8f946ad49902aa83410b) Importer(815301076,1909f56bfc062723c751e8b465ee728b)  -> (artifact id: '46b2add4e813cbbe56fbc619f5d85ab4') in 0.018786 seconds
Number of updated asset objects reloaded before import = 0
Number of asset objects unloaded after import = 5
========================================================================
Received Import Request.
  Time since last request: 0.105494 seconds.
  path: Assets/New Folder/SyntyStudios/PolygonAdventure/Models/Collision/SM_Bld_Fence_02_Snow_Convex 1.asset
  artifactKey: Guid(da017beccd6136b4f986e49d115df26f) Importer(815301076,1909f56bfc062723c751e8b465ee728b)
Start importing Assets/New Folder/SyntyStudios/PolygonAdventure/Models/Collision/SM_Bld_Fence_02_Snow_Convex 1.asset using Guid(da017beccd6136b4f986e49d115df26f) Importer(815301076,1909f56bfc062723c751e8b465ee728b)  -> (artifact id: 'dfd5bcb04515f10c03ff4c0ae95f760d') in 0.019705 seconds
Number of updated asset objects reloaded before import = 0
Number of asset objects unloaded after import = 3
========================================================================
Received Import Request.
  Time since last request: 1.380108 seconds.
  path: Assets/New Folder/SyntyStudios/PolygonAdventure/Models/SM_Bld_HutDoor_01.fbx
  artifactKey: Guid(568d702da10acfd42a418f6d874889c7) Importer(815301076,1909f56bfc062723c751e8b465ee728b)
Start importing Assets/New Folder/SyntyStudios/PolygonAdventure/Models/SM_Bld_HutDoor_01.fbx using Guid(568d702da10acfd42a418f6d874889c7) Importer(815301076,1909f56bfc062723c751e8b465ee728b)  -> (artifact id: 'c5b055179a8ab9e283ff908e88ee3fe8') in 0.029285 seconds
Number of updated asset objects reloaded before import = 0
Number of asset objects unloaded after import = 7
========================================================================
Received Import Request.
  Time since last request: 0.000049 seconds.
  path: Assets/New Folder/SyntyStudios/PolygonAdventure/Models/SM_Env_Cloud_01.fbx
  artifactKey: Guid(c6ec18117b2cb2044b0bfd4c655ed379) Importer(815301076,1909f56bfc062723c751e8b465ee728b)
Start importing Assets/New Folder/SyntyStudios/PolygonAdventure/Models/SM_Env_Cloud_01.fbx using Guid(c6ec18117b2cb2044b0bfd4c655ed379) Importer(815301076,1909f56bfc062723c751e8b465ee728b)  -> (artifact id: 'ccc0d08fc773efb1a3fc23582184c2e8') in 0.011004 seconds
Number of updated asset objects reloaded before import = 0
Number of asset objects unloaded after import = 7
========================================================================
Received Import Request.
  Time since last request: 0.000019 seconds.
  path: Assets/New Folder/SyntyStudios/PolygonAdventure/Models/SM_Env_GroundMounds_03.fbx
  artifactKey: Guid(017070c20c509184d8e7d65e1c241fa5) Importer(815301076,1909f56bfc062723c751e8b465ee728b)
Start importing Assets/New Folder/SyntyStudios/PolygonAdventure/Models/SM_Env_GroundMounds_03.fbx using Guid(017070c20c509184d8e7d65e1c241fa5) Importer(815301076,1909f56bfc062723c751e8b465ee728b)  -> (artifact id: 'f709f29c4e932abb5e1f13e5e9beb924') in 0.010752 seconds
Number of updated asset objects reloaded before import = 0
Number of asset objects unloaded after import = 7
========================================================================
Received Import Request.
  Time since last request: 0.000208 seconds.
  path: Assets/New Folder/SyntyStudios/PolygonAdventure/Models/SM_Env_HillSnow_04.fbx
  artifactKey: Guid(64092a3e1896fdb4db37fd93543e7ee7) Importer(815301076,1909f56bfc062723c751e8b465ee728b)
Start importing Assets/New Folder/SyntyStudios/PolygonAdventure/Models/SM_Env_HillSnow_04.fbx using Guid(64092a3e1896fdb4db37fd93543e7ee7) Importer(815301076,1909f56bfc062723c751e8b465ee728b)  -> (artifact id: 'c4a2421bb0eb312211ca449ba532f0c1') in 0.012507 seconds
Number of updated asset objects reloaded before import = 0
Number of asset objects unloaded after import = 7
========================================================================
Received Import Request.
  Time since last request: 0.000062 seconds.
  path: Assets/New Folder/SyntyStudios/PolygonAdventure/Models/SM_Env_Ice_03.fbx
  artifactKey: Guid(19a6565c9c877dc498e2d34de3df03f7) Importer(815301076,1909f56bfc062723c751e8b465ee728b)
Start importing Assets/New Folder/SyntyStudios/PolygonAdventure/Models/SM_Env_Ice_03.fbx using Guid(19a6565c9c877dc498e2d34de3df03f7) Importer(815301076,1909f56bfc062723c751e8b465ee728b)  -> (artifact id: '5da0e8665124668b246ae8bf13235595') in 0.010139 seconds
Number of updated asset objects reloaded before import = 0
Number of asset objects unloaded after import = 7
========================================================================
Received Import Request.
  Time since last request: 0.000060 seconds.
  path: Assets/New Folder/SyntyStudios/PolygonAdventure/Models/SM_Env_Flower_08.fbx
  artifactKey: Guid(1e32ff2c2d492444588c09593f7efdd9) Importer(815301076,1909f56bfc062723c751e8b465ee728b)
Start importing Assets/New Folder/SyntyStudios/PolygonAdventure/Models/SM_Env_Flower_08.fbx using Guid(1e32ff2c2d492444588c09593f7efdd9) Importer(815301076,1909f56bfc062723c751e8b465ee728b)  -> (artifact id: '398b1a0b9617ac82fd33c76265b73e04') in 0.011740 seconds
Number of updated asset objects reloaded before import = 0
Number of asset objects unloaded after import = 7
========================================================================
Received Import Request.
  Time since last request: 0.000091 seconds.
  path: Assets/New Folder/SyntyStudios/PolygonAdventure/Models/SM_Env_DirtMound_01.fbx
  artifactKey: Guid(4ebf2f57fae79244db298b7ff25391b8) Importer(815301076,1909f56bfc062723c751e8b465ee728b)
Start importing Assets/New Folder/SyntyStudios/PolygonAdventure/Models/SM_Env_DirtMound_01.fbx using Guid(4ebf2f57fae79244db298b7ff25391b8) Importer(815301076,1909f56bfc062723c751e8b465ee728b)  -> (artifact id: '6135720cd3d5c9e53765488ff9bd00a8') in 0.009417 seconds
Number of updated asset objects reloaded before import = 0
Number of asset objects unloaded after import = 7
========================================================================
Received Import Request.
  Time since last request: 0.000011 seconds.
  path: Assets/New Folder/SyntyStudios/PolygonAdventure/Models/SM_Env_Grass_02.fbx
  artifactKey: Guid(394fb704230a43c48af2332e8659ae86) Importer(815301076,1909f56bfc062723c751e8b465ee728b)
Start importing Assets/New Folder/SyntyStudios/PolygonAdventure/Models/SM_Env_Grass_02.fbx using Guid(394fb704230a43c48af2332e8659ae86) Importer(815301076,1909f56bfc062723c751e8b465ee728b)  -> (artifact id: '91c0f644e19744536799a4cdbea3545d') in 0.009733 seconds
Number of updated asset objects reloaded before import = 0
Number of asset objects unloaded after import = 7
========================================================================
Received Import Request.
  Time since last request: 0.000024 seconds.
  path: Assets/New Folder/SyntyStudios/PolygonAdventure/Models/SM_Bld_Village_04.fbx
  artifactKey: Guid(7fb08560c5f816648bc2226cc9647280) Importer(815301076,1909f56bfc062723c751e8b465ee728b)
Start importing Assets/New Folder/SyntyStudios/PolygonAdventure/Models/SM_Bld_Village_04.fbx using Guid(7fb08560c5f816648bc2226cc9647280) Importer(815301076,1909f56bfc062723c751e8b465ee728b)  -> (artifact id: 'd461800afcc16e0d208c713c9085b1cd') in 0.019096 seconds
Number of updated asset objects reloaded before import = 0
Number of asset objects unloaded after import = 7
========================================================================
Received Import Request.
  Time since last request: 0.000017 seconds.
  path: Assets/New Folder/SyntyStudios/PolygonAdventure/Models/SM_Bld_Village_02.fbx
  artifactKey: Guid(7cdd4aad661174e418cd81a99eccb1bc) Importer(815301076,1909f56bfc062723c751e8b465ee728b)
Start importing Assets/New Folder/SyntyStudios/PolygonAdventure/Models/SM_Bld_Village_02.fbx using Guid(7cdd4aad661174e418cd81a99eccb1bc) Importer(815301076,1909f56bfc062723c751e8b465ee728b)  -> (artifact id: '5dfcf62984d1c17df2d547636b45f6a0') in 0.010261 seconds
Number of updated asset objects reloaded before import = 0
Number of asset objects unloaded after import = 7
========================================================================
Received Import Request.
  Time since last request: 0.000013 seconds.
  path: Assets/New Folder/SyntyStudios/PolygonAdventure/Models/SM_Env_Bridge_01.fbx
  artifactKey: Guid(38f3ad22445f05c4791b7e885e8f9e3a) Importer(815301076,1909f56bfc062723c751e8b465ee728b)
Start importing Assets/New Folder/SyntyStudios/PolygonAdventure/Models/SM_Env_Bridge_01.fbx using Guid(38f3ad22445f05c4791b7e885e8f9e3a) Importer(815301076,1909f56bfc062723c751e8b465ee728b)  -> (artifact id: '9531ddc39e1023e6d29ab61e2f93547e') in 0.010469 seconds
Number of updated asset objects reloaded before import = 0
Number of asset objects unloaded after import = 7
Editor requested this worker to shutdown with reason: Scaling down because of idle timeout
TcpMessagingSession - receive error: operation aborted. errorcode: 995, details: The I/O operation has been aborted because of either a thread exit or an application request.
AssetImportWorker is now disconnected from the server
Process exiting
Exiting without the bug reporter. Application will terminate with return code 0