Using pre-set license
Built from '2022.3/staging' branch; Version is '2022.3.26f1 (ec6cd8118806) revision 15494360'; Using compiler version '192829333'; Build Type 'Release'
OS: 'Windows 11  (10.0.22631) 64bit Core' Language: 'en' Physical Memory: 32469 MB
BatchMode: 1, IsHumanControllingUs: 0, StartBugReporterOnCrash: 0, Is64bit: 1, IsPro: 1

COMMAND LINE ARGUMENTS:
C:\Program Files\Unity\Hub\Editor\2022.3.26f1\Editor\Unity.exe
-adb2
-batchMode
-noUpm
-name
AssetImportWorker16
-projectPath
D:/pppp/the game/My project
-logFile
Logs/AssetImportWorker16.log
-srvPort
62585
Successfully changed project path to: D:/pppp/the game/My project
D:/pppp/the game/My project
[UnityMemory] Configuration Parameters - Can be set up in boot.config
    "memorysetup-bucket-allocator-granularity=16"
    "memorysetup-bucket-allocator-bucket-count=8"
    "memorysetup-bucket-allocator-block-size=33554432"
    "memorysetup-bucket-allocator-block-count=8"
    "memorysetup-main-allocator-block-size=16777216"
    "memorysetup-thread-allocator-block-size=16777216"
    "memorysetup-gfx-main-allocator-block-size=16777216"
    "memorysetup-gfx-thread-allocator-block-size=16777216"
    "memorysetup-cache-allocator-block-size=4194304"
    "memorysetup-typetree-allocator-block-size=2097152"
    "memorysetup-profiler-bucket-allocator-granularity=16"
    "memorysetup-profiler-bucket-allocator-bucket-count=8"
    "memorysetup-profiler-bucket-allocator-block-size=33554432"
    "memorysetup-profiler-bucket-allocator-block-count=8"
    "memorysetup-profiler-allocator-block-size=16777216"
    "memorysetup-profiler-editor-allocator-block-size=1048576"
    "memorysetup-temp-allocator-size-main=16777216"
    "memorysetup-job-temp-allocator-block-size=2097152"
    "memorysetup-job-temp-allocator-block-size-background=1048576"
    "memorysetup-job-temp-allocator-reduction-small-platforms=262144"
    "memorysetup-allocator-temp-initial-block-size-main=262144"
    "memorysetup-allocator-temp-initial-block-size-worker=262144"
    "memorysetup-temp-allocator-size-background-worker=32768"
    "memorysetup-temp-allocator-size-job-worker=262144"
    "memorysetup-temp-allocator-size-preload-manager=33554432"
    "memorysetup-temp-allocator-size-nav-mesh-worker=65536"
    "memorysetup-temp-allocator-size-audio-worker=65536"
    "memorysetup-temp-allocator-size-cloud-worker=32768"
    "memorysetup-temp-allocator-size-gi-baking-worker=262144"
    "memorysetup-temp-allocator-size-gfx=262144"
Player connection [39588] Host "[IP] 192.168.1.159 [Port] 0 [Flags] 2 [Guid] 118036219 [EditorId] 118036219 [Version] 1048832 [Id] WindowsEditor(7,MSI) [Debug] 1 [PackageName] WindowsEditor [ProjectName] Editor" joined multi-casting on [225.0.0.222:54997]...

Player connection [39588] Host "[IP] 192.168.1.159 [Port] 0 [Flags] 2 [Guid] 118036219 [EditorId] 118036219 [Version] 1048832 [Id] WindowsEditor(7,MSI) [Debug] 1 [PackageName] WindowsEditor [ProjectName] Editor" joined alternative multi-casting on [225.0.0.222:34997]...

[Physics::Module] Initialized MultithreadedJobDispatcher with 31 workers.
Refreshing native plugins compatible for Editor in 8.27 ms, found 3 plugins.
Preloading 0 native plugins for Editor in 0.00 ms.
Initialize engine version: 2022.3.26f1 (ec6cd8118806)
[Subsystems] Discovering subsystems at path C:/Program Files/Unity/Hub/Editor/2022.3.26f1/Editor/Data/Resources/UnitySubsystems
[Subsystems] Discovering subsystems at path D:/pppp/the game/My project/Assets
GfxDevice: creating device client; threaded=0; jobified=0
Direct3D:
    Version:  Direct3D 11.0 [level 11.1]
    Renderer: NVIDIA GeForce RTX 4080 Laptop GPU (ID=0x27a0)
    Vendor:   NVIDIA
    VRAM:     11997 MB
    Driver:   32.0.15.5585
Initialize mono
Mono path[0] = 'C:/Program Files/Unity/Hub/Editor/2022.3.26f1/Editor/Data/Managed'
Mono path[1] = 'C:/Program Files/Unity/Hub/Editor/2022.3.26f1/Editor/Data/MonoBleedingEdge/lib/mono/unityjit-win32'
Mono config path = 'C:/Program Files/Unity/Hub/Editor/2022.3.26f1/Editor/Data/MonoBleedingEdge/etc'
Using monoOptions --debugger-agent=transport=dt_socket,embedding=1,server=y,suspend=n,address=127.0.0.1:56592
Begin MonoManager ReloadAssembly
Registering precompiled unity dll's ...
Register platform support module: C:/Program Files/Unity/Hub/Editor/2022.3.26f1/Editor/Data/PlaybackEngines/WebGLSupport/UnityEditor.WebGL.Extensions.dll
Register platform support module: C:/Program Files/Unity/Hub/Editor/2022.3.26f1/Editor/Data/PlaybackEngines/AndroidPlayer/UnityEditor.Android.Extensions.dll
Register platform support module: C:/Program Files/Unity/Hub/Editor/2022.3.26f1/Editor/Data/PlaybackEngines/iOSSupport/UnityEditor.iOS.Extensions.dll
Register platform support module: C:/Program Files/Unity/Hub/Editor/2022.3.26f1/Editor/Data/PlaybackEngines/WindowsStandaloneSupport/UnityEditor.WindowsStandalone.Extensions.dll
Register platform support module: C:/Program Files/Unity/Hub/Editor/2022.3.26f1/Editor/Data/PlaybackEngines/MetroSupport/UnityEditor.UWP.Extensions.dll
Registered in 0.017736 seconds.
- Loaded All Assemblies, in  0.279 seconds
Native extension for UWP target not found
Native extension for WindowsStandalone target not found
[usbmuxd] Start listen thread
[usbmuxd] Listen thread started
Native extension for iOS target not found
Native extension for Android target not found
Android Extension - Scanning For ADB Devices 1091 ms
Native extension for WebGL target not found
Mono: successfully reloaded assembly
- Finished resetting the current domain, in  1.335 seconds
Domain Reload Profiling: 1610ms
	BeginReloadAssembly (95ms)
		ExecutionOrderSort (0ms)
		DisableScriptedObjects (0ms)
		BackupInstance (0ms)
		ReleaseScriptingObjects (0ms)
		CreateAndSetChildDomain (0ms)
	RebuildCommonClasses (21ms)
	RebuildNativeTypeToScriptingClass (6ms)
	initialDomainReloadingComplete (54ms)
	LoadAllAssembliesAndSetupDomain (99ms)
		LoadAssemblies (94ms)
		RebuildTransferFunctionScriptingTraits (0ms)
		AnalyzeDomain (95ms)
			TypeCache.Refresh (94ms)
				TypeCache.ScanAssembly (83ms)
			ScanForSourceGeneratedMonoScriptInfo (0ms)
			ResolveRequiredComponents (0ms)
	FinalizeReload (1336ms)
		ReleaseScriptCaches (0ms)
		RebuildScriptCaches (0ms)
		SetupLoadedEditorAssemblies (1304ms)
			LogAssemblyErrors (0ms)
			InitializePlatformSupportModulesInManaged (1182ms)
			SetLoadedEditorAssemblies (3ms)
			RefreshPlugins (0ms)
			BeforeProcessingInitializeOnLoad (1ms)
			ProcessInitializeOnLoadAttributes (61ms)
			ProcessInitializeOnLoadMethodAttributes (57ms)
			AfterProcessingInitializeOnLoad (0ms)
			EditorAssembliesLoaded (0ms)
		ExecutionOrderSort2 (0ms)
		AwakeInstancesAfterBackupRestoration (0ms)
========================================================================
Worker process is ready to serve import requests
Begin MonoManager ReloadAssembly
- Loaded All Assemblies, in  0.489 seconds
Refreshing native plugins compatible for Editor in 2.23 ms, found 3 plugins.
Native extension for UWP target not found
Native extension for WindowsStandalone target not found
Native extension for iOS target not found
Native extension for Android target not found
Native extension for WebGL target not found
Package Manager log level set to [2]
[Package Manager] Server::EnsureServerProcessIsRunning -- launch failed, reason: Unity was launched with the -noUpm command-line argument
[Package Manager] UpmClient::Send -- Unable to send message (not connected to UPM process).
[Package Manager] Cannot connect to Unity Package Manager local server
Mono: successfully reloaded assembly
- Finished resetting the current domain, in  0.406 seconds
Domain Reload Profiling: 892ms
	BeginReloadAssembly (128ms)
		ExecutionOrderSort (0ms)
		DisableScriptedObjects (3ms)
		BackupInstance (0ms)
		ReleaseScriptingObjects (0ms)
		CreateAndSetChildDomain (12ms)
	RebuildCommonClasses (20ms)
	RebuildNativeTypeToScriptingClass (6ms)
	initialDomainReloadingComplete (31ms)
	LoadAllAssembliesAndSetupDomain (300ms)
		LoadAssemblies (271ms)
		RebuildTransferFunctionScriptingTraits (0ms)
		AnalyzeDomain (118ms)
			TypeCache.Refresh (104ms)
				TypeCache.ScanAssembly (93ms)
			ScanForSourceGeneratedMonoScriptInfo (10ms)
			ResolveRequiredComponents (3ms)
	FinalizeReload (406ms)
		ReleaseScriptCaches (0ms)
		RebuildScriptCaches (0ms)
		SetupLoadedEditorAssemblies (297ms)
			LogAssemblyErrors (0ms)
			InitializePlatformSupportModulesInManaged (30ms)
			SetLoadedEditorAssemblies (2ms)
			RefreshPlugins (0ms)
			BeforeProcessingInitializeOnLoad (40ms)
			ProcessInitializeOnLoadAttributes (204ms)
			ProcessInitializeOnLoadMethodAttributes (11ms)
			AfterProcessingInitializeOnLoad (10ms)
			EditorAssembliesLoaded (0ms)
		ExecutionOrderSort2 (0ms)
		AwakeInstancesAfterBackupRestoration (14ms)
Launched and connected shader compiler UnityShaderCompiler.exe after 0.10 seconds
Refreshing native plugins compatible for Editor in 1.99 ms, found 3 plugins.
Preloading 0 native plugins for Editor in 0.00 ms.
Unloading 3582 Unused Serialized files (Serialized files now loaded: 0)
Unloading 40 unused Assets / (58.0 KB). Loaded Objects now: 4052.
Memory consumption went from 148.0 MB to 147.9 MB.
Total: 2.283500 ms (FindLiveObjects: 0.146900 ms CreateObjectMapping: 0.045600 ms MarkObjects: 2.022400 ms  DeleteObjects: 0.068100 ms)

AssetImportParameters requested are different than current active one (requested -> active):
  custom:container-demuxer-ogg: 62fdf1f143b41e24485cea50d1cbac27 -> 
  custom:video-codec-MediaFoundation-h265: 746d11721c4dcdbdad8f713fa42b33f4 -> 
  custom:video-decoder-ogg-theora: a1e56fd34408186e4bbccfd4996cb3dc -> 
  custom:framework-win-MediaFoundation: 216162199b28c13a410421893ffa2e32 -> 
  custom:CustomObjectIndexerAttribute: 9a22284fe3817be447336de3de66b15e -> 
  custom:container-demuxer-webm: 4f35f7cbe854078d1ac9338744f61a02 -> 
  custom:container-muxer-webm: aa71ff27fc2769a1b78a27578f13a17b -> 
  custom:video-decoder-webm-vp8: 9c59270c3fd7afecdb556c50c9e8de78 -> 
  custom:SearchIndexIgnoredProperties: e643bd26f0fe6173181afceb89e7c659 -> 
  custom:AudioImporter_EditorPlatform: d09bf68614088b80899f8185d706f6e7 -> 
  custom:video-encoder-webm-vp8: eb34c28f22e8b96e1ab97ce403110664 -> 
  custom:audio-decoder-ogg-vorbis: bf7c407c2cedff20999df2af8eb42d56 -> 
  custom:audio-encoder-webm-vorbis: bf7c407c2cedff20999df2af8eb42d56 -> 
========================================================================
Received Import Request.
  Time since last request: 74197.264339 seconds.
  path: Assets/AssetPackages/SyntyStudios/PolygonAdventure/Prefabs/Weapons/SM_Wep_Dagger_01.prefab
  artifactKey: Guid(00565c6238126424599242cffe0ede5b) Importer(815301076,1909f56bfc062723c751e8b465ee728b)
Start importing Assets/AssetPackages/SyntyStudios/PolygonAdventure/Prefabs/Weapons/SM_Wep_Dagger_01.prefab using Guid(00565c6238126424599242cffe0ede5b) Importer(815301076,1909f56bfc062723c751e8b465ee728b)  -> (artifact id: '457679505ae08f7f8dda5ccc4e9b7f74') in 0.056146 seconds
Number of updated asset objects reloaded before import = 0
Number of asset objects unloaded after import = 13
========================================================================
Received Import Request.
  Time since last request: 0.002093 seconds.
  path: Assets/AssetPackages/SyntyStudios/PolygonAdventure/Prefabs/Weapons/SM_Wep_MusketPistol_01.prefab
  artifactKey: Guid(1843138d5306a9d4c963179833cac96c) Importer(815301076,1909f56bfc062723c751e8b465ee728b)
Start importing Assets/AssetPackages/SyntyStudios/PolygonAdventure/Prefabs/Weapons/SM_Wep_MusketPistol_01.prefab using Guid(1843138d5306a9d4c963179833cac96c) Importer(815301076,1909f56bfc062723c751e8b465ee728b)  -> (artifact id: '4bd753d36a4602b6ca6ae4740f95ec11') in 0.007661 seconds
Number of updated asset objects reloaded before import = 0
Number of asset objects unloaded after import = 13
========================================================================
Received Import Request.
  Time since last request: 0.000012 seconds.
  path: Assets/AssetPackages/SyntyStudios/PolygonAdventure/Prefabs/Weapons/SM_Wep_Pitchfork_01.prefab
  artifactKey: Guid(ba790c6fd6f7ab24d88313172ed55d92) Importer(815301076,1909f56bfc062723c751e8b465ee728b)
Start importing Assets/AssetPackages/SyntyStudios/PolygonAdventure/Prefabs/Weapons/SM_Wep_Pitchfork_01.prefab using Guid(ba790c6fd6f7ab24d88313172ed55d92) Importer(815301076,1909f56bfc062723c751e8b465ee728b)  -> (artifact id: '0ae80cd39228c3ec5461940636b1737b') in 0.007116 seconds
Number of updated asset objects reloaded before import = 0
Number of asset objects unloaded after import = 13
========================================================================
Received Import Request.
  Time since last request: 0.000010 seconds.
  path: Assets/AssetPackages/SyntyStudios/PolygonAdventure/Prefabs/Weapons/SM_Wep_Scythe_01.prefab
  artifactKey: Guid(2af05eac9619e09419fa737d4829b030) Importer(815301076,1909f56bfc062723c751e8b465ee728b)
Start importing Assets/AssetPackages/SyntyStudios/PolygonAdventure/Prefabs/Weapons/SM_Wep_Scythe_01.prefab using Guid(2af05eac9619e09419fa737d4829b030) Importer(815301076,1909f56bfc062723c751e8b465ee728b)  -> (artifact id: '290ecff946bb8d43ef11fc5e59dc98d9') in 0.008030 seconds
Number of updated asset objects reloaded before import = 0
Number of asset objects unloaded after import = 13
========================================================================
Received Import Request.
  Time since last request: 0.000011 seconds.
  path: Assets/AssetPackages/SyntyStudios/PolygonAdventure/Prefabs/Weapons/SM_Wep_Shield_02.prefab
  artifactKey: Guid(edf54b3dd7a16ad41bfe4c82ba7456f4) Importer(815301076,1909f56bfc062723c751e8b465ee728b)
Start importing Assets/AssetPackages/SyntyStudios/PolygonAdventure/Prefabs/Weapons/SM_Wep_Shield_02.prefab using Guid(edf54b3dd7a16ad41bfe4c82ba7456f4) Importer(815301076,1909f56bfc062723c751e8b465ee728b)  -> (artifact id: '6cc3c8b78b4432ed619c88372511e02f') in 0.006759 seconds
Number of updated asset objects reloaded before import = 0
Number of asset objects unloaded after import = 10
========================================================================
Received Import Request.
  Time since last request: 0.001112 seconds.
  path: Assets/AssetPackages/SyntyStudios/PolygonAdventure/Prefabs/Weapons/SM_Wep_Staff_01.prefab
  artifactKey: Guid(90914c334262f7140a0cf37f0b182e5c) Importer(815301076,1909f56bfc062723c751e8b465ee728b)
Start importing Assets/AssetPackages/SyntyStudios/PolygonAdventure/Prefabs/Weapons/SM_Wep_Staff_01.prefab using Guid(90914c334262f7140a0cf37f0b182e5c) Importer(815301076,1909f56bfc062723c751e8b465ee728b)  -> (artifact id: 'd43c91c4222af2f55627223f496ffa3e') in 0.007396 seconds
Number of updated asset objects reloaded before import = 0
Number of asset objects unloaded after import = 13
========================================================================
Received Import Request.
  Time since last request: 0.003013 seconds.
  path: Assets/AssetPackages/SyntyStudios/PolygonAdventure/Prefabs/Weapons/SM_Wep_Sword_01.prefab
  artifactKey: Guid(13af847dfa6dbe844ba4b7c902f98f67) Importer(815301076,1909f56bfc062723c751e8b465ee728b)
Start importing Assets/AssetPackages/SyntyStudios/PolygonAdventure/Prefabs/Weapons/SM_Wep_Sword_01.prefab using Guid(13af847dfa6dbe844ba4b7c902f98f67) Importer(815301076,1909f56bfc062723c751e8b465ee728b)  -> (artifact id: '32fdf2d25dacd0eec103742360763faa') in 0.009988 seconds
Number of updated asset objects reloaded before import = 0
Number of asset objects unloaded after import = 13
========================================================================
Received Import Request.
  Time since last request: 239.879439 seconds.
  path: Assets/AssetPackages/SyntyStudios/PolygonAdventure/Prefabs/Characters/Character_Knight_Brown.prefab
  artifactKey: Guid(6724992a26d21854798810e3993415be) Importer(815301076,1909f56bfc062723c751e8b465ee728b)
Start importing Assets/AssetPackages/SyntyStudios/PolygonAdventure/Prefabs/Characters/Character_Knight_Brown.prefab using Guid(6724992a26d21854798810e3993415be) Importer(815301076,1909f56bfc062723c751e8b465ee728b)  -> (artifact id: '40ebbeceaf86c6cd9aa583bb20277d50') in 0.024583 seconds
Number of updated asset objects reloaded before import = 0
Number of asset objects unloaded after import = 178
========================================================================
Received Import Request.
  Time since last request: 0.049603 seconds.
  path: Assets/AssetPackages/SyntyStudios/PolygonAdventure/Prefabs/Characters/Character_Peasant_Brown.prefab
  artifactKey: Guid(100dded3f80a43846a29e6fdf0e82019) Importer(815301076,1909f56bfc062723c751e8b465ee728b)
Start importing Assets/AssetPackages/SyntyStudios/PolygonAdventure/Prefabs/Characters/Character_Peasant_Brown.prefab using Guid(100dded3f80a43846a29e6fdf0e82019) Importer(815301076,1909f56bfc062723c751e8b465ee728b)  -> (artifact id: '9b37c004e70f3975c97ac5bb4efef3a5') in 0.011608 seconds
Number of updated asset objects reloaded before import = 0
Number of asset objects unloaded after import = 178
========================================================================
Received Import Request.
  Time since last request: 0.000012 seconds.
  path: Assets/AssetPackages/SyntyStudios/PolygonAdventure/Prefabs/Characters/Character_Knight_White.prefab
  artifactKey: Guid(dac2afd5e1dda1c4d9fe05cf141b47f0) Importer(815301076,1909f56bfc062723c751e8b465ee728b)
Start importing Assets/AssetPackages/SyntyStudios/PolygonAdventure/Prefabs/Characters/Character_Knight_White.prefab using Guid(dac2afd5e1dda1c4d9fe05cf141b47f0) Importer(815301076,1909f56bfc062723c751e8b465ee728b)  -> (artifact id: '8b8b3a15499628c69faf6ee067062306') in 0.009444 seconds
Number of updated asset objects reloaded before import = 0
Number of asset objects unloaded after import = 176
========================================================================
Received Import Request.
  Time since last request: 0.000011 seconds.
  path: Assets/AssetPackages/SyntyStudios/PolygonAdventure/Prefabs/Characters/Character_Shopkeeper_Black.prefab
  artifactKey: Guid(4b94a93fa70935041b61d500fb573a22) Importer(815301076,1909f56bfc062723c751e8b465ee728b)
Start importing Assets/AssetPackages/SyntyStudios/PolygonAdventure/Prefabs/Characters/Character_Shopkeeper_Black.prefab using Guid(4b94a93fa70935041b61d500fb573a22) Importer(815301076,1909f56bfc062723c751e8b465ee728b)  -> (artifact id: 'ea10740b231bd19c5ba1c8f65b18ce96') in 0.009915 seconds
Number of updated asset objects reloaded before import = 0
Number of asset objects unloaded after import = 178
========================================================================
Received Import Request.
  Time since last request: 0.000011 seconds.
  path: Assets/AssetPackages/SyntyStudios/PolygonAdventure/Prefabs/Characters/Character_Shopkeeper_White.prefab
  artifactKey: Guid(da95f7d3c32f0ae409c0d2c1c8b88511) Importer(815301076,1909f56bfc062723c751e8b465ee728b)
Start importing Assets/AssetPackages/SyntyStudios/PolygonAdventure/Prefabs/Characters/Character_Shopkeeper_White.prefab using Guid(da95f7d3c32f0ae409c0d2c1c8b88511) Importer(815301076,1909f56bfc062723c751e8b465ee728b)  -> (artifact id: 'e4d99aa852513d103f59549ae45fa6aa') in 0.009427 seconds
Number of updated asset objects reloaded before import = 0
Number of asset objects unloaded after import = 176
========================================================================
Received Import Request.
  Time since last request: 0.000010 seconds.
  path: Assets/AssetPackages/SyntyStudios/PolygonAdventure/Prefabs/Characters/Character_Viking_Brown.prefab
  artifactKey: Guid(55baa12c54e933f44a6f55a515a15199) Importer(815301076,1909f56bfc062723c751e8b465ee728b)
Start importing Assets/AssetPackages/SyntyStudios/PolygonAdventure/Prefabs/Characters/Character_Viking_Brown.prefab using Guid(55baa12c54e933f44a6f55a515a15199) Importer(815301076,1909f56bfc062723c751e8b465ee728b)  -> (artifact id: 'c94896f3131ca80851cdf7eb167f0a91') in 0.010166 seconds
Number of updated asset objects reloaded before import = 0
Number of asset objects unloaded after import = 178
========================================================================
Received Import Request.
  Time since last request: 0.000010 seconds.
  path: Assets/AssetPackages/SyntyStudios/PolygonAdventure/Prefabs/Characters/Character_Warrior_Black.prefab
  artifactKey: Guid(156f67e924f48da4990472c91c068932) Importer(815301076,1909f56bfc062723c751e8b465ee728b)
Start importing Assets/AssetPackages/SyntyStudios/PolygonAdventure/Prefabs/Characters/Character_Warrior_Black.prefab using Guid(156f67e924f48da4990472c91c068932) Importer(815301076,1909f56bfc062723c751e8b465ee728b)  -> (artifact id: '1a3802a3e85e20ff0731d9fe863c61eb') in 0.009103 seconds
Number of updated asset objects reloaded before import = 0
Number of asset objects unloaded after import = 178
========================================================================
Received Import Request.
  Time since last request: 0.000012 seconds.
  path: Assets/AssetPackages/SyntyStudios/PolygonAdventure/Prefabs/Characters/Character_Warrior_White.prefab
  artifactKey: Guid(4fd72ede44298284b89704ad0b9dedad) Importer(815301076,1909f56bfc062723c751e8b465ee728b)
Start importing Assets/AssetPackages/SyntyStudios/PolygonAdventure/Prefabs/Characters/Character_Warrior_White.prefab using Guid(4fd72ede44298284b89704ad0b9dedad) Importer(815301076,1909f56bfc062723c751e8b465ee728b)  -> (artifact id: '648508c7dc5ad3c6e3bef43afa8d2900') in 0.009757 seconds
Number of updated asset objects reloaded before import = 0
Number of asset objects unloaded after import = 176
========================================================================
Received Import Request.
  Time since last request: 6827.896193 seconds.
  path: Assets/AssetPackages/SyntyStudios/PolygonCity/FX/FX_Steam.prefab
  artifactKey: Guid(de0fb8fabb4497b4fb140cddb057abbf) Importer(815301076,1909f56bfc062723c751e8b465ee728b)
Start importing Assets/AssetPackages/SyntyStudios/PolygonCity/FX/FX_Steam.prefab using Guid(de0fb8fabb4497b4fb140cddb057abbf) Importer(815301076,1909f56bfc062723c751e8b465ee728b)  -> (artifact id: 'a0657d3fd344d8aa0b4546b2bd79881c') in 0.156263 seconds
Number of updated asset objects reloaded before import = 0
Number of asset objects unloaded after import = 7
========================================================================
Received Import Request.
  Time since last request: 191.889592 seconds.
  path: Assets/AssetPackages/SyntyStudios/PolygonPrototype/Prefabs/Primitives/SM_Primitive_Cone_02.prefab
  artifactKey: Guid(24373248f391a67468f9995ecb0c840b) Importer(815301076,1909f56bfc062723c751e8b465ee728b)
Start importing Assets/AssetPackages/SyntyStudios/PolygonPrototype/Prefabs/Primitives/SM_Primitive_Cone_02.prefab using Guid(24373248f391a67468f9995ecb0c840b) Importer(815301076,1909f56bfc062723c751e8b465ee728b)  -> (artifact id: '23b96fdb67c2256903d5d36802f38b79') in 0.020237 seconds
Number of updated asset objects reloaded before import = 0
Number of asset objects unloaded after import = 10
========================================================================
Received Import Request.
  Time since last request: 2.083663 seconds.
  path: Assets/AssetPackages/SyntyStudios/PolygonPrototype/Prefabs/Primitives/SM_Primitive_Cone_03.prefab
  artifactKey: Guid(90509c391a1c4da48830920ae0871c5f) Importer(815301076,1909f56bfc062723c751e8b465ee728b)
Start importing Assets/AssetPackages/SyntyStudios/PolygonPrototype/Prefabs/Primitives/SM_Primitive_Cone_03.prefab using Guid(90509c391a1c4da48830920ae0871c5f) Importer(815301076,1909f56bfc062723c751e8b465ee728b)  -> (artifact id: 'ea002a2f27877c492e1f5fbd4683240e') in 0.013295 seconds
Number of updated asset objects reloaded before import = 0
Number of asset objects unloaded after import = 10
========================================================================
Received Import Request.
  Time since last request: 0.000010 seconds.
  path: Assets/AssetPackages/SyntyStudios/PolygonPrototype/Prefabs/Primitives/SM_Primitive_Cube_02.prefab
  artifactKey: Guid(0b49b21974f2e634d8523f26d2e7516c) Importer(815301076,1909f56bfc062723c751e8b465ee728b)
Start importing Assets/AssetPackages/SyntyStudios/PolygonPrototype/Prefabs/Primitives/SM_Primitive_Cube_02.prefab using Guid(0b49b21974f2e634d8523f26d2e7516c) Importer(815301076,1909f56bfc062723c751e8b465ee728b)  -> (artifact id: 'c534f5ddb9b474f848334784731b78dd') in 0.010846 seconds
Number of updated asset objects reloaded before import = 0
Number of asset objects unloaded after import = 10
========================================================================
Received Import Request.
  Time since last request: 0.000013 seconds.
  path: Assets/AssetPackages/SyntyStudios/PolygonPrototype/Prefabs/Primitives/SM_Primitive_Cube_03.prefab
  artifactKey: Guid(a4e5400b711cb57478dcf41916935a7e) Importer(815301076,1909f56bfc062723c751e8b465ee728b)
Start importing Assets/AssetPackages/SyntyStudios/PolygonPrototype/Prefabs/Primitives/SM_Primitive_Cube_03.prefab using Guid(a4e5400b711cb57478dcf41916935a7e) Importer(815301076,1909f56bfc062723c751e8b465ee728b)  -> (artifact id: '022290aceea74d7251957f9d309fae44') in 0.012417 seconds
Number of updated asset objects reloaded before import = 0
Number of asset objects unloaded after import = 11
========================================================================
Received Import Request.
  Time since last request: 0.000012 seconds.
  path: Assets/AssetPackages/SyntyStudios/PolygonPrototype/Prefabs/Primitives/SM_Primitive_Cylander_02.prefab
  artifactKey: Guid(e66c76021795e384793454c342f03e18) Importer(815301076,1909f56bfc062723c751e8b465ee728b)
Start importing Assets/AssetPackages/SyntyStudios/PolygonPrototype/Prefabs/Primitives/SM_Primitive_Cylander_02.prefab using Guid(e66c76021795e384793454c342f03e18) Importer(815301076,1909f56bfc062723c751e8b465ee728b)  -> (artifact id: '33aae797421c2d65004bedea7d1f2621') in 0.014422 seconds
Number of updated asset objects reloaded before import = 0
Number of asset objects unloaded after import = 10
========================================================================
Received Import Request.
  Time since last request: 0.000011 seconds.
  path: Assets/AssetPackages/SyntyStudios/PolygonPrototype/Prefabs/Primitives/SM_Primitive_Cylander_05.prefab
  artifactKey: Guid(f7f9075092adedc429950e5d74a37e7a) Importer(815301076,1909f56bfc062723c751e8b465ee728b)
Start importing Assets/AssetPackages/SyntyStudios/PolygonPrototype/Prefabs/Primitives/SM_Primitive_Cylander_05.prefab using Guid(f7f9075092adedc429950e5d74a37e7a) Importer(815301076,1909f56bfc062723c751e8b465ee728b)  -> (artifact id: '00f78fa0b8a99e594cf5706d66666e0b') in 0.010572 seconds
Number of updated asset objects reloaded before import = 0
Number of asset objects unloaded after import = 11
========================================================================
Received Import Request.
  Time since last request: 0.000011 seconds.
  path: Assets/AssetPackages/SyntyStudios/PolygonPrototype/Prefabs/Primitives/SM_Primitive_Cylander_04.prefab
  artifactKey: Guid(34f76d483386e474fb9daded4c6e44ad) Importer(815301076,1909f56bfc062723c751e8b465ee728b)
Start importing Assets/AssetPackages/SyntyStudios/PolygonPrototype/Prefabs/Primitives/SM_Primitive_Cylander_04.prefab using Guid(34f76d483386e474fb9daded4c6e44ad) Importer(815301076,1909f56bfc062723c751e8b465ee728b)  -> (artifact id: '154cc94f2749ac951be9e75be4bae0ea') in 0.012576 seconds
Number of updated asset objects reloaded before import = 0
Number of asset objects unloaded after import = 11
========================================================================
Received Import Request.
  Time since last request: 0.000010 seconds.
  path: Assets/AssetPackages/SyntyStudios/PolygonPrototype/Prefabs/Primitives/SM_Primitive_Pyramid_01.prefab
  artifactKey: Guid(9faf06d2bb3a717438a9adca8f2001cf) Importer(815301076,1909f56bfc062723c751e8b465ee728b)
Start importing Assets/AssetPackages/SyntyStudios/PolygonPrototype/Prefabs/Primitives/SM_Primitive_Pyramid_01.prefab using Guid(9faf06d2bb3a717438a9adca8f2001cf) Importer(815301076,1909f56bfc062723c751e8b465ee728b)  -> (artifact id: '5b0a93c359d157cbb3047a3fa40be8ec') in 0.010393 seconds
Number of updated asset objects reloaded before import = 0
Number of asset objects unloaded after import = 10
========================================================================
Received Import Request.
  Time since last request: 0.000011 seconds.
  path: Assets/AssetPackages/SyntyStudios/PolygonPrototype/Prefabs/Primitives/SM_Primitive_Sphere_01.prefab
  artifactKey: Guid(06c1f8f114e362a40a4c6a29c518c61d) Importer(815301076,1909f56bfc062723c751e8b465ee728b)
Start importing Assets/AssetPackages/SyntyStudios/PolygonPrototype/Prefabs/Primitives/SM_Primitive_Sphere_01.prefab using Guid(06c1f8f114e362a40a4c6a29c518c61d) Importer(815301076,1909f56bfc062723c751e8b465ee728b)  -> (artifact id: 'a73b40e406f435958577ab19c9266669') in 0.011194 seconds
Number of updated asset objects reloaded before import = 0
Number of asset objects unloaded after import = 10
========================================================================
Received Import Request.
  Time since last request: 0.000011 seconds.
  path: Assets/AssetPackages/SyntyStudios/PolygonPrototype/Prefabs/Primitives/SM_Primitive_Sphere_03.prefab
  artifactKey: Guid(b2b603c900d83e942873b5dc37c173b2) Importer(815301076,1909f56bfc062723c751e8b465ee728b)
Start importing Assets/AssetPackages/SyntyStudios/PolygonPrototype/Prefabs/Primitives/SM_Primitive_Sphere_03.prefab using Guid(b2b603c900d83e942873b5dc37c173b2) Importer(815301076,1909f56bfc062723c751e8b465ee728b)  -> (artifact id: 'd2c78b9a5ebc8498f47731e327af2c93') in 0.012313 seconds
Number of updated asset objects reloaded before import = 0
Number of asset objects unloaded after import = 10
========================================================================
Received Import Request.
  Time since last request: 0.000011 seconds.
  path: Assets/AssetPackages/SyntyStudios/PolygonPrototype/Prefabs/Primitives/SM_Primitive_Torus_01.prefab
  artifactKey: Guid(c7b3a6ce5b189dc4ba4b569b296cc51e) Importer(815301076,1909f56bfc062723c751e8b465ee728b)
Start importing Assets/AssetPackages/SyntyStudios/PolygonPrototype/Prefabs/Primitives/SM_Primitive_Torus_01.prefab using Guid(c7b3a6ce5b189dc4ba4b569b296cc51e) Importer(815301076,1909f56bfc062723c751e8b465ee728b)  -> (artifact id: '6999ba40406840e4267866ae2ba5b9fb') in 0.011498 seconds
Number of updated asset objects reloaded before import = 0
Number of asset objects unloaded after import = 10
========================================================================
Received Import Request.
  Time since last request: 0.000011 seconds.
  path: Assets/AssetPackages/SyntyStudios/PolygonPrototype/Prefabs/Primitives/SM_Primitive_Torus_03.prefab
  artifactKey: Guid(6740a43f674459c469a11df12685b0cf) Importer(815301076,1909f56bfc062723c751e8b465ee728b)
Start importing Assets/AssetPackages/SyntyStudios/PolygonPrototype/Prefabs/Primitives/SM_Primitive_Torus_03.prefab using Guid(6740a43f674459c469a11df12685b0cf) Importer(815301076,1909f56bfc062723c751e8b465ee728b)  -> (artifact id: '8ad2bdfd497b806b76efbc69f6c6da50') in 0.012061 seconds
Number of updated asset objects reloaded before import = 0
Number of asset objects unloaded after import = 10
========================================================================
Received Import Request.
  Time since last request: 0.000009 seconds.
  path: Assets/AssetPackages/SyntyStudios/PolygonPrototype/Prefabs/Primitives/SM_Primitive_Torus_05.prefab
  artifactKey: Guid(4b6acd645cbdc3d489293779f6e8ccf6) Importer(815301076,1909f56bfc062723c751e8b465ee728b)
Start importing Assets/AssetPackages/SyntyStudios/PolygonPrototype/Prefabs/Primitives/SM_Primitive_Torus_05.prefab using Guid(4b6acd645cbdc3d489293779f6e8ccf6) Importer(815301076,1909f56bfc062723c751e8b465ee728b)  -> (artifact id: '21382a3f14bf82b90a9c6b2d5714413d') in 0.011722 seconds
Number of updated asset objects reloaded before import = 0
Number of asset objects unloaded after import = 11
========================================================================
Received Import Request.
  Time since last request: 0.000012 seconds.
  path: Assets/AssetPackages/SyntyStudios/PolygonPrototype/Prefabs/Primitives/SM_Primitive_Tube_02.prefab
  artifactKey: Guid(9fb1d1e524b2c6241aad3f0f7094303c) Importer(815301076,1909f56bfc062723c751e8b465ee728b)
Start importing Assets/AssetPackages/SyntyStudios/PolygonPrototype/Prefabs/Primitives/SM_Primitive_Tube_02.prefab using Guid(9fb1d1e524b2c6241aad3f0f7094303c) Importer(815301076,1909f56bfc062723c751e8b465ee728b)  -> (artifact id: '47f9165e1a7a1ddcc72abefbb200762c') in 0.011147 seconds
Number of updated asset objects reloaded before import = 0
Number of asset objects unloaded after import = 10
========================================================================
Received Import Request.
  Time since last request: 0.000013 seconds.
  path: Assets/AssetPackages/SyntyStudios/PolygonPrototype/Prefabs/Primitives/SM_Primitive_Tube_03.prefab
  artifactKey: Guid(4d910ea616be1ae4689c17a178d1470c) Importer(815301076,1909f56bfc062723c751e8b465ee728b)
Start importing Assets/AssetPackages/SyntyStudios/PolygonPrototype/Prefabs/Primitives/SM_Primitive_Tube_03.prefab using Guid(4d910ea616be1ae4689c17a178d1470c) Importer(815301076,1909f56bfc062723c751e8b465ee728b)  -> (artifact id: '5a5eaf139a246a4e9ef945a1f727d4c0') in 0.011780 seconds
Number of updated asset objects reloaded before import = 0
Number of asset objects unloaded after import = 10
========================================================================
Received Import Request.
  Time since last request: 0.000018 seconds.
  path: Assets/AssetPackages/SyntyStudios/PolygonPrototype/Prefabs/Primitives/SM_Primitive_Tube_05.prefab
  artifactKey: Guid(4a0bbf342b1b274429b291c849e7f818) Importer(815301076,1909f56bfc062723c751e8b465ee728b)
Start importing Assets/AssetPackages/SyntyStudios/PolygonPrototype/Prefabs/Primitives/SM_Primitive_Tube_05.prefab using Guid(4a0bbf342b1b274429b291c849e7f818) Importer(815301076,1909f56bfc062723c751e8b465ee728b)  -> (artifact id: 'bfdc8dbf5a846390f439c41920b9c6e2') in 0.013081 seconds
Number of updated asset objects reloaded before import = 0
Number of asset objects unloaded after import = 11
========================================================================
Received Import Request.
  Time since last request: 0.000012 seconds.
  path: Assets/AssetPackages/SyntyStudios/PolygonPrototype/Prefabs/Primitives/SM_Primitive_Cylander_03.prefab
  artifactKey: Guid(864780f64143e044ba476358cde34b39) Importer(815301076,1909f56bfc062723c751e8b465ee728b)
Start importing Assets/AssetPackages/SyntyStudios/PolygonPrototype/Prefabs/Primitives/SM_Primitive_Cylander_03.prefab using Guid(864780f64143e044ba476358cde34b39) Importer(815301076,1909f56bfc062723c751e8b465ee728b)  -> (artifact id: '5446914861b1dc9a9616f658e7864756') in 0.012032 seconds
Number of updated asset objects reloaded before import = 0
Number of asset objects unloaded after import = 10
========================================================================
Received Import Request.
  Time since last request: 3.466713 seconds.
  path: Assets/AssetPackages/SyntyStudios/PolygonPrototype/Prefabs/Icons/SM_Icon_Ammo_02.prefab
  artifactKey: Guid(066f87768082f0e469955d85666f188a) Importer(815301076,1909f56bfc062723c751e8b465ee728b)
Start importing Assets/AssetPackages/SyntyStudios/PolygonPrototype/Prefabs/Icons/SM_Icon_Ammo_02.prefab using Guid(066f87768082f0e469955d85666f188a) Importer(815301076,1909f56bfc062723c751e8b465ee728b)  -> (artifact id: '85e3ae811d80f72addf1c66fb6b9aba9') in 0.011296 seconds
Number of updated asset objects reloaded before import = 0
Number of asset objects unloaded after import = 9
========================================================================
Received Import Request.
  Time since last request: 0.000011 seconds.
  path: Assets/AssetPackages/SyntyStudios/PolygonPrototype/Prefabs/Icons/SM_Icon_Ammo_04.prefab
  artifactKey: Guid(db8d6ebe0a80601458a02ea82de28877) Importer(815301076,1909f56bfc062723c751e8b465ee728b)
Start importing Assets/AssetPackages/SyntyStudios/PolygonPrototype/Prefabs/Icons/SM_Icon_Ammo_04.prefab using Guid(db8d6ebe0a80601458a02ea82de28877) Importer(815301076,1909f56bfc062723c751e8b465ee728b)  -> (artifact id: '200beddbdbaace2e145e3561ff03ae45') in 0.010439 seconds
Number of updated asset objects reloaded before import = 0
Number of asset objects unloaded after import = 9
========================================================================
Received Import Request.
  Time since last request: 0.000013 seconds.
  path: Assets/AssetPackages/SyntyStudios/PolygonPrototype/Prefabs/Icons/SM_Icon_Apple_01.prefab
  artifactKey: Guid(bd7dc9dc7bc1498469cf9289744f30c3) Importer(815301076,1909f56bfc062723c751e8b465ee728b)
Start importing Assets/AssetPackages/SyntyStudios/PolygonPrototype/Prefabs/Icons/SM_Icon_Apple_01.prefab using Guid(bd7dc9dc7bc1498469cf9289744f30c3) Importer(815301076,1909f56bfc062723c751e8b465ee728b)  -> (artifact id: 'dae5426d98c5aae8d011ee216aec97ce') in 0.011718 seconds
Number of updated asset objects reloaded before import = 0
Number of asset objects unloaded after import = 9
========================================================================
Received Import Request.
  Time since last request: 0.000010 seconds.
  path: Assets/AssetPackages/SyntyStudios/PolygonPrototype/Prefabs/Icons/SM_Icon_Arrow_Long_Curve_02.prefab
  artifactKey: Guid(c1c47c243c7e27e4da829882dd3c5cbf) Importer(815301076,1909f56bfc062723c751e8b465ee728b)
Start importing Assets/AssetPackages/SyntyStudios/PolygonPrototype/Prefabs/Icons/SM_Icon_Arrow_Long_Curve_02.prefab using Guid(c1c47c243c7e27e4da829882dd3c5cbf) Importer(815301076,1909f56bfc062723c751e8b465ee728b)  -> (artifact id: 'b6b0679c5ddd9d71669a10bbce2fa96e') in 0.012004 seconds
Number of updated asset objects reloaded before import = 0
Number of asset objects unloaded after import = 9
========================================================================
Received Import Request.
  Time since last request: 0.000011 seconds.
  path: Assets/AssetPackages/SyntyStudios/PolygonPrototype/Prefabs/Icons/SM_Icon_Arrow_Long_Curve_03.prefab
  artifactKey: Guid(b5cb50f10b463654b84fc0bd219cc613) Importer(815301076,1909f56bfc062723c751e8b465ee728b)
Start importing Assets/AssetPackages/SyntyStudios/PolygonPrototype/Prefabs/Icons/SM_Icon_Arrow_Long_Curve_03.prefab using Guid(b5cb50f10b463654b84fc0bd219cc613) Importer(815301076,1909f56bfc062723c751e8b465ee728b)  -> (artifact id: 'b6504bd372236c7a808da30428c0a125') in 0.012215 seconds
Number of updated asset objects reloaded before import = 0
Number of asset objects unloaded after import = 9
========================================================================
Received Import Request.
  Time since last request: 0.000010 seconds.
  path: Assets/AssetPackages/SyntyStudios/PolygonPrototype/Prefabs/Icons/SM_Icon_Arrow_Small_03.prefab
  artifactKey: Guid(6576d5990c9184d4690472055b8e50cf) Importer(815301076,1909f56bfc062723c751e8b465ee728b)
Start importing Assets/AssetPackages/SyntyStudios/PolygonPrototype/Prefabs/Icons/SM_Icon_Arrow_Small_03.prefab using Guid(6576d5990c9184d4690472055b8e50cf) Importer(815301076,1909f56bfc062723c751e8b465ee728b)  -> (artifact id: '2cc38353d8da78a5a0ca9a47e2d49af7') in 0.009714 seconds
Number of updated asset objects reloaded before import = 0
Number of asset objects unloaded after import = 9
========================================================================
Received Import Request.
  Time since last request: 0.000011 seconds.
  path: Assets/AssetPackages/SyntyStudios/PolygonPrototype/Prefabs/Icons/SM_Icon_Arrow_Small_06.prefab
  artifactKey: Guid(a2f0e8b8fb9a69e46839b07b2ff580cc) Importer(815301076,1909f56bfc062723c751e8b465ee728b)
Start importing Assets/AssetPackages/SyntyStudios/PolygonPrototype/Prefabs/Icons/SM_Icon_Arrow_Small_06.prefab using Guid(a2f0e8b8fb9a69e46839b07b2ff580cc) Importer(815301076,1909f56bfc062723c751e8b465ee728b)  -> (artifact id: '009a720ddf198bcf4196097363c54230') in 0.011867 seconds
Number of updated asset objects reloaded before import = 0
Number of asset objects unloaded after import = 9
========================================================================
Received Import Request.
  Time since last request: 0.000011 seconds.
  path: Assets/AssetPackages/SyntyStudios/PolygonPrototype/Prefabs/Icons/SM_Icon_Arrow_Small_UpDown_01.prefab
  artifactKey: Guid(275dea57fcf4ef74db28f9d6eceda59f) Importer(815301076,1909f56bfc062723c751e8b465ee728b)
Start importing Assets/AssetPackages/SyntyStudios/PolygonPrototype/Prefabs/Icons/SM_Icon_Arrow_Small_UpDown_01.prefab using Guid(275dea57fcf4ef74db28f9d6eceda59f) Importer(815301076,1909f56bfc062723c751e8b465ee728b)  -> (artifact id: '1206dd2faa292195b7d27167c351b8a5') in 0.011439 seconds
Number of updated asset objects reloaded before import = 0
Number of asset objects unloaded after import = 9
========================================================================
Received Import Request.
  Time since last request: 0.000010 seconds.
  path: Assets/AssetPackages/SyntyStudios/PolygonPrototype/Prefabs/Icons/SM_Icon_Axe_01.prefab
  artifactKey: Guid(a6cfedc7f70b3074d9a988d36a08b92f) Importer(815301076,1909f56bfc062723c751e8b465ee728b)
Start importing Assets/AssetPackages/SyntyStudios/PolygonPrototype/Prefabs/Icons/SM_Icon_Axe_01.prefab using Guid(a6cfedc7f70b3074d9a988d36a08b92f) Importer(815301076,1909f56bfc062723c751e8b465ee728b)  -> (artifact id: '64c149b7956d2a0d55dc51a50248cc94') in 0.010029 seconds
Number of updated asset objects reloaded before import = 0
Number of asset objects unloaded after import = 9
========================================================================
Received Import Request.
  Time since last request: 0.047874 seconds.
  path: Assets/AssetPackages/SyntyStudios/PolygonPrototype/Prefabs/Icons/SM_Icon_Banana_02.prefab
  artifactKey: Guid(84cd279dfc9ea0a4b8564030182915fa) Importer(815301076,1909f56bfc062723c751e8b465ee728b)
Start importing Assets/AssetPackages/SyntyStudios/PolygonPrototype/Prefabs/Icons/SM_Icon_Banana_02.prefab using Guid(84cd279dfc9ea0a4b8564030182915fa) Importer(815301076,1909f56bfc062723c751e8b465ee728b)  -> (artifact id: 'f253c0ee3f74b905fddd4ce233cc928b') in 0.012092 seconds
Number of updated asset objects reloaded before import = 0
Number of asset objects unloaded after import = 9
========================================================================
Received Import Request.
  Time since last request: 0.000013 seconds.
  path: Assets/AssetPackages/SyntyStudios/PolygonPrototype/Prefabs/Icons/SM_Icon_Balloon_01.prefab
  artifactKey: Guid(5e5b016a0cd771740aae0b664476d77d) Importer(815301076,1909f56bfc062723c751e8b465ee728b)
Start importing Assets/AssetPackages/SyntyStudios/PolygonPrototype/Prefabs/Icons/SM_Icon_Balloon_01.prefab using Guid(5e5b016a0cd771740aae0b664476d77d) Importer(815301076,1909f56bfc062723c751e8b465ee728b)  -> (artifact id: 'ffbcd9717a7588f4cf311c7a9fc25a69') in 0.012373 seconds
Number of updated asset objects reloaded before import = 0
Number of asset objects unloaded after import = 9
========================================================================
Received Import Request.
  Time since last request: 0.000022 seconds.
  path: Assets/AssetPackages/SyntyStudios/PolygonPrototype/Prefabs/Icons/SM_Icon_Camera_01.prefab
  artifactKey: Guid(99698dc12d556854e9958d55e495cc35) Importer(815301076,1909f56bfc062723c751e8b465ee728b)
Start importing Assets/AssetPackages/SyntyStudios/PolygonPrototype/Prefabs/Icons/SM_Icon_Camera_01.prefab using Guid(99698dc12d556854e9958d55e495cc35) Importer(815301076,1909f56bfc062723c751e8b465ee728b)  -> (artifact id: '3a2386430d303a19f1da9124f7fea530') in 0.013295 seconds
Number of updated asset objects reloaded before import = 0
Number of asset objects unloaded after import = 9
========================================================================
Received Import Request.
  Time since last request: 0.000013 seconds.
  path: Assets/AssetPackages/SyntyStudios/PolygonPrototype/Prefabs/Icons/SM_Icon_Bones_01.prefab
  artifactKey: Guid(afcad7bbccdb2a343ab3f73a52efc291) Importer(815301076,1909f56bfc062723c751e8b465ee728b)
Start importing Assets/AssetPackages/SyntyStudios/PolygonPrototype/Prefabs/Icons/SM_Icon_Bones_01.prefab using Guid(afcad7bbccdb2a343ab3f73a52efc291) Importer(815301076,1909f56bfc062723c751e8b465ee728b)  -> (artifact id: 'fd2b37c5030370a8d3a706c1f8125e30') in 0.011126 seconds
Number of updated asset objects reloaded before import = 0
Number of asset objects unloaded after import = 9
========================================================================
Received Import Request.
  Time since last request: 0.000012 seconds.
  path: Assets/AssetPackages/SyntyStudios/PolygonPrototype/Prefabs/Icons/SM_Icon_Coin_01.prefab
  artifactKey: Guid(0ba572a262b50b24db3cdbe3ca8ec387) Importer(815301076,1909f56bfc062723c751e8b465ee728b)
Start importing Assets/AssetPackages/SyntyStudios/PolygonPrototype/Prefabs/Icons/SM_Icon_Coin_01.prefab using Guid(0ba572a262b50b24db3cdbe3ca8ec387) Importer(815301076,1909f56bfc062723c751e8b465ee728b)  -> (artifact id: 'aa8451a82663ce6088138f6718f40d63') in 0.013296 seconds
Number of updated asset objects reloaded before import = 0
Number of asset objects unloaded after import = 9
========================================================================
Received Import Request.
  Time since last request: 0.037599 seconds.
  path: Assets/AssetPackages/SyntyStudios/PolygonPrototype/Prefabs/Icons/SM_Icon_CoinBag_01.prefab
  artifactKey: Guid(26ebce2f78526014da0d1b69d835b6e9) Importer(815301076,1909f56bfc062723c751e8b465ee728b)
Start importing Assets/AssetPackages/SyntyStudios/PolygonPrototype/Prefabs/Icons/SM_Icon_CoinBag_01.prefab using Guid(26ebce2f78526014da0d1b69d835b6e9) Importer(815301076,1909f56bfc062723c751e8b465ee728b)  -> (artifact id: 'a84cb7d0b6bc027a1783328ad9dbbfc9') in 0.014735 seconds
Number of updated asset objects reloaded before import = 0
Number of asset objects unloaded after import = 9
========================================================================
Received Import Request.
  Time since last request: 0.000016 seconds.
  path: Assets/AssetPackages/SyntyStudios/PolygonPrototype/Prefabs/Icons/SM_Icon_Cup_02.prefab
  artifactKey: Guid(0e6836f86c6fc2e42ae21d855c64d86a) Importer(815301076,1909f56bfc062723c751e8b465ee728b)
Start importing Assets/AssetPackages/SyntyStudios/PolygonPrototype/Prefabs/Icons/SM_Icon_Cup_02.prefab using Guid(0e6836f86c6fc2e42ae21d855c64d86a) Importer(815301076,1909f56bfc062723c751e8b465ee728b)  -> (artifact id: '45e785e329ff25f66e3fbf1f6e8e2cdc') in 0.014068 seconds
Number of updated asset objects reloaded before import = 0
Number of asset objects unloaded after import = 9
========================================================================
Received Import Request.
  Time since last request: 0.000013 seconds.
  path: Assets/AssetPackages/SyntyStudios/PolygonPrototype/Prefabs/Icons/SM_Icon_Cross_01.prefab
  artifactKey: Guid(043b8deffe3bb5a45bba5fbbf57dbe27) Importer(815301076,1909f56bfc062723c751e8b465ee728b)
Start importing Assets/AssetPackages/SyntyStudios/PolygonPrototype/Prefabs/Icons/SM_Icon_Cross_01.prefab using Guid(043b8deffe3bb5a45bba5fbbf57dbe27) Importer(815301076,1909f56bfc062723c751e8b465ee728b)  -> (artifact id: '789f4b3fadfe9b6cf211356289a1e0fb') in 0.013713 seconds
Number of updated asset objects reloaded before import = 0
Number of asset objects unloaded after import = 9
========================================================================
Received Import Request.
  Time since last request: 0.038967 seconds.
  path: Assets/AssetPackages/SyntyStudios/PolygonPrototype/Prefabs/Icons/SM_Icon_Folder_01.prefab
  artifactKey: Guid(f4a97a0103026ec4792b7e17f8223dbc) Importer(815301076,1909f56bfc062723c751e8b465ee728b)
Start importing Assets/AssetPackages/SyntyStudios/PolygonPrototype/Prefabs/Icons/SM_Icon_Folder_01.prefab using Guid(f4a97a0103026ec4792b7e17f8223dbc) Importer(815301076,1909f56bfc062723c751e8b465ee728b)  -> (artifact id: '8efd427491de67f6905b100464161364') in 0.016633 seconds
Number of updated asset objects reloaded before import = 0
Number of asset objects unloaded after import = 9
========================================================================
Received Import Request.
  Time since last request: 0.000014 seconds.
  path: Assets/AssetPackages/SyntyStudios/PolygonPrototype/Prefabs/Icons/SM_Icon_Gun_01.prefab
  artifactKey: Guid(e42189c530de6c944961b54c51a398e6) Importer(815301076,1909f56bfc062723c751e8b465ee728b)
Start importing Assets/AssetPackages/SyntyStudios/PolygonPrototype/Prefabs/Icons/SM_Icon_Gun_01.prefab using Guid(e42189c530de6c944961b54c51a398e6) Importer(815301076,1909f56bfc062723c751e8b465ee728b)  -> (artifact id: 'bba2e5dc44bebbb306b3b7b172d879f9') in 0.014536 seconds
Number of updated asset objects reloaded before import = 0
Number of asset objects unloaded after import = 9
========================================================================
Received Import Request.
  Time since last request: 0.043846 seconds.
  path: Assets/AssetPackages/SyntyStudios/PolygonPrototype/Prefabs/Icons/SM_Icon_Heart_01.prefab
  artifactKey: Guid(366d0baa876384a4f8b54f21c791e832) Importer(815301076,1909f56bfc062723c751e8b465ee728b)
Start importing Assets/AssetPackages/SyntyStudios/PolygonPrototype/Prefabs/Icons/SM_Icon_Heart_01.prefab using Guid(366d0baa876384a4f8b54f21c791e832) Importer(815301076,1909f56bfc062723c751e8b465ee728b)  -> (artifact id: '3be202430ecb6895297690916edfd568') in 0.013757 seconds
Number of updated asset objects reloaded before import = 0
Number of asset objects unloaded after import = 9
========================================================================
Received Import Request.
  Time since last request: 0.000017 seconds.
  path: Assets/AssetPackages/SyntyStudios/PolygonPrototype/Prefabs/Icons/SM_Icon_Gem_01.prefab
  artifactKey: Guid(9e928de923724f54ea836e735efdd8b6) Importer(815301076,1909f56bfc062723c751e8b465ee728b)
Start importing Assets/AssetPackages/SyntyStudios/PolygonPrototype/Prefabs/Icons/SM_Icon_Gem_01.prefab using Guid(9e928de923724f54ea836e735efdd8b6) Importer(815301076,1909f56bfc062723c751e8b465ee728b)  -> (artifact id: 'cc4d397dc0c741954d985383b8265f55') in 0.014847 seconds
Number of updated asset objects reloaded before import = 0
Number of asset objects unloaded after import = 9
========================================================================
Received Import Request.
  Time since last request: 0.000052 seconds.
  path: Assets/AssetPackages/SyntyStudios/PolygonPrototype/Prefabs/Icons/SM_Icon_Letter_And_01.prefab
  artifactKey: Guid(c54b192dd2d967949b6679d1bd7057e9) Importer(815301076,1909f56bfc062723c751e8b465ee728b)
Start importing Assets/AssetPackages/SyntyStudios/PolygonPrototype/Prefabs/Icons/SM_Icon_Letter_And_01.prefab using Guid(c54b192dd2d967949b6679d1bd7057e9) Importer(815301076,1909f56bfc062723c751e8b465ee728b)  -> (artifact id: 'e5ff3b78aa349cdd23426a32bda21c7a') in 0.017409 seconds
Number of updated asset objects reloaded before import = 0
Number of asset objects unloaded after import = 9
========================================================================
Received Import Request.
  Time since last request: 0.035944 seconds.
  path: Assets/AssetPackages/SyntyStudios/PolygonPrototype/Prefabs/Icons/SM_Icon_Letter_Colon_01.prefab
  artifactKey: Guid(53d882b2c174f284ca2ce530b1212e6c) Importer(815301076,1909f56bfc062723c751e8b465ee728b)
Start importing Assets/AssetPackages/SyntyStudios/PolygonPrototype/Prefabs/Icons/SM_Icon_Letter_Colon_01.prefab using Guid(53d882b2c174f284ca2ce530b1212e6c) Importer(815301076,1909f56bfc062723c751e8b465ee728b)  -> (artifact id: '4db1411e2e96f6d6232307e2952bb2dc') in 0.016256 seconds
Number of updated asset objects reloaded before import = 0
Number of asset objects unloaded after import = 9
========================================================================
Received Import Request.
  Time since last request: 0.000013 seconds.
  path: Assets/AssetPackages/SyntyStudios/PolygonPrototype/Prefabs/Icons/SM_Icon_Letter_Dot_01.prefab
  artifactKey: Guid(a847cc139530617438939dd9ac385ff0) Importer(815301076,1909f56bfc062723c751e8b465ee728b)
Start importing Assets/AssetPackages/SyntyStudios/PolygonPrototype/Prefabs/Icons/SM_Icon_Letter_Dot_01.prefab using Guid(a847cc139530617438939dd9ac385ff0) Importer(815301076,1909f56bfc062723c751e8b465ee728b)  -> (artifact id: '554be52c289c521e54a9f5c72d4d809f') in 0.015209 seconds
Number of updated asset objects reloaded before import = 0
Number of asset objects unloaded after import = 9
========================================================================
Received Import Request.
  Time since last request: 0.000016 seconds.
  path: Assets/AssetPackages/SyntyStudios/PolygonPrototype/Prefabs/Icons/SM_Icon_Letter_Exclamation_01.prefab
  artifactKey: Guid(2fb9237466bb67a4aba3a1257a0190fb) Importer(815301076,1909f56bfc062723c751e8b465ee728b)
Start importing Assets/AssetPackages/SyntyStudios/PolygonPrototype/Prefabs/Icons/SM_Icon_Letter_Exclamation_01.prefab using Guid(2fb9237466bb67a4aba3a1257a0190fb) Importer(815301076,1909f56bfc062723c751e8b465ee728b)  -> (artifact id: '1624ceb062312fb437b4e791eded0b27') in 0.019632 seconds
Number of updated asset objects reloaded before import = 0
Number of asset objects unloaded after import = 9
========================================================================
Received Import Request.
  Time since last request: 0.000018 seconds.
  path: Assets/AssetPackages/SyntyStudios/PolygonPrototype/Prefabs/Icons/SM_Icon_Letter_I_01.prefab
  artifactKey: Guid(36ca14c21ec4405459d35fba1118e534) Importer(815301076,1909f56bfc062723c751e8b465ee728b)
Start importing Assets/AssetPackages/SyntyStudios/PolygonPrototype/Prefabs/Icons/SM_Icon_Letter_I_01.prefab using Guid(36ca14c21ec4405459d35fba1118e534) Importer(815301076,1909f56bfc062723c751e8b465ee728b)  -> (artifact id: '5af6286309d0e4d0abb55c42c9ea4bd3') in 0.013541 seconds
Number of updated asset objects reloaded before import = 0
Number of asset objects unloaded after import = 9
========================================================================
Received Import Request.
  Time since last request: 0.000013 seconds.
  path: Assets/AssetPackages/SyntyStudios/PolygonPrototype/Prefabs/Icons/SM_Icon_Letter_Money_01.prefab
  artifactKey: Guid(209942611a436524b946a1e5ee89050c) Importer(815301076,1909f56bfc062723c751e8b465ee728b)
Start importing Assets/AssetPackages/SyntyStudios/PolygonPrototype/Prefabs/Icons/SM_Icon_Letter_Money_01.prefab using Guid(209942611a436524b946a1e5ee89050c) Importer(815301076,1909f56bfc062723c751e8b465ee728b)  -> (artifact id: 'ec9a2e5fe6ce9438015c5d6a811016e1') in 0.012998 seconds
Number of updated asset objects reloaded before import = 0
Number of asset objects unloaded after import = 9
========================================================================
Received Import Request.
  Time since last request: 0.000013 seconds.
  path: Assets/AssetPackages/SyntyStudios/PolygonPrototype/Prefabs/Icons/SM_Icon_Letter_G_01.prefab
  artifactKey: Guid(2742807108db3c34ab5e17733a26fe32) Importer(815301076,1909f56bfc062723c751e8b465ee728b)
Start importing Assets/AssetPackages/SyntyStudios/PolygonPrototype/Prefabs/Icons/SM_Icon_Letter_G_01.prefab using Guid(2742807108db3c34ab5e17733a26fe32) Importer(815301076,1909f56bfc062723c751e8b465ee728b)  -> (artifact id: '532745d1cd224aaa3d35e80d9cd03198') in 0.012818 seconds
Number of updated asset objects reloaded before import = 0
Number of asset objects unloaded after import = 9
========================================================================
Received Import Request.
  Time since last request: 0.000024 seconds.
  path: Assets/AssetPackages/SyntyStudios/PolygonPrototype/Prefabs/Icons/SM_Icon_Letter_F_01.prefab
  artifactKey: Guid(936b22f6a92d6774a8fb4aea1f6cdd66) Importer(815301076,1909f56bfc062723c751e8b465ee728b)
Start importing Assets/AssetPackages/SyntyStudios/PolygonPrototype/Prefabs/Icons/SM_Icon_Letter_F_01.prefab using Guid(936b22f6a92d6774a8fb4aea1f6cdd66) Importer(815301076,1909f56bfc062723c751e8b465ee728b)  -> (artifact id: '3f36dce87ea9da88129385bf1efbc006') in 0.023953 seconds
Number of updated asset objects reloaded before import = 0
Number of asset objects unloaded after import = 9
========================================================================
Received Import Request.
  Time since last request: 0.000015 seconds.
  path: Assets/AssetPackages/SyntyStudios/PolygonPrototype/Prefabs/Icons/SM_Icon_Letter_U_01.prefab
  artifactKey: Guid(958d3b31b640ec34797cc16885bea1ce) Importer(815301076,1909f56bfc062723c751e8b465ee728b)
Start importing Assets/AssetPackages/SyntyStudios/PolygonPrototype/Prefabs/Icons/SM_Icon_Letter_U_01.prefab using Guid(958d3b31b640ec34797cc16885bea1ce) Importer(815301076,1909f56bfc062723c751e8b465ee728b)  -> (artifact id: '7e07bbfdc767cc3ac29cee4c2d720710') in 0.024567 seconds
Number of updated asset objects reloaded before import = 0
Number of asset objects unloaded after import = 9
========================================================================
Received Import Request.
  Time since last request: 0.000013 seconds.
  path: Assets/AssetPackages/SyntyStudios/PolygonPrototype/Prefabs/Icons/SM_Icon_Letter_T_01.prefab
  artifactKey: Guid(44206e3ff1245aa41a9b0e94a3603ed4) Importer(815301076,1909f56bfc062723c751e8b465ee728b)
Start importing Assets/AssetPackages/SyntyStudios/PolygonPrototype/Prefabs/Icons/SM_Icon_Letter_T_01.prefab using Guid(44206e3ff1245aa41a9b0e94a3603ed4) Importer(815301076,1909f56bfc062723c751e8b465ee728b)  -> (artifact id: '470fd30c622e5eabe91aec730fa64ebd') in 0.013698 seconds
Number of updated asset objects reloaded before import = 0
Number of asset objects unloaded after import = 9
========================================================================
Received Import Request.
  Time since last request: 0.000016 seconds.
  path: Assets/AssetPackages/SyntyStudios/PolygonPrototype/Prefabs/Icons/SM_Icon_Letter_X_01.prefab
  artifactKey: Guid(afe427e413bd1e84b885d8198f01fa2c) Importer(815301076,1909f56bfc062723c751e8b465ee728b)
Start importing Assets/AssetPackages/SyntyStudios/PolygonPrototype/Prefabs/Icons/SM_Icon_Letter_X_01.prefab using Guid(afe427e413bd1e84b885d8198f01fa2c) Importer(815301076,1909f56bfc062723c751e8b465ee728b)  -> (artifact id: '7a4001bf56e6a99eedf438ad05f43144') in 0.013777 seconds
Number of updated asset objects reloaded before import = 0
Number of asset objects unloaded after import = 9
========================================================================
Received Import Request.
  Time since last request: 0.000013 seconds.
  path: Assets/AssetPackages/SyntyStudios/PolygonPrototype/Prefabs/Icons/SM_Icon_Letter_Y_01.prefab
  artifactKey: Guid(c12f001b6ea0d1c4f9ab1975f7b8422c) Importer(815301076,1909f56bfc062723c751e8b465ee728b)
Start importing Assets/AssetPackages/SyntyStudios/PolygonPrototype/Prefabs/Icons/SM_Icon_Letter_Y_01.prefab using Guid(c12f001b6ea0d1c4f9ab1975f7b8422c) Importer(815301076,1909f56bfc062723c751e8b465ee728b)  -> (artifact id: '1ce24bd41139587beb306af31adad55a') in 0.013393 seconds
Number of updated asset objects reloaded before import = 0
Number of asset objects unloaded after import = 9
========================================================================
Received Import Request.
  Time since last request: 0.000013 seconds.
  path: Assets/AssetPackages/SyntyStudios/PolygonPrototype/Prefabs/Icons/SM_Icon_Letter_J_01.prefab
  artifactKey: Guid(32202b5083e52294fb3bd2e7807977c7) Importer(815301076,1909f56bfc062723c751e8b465ee728b)
Start importing Assets/AssetPackages/SyntyStudios/PolygonPrototype/Prefabs/Icons/SM_Icon_Letter_J_01.prefab using Guid(32202b5083e52294fb3bd2e7807977c7) Importer(815301076,1909f56bfc062723c751e8b465ee728b)  -> (artifact id: 'ba78bfb6f7b72653765126b9c1145053') in 0.014539 seconds
Number of updated asset objects reloaded before import = 0
Number of asset objects unloaded after import = 9
========================================================================
Received Import Request.
  Time since last request: 0.000012 seconds.
  path: Assets/AssetPackages/SyntyStudios/PolygonPrototype/Prefabs/Icons/SM_Icon_Light_Pointlight_01.prefab
  artifactKey: Guid(b05ba32991cb2d34a934c6424aa79755) Importer(815301076,1909f56bfc062723c751e8b465ee728b)
Start importing Assets/AssetPackages/SyntyStudios/PolygonPrototype/Prefabs/Icons/SM_Icon_Light_Pointlight_01.prefab using Guid(b05ba32991cb2d34a934c6424aa79755) Importer(815301076,1909f56bfc062723c751e8b465ee728b)  -> (artifact id: '40a86165a7a4d1def36a848e1ca80824') in 0.013216 seconds
Number of updated asset objects reloaded before import = 0
Number of asset objects unloaded after import = 9
========================================================================
Received Import Request.
  Time since last request: 0.000013 seconds.
  path: Assets/AssetPackages/SyntyStudios/PolygonPrototype/Prefabs/Icons/SM_Icon_Lock_Open_01.prefab
  artifactKey: Guid(0e9b464453faafe48922b747d8086bd0) Importer(815301076,1909f56bfc062723c751e8b465ee728b)
Start importing Assets/AssetPackages/SyntyStudios/PolygonPrototype/Prefabs/Icons/SM_Icon_Lock_Open_01.prefab using Guid(0e9b464453faafe48922b747d8086bd0) Importer(815301076,1909f56bfc062723c751e8b465ee728b)  -> (artifact id: '215315e30a85b46d2ba52ce1d18e2b81') in 0.012652 seconds
Number of updated asset objects reloaded before import = 0
Number of asset objects unloaded after import = 9
========================================================================
Received Import Request.
  Time since last request: 0.000025 seconds.
  path: Assets/AssetPackages/SyntyStudios/PolygonPrototype/Prefabs/Icons/SM_Icon_Number_1_01.prefab
  artifactKey: Guid(c3f6e7fc6c3e6a84b9e112980d679be3) Importer(815301076,1909f56bfc062723c751e8b465ee728b)
Start importing Assets/AssetPackages/SyntyStudios/PolygonPrototype/Prefabs/Icons/SM_Icon_Number_1_01.prefab using Guid(c3f6e7fc6c3e6a84b9e112980d679be3) Importer(815301076,1909f56bfc062723c751e8b465ee728b)  -> (artifact id: '9a697516568185618014724a15b300f0') in 0.017346 seconds
Number of updated asset objects reloaded before import = 0
Number of asset objects unloaded after import = 9
========================================================================
Received Import Request.
  Time since last request: 0.000012 seconds.
  path: Assets/AssetPackages/SyntyStudios/PolygonPrototype/Prefabs/Icons/SM_Icon_Number_3_01.prefab
  artifactKey: Guid(aa962c1cf7749bd4d9f5c7bac5be7f6d) Importer(815301076,1909f56bfc062723c751e8b465ee728b)
Start importing Assets/AssetPackages/SyntyStudios/PolygonPrototype/Prefabs/Icons/SM_Icon_Number_3_01.prefab using Guid(aa962c1cf7749bd4d9f5c7bac5be7f6d) Importer(815301076,1909f56bfc062723c751e8b465ee728b)  -> (artifact id: 'e9b739a0d1a357162b9e34fd249ee291') in 0.018188 seconds
Number of updated asset objects reloaded before import = 0
Number of asset objects unloaded after import = 9
========================================================================
Received Import Request.
  Time since last request: 0.000014 seconds.
  path: Assets/AssetPackages/SyntyStudios/PolygonPrototype/Prefabs/Icons/SM_Icon_Letter_Apostrophe_01.prefab
  artifactKey: Guid(67a73f5a849d6c240b647e9322bf34a9) Importer(815301076,1909f56bfc062723c751e8b465ee728b)
Start importing Assets/AssetPackages/SyntyStudios/PolygonPrototype/Prefabs/Icons/SM_Icon_Letter_Apostrophe_01.prefab using Guid(67a73f5a849d6c240b647e9322bf34a9) Importer(815301076,1909f56bfc062723c751e8b465ee728b)  -> (artifact id: 'df2b010e96645df186f6ade22d76f2e0') in 0.015232 seconds
Number of updated asset objects reloaded before import = 0
Number of asset objects unloaded after import = 9
========================================================================
Received Import Request.
  Time since last request: 0.000013 seconds.
  path: Assets/AssetPackages/SyntyStudios/PolygonPrototype/Prefabs/Icons/SM_Icon_Manip_01.prefab
  artifactKey: Guid(3537b929a670a9b4abcaad3adae34178) Importer(815301076,1909f56bfc062723c751e8b465ee728b)
Start importing Assets/AssetPackages/SyntyStudios/PolygonPrototype/Prefabs/Icons/SM_Icon_Manip_01.prefab using Guid(3537b929a670a9b4abcaad3adae34178) Importer(815301076,1909f56bfc062723c751e8b465ee728b)  -> (artifact id: 'c5a36b76a3a11855733872a652ac2caa') in 0.020094 seconds
Number of updated asset objects reloaded before import = 0
Number of asset objects unloaded after import = 9
========================================================================
Received Import Request.
  Time since last request: 0.000015 seconds.
  path: Assets/AssetPackages/SyntyStudios/PolygonPrototype/Prefabs/Icons/SM_Icon_Guage_Bar_01.prefab
  artifactKey: Guid(c6e5d3c3985bfbb499102dd996b8ef94) Importer(815301076,1909f56bfc062723c751e8b465ee728b)
Start importing Assets/AssetPackages/SyntyStudios/PolygonPrototype/Prefabs/Icons/SM_Icon_Guage_Bar_01.prefab using Guid(c6e5d3c3985bfbb499102dd996b8ef94) Importer(815301076,1909f56bfc062723c751e8b465ee728b)  -> (artifact id: 'a2a900a015569dff5a50b7b58630cf25') in 0.011398 seconds
Number of updated asset objects reloaded before import = 0
Number of asset objects unloaded after import = 14
========================================================================
Received Import Request.
  Time since last request: 0.000020 seconds.
  path: Assets/AssetPackages/SyntyStudios/PolygonPrototype/Prefabs/Icons/SM_Icon_Letter_A_01.prefab
  artifactKey: Guid(cc7f6b10da9d0ba47820926d5a9da651) Importer(815301076,1909f56bfc062723c751e8b465ee728b)
Start importing Assets/AssetPackages/SyntyStudios/PolygonPrototype/Prefabs/Icons/SM_Icon_Letter_A_01.prefab using Guid(cc7f6b10da9d0ba47820926d5a9da651) Importer(815301076,1909f56bfc062723c751e8b465ee728b)  -> (artifact id: 'dd3f799c2dcd4b47d52c5dd98cd84f2f') in 0.012347 seconds
Number of updated asset objects reloaded before import = 0
Number of asset objects unloaded after import = 9
========================================================================
Received Import Request.
  Time since last request: 0.000011 seconds.
  path: Assets/AssetPackages/SyntyStudios/PolygonPrototype/Prefabs/Icons/SM_Icon_Light_Directional_02.prefab
  artifactKey: Guid(fcdc53b40414ad24784c8d08ba9dc13d) Importer(815301076,1909f56bfc062723c751e8b465ee728b)
Start importing Assets/AssetPackages/SyntyStudios/PolygonPrototype/Prefabs/Icons/SM_Icon_Light_Directional_02.prefab using Guid(fcdc53b40414ad24784c8d08ba9dc13d) Importer(815301076,1909f56bfc062723c751e8b465ee728b)  -> (artifact id: '57c8b74da4a917099e3ac304525f4ada') in 0.010863 seconds
Number of updated asset objects reloaded before import = 0
Number of asset objects unloaded after import = 9
========================================================================
Received Import Request.
  Time since last request: 0.000022 seconds.
  path: Assets/AssetPackages/SyntyStudios/PolygonPrototype/Prefabs/Icons/SM_Icon_Letter_E_01.prefab
  artifactKey: Guid(2071a849598a9a84abc73cefddaad535) Importer(815301076,1909f56bfc062723c751e8b465ee728b)
Start importing Assets/AssetPackages/SyntyStudios/PolygonPrototype/Prefabs/Icons/SM_Icon_Letter_E_01.prefab using Guid(2071a849598a9a84abc73cefddaad535) Importer(815301076,1909f56bfc062723c751e8b465ee728b)  -> (artifact id: '02ca45b0fc7d11d95b8df1cfb272d42d') in 0.016297 seconds
Number of updated asset objects reloaded before import = 0
Number of asset objects unloaded after import = 9
========================================================================
Received Import Request.
  Time since last request: 0.000018 seconds.
  path: Assets/AssetPackages/SyntyStudios/PolygonPrototype/Prefabs/Icons/SM_Icon_Letter_N_01.prefab
  artifactKey: Guid(69730822429098f41a356a4225466c93) Importer(815301076,1909f56bfc062723c751e8b465ee728b)
Start importing Assets/AssetPackages/SyntyStudios/PolygonPrototype/Prefabs/Icons/SM_Icon_Letter_N_01.prefab using Guid(69730822429098f41a356a4225466c93) Importer(815301076,1909f56bfc062723c751e8b465ee728b)  -> (artifact id: '6eac36340d4dad87ae3ab30de0a2732c') in 0.013921 seconds
Number of updated asset objects reloaded before import = 0
Number of asset objects unloaded after import = 9
========================================================================
Received Import Request.
  Time since last request: 0.000035 seconds.
  path: Assets/AssetPackages/SyntyStudios/PolygonPrototype/Prefabs/Icons/SM_Icon_Letter_O_01.prefab
  artifactKey: Guid(3fcb2b311348d1941bbd75451dad8871) Importer(815301076,1909f56bfc062723c751e8b465ee728b)
Start importing Assets/AssetPackages/SyntyStudios/PolygonPrototype/Prefabs/Icons/SM_Icon_Letter_O_01.prefab using Guid(3fcb2b311348d1941bbd75451dad8871) Importer(815301076,1909f56bfc062723c751e8b465ee728b)  -> (artifact id: 'f14c8bb7be949894f5bb2b1c52987d95') in 0.014560 seconds
Number of updated asset objects reloaded before import = 0
Number of asset objects unloaded after import = 9
========================================================================
Received Import Request.
  Time since last request: 0.000015 seconds.
  path: Assets/AssetPackages/SyntyStudios/PolygonPrototype/Prefabs/Icons/SM_Icon_Letter_R_01.prefab
  artifactKey: Guid(251842d454826b847ab2f33fb0c67933) Importer(815301076,1909f56bfc062723c751e8b465ee728b)
Start importing Assets/AssetPackages/SyntyStudios/PolygonPrototype/Prefabs/Icons/SM_Icon_Letter_R_01.prefab using Guid(251842d454826b847ab2f33fb0c67933) Importer(815301076,1909f56bfc062723c751e8b465ee728b)  -> (artifact id: '55a0b614033c67d2240bb75e9bbfbcda') in 0.013881 seconds
Number of updated asset objects reloaded before import = 0
Number of asset objects unloaded after import = 9
========================================================================
Received Import Request.
  Time since last request: 0.000022 seconds.
  path: Assets/AssetPackages/SyntyStudios/PolygonPrototype/Prefabs/Icons/SM_Icon_Circle_01.prefab
  artifactKey: Guid(453b795a99d8e85448d0c9bc874e58b2) Importer(815301076,1909f56bfc062723c751e8b465ee728b)
Start importing Assets/AssetPackages/SyntyStudios/PolygonPrototype/Prefabs/Icons/SM_Icon_Circle_01.prefab using Guid(453b795a99d8e85448d0c9bc874e58b2) Importer(815301076,1909f56bfc062723c751e8b465ee728b)  -> (artifact id: '9f08fcc133ef1a1a3aeee488908a7799') in 0.012736 seconds
Number of updated asset objects reloaded before import = 0
Number of asset objects unloaded after import = 9
========================================================================
Received Import Request.
  Time since last request: 0.000017 seconds.
  path: Assets/AssetPackages/SyntyStudios/PolygonPrototype/Prefabs/Icons/SM_Icon_Arrow_Small_05.prefab
  artifactKey: Guid(7d28971e21882dd46ae93ffee3024201) Importer(815301076,1909f56bfc062723c751e8b465ee728b)
Start importing Assets/AssetPackages/SyntyStudios/PolygonPrototype/Prefabs/Icons/SM_Icon_Arrow_Small_05.prefab using Guid(7d28971e21882dd46ae93ffee3024201) Importer(815301076,1909f56bfc062723c751e8b465ee728b)  -> (artifact id: '3bf5339b7562aedc63ac1f9c38f6219d') in 0.012389 seconds
Number of updated asset objects reloaded before import = 0
Number of asset objects unloaded after import = 9
========================================================================
Received Import Request.
  Time since last request: 0.816666 seconds.
  path: Assets/AssetPackages/SyntyStudios/PolygonPrototype/Prefabs/Icons/SM_Icon_Number_8_01.prefab
  artifactKey: Guid(7aafd0c3f447eb446b0e7fdeb1abb2f7) Importer(815301076,1909f56bfc062723c751e8b465ee728b)
Start importing Assets/AssetPackages/SyntyStudios/PolygonPrototype/Prefabs/Icons/SM_Icon_Number_8_01.prefab using Guid(7aafd0c3f447eb446b0e7fdeb1abb2f7) Importer(815301076,1909f56bfc062723c751e8b465ee728b)  -> (artifact id: 'ca3e0cf8cef26c037de315d7cead6395') in 0.008174 seconds
Number of updated asset objects reloaded before import = 0
Number of asset objects unloaded after import = 9
========================================================================
Received Import Request.
  Time since last request: 0.000012 seconds.
  path: Assets/AssetPackages/SyntyStudios/PolygonPrototype/Prefabs/Icons/SM_Icon_Number_At_01.prefab
  artifactKey: Guid(9bd5b7a30d7378b49bf01c1df3dafab3) Importer(815301076,1909f56bfc062723c751e8b465ee728b)
Start importing Assets/AssetPackages/SyntyStudios/PolygonPrototype/Prefabs/Icons/SM_Icon_Number_At_01.prefab using Guid(9bd5b7a30d7378b49bf01c1df3dafab3) Importer(815301076,1909f56bfc062723c751e8b465ee728b)  -> (artifact id: '0efe05e5a636b6dcc6090e21272061dd') in 0.008639 seconds
Number of updated asset objects reloaded before import = 0
Number of asset objects unloaded after import = 9
========================================================================
Received Import Request.
  Time since last request: 0.000013 seconds.
  path: Assets/AssetPackages/SyntyStudios/PolygonPrototype/Prefabs/Icons/SM_Icon_Number_Percentage_01.prefab
  artifactKey: Guid(de994b332c5a32441ab2c6cbfeef3ac0) Importer(815301076,1909f56bfc062723c751e8b465ee728b)
Start importing Assets/AssetPackages/SyntyStudios/PolygonPrototype/Prefabs/Icons/SM_Icon_Number_Percentage_01.prefab using Guid(de994b332c5a32441ab2c6cbfeef3ac0) Importer(815301076,1909f56bfc062723c751e8b465ee728b)  -> (artifact id: '522d3386a163cf8680d94795a7188fd2') in 0.007661 seconds
Number of updated asset objects reloaded before import = 0
Number of asset objects unloaded after import = 9
========================================================================
Received Import Request.
  Time since last request: 0.001369 seconds.
  path: Assets/AssetPackages/SyntyStudios/PolygonPrototype/Prefabs/Icons/SM_Icon_Pin_01.prefab
  artifactKey: Guid(7f5e4fc585d29cc4e812480dde3800f3) Importer(815301076,1909f56bfc062723c751e8b465ee728b)
Start importing Assets/AssetPackages/SyntyStudios/PolygonPrototype/Prefabs/Icons/SM_Icon_Pin_01.prefab using Guid(7f5e4fc585d29cc4e812480dde3800f3) Importer(815301076,1909f56bfc062723c751e8b465ee728b)  -> (artifact id: 'e4f02820a541baa13ac35f02899f9b00') in 0.008724 seconds
Number of updated asset objects reloaded before import = 0
Number of asset objects unloaded after import = 9
========================================================================
Received Import Request.
  Time since last request: 0.000611 seconds.
  path: Assets/AssetPackages/SyntyStudios/PolygonPrototype/Prefabs/Icons/SM_Icon_Potion_01.prefab
  artifactKey: Guid(3e3ad1397d778eb47b106314f6d37443) Importer(815301076,1909f56bfc062723c751e8b465ee728b)
Start importing Assets/AssetPackages/SyntyStudios/PolygonPrototype/Prefabs/Icons/SM_Icon_Potion_01.prefab using Guid(3e3ad1397d778eb47b106314f6d37443) Importer(815301076,1909f56bfc062723c751e8b465ee728b)  -> (artifact id: '180ff8879df20fce8216ec350e085246') in 0.008543 seconds
Number of updated asset objects reloaded before import = 0
Number of asset objects unloaded after import = 9
========================================================================
Received Import Request.
  Time since last request: 0.000480 seconds.
  path: Assets/AssetPackages/SyntyStudios/PolygonPrototype/Prefabs/Icons/SM_Icon_Power_01.prefab
  artifactKey: Guid(daf44735c9e199443ae404d02a9c3a8f) Importer(815301076,1909f56bfc062723c751e8b465ee728b)
Start importing Assets/AssetPackages/SyntyStudios/PolygonPrototype/Prefabs/Icons/SM_Icon_Power_01.prefab using Guid(daf44735c9e199443ae404d02a9c3a8f) Importer(815301076,1909f56bfc062723c751e8b465ee728b)  -> (artifact id: '0536cc787129bf00dc01669fe9abf5ca') in 0.008206 seconds
Number of updated asset objects reloaded before import = 0
Number of asset objects unloaded after import = 9
========================================================================
Received Import Request.
  Time since last request: 0.001059 seconds.
  path: Assets/AssetPackages/SyntyStudios/PolygonPrototype/Prefabs/Icons/SM_Icon_Save_01.prefab
  artifactKey: Guid(9f70a41a72d944c4b8b13981cb235e50) Importer(815301076,1909f56bfc062723c751e8b465ee728b)
Start importing Assets/AssetPackages/SyntyStudios/PolygonPrototype/Prefabs/Icons/SM_Icon_Save_01.prefab using Guid(9f70a41a72d944c4b8b13981cb235e50) Importer(815301076,1909f56bfc062723c751e8b465ee728b)  -> (artifact id: 'c7a58e5e943696f23cac3063ab665b18') in 0.008247 seconds
Number of updated asset objects reloaded before import = 0
Number of asset objects unloaded after import = 9
========================================================================
Received Import Request.
  Time since last request: 1.082059 seconds.
  path: Assets/AssetPackages/SyntyStudios/PolygonPrototype/Prefabs/Icons/SM_Icon_SelectionRing_04.prefab
  artifactKey: Guid(11815dc110f7e1a43ad13883e8d1a88f) Importer(815301076,1909f56bfc062723c751e8b465ee728b)
Start importing Assets/AssetPackages/SyntyStudios/PolygonPrototype/Prefabs/Icons/SM_Icon_SelectionRing_04.prefab using Guid(11815dc110f7e1a43ad13883e8d1a88f) Importer(815301076,1909f56bfc062723c751e8b465ee728b)  -> (artifact id: 'd2771db391a471280943a045045c8e45') in 0.009658 seconds
Number of updated asset objects reloaded before import = 0
Number of asset objects unloaded after import = 9
========================================================================
Received Import Request.
  Time since last request: 0.002295 seconds.
  path: Assets/AssetPackages/SyntyStudios/PolygonPrototype/Prefabs/Icons/SM_Icon_SelectionRing_07.prefab
  artifactKey: Guid(f7280f1ae517d4f47bf6edd184c9b955) Importer(815301076,1909f56bfc062723c751e8b465ee728b)
Start importing Assets/AssetPackages/SyntyStudios/PolygonPrototype/Prefabs/Icons/SM_Icon_SelectionRing_07.prefab using Guid(f7280f1ae517d4f47bf6edd184c9b955) Importer(815301076,1909f56bfc062723c751e8b465ee728b)  -> (artifact id: 'd0963c1530b217f251c1cfc3d6974c6a') in 0.011677 seconds
Number of updated asset objects reloaded before import = 0
Number of asset objects unloaded after import = 9
========================================================================
Received Import Request.
  Time since last request: 0.000266 seconds.
  path: Assets/AssetPackages/SyntyStudios/PolygonPrototype/Prefabs/Icons/SM_Icon_Shield_01.prefab
  artifactKey: Guid(1961192e49bb4e14a96c112a868b1389) Importer(815301076,1909f56bfc062723c751e8b465ee728b)
Start importing Assets/AssetPackages/SyntyStudios/PolygonPrototype/Prefabs/Icons/SM_Icon_Shield_01.prefab using Guid(1961192e49bb4e14a96c112a868b1389) Importer(815301076,1909f56bfc062723c751e8b465ee728b)  -> (artifact id: 'b4c5a0a73280ef2776db1e6a9b34368a') in 0.009110 seconds
Number of updated asset objects reloaded before import = 0
Number of asset objects unloaded after import = 9
========================================================================
Received Import Request.
  Time since last request: 0.004507 seconds.
  path: Assets/AssetPackages/SyntyStudios/PolygonPrototype/Prefabs/Icons/SM_Icon_SpeechBubble_01.prefab
  artifactKey: Guid(6ab009d911161b44eb92cefea2e6577f) Importer(815301076,1909f56bfc062723c751e8b465ee728b)
Start importing Assets/AssetPackages/SyntyStudios/PolygonPrototype/Prefabs/Icons/SM_Icon_SpeechBubble_01.prefab using Guid(6ab009d911161b44eb92cefea2e6577f) Importer(815301076,1909f56bfc062723c751e8b465ee728b)  -> (artifact id: '06be7e46f147bfed4cc06182bbc56282') in 0.007812 seconds
Number of updated asset objects reloaded before import = 0
Number of asset objects unloaded after import = 9
========================================================================
Received Import Request.
  Time since last request: 0.002698 seconds.
  path: Assets/AssetPackages/SyntyStudios/PolygonPrototype/Prefabs/Icons/SM_Icon_Star_01.prefab
  artifactKey: Guid(7bc251a7285632341a306c70a8f1cfbe) Importer(815301076,1909f56bfc062723c751e8b465ee728b)
Start importing Assets/AssetPackages/SyntyStudios/PolygonPrototype/Prefabs/Icons/SM_Icon_Star_01.prefab using Guid(7bc251a7285632341a306c70a8f1cfbe) Importer(815301076,1909f56bfc062723c751e8b465ee728b)  -> (artifact id: '7ecb478bfa22ba0ef00d54f95d8ce886') in 0.009356 seconds
Number of updated asset objects reloaded before import = 0
Number of asset objects unloaded after import = 9
========================================================================
Received Import Request.
  Time since last request: 0.026955 seconds.
  path: Assets/AssetPackages/SyntyStudios/PolygonPrototype/Prefabs/Icons/SM_Icon_System_01.prefab
  artifactKey: Guid(dd7967db9a118444ca122b8b7c915907) Importer(815301076,1909f56bfc062723c751e8b465ee728b)
Start importing Assets/AssetPackages/SyntyStudios/PolygonPrototype/Prefabs/Icons/SM_Icon_System_01.prefab using Guid(dd7967db9a118444ca122b8b7c915907) Importer(815301076,1909f56bfc062723c751e8b465ee728b)  -> (artifact id: 'e8a2ed7c67c217a235c1f07baabfb3a7') in 0.008901 seconds
Number of updated asset objects reloaded before import = 0
Number of asset objects unloaded after import = 9
========================================================================
Received Import Request.
  Time since last request: 0.009125 seconds.
  path: Assets/AssetPackages/SyntyStudios/PolygonPrototype/Prefabs/Icons/SM_Icon_Tick_01.prefab
  artifactKey: Guid(bbbaecde53125e34d84617a036c21e67) Importer(815301076,1909f56bfc062723c751e8b465ee728b)
Start importing Assets/AssetPackages/SyntyStudios/PolygonPrototype/Prefabs/Icons/SM_Icon_Tick_01.prefab using Guid(bbbaecde53125e34d84617a036c21e67) Importer(815301076,1909f56bfc062723c751e8b465ee728b)  -> (artifact id: 'cd707de5a8a6852dfb19969aeb217720') in 0.013508 seconds
Number of updated asset objects reloaded before import = 0
Number of asset objects unloaded after import = 9
========================================================================
Received Import Request.
  Time since last request: 0.000013 seconds.
  path: Assets/AssetPackages/SyntyStudios/PolygonPrototype/Prefabs/Icons/SM_Icon_Watch_01.prefab
  artifactKey: Guid(d3c90cdc1bc776d4d89c73fca7e183dd) Importer(815301076,1909f56bfc062723c751e8b465ee728b)
Start importing Assets/AssetPackages/SyntyStudios/PolygonPrototype/Prefabs/Icons/SM_Icon_Watch_01.prefab using Guid(d3c90cdc1bc776d4d89c73fca7e183dd) Importer(815301076,1909f56bfc062723c751e8b465ee728b)  -> (artifact id: '1d22982b5e7b9600d87ee82c88c215b1') in 0.010400 seconds
Number of updated asset objects reloaded before import = 0
Number of asset objects unloaded after import = 9
========================================================================
Received Import Request.
  Time since last request: 0.001821 seconds.
  path: Assets/AssetPackages/SyntyStudios/PolygonPrototype/Prefabs/Icons/SM_Icon_Weather_Moon_01.prefab
  artifactKey: Guid(e52bd8d8a38b02243886675705c6d40e) Importer(815301076,1909f56bfc062723c751e8b465ee728b)
Start importing Assets/AssetPackages/SyntyStudios/PolygonPrototype/Prefabs/Icons/SM_Icon_Weather_Moon_01.prefab using Guid(e52bd8d8a38b02243886675705c6d40e) Importer(815301076,1909f56bfc062723c751e8b465ee728b)  -> (artifact id: 'eb7450ac5cef4c8ca7262960716155f3') in 0.009219 seconds
Number of updated asset objects reloaded before import = 0
Number of asset objects unloaded after import = 9
========================================================================
Received Import Request.
  Time since last request: 1.635552 seconds.
  path: Assets/AssetPackages/SyntyStudios/PolygonPrototype/Prefabs/Icons/SM_Note_CodePass_01.prefab
  artifactKey: Guid(34223810bb250f547bd02db01c5032e7) Importer(815301076,1909f56bfc062723c751e8b465ee728b)
Start importing Assets/AssetPackages/SyntyStudios/PolygonPrototype/Prefabs/Icons/SM_Note_CodePass_01.prefab using Guid(34223810bb250f547bd02db01c5032e7) Importer(815301076,1909f56bfc062723c751e8b465ee728b)  -> (artifact id: '4cd0765e0985ad4383b532dc2994a87c') in 0.010658 seconds
Number of updated asset objects reloaded before import = 0
Number of asset objects unloaded after import = 9
========================================================================
Received Import Request.
  Time since last request: 0.000013 seconds.
  path: Assets/AssetPackages/SyntyStudios/PolygonPrototype/Prefabs/Icons/SM_Note_Done_01.prefab
  artifactKey: Guid(42db853d8b786af4db3e0c470d2e40a8) Importer(815301076,1909f56bfc062723c751e8b465ee728b)
Start importing Assets/AssetPackages/SyntyStudios/PolygonPrototype/Prefabs/Icons/SM_Note_Done_01.prefab using Guid(42db853d8b786af4db3e0c470d2e40a8) Importer(815301076,1909f56bfc062723c751e8b465ee728b)  -> (artifact id: '3c940a1bff47e70ec8fd27b60fcadc08') in 0.009512 seconds
Number of updated asset objects reloaded before import = 0
Number of asset objects unloaded after import = 9
========================================================================
Received Import Request.
  Time since last request: 0.000017 seconds.
  path: Assets/AssetPackages/SyntyStudios/PolygonPrototype/Prefabs/Icons/SM_Note_Kick_Me_01.prefab
  artifactKey: Guid(5981e1d3341b66c4c8a11edf0e2e63d9) Importer(815301076,1909f56bfc062723c751e8b465ee728b)
Start importing Assets/AssetPackages/SyntyStudios/PolygonPrototype/Prefabs/Icons/SM_Note_Kick_Me_01.prefab using Guid(5981e1d3341b66c4c8a11edf0e2e63d9) Importer(815301076,1909f56bfc062723c751e8b465ee728b)  -> (artifact id: '593fbcfc2546fbb32d8181d171cab9ca') in 0.009362 seconds
Number of updated asset objects reloaded before import = 0
Number of asset objects unloaded after import = 9
========================================================================
Received Import Request.
  Time since last request: 0.000188 seconds.
  path: Assets/AssetPackages/SyntyStudios/PolygonPrototype/Prefabs/Icons/SM_Note_Temp_01.prefab
  artifactKey: Guid(b5da2f87424a65a4ca54853fdec2dc9f) Importer(815301076,1909f56bfc062723c751e8b465ee728b)
Start importing Assets/AssetPackages/SyntyStudios/PolygonPrototype/Prefabs/Icons/SM_Note_Temp_01.prefab using Guid(b5da2f87424a65a4ca54853fdec2dc9f) Importer(815301076,1909f56bfc062723c751e8b465ee728b)  -> (artifact id: 'e985ef1ce701bc35cb5e681ca59b0b57') in 0.008959 seconds
Number of updated asset objects reloaded before import = 0
Number of asset objects unloaded after import = 9
========================================================================
Received Import Request.
  Time since last request: 50.715202 seconds.
  path: Assets/AssetPackages/SyntyStudios/PolygonPrototype/Prefabs/Characters/SM_Chr_Attach_Male_Hair_01.prefab
  artifactKey: Guid(0ef332600b733ae49a805628f57f1f10) Importer(815301076,1909f56bfc062723c751e8b465ee728b)
Start importing Assets/AssetPackages/SyntyStudios/PolygonPrototype/Prefabs/Characters/SM_Chr_Attach_Male_Hair_01.prefab using Guid(0ef332600b733ae49a805628f57f1f10) Importer(815301076,1909f56bfc062723c751e8b465ee728b)  -> (artifact id: '9bd2f81bfba3c144d6ef3b288183766c') in 0.018906 seconds
Number of updated asset objects reloaded before import = 0
Number of asset objects unloaded after import = 10
Editor requested this worker to shutdown with reason: Scaling down because of idle timeout
TcpMessagingSession - receive error: operation aborted. errorcode: 995, details: The I/O operation has been aborted because of either a thread exit or an application request.
AssetImportWorker is now disconnected from the server
Process exiting
Exiting without the bug reporter. Application will terminate with return code 0