Using pre-set license
Built from '2022.3/staging' branch; Version is '2022.3.26f1 (ec6cd8118806) revision 15494360'; Using compiler version '192829333'; Build Type 'Release'
OS: 'Windows 11  (10.0.22631) 64bit Core' Language: 'en' Physical Memory: 32469 MB
BatchMode: 1, IsHumanControllingUs: 0, StartBugReporterOnCrash: 0, Is64bit: 1, IsPro: 1

COMMAND LINE ARGUMENTS:
C:\Program Files\Unity\Hub\Editor\2022.3.26f1\Editor\Unity.exe
-adb2
-batchMode
-noUpm
-name
AssetImportWorker20
-projectPath
D:/pppp/the game/My project
-logFile
Logs/AssetImportWorker20.log
-srvPort
62585
Successfully changed project path to: D:/pppp/the game/My project
D:/pppp/the game/My project
[UnityMemory] Configuration Parameters - Can be set up in boot.config
    "memorysetup-bucket-allocator-granularity=16"
    "memorysetup-bucket-allocator-bucket-count=8"
    "memorysetup-bucket-allocator-block-size=33554432"
    "memorysetup-bucket-allocator-block-count=8"
    "memorysetup-main-allocator-block-size=16777216"
    "memorysetup-thread-allocator-block-size=16777216"
    "memorysetup-gfx-main-allocator-block-size=16777216"
    "memorysetup-gfx-thread-allocator-block-size=16777216"
    "memorysetup-cache-allocator-block-size=4194304"
    "memorysetup-typetree-allocator-block-size=2097152"
    "memorysetup-profiler-bucket-allocator-granularity=16"
    "memorysetup-profiler-bucket-allocator-bucket-count=8"
    "memorysetup-profiler-bucket-allocator-block-size=33554432"
    "memorysetup-profiler-bucket-allocator-block-count=8"
    "memorysetup-profiler-allocator-block-size=16777216"
    "memorysetup-profiler-editor-allocator-block-size=1048576"
    "memorysetup-temp-allocator-size-main=16777216"
    "memorysetup-job-temp-allocator-block-size=2097152"
    "memorysetup-job-temp-allocator-block-size-background=1048576"
    "memorysetup-job-temp-allocator-reduction-small-platforms=262144"
    "memorysetup-allocator-temp-initial-block-size-main=262144"
    "memorysetup-allocator-temp-initial-block-size-worker=262144"
    "memorysetup-temp-allocator-size-background-worker=32768"
    "memorysetup-temp-allocator-size-job-worker=262144"
    "memorysetup-temp-allocator-size-preload-manager=33554432"
    "memorysetup-temp-allocator-size-nav-mesh-worker=65536"
    "memorysetup-temp-allocator-size-audio-worker=65536"
    "memorysetup-temp-allocator-size-cloud-worker=32768"
    "memorysetup-temp-allocator-size-gi-baking-worker=262144"
    "memorysetup-temp-allocator-size-gfx=262144"
Player connection [6836] Host "[IP] 192.168.1.159 [Port] 0 [Flags] 2 [Guid] 1043883642 [EditorId] 1043883642 [Version] 1048832 [Id] WindowsEditor(7,MSI) [Debug] 1 [PackageName] WindowsEditor [ProjectName] Editor" joined multi-casting on [225.0.0.222:54997]...

Player connection [6836] Host "[IP] 192.168.1.159 [Port] 0 [Flags] 2 [Guid] 1043883642 [EditorId] 1043883642 [Version] 1048832 [Id] WindowsEditor(7,MSI) [Debug] 1 [PackageName] WindowsEditor [ProjectName] Editor" joined alternative multi-casting on [225.0.0.222:34997]...

[Physics::Module] Initialized MultithreadedJobDispatcher with 31 workers.
Refreshing native plugins compatible for Editor in 7.99 ms, found 3 plugins.
Preloading 0 native plugins for Editor in 0.00 ms.
Initialize engine version: 2022.3.26f1 (ec6cd8118806)
[Subsystems] Discovering subsystems at path C:/Program Files/Unity/Hub/Editor/2022.3.26f1/Editor/Data/Resources/UnitySubsystems
[Subsystems] Discovering subsystems at path D:/pppp/the game/My project/Assets
GfxDevice: creating device client; threaded=0; jobified=0
Direct3D:
    Version:  Direct3D 11.0 [level 11.1]
    Renderer: NVIDIA GeForce RTX 4080 Laptop GPU (ID=0x27a0)
    Vendor:   NVIDIA
    VRAM:     11997 MB
    Driver:   32.0.15.5585
Initialize mono
Mono path[0] = 'C:/Program Files/Unity/Hub/Editor/2022.3.26f1/Editor/Data/Managed'
Mono path[1] = 'C:/Program Files/Unity/Hub/Editor/2022.3.26f1/Editor/Data/MonoBleedingEdge/lib/mono/unityjit-win32'
Mono config path = 'C:/Program Files/Unity/Hub/Editor/2022.3.26f1/Editor/Data/MonoBleedingEdge/etc'
Using monoOptions --debugger-agent=transport=dt_socket,embedding=1,server=y,suspend=n,address=127.0.0.1:56184
Begin MonoManager ReloadAssembly
Registering precompiled unity dll's ...
Register platform support module: C:/Program Files/Unity/Hub/Editor/2022.3.26f1/Editor/Data/PlaybackEngines/WebGLSupport/UnityEditor.WebGL.Extensions.dll
Register platform support module: C:/Program Files/Unity/Hub/Editor/2022.3.26f1/Editor/Data/PlaybackEngines/AndroidPlayer/UnityEditor.Android.Extensions.dll
Register platform support module: C:/Program Files/Unity/Hub/Editor/2022.3.26f1/Editor/Data/PlaybackEngines/iOSSupport/UnityEditor.iOS.Extensions.dll
Register platform support module: C:/Program Files/Unity/Hub/Editor/2022.3.26f1/Editor/Data/PlaybackEngines/WindowsStandaloneSupport/UnityEditor.WindowsStandalone.Extensions.dll
Register platform support module: C:/Program Files/Unity/Hub/Editor/2022.3.26f1/Editor/Data/PlaybackEngines/MetroSupport/UnityEditor.UWP.Extensions.dll
Registered in 0.016634 seconds.
- Loaded All Assemblies, in  0.268 seconds
Native extension for UWP target not found
Native extension for WindowsStandalone target not found
[usbmuxd] Start listen thread
[usbmuxd] Listen thread started
Native extension for iOS target not found
Native extension for Android target not found
Android Extension - Scanning For ADB Devices 962 ms
Native extension for WebGL target not found
Mono: successfully reloaded assembly
- Finished resetting the current domain, in  1.224 seconds
Domain Reload Profiling: 1490ms
	BeginReloadAssembly (88ms)
		ExecutionOrderSort (0ms)
		DisableScriptedObjects (0ms)
		BackupInstance (0ms)
		ReleaseScriptingObjects (0ms)
		CreateAndSetChildDomain (0ms)
	RebuildCommonClasses (21ms)
	RebuildNativeTypeToScriptingClass (6ms)
	initialDomainReloadingComplete (51ms)
	LoadAllAssembliesAndSetupDomain (100ms)
		LoadAssemblies (87ms)
		RebuildTransferFunctionScriptingTraits (0ms)
		AnalyzeDomain (97ms)
			TypeCache.Refresh (96ms)
				TypeCache.ScanAssembly (86ms)
			ScanForSourceGeneratedMonoScriptInfo (0ms)
			ResolveRequiredComponents (0ms)
	FinalizeReload (1225ms)
		ReleaseScriptCaches (0ms)
		RebuildScriptCaches (0ms)
		SetupLoadedEditorAssemblies (1193ms)
			LogAssemblyErrors (0ms)
			InitializePlatformSupportModulesInManaged (1061ms)
			SetLoadedEditorAssemblies (3ms)
			RefreshPlugins (0ms)
			BeforeProcessingInitializeOnLoad (1ms)
			ProcessInitializeOnLoadAttributes (64ms)
			ProcessInitializeOnLoadMethodAttributes (63ms)
			AfterProcessingInitializeOnLoad (0ms)
			EditorAssembliesLoaded (0ms)
		ExecutionOrderSort2 (0ms)
		AwakeInstancesAfterBackupRestoration (0ms)
========================================================================
Worker process is ready to serve import requests
Begin MonoManager ReloadAssembly
- Loaded All Assemblies, in  0.722 seconds
Refreshing native plugins compatible for Editor in 2.26 ms, found 3 plugins.
Native extension for UWP target not found
Native extension for WindowsStandalone target not found
Native extension for iOS target not found
Native extension for Android target not found
Native extension for WebGL target not found
Package Manager log level set to [2]
[Package Manager] Server::EnsureServerProcessIsRunning -- launch failed, reason: Unity was launched with the -noUpm command-line argument
[Package Manager] UpmClient::Send -- Unable to send message (not connected to UPM process).
[Package Manager] Cannot connect to Unity Package Manager local server
Mono: successfully reloaded assembly
- Finished resetting the current domain, in  0.664 seconds
Domain Reload Profiling: 1384ms
	BeginReloadAssembly (102ms)
		ExecutionOrderSort (0ms)
		DisableScriptedObjects (3ms)
		BackupInstance (0ms)
		ReleaseScriptingObjects (0ms)
		CreateAndSetChildDomain (12ms)
	RebuildCommonClasses (19ms)
	RebuildNativeTypeToScriptingClass (6ms)
	initialDomainReloadingComplete (29ms)
	LoadAllAssembliesAndSetupDomain (563ms)
		LoadAssemblies (386ms)
		RebuildTransferFunctionScriptingTraits (0ms)
		AnalyzeDomain (246ms)
			TypeCache.Refresh (217ms)
				TypeCache.ScanAssembly (195ms)
			ScanForSourceGeneratedMonoScriptInfo (21ms)
			ResolveRequiredComponents (7ms)
	FinalizeReload (665ms)
		ReleaseScriptCaches (0ms)
		RebuildScriptCaches (0ms)
		SetupLoadedEditorAssemblies (527ms)
			LogAssemblyErrors (0ms)
			InitializePlatformSupportModulesInManaged (41ms)
			SetLoadedEditorAssemblies (3ms)
			RefreshPlugins (0ms)
			BeforeProcessingInitializeOnLoad (55ms)
			ProcessInitializeOnLoadAttributes (391ms)
			ProcessInitializeOnLoadMethodAttributes (25ms)
			AfterProcessingInitializeOnLoad (13ms)
			EditorAssembliesLoaded (0ms)
		ExecutionOrderSort2 (0ms)
		AwakeInstancesAfterBackupRestoration (20ms)
Launched and connected shader compiler UnityShaderCompiler.exe after 0.12 seconds
Refreshing native plugins compatible for Editor in 2.28 ms, found 3 plugins.
Preloading 0 native plugins for Editor in 0.00 ms.
Unloading 3582 Unused Serialized files (Serialized files now loaded: 0)
Unloading 40 unused Assets / (58.0 KB). Loaded Objects now: 4052.
Memory consumption went from 147.9 MB to 147.9 MB.
Total: 2.420200 ms (FindLiveObjects: 0.163900 ms CreateObjectMapping: 0.051000 ms MarkObjects: 2.076800 ms  DeleteObjects: 0.127400 ms)

AssetImportParameters requested are different than current active one (requested -> active):
  custom:container-demuxer-ogg: 62fdf1f143b41e24485cea50d1cbac27 -> 
  custom:video-codec-MediaFoundation-h265: 746d11721c4dcdbdad8f713fa42b33f4 -> 
  custom:video-decoder-ogg-theora: a1e56fd34408186e4bbccfd4996cb3dc -> 
  custom:framework-win-MediaFoundation: 216162199b28c13a410421893ffa2e32 -> 
  custom:CustomObjectIndexerAttribute: 9a22284fe3817be447336de3de66b15e -> 
  custom:container-demuxer-webm: 4f35f7cbe854078d1ac9338744f61a02 -> 
  custom:container-muxer-webm: aa71ff27fc2769a1b78a27578f13a17b -> 
  custom:video-decoder-webm-vp8: 9c59270c3fd7afecdb556c50c9e8de78 -> 
  custom:SearchIndexIgnoredProperties: e643bd26f0fe6173181afceb89e7c659 -> 
  custom:AudioImporter_EditorPlatform: d09bf68614088b80899f8185d706f6e7 -> 
  custom:video-encoder-webm-vp8: eb34c28f22e8b96e1ab97ce403110664 -> 
  custom:audio-decoder-ogg-vorbis: bf7c407c2cedff20999df2af8eb42d56 -> 
  custom:audio-encoder-webm-vorbis: bf7c407c2cedff20999df2af8eb42d56 -> 
========================================================================
Received Import Request.
  Time since last request: 81464.885640 seconds.
  path: Assets/AssetPackages/SyntyStudios/PolygonPrototype/Prefabs/Icons/SM_Icon_Number_6_01.prefab
  artifactKey: Guid(5bdf60b080dcd8748b464c90be41a749) Importer(815301076,1909f56bfc062723c751e8b465ee728b)
Start importing Assets/AssetPackages/SyntyStudios/PolygonPrototype/Prefabs/Icons/SM_Icon_Number_6_01.prefab using Guid(5bdf60b080dcd8748b464c90be41a749) Importer(815301076,1909f56bfc062723c751e8b465ee728b)  -> (artifact id: 'e582dbd4bcc06586b9eca9ca87eddb10') in 0.079132 seconds
Number of updated asset objects reloaded before import = 0
Number of asset objects unloaded after import = 9
========================================================================
Received Import Request.
  Time since last request: 1.072364 seconds.
  path: Assets/AssetPackages/SyntyStudios/PolygonPrototype/Prefabs/Icons/SM_Icon_SelectionRing_02.prefab
  artifactKey: Guid(923deea38dc6a8843b15db7638919c1e) Importer(815301076,1909f56bfc062723c751e8b465ee728b)
Start importing Assets/AssetPackages/SyntyStudios/PolygonPrototype/Prefabs/Icons/SM_Icon_SelectionRing_02.prefab using Guid(923deea38dc6a8843b15db7638919c1e) Importer(815301076,1909f56bfc062723c751e8b465ee728b)  -> (artifact id: '5c9418ce23c816c0ca8e073cdd60b010') in 0.008897 seconds
Number of updated asset objects reloaded before import = 0
Number of asset objects unloaded after import = 9
========================================================================
Received Import Request.
  Time since last request: 0.008806 seconds.
  path: Assets/AssetPackages/SyntyStudios/PolygonPrototype/Prefabs/Icons/SM_Icon_SelectionRing_06.prefab
  artifactKey: Guid(11a653b9169986c4f9436a3002fb4516) Importer(815301076,1909f56bfc062723c751e8b465ee728b)
Start importing Assets/AssetPackages/SyntyStudios/PolygonPrototype/Prefabs/Icons/SM_Icon_SelectionRing_06.prefab using Guid(11a653b9169986c4f9436a3002fb4516) Importer(815301076,1909f56bfc062723c751e8b465ee728b)  -> (artifact id: '3424dd48b263f54fb1df59bf8e38bf12') in 0.009247 seconds
Number of updated asset objects reloaded before import = 0
Number of asset objects unloaded after import = 9
========================================================================
Received Import Request.
  Time since last request: 0.002214 seconds.
  path: Assets/AssetPackages/SyntyStudios/PolygonPrototype/Prefabs/Icons/SM_Icon_SelectionRing_09.prefab
  artifactKey: Guid(cce517d27209e4b4c8257a723be1e9da) Importer(815301076,1909f56bfc062723c751e8b465ee728b)
Start importing Assets/AssetPackages/SyntyStudios/PolygonPrototype/Prefabs/Icons/SM_Icon_SelectionRing_09.prefab using Guid(cce517d27209e4b4c8257a723be1e9da) Importer(815301076,1909f56bfc062723c751e8b465ee728b)  -> (artifact id: '60b6b303d4317680282f161077c0cf0b') in 0.008881 seconds
Number of updated asset objects reloaded before import = 0
Number of asset objects unloaded after import = 9
========================================================================
Received Import Request.
  Time since last request: 0.004538 seconds.
  path: Assets/AssetPackages/SyntyStudios/PolygonPrototype/Prefabs/Icons/SM_Icon_Skull_02.prefab
  artifactKey: Guid(ec2a552950162a147827557e652c9a1f) Importer(815301076,1909f56bfc062723c751e8b465ee728b)
Start importing Assets/AssetPackages/SyntyStudios/PolygonPrototype/Prefabs/Icons/SM_Icon_Skull_02.prefab using Guid(ec2a552950162a147827557e652c9a1f) Importer(815301076,1909f56bfc062723c751e8b465ee728b)  -> (artifact id: '83fb202bf10aaf7b8d181efe3491d1c7') in 0.009775 seconds
Number of updated asset objects reloaded before import = 0
Number of asset objects unloaded after import = 9
========================================================================
Received Import Request.
  Time since last request: 0.000355 seconds.
  path: Assets/AssetPackages/SyntyStudios/PolygonPrototype/Prefabs/Icons/SM_Icon_SpeechBubble_03.prefab
  artifactKey: Guid(2ac4be90ecc4a69449332b46ea38da8e) Importer(815301076,1909f56bfc062723c751e8b465ee728b)
Start importing Assets/AssetPackages/SyntyStudios/PolygonPrototype/Prefabs/Icons/SM_Icon_SpeechBubble_03.prefab using Guid(2ac4be90ecc4a69449332b46ea38da8e) Importer(815301076,1909f56bfc062723c751e8b465ee728b)  -> (artifact id: '7f0992e78e9395eefd87605283257374') in 0.008941 seconds
Number of updated asset objects reloaded before import = 0
Number of asset objects unloaded after import = 9
========================================================================
Received Import Request.
  Time since last request: 0.027231 seconds.
  path: Assets/AssetPackages/SyntyStudios/PolygonPrototype/Prefabs/Icons/SM_Icon_Sword_01.prefab
  artifactKey: Guid(73421939947a74b4ea5cf38180d18948) Importer(815301076,1909f56bfc062723c751e8b465ee728b)
Start importing Assets/AssetPackages/SyntyStudios/PolygonPrototype/Prefabs/Icons/SM_Icon_Sword_01.prefab using Guid(73421939947a74b4ea5cf38180d18948) Importer(815301076,1909f56bfc062723c751e8b465ee728b)  -> (artifact id: '4ad113600d4303c54b068dd570f241be') in 0.008583 seconds
Number of updated asset objects reloaded before import = 0
Number of asset objects unloaded after import = 9
========================================================================
Received Import Request.
  Time since last request: 0.003368 seconds.
  path: Assets/AssetPackages/SyntyStudios/PolygonPrototype/Prefabs/Icons/SM_Icon_Text_Finish_01.prefab
  artifactKey: Guid(36a87dcbfd9a36f4f9a07d2a8b1cc28d) Importer(815301076,1909f56bfc062723c751e8b465ee728b)
Start importing Assets/AssetPackages/SyntyStudios/PolygonPrototype/Prefabs/Icons/SM_Icon_Text_Finish_01.prefab using Guid(36a87dcbfd9a36f4f9a07d2a8b1cc28d) Importer(815301076,1909f56bfc062723c751e8b465ee728b)  -> (artifact id: 'ab506702775dc5d90610649ff536ec09') in 0.009500 seconds
Number of updated asset objects reloaded before import = 0
Number of asset objects unloaded after import = 9
========================================================================
Received Import Request.
  Time since last request: 0.003552 seconds.
  path: Assets/AssetPackages/SyntyStudios/PolygonPrototype/Prefabs/Icons/SM_Icon_Ute_01.prefab
  artifactKey: Guid(2384925c06270ed4b9da0fe033ca776a) Importer(815301076,1909f56bfc062723c751e8b465ee728b)
Start importing Assets/AssetPackages/SyntyStudios/PolygonPrototype/Prefabs/Icons/SM_Icon_Ute_01.prefab using Guid(2384925c06270ed4b9da0fe033ca776a) Importer(815301076,1909f56bfc062723c751e8b465ee728b)  -> (artifact id: '5b2f94fcc652e969e473701b409a80ff') in 0.012796 seconds
Number of updated asset objects reloaded before import = 0
Number of asset objects unloaded after import = 9
========================================================================
Received Import Request.
  Time since last request: 0.000017 seconds.
  path: Assets/AssetPackages/SyntyStudios/PolygonPrototype/Prefabs/Icons/SM_Icon_Weather_CloudSun_01.prefab
  artifactKey: Guid(3ef17fd3a374a514d877955ae1f99bad) Importer(815301076,1909f56bfc062723c751e8b465ee728b)
Start importing Assets/AssetPackages/SyntyStudios/PolygonPrototype/Prefabs/Icons/SM_Icon_Weather_CloudSun_01.prefab using Guid(3ef17fd3a374a514d877955ae1f99bad) Importer(815301076,1909f56bfc062723c751e8b465ee728b)  -> (artifact id: '0273f54aab81808d677048d3e6e5df52') in 0.010156 seconds
Number of updated asset objects reloaded before import = 0
Number of asset objects unloaded after import = 9
========================================================================
Received Import Request.
  Time since last request: 0.006287 seconds.
  path: Assets/AssetPackages/SyntyStudios/PolygonPrototype/Prefabs/Icons/SM_Icon_Weather_Sun_01.prefab
  artifactKey: Guid(f144bf33b582cbc49a13908ac312ecd9) Importer(815301076,1909f56bfc062723c751e8b465ee728b)
Start importing Assets/AssetPackages/SyntyStudios/PolygonPrototype/Prefabs/Icons/SM_Icon_Weather_Sun_01.prefab using Guid(f144bf33b582cbc49a13908ac312ecd9) Importer(815301076,1909f56bfc062723c751e8b465ee728b)  -> (artifact id: '80ef4aefef0a18d01bec9f7d4d377917') in 0.008974 seconds
Number of updated asset objects reloaded before import = 0
Number of asset objects unloaded after import = 9
========================================================================
Received Import Request.
  Time since last request: 1.620718 seconds.
  path: Assets/AssetPackages/SyntyStudios/PolygonPrototype/Prefabs/Icons/SM_Note_Bug_01.prefab
  artifactKey: Guid(526222dba12f7b848aeec227cac28c57) Importer(815301076,1909f56bfc062723c751e8b465ee728b)
Start importing Assets/AssetPackages/SyntyStudios/PolygonPrototype/Prefabs/Icons/SM_Note_Bug_01.prefab using Guid(526222dba12f7b848aeec227cac28c57) Importer(815301076,1909f56bfc062723c751e8b465ee728b)  -> (artifact id: '0fcd9435521479a68fe25da5b01d3a1f') in 0.009709 seconds
Number of updated asset objects reloaded before import = 0
Number of asset objects unloaded after import = 9
========================================================================
Received Import Request.
  Time since last request: 0.000396 seconds.
  path: Assets/AssetPackages/SyntyStudios/PolygonPrototype/Prefabs/Icons/SM_Note_Custom_01.prefab
  artifactKey: Guid(0b2a4486fdbf9f04aba6cca73555ba0f) Importer(815301076,1909f56bfc062723c751e8b465ee728b)
Start importing Assets/AssetPackages/SyntyStudios/PolygonPrototype/Prefabs/Icons/SM_Note_Custom_01.prefab using Guid(0b2a4486fdbf9f04aba6cca73555ba0f) Importer(815301076,1909f56bfc062723c751e8b465ee728b)  -> (artifact id: 'ca9f51c6a6f2416ff128970c2de549ae') in 0.009176 seconds
Number of updated asset objects reloaded before import = 0
Number of asset objects unloaded after import = 9
========================================================================
Received Import Request.
  Time since last request: 0.000624 seconds.
  path: Assets/AssetPackages/SyntyStudios/PolygonPrototype/Prefabs/Icons/SM_Note_Fix_01.prefab
  artifactKey: Guid(02617dcd35560444aa38ceaec08f0cca) Importer(815301076,1909f56bfc062723c751e8b465ee728b)
Start importing Assets/AssetPackages/SyntyStudios/PolygonPrototype/Prefabs/Icons/SM_Note_Fix_01.prefab using Guid(02617dcd35560444aa38ceaec08f0cca) Importer(815301076,1909f56bfc062723c751e8b465ee728b)  -> (artifact id: 'f26d32e172d286c29a88af696a11b217') in 0.009985 seconds
Number of updated asset objects reloaded before import = 0
Number of asset objects unloaded after import = 9
========================================================================
Received Import Request.
  Time since last request: 0.001370 seconds.
  path: Assets/AssetPackages/SyntyStudios/PolygonPrototype/Prefabs/Icons/SM_Note_Polish_01.prefab
  artifactKey: Guid(0e492ebade2421842bf741ecd19edf18) Importer(815301076,1909f56bfc062723c751e8b465ee728b)
Start importing Assets/AssetPackages/SyntyStudios/PolygonPrototype/Prefabs/Icons/SM_Note_Polish_01.prefab using Guid(0e492ebade2421842bf741ecd19edf18) Importer(815301076,1909f56bfc062723c751e8b465ee728b)  -> (artifact id: '8d7ee0722d8b0b00650bece05374e7aa') in 0.009814 seconds
Number of updated asset objects reloaded before import = 0
Number of asset objects unloaded after import = 9
========================================================================
Received Import Request.
  Time since last request: 0.000225 seconds.
  path: Assets/AssetPackages/SyntyStudios/PolygonPrototype/Prefabs/Icons/SM_Note_Wip_01.prefab
  artifactKey: Guid(de715273676965445bc1087454c124ea) Importer(815301076,1909f56bfc062723c751e8b465ee728b)
Start importing Assets/AssetPackages/SyntyStudios/PolygonPrototype/Prefabs/Icons/SM_Note_Wip_01.prefab using Guid(de715273676965445bc1087454c124ea) Importer(815301076,1909f56bfc062723c751e8b465ee728b)  -> (artifact id: '3b012ee9fdb4451892145c67b4e4dfda') in 0.010182 seconds
Number of updated asset objects reloaded before import = 0
Number of asset objects unloaded after import = 9
========================================================================
Received Import Request.
  Time since last request: 50.701510 seconds.
  path: Assets/AssetPackages/SyntyStudios/PolygonPrototype/Prefabs/Characters/SM_Chr_Attach_Female_Hair_01.prefab
  artifactKey: Guid(46235b94f6e09aa47aafad1efcba738c) Importer(815301076,1909f56bfc062723c751e8b465ee728b)
Start importing Assets/AssetPackages/SyntyStudios/PolygonPrototype/Prefabs/Characters/SM_Chr_Attach_Female_Hair_01.prefab using Guid(46235b94f6e09aa47aafad1efcba738c) Importer(815301076,1909f56bfc062723c751e8b465ee728b)  -> (artifact id: '9ba6d9489d5553451a22e54010564700') in 0.023299 seconds
Number of updated asset objects reloaded before import = 0
Number of asset objects unloaded after import = 10
Editor requested this worker to shutdown with reason: Scaling down because of idle timeout
TcpMessagingSession - receive error: operation aborted. errorcode: 995, details: The I/O operation has been aborted because of either a thread exit or an application request.
AssetImportWorker is now disconnected from the server
Process exiting
Exiting without the bug reporter. Application will terminate with return code 0